Determining if the function sgemm_ exists failed with the following output:
Change Dir: /home/jiamian/rtfmm/3drpp_appx/CMakeFiles/CMakeTmp

Run Build Command(s):/usr/bin/make -f Makefile cmTC_aa174/fast && /usr/bin/make  -f CMakeFiles/cmTC_aa174.dir/build.make CMakeFiles/cmTC_aa174.dir/build
make[1]: Entering directory '/home/jiamian/rtfmm/3drpp_appx/CMakeFiles/CMakeTmp'
Building CXX object CMakeFiles/cmTC_aa174.dir/CheckFunctionExists.cxx.o
/usr/bin/c++   -march=native -DCHECK_FUNCTION_EXISTS=sgemm_ -o CMakeFiles/cmTC_aa174.dir/CheckFunctionExists.cxx.o -c /home/jiamian/rtfmm/3drpp_appx/CMakeFiles/CheckFunctionExists/CheckFunctionExists.cxx
Linking CXX executable cmTC_aa174
/mnt/nfs/packages/x86_64/cmake/cmake-3.20.0/bin/cmake -E cmake_link_script CMakeFiles/cmTC_aa174.dir/link.txt --verbose=1
/usr/bin/c++  -march=native -DCHECK_FUNCTION_EXISTS=sgemm_ CMakeFiles/cmTC_aa174.dir/CheckFunctionExists.cxx.o -o cmTC_aa174 
/usr/bin/ld: CMakeFiles/cmTC_aa174.dir/CheckFunctionExists.cxx.o: in function `main':
CheckFunctionExists.cxx:(.text+0x14): undefined reference to `sgemm_'
collect2: error: ld returned 1 exit status
make[1]: *** [CMakeFiles/cmTC_aa174.dir/build.make:99: cmTC_aa174] Error 1
make[1]: Leaving directory '/home/jiamian/rtfmm/3drpp_appx/CMakeFiles/CMakeTmp'
make: *** [Makefile:127: cmTC_aa174/fast] Error 2



Performing C++ SOURCE FILE Test CMAKE_HAVE_LIBC_PTHREAD failed with the following output:
Change Dir: /home/jiamian/rtfmm/3drpp_appx/CMakeFiles/CMakeTmp

Run Build Command(s):/usr/bin/make -f Makefile cmTC_80fab/fast && /usr/bin/make  -f CMakeFiles/cmTC_80fab.dir/build.make CMakeFiles/cmTC_80fab.dir/build
make[1]: Entering directory '/home/jiamian/rtfmm/3drpp_appx/CMakeFiles/CMakeTmp'
Building CXX object CMakeFiles/cmTC_80fab.dir/src.cxx.o
/usr/bin/c++ -DCMAKE_HAVE_LIBC_PTHREAD  -march=native  -o CMakeFiles/cmTC_80fab.dir/src.cxx.o -c /home/jiamian/rtfmm/3drpp_appx/CMakeFiles/CMakeTmp/src.cxx
Linking CXX executable cmTC_80fab
/mnt/nfs/packages/x86_64/cmake/cmake-3.20.0/bin/cmake -E cmake_link_script CMakeFiles/cmTC_80fab.dir/link.txt --verbose=1
/usr/bin/c++  -march=native  CMakeFiles/cmTC_80fab.dir/src.cxx.o -o cmTC_80fab 
/usr/bin/ld: CMakeFiles/cmTC_80fab.dir/src.cxx.o: in function `main':
src.cxx:(.text+0x46): undefined reference to `pthread_create'
/usr/bin/ld: src.cxx:(.text+0x52): undefined reference to `pthread_detach'
/usr/bin/ld: src.cxx:(.text+0x5e): undefined reference to `pthread_cancel'
/usr/bin/ld: src.cxx:(.text+0x6f): undefined reference to `pthread_join'
collect2: error: ld returned 1 exit status
make[1]: *** [CMakeFiles/cmTC_80fab.dir/build.make:99: cmTC_80fab] Error 1
make[1]: Leaving directory '/home/jiamian/rtfmm/3drpp_appx/CMakeFiles/CMakeTmp'
make: *** [Makefile:127: cmTC_80fab/fast] Error 2


Source file was:
#include <pthread.h>

static void* test_func(void* data)
{
  return data;
}

int main(void)
{
  pthread_t thread;
  pthread_create(&thread, NULL, test_func, NULL);
  pthread_detach(thread);
  pthread_cancel(thread);
  pthread_join(thread, NULL);
  pthread_atfork(NULL, NULL, NULL);
  pthread_exit(NULL);

  return 0;
}

Determining if the function pthread_create exists in the pthreads failed with the following output:
Change Dir: /home/jiamian/rtfmm/3drpp_appx/CMakeFiles/CMakeTmp

Run Build Command(s):/usr/bin/make -f Makefile cmTC_09e7c/fast && /usr/bin/make  -f CMakeFiles/cmTC_09e7c.dir/build.make CMakeFiles/cmTC_09e7c.dir/build
make[1]: Entering directory '/home/jiamian/rtfmm/3drpp_appx/CMakeFiles/CMakeTmp'
Building CXX object CMakeFiles/cmTC_09e7c.dir/CheckFunctionExists.cxx.o
/usr/bin/c++   -march=native -DCHECK_FUNCTION_EXISTS=pthread_create -o CMakeFiles/cmTC_09e7c.dir/CheckFunctionExists.cxx.o -c /home/jiamian/rtfmm/3drpp_appx/CMakeFiles/CheckLibraryExists/CheckFunctionExists.cxx
Linking CXX executable cmTC_09e7c
/mnt/nfs/packages/x86_64/cmake/cmake-3.20.0/bin/cmake -E cmake_link_script CMakeFiles/cmTC_09e7c.dir/link.txt --verbose=1
/usr/bin/c++  -march=native -DCHECK_FUNCTION_EXISTS=pthread_create CMakeFiles/cmTC_09e7c.dir/CheckFunctionExists.cxx.o -o cmTC_09e7c  -lpthreads 
/usr/bin/ld: cannot find -lpthreads
collect2: error: ld returned 1 exit status
make[1]: *** [CMakeFiles/cmTC_09e7c.dir/build.make:99: cmTC_09e7c] Error 1
make[1]: Leaving directory '/home/jiamian/rtfmm/3drpp_appx/CMakeFiles/CMakeTmp'
make: *** [Makefile:127: cmTC_09e7c/fast] Error 2



