Mon Jan 22 23:23:46 2024       
+---------------------------------------------------------------------------------------+
| NVIDIA-SMI 535.54.03              Driver Version: 535.54.03    CUDA Version: 12.2     |
|-----------------------------------------+----------------------+----------------------+
| GPU  Name                 Persistence-M | Bus-Id        Disp.A | Volatile Uncorr. ECC |
| Fan  Temp   Perf          Pwr:Usage/Cap |         Memory-Usage | GPU-Util  Compute M. |
|                                         |                      |               MIG M. |
|=========================================+======================+======================|
|   0  NVIDIA RTX 6000 Ada Gene...    Off | 00000000:41:00.0 Off |                  Off |
| 30%   34C    P8              24W / 300W |     16MiB / 49140MiB |      0%      Default |
|                                         |                      |                  N/A |
+-----------------------------------------+----------------------+----------------------+
                                                                                         
+---------------------------------------------------------------------------------------+
| Processes:                                                                            |
|  GPU   GI   CI        PID   Type   Process name                            GPU Memory |
|        ID   ID                                                             Usage      |
|=======================================================================================|
+---------------------------------------------------------------------------------------+
rtfmm_3dp_test_fmm
input parameters=[
  P                    = 2
  n                    = 24000
  ncrit                = 128
  images               = 0
  cycle                = 6.2832
  ewald_ksize          = 11
  (f,d,e)              = (1,1,1)
  num_compare          = 24000
  th_num               = 8
  seed                 = 5
  check_tree           = 0
  timing               = 1
  verbose              = 0
  use_fft              = 1
  use_precompute       = 1
  use_simd             = 1
  dipole_correction    = 0
  zero_netcharge       = 0
  print_body_number    = 3
  divide_4pi           = 1
]

[precompute_others time measured : 0.00649 seconds.]
N_freq = 18
[precompute_m2l time measured : 0.00986 seconds.]
[precompute time measured : 0.01636 seconds.]
P2M leaf_number = 512
[P2M time measured : 0.00035 seconds.]
[M2M time measured : 0.00005 seconds.]
N = 3, N3 = 27, N_freq = 18
num_src = 576, num_tar = 576
num_src = 576, batch_size = 8, batch_num = 72
[init time measured : 0.00005 seconds.]
[up time measured : 0.00027 seconds.]
[hadamard time measured : 0.00129 seconds.]
[down time measured : 0.00040 seconds.]
[destroy_plan time measured : 0.00000 seconds.]
[M2L_kernel time measured : 0.00210 seconds.]
[M2L time measured : 0.00352 seconds.]
[P2L time measured : 0.00000 seconds.]
[L2L time measured : 0.00004 seconds.]
L2P leaf_number = 512
[L2P time measured : 0.00026 seconds.]
[M2P time measured : 0.00000 seconds.]
[P2P time measured : 0.01363 seconds.]
[FMM_kernels time measured : 0.01833 seconds.]
[FMM time measured : 0.05333 seconds.]
[direct time measured : 2.02878 seconds.]
pnrm = 30197.33842929
-----------------------------FMM vs Direct------------------------------[24000]
L2  (p)  : 2.89349e-02   L2  (f)  : 1.33731e-02   L2  (e)  : 9.99019e-02
Rms (p)  : 3.24565e-02   Rms (f)  : 1.34112e-01
p-energy1 : 3.619214666749e+01
p-energy2 : 4.020911501419e+01

rtfmm_3dp_test_fmm
input parameters=[
  P                    = 3
  n                    = 24000
  ncrit                = 128
  images               = 0
  cycle                = 6.2832
  ewald_ksize          = 11
  (f,d,e)              = (1,1,1)
  num_compare          = 24000
  th_num               = 8
  seed                 = 5
  check_tree           = 0
  timing               = 1
  verbose              = 0
  use_fft              = 1
  use_precompute       = 1
  use_simd             = 1
  dipole_correction    = 0
  zero_netcharge       = 0
  print_body_number    = 3
  divide_4pi           = 1
]

[precompute_others time measured : 0.00099 seconds.]
N_freq = 75
[precompute_m2l time measured : 0.00312 seconds.]
[precompute time measured : 0.00412 seconds.]
P2M leaf_number = 512
[P2M time measured : 0.00065 seconds.]
[M2M time measured : 0.00005 seconds.]
N = 5, N3 = 125, N_freq = 75
num_src = 576, num_tar = 576
num_src = 576, batch_size = 8, batch_num = 72
[init time measured : 0.00004 seconds.]
[up time measured : 0.00026 seconds.]
[hadamard time measured : 0.00232 seconds.]
[down time measured : 0.00043 seconds.]
[destroy_plan time measured : 0.00000 seconds.]
[M2L_kernel time measured : 0.00311 seconds.]
[M2L time measured : 0.00405 seconds.]
[P2L time measured : 0.00000 seconds.]
[L2L time measured : 0.00005 seconds.]
L2P leaf_number = 512
[L2P time measured : 0.00056 seconds.]
[M2P time measured : 0.00000 seconds.]
[P2P time measured : 0.01089 seconds.]
[FMM_kernels time measured : 0.01659 seconds.]
[FMM time measured : 0.03450 seconds.]
[direct time measured : 2.03117 seconds.]
pnrm = 30197.33842929
-----------------------------FMM vs Direct------------------------------[24000]
L2  (p)  : 1.39426e-03   L2  (f)  : 1.30033e-03   L2  (e)  : 1.40891e-03
Rms (p)  : 1.56395e-03   Rms (f)  : 1.30404e-02
p-energy1 : 4.015246399661e+01
p-energy2 : 4.020911501419e+01

rtfmm_3dp_test_fmm
input parameters=[
  P                    = 4
  n                    = 24000
  ncrit                = 128
  images               = 0
  cycle                = 6.2832
  ewald_ksize          = 11
  (f,d,e)              = (1,1,1)
  num_compare          = 24000
  th_num               = 8
  seed                 = 5
  check_tree           = 0
  timing               = 1
  verbose              = 0
  use_fft              = 1
  use_precompute       = 1
  use_simd             = 1
  dipole_correction    = 0
  zero_netcharge       = 0
  print_body_number    = 3
  divide_4pi           = 1
]

[precompute_others time measured : 0.00199 seconds.]
N_freq = 196
[precompute_m2l time measured : 0.00358 seconds.]
[precompute time measured : 0.00560 seconds.]
P2M leaf_number = 512
[P2M time measured : 0.00181 seconds.]
[M2M time measured : 0.00017 seconds.]
N = 7, N3 = 343, N_freq = 196
num_src = 576, num_tar = 576
num_src = 576, batch_size = 8, batch_num = 72
[init time measured : 0.00005 seconds.]
[up time measured : 0.00066 seconds.]
[hadamard time measured : 0.00548 seconds.]
[down time measured : 0.00049 seconds.]
[destroy_plan time measured : 0.00000 seconds.]
[M2L_kernel time measured : 0.00697 seconds.]
[M2L time measured : 0.00803 seconds.]
[P2L time measured : 0.00000 seconds.]
[L2L time measured : 0.00012 seconds.]
L2P leaf_number = 512
[L2P time measured : 0.00122 seconds.]
[M2P time measured : 0.00000 seconds.]
[P2P time measured : 0.00954 seconds.]
[FMM_kernels time measured : 0.02126 seconds.]
[FMM time measured : 0.04029 seconds.]
[direct time measured : 2.02665 seconds.]
pnrm = 30197.33842929
-----------------------------FMM vs Direct------------------------------[24000]
L2  (p)  : 1.96109e-04   L2  (f)  : 2.42386e-04   L2  (e)  : 1.65430e-04
Rms (p)  : 2.19977e-04   Rms (f)  : 2.43079e-03
p-energy1 : 4.021576679885e+01
p-energy2 : 4.020911501419e+01

rtfmm_3dp_test_fmm
input parameters=[
  P                    = 5
  n                    = 24000
  ncrit                = 128
  images               = 0
  cycle                = 6.2832
  ewald_ksize          = 11
  (f,d,e)              = (1,1,1)
  num_compare          = 24000
  th_num               = 8
  seed                 = 5
  check_tree           = 0
  timing               = 1
  verbose              = 0
  use_fft              = 1
  use_precompute       = 1
  use_simd             = 1
  dipole_correction    = 0
  zero_netcharge       = 0
  print_body_number    = 3
  divide_4pi           = 1
]

[precompute_others time measured : 0.00528 seconds.]
N_freq = 405
[precompute_m2l time measured : 0.00433 seconds.]
[precompute time measured : 0.00963 seconds.]
P2M leaf_number = 512
[P2M time measured : 0.00356 seconds.]
[M2M time measured : 0.00069 seconds.]
N = 9, N3 = 729, N_freq = 405
num_src = 576, num_tar = 576
num_src = 576, batch_size = 8, batch_num = 72
[init time measured : 0.00004 seconds.]
[up time measured : 0.00073 seconds.]
[hadamard time measured : 0.00571 seconds.]
[down time measured : 0.00062 seconds.]
[destroy_plan time measured : 0.00000 seconds.]
[M2L_kernel time measured : 0.00794 seconds.]
[M2L time measured : 0.00893 seconds.]
[P2L time measured : 0.00000 seconds.]
[L2L time measured : 0.00030 seconds.]
L2P leaf_number = 512
[L2P time measured : 0.00180 seconds.]
[M2P time measured : 0.00000 seconds.]
[P2P time measured : 0.00953 seconds.]
[FMM_kernels time measured : 0.02521 seconds.]
[FMM time measured : 0.04963 seconds.]
[direct time measured : 2.03003 seconds.]
pnrm = 30197.33842929
-----------------------------FMM vs Direct------------------------------[24000]
L2  (p)  : 1.61886e-05   L2  (f)  : 2.81848e-05   L2  (e)  : 1.56038e-05
Rms (p)  : 1.81589e-05   Rms (f)  : 2.82653e-04
p-energy1 : 4.020848759954e+01
p-energy2 : 4.020911501419e+01

rtfmm_3dp_test_fmm
input parameters=[
  P                    = 6
  n                    = 24000
  ncrit                = 128
  images               = 0
  cycle                = 6.2832
  ewald_ksize          = 11
  (f,d,e)              = (1,1,1)
  num_compare          = 24000
  th_num               = 8
  seed                 = 5
  check_tree           = 0
  timing               = 1
  verbose              = 0
  use_fft              = 1
  use_precompute       = 1
  use_simd             = 1
  dipole_correction    = 0
  zero_netcharge       = 0
  print_body_number    = 3
  divide_4pi           = 1
]

[precompute_others time measured : 0.01317 seconds.]
N_freq = 726
[precompute_m2l time measured : 0.00548 seconds.]
[precompute time measured : 0.01868 seconds.]
P2M leaf_number = 512
[P2M time measured : 0.00313 seconds.]
[M2M time measured : 0.00116 seconds.]
N = 11, N3 = 1331, N_freq = 726
num_src = 576, num_tar = 576
num_src = 576, batch_size = 8, batch_num = 72
[init time measured : 0.00005 seconds.]
[up time measured : 0.00112 seconds.]
[hadamard time measured : 0.00799 seconds.]
[down time measured : 0.00094 seconds.]
[destroy_plan time measured : 0.00000 seconds.]
[M2L_kernel time measured : 0.01133 seconds.]
[M2L time measured : 0.01229 seconds.]
[P2L time measured : 0.00000 seconds.]
[L2L time measured : 0.00077 seconds.]
L2P leaf_number = 512
[L2P time measured : 0.00294 seconds.]
[M2P time measured : 0.00000 seconds.]
[P2P time measured : 0.00945 seconds.]
[FMM_kernels time measured : 0.03008 seconds.]
[FMM time measured : 0.06294 seconds.]
[direct time measured : 2.02918 seconds.]
pnrm = 30197.33842929
-----------------------------FMM vs Direct------------------------------[24000]
L2  (p)  : 2.03953e-06   L2  (f)  : 4.51072e-06   L2  (e)  : 4.76803e-07
Rms (p)  : 2.28775e-06   Rms (f)  : 4.52360e-05
p-energy1 : 4.020909584236e+01
p-energy2 : 4.020911501419e+01

rtfmm_3dp_test_fmm
input parameters=[
  P                    = 7
  n                    = 24000
  ncrit                = 128
  images               = 0
  cycle                = 6.2832
  ewald_ksize          = 11
  (f,d,e)              = (1,1,1)
  num_compare          = 24000
  th_num               = 8
  seed                 = 5
  check_tree           = 0
  timing               = 1
  verbose              = 0
  use_fft              = 1
  use_precompute       = 1
  use_simd             = 1
  dipole_correction    = 0
  zero_netcharge       = 0
  print_body_number    = 3
  divide_4pi           = 1
]

[precompute_others time measured : 0.02840 seconds.]
N_freq = 1183
[precompute_m2l time measured : 0.00500 seconds.]
[precompute time measured : 0.03343 seconds.]
P2M leaf_number = 512
[P2M time measured : 0.00422 seconds.]
[M2M time measured : 0.00099 seconds.]
N = 13, N3 = 2197, N_freq = 1183
num_src = 576, num_tar = 576
num_src = 576, batch_size = 8, batch_num = 72
[init time measured : 0.00008 seconds.]
[up time measured : 0.00172 seconds.]
[hadamard time measured : 0.01183 seconds.]
[down time measured : 0.00133 seconds.]
[destroy_plan time measured : 0.00000 seconds.]
[M2L_kernel time measured : 0.01689 seconds.]
[M2L time measured : 0.01727 seconds.]
[P2L time measured : 0.00000 seconds.]
[L2L time measured : 0.00115 seconds.]
L2P leaf_number = 512
[L2P time measured : 0.00445 seconds.]
[M2P time measured : 0.00000 seconds.]
[P2P time measured : 0.00945 seconds.]
[FMM_kernels time measured : 0.03777 seconds.]
[FMM time measured : 0.08521 seconds.]
[direct time measured : 2.03025 seconds.]
pnrm = 30197.33842929
-----------------------------FMM vs Direct------------------------------[24000]
L2  (p)  : 2.48529e-07   L2  (f)  : 6.97397e-07   L2  (e)  : 1.97164e-07
Rms (p)  : 2.78776e-07   Rms (f)  : 6.99389e-06
p-energy1 : 4.020912294198e+01
p-energy2 : 4.020911501419e+01

rtfmm_3dp_test_fmm
input parameters=[
  P                    = 8
  n                    = 24000
  ncrit                = 128
  images               = 0
  cycle                = 6.2832
  ewald_ksize          = 11
  (f,d,e)              = (1,1,1)
  num_compare          = 24000
  th_num               = 8
  seed                 = 5
  check_tree           = 0
  timing               = 1
  verbose              = 0
  use_fft              = 1
  use_precompute       = 1
  use_simd             = 1
  dipole_correction    = 0
  zero_netcharge       = 0
  print_body_number    = 3
  divide_4pi           = 1
]

[precompute_others time measured : 0.05490 seconds.]
N_freq = 1800
[precompute_m2l time measured : 0.00581 seconds.]
[precompute time measured : 0.06073 seconds.]
P2M leaf_number = 512
[P2M time measured : 0.00689 seconds.]
[M2M time measured : 0.00172 seconds.]
N = 15, N3 = 3375, N_freq = 1800
num_src = 576, num_tar = 576
num_src = 576, batch_size = 8, batch_num = 72
[init time measured : 0.00008 seconds.]
[up time measured : 0.00267 seconds.]
[hadamard time measured : 0.01757 seconds.]
[down time measured : 0.00174 seconds.]
[destroy_plan time measured : 0.00000 seconds.]
[M2L_kernel time measured : 0.02483 seconds.]
[M2L time measured : 0.02530 seconds.]
[P2L time measured : 0.00000 seconds.]
[L2L time measured : 0.00180 seconds.]
L2P leaf_number = 512
[L2P time measured : 0.00640 seconds.]
[M2P time measured : 0.00000 seconds.]
[P2P time measured : 0.00946 seconds.]
[FMM_kernels time measured : 0.05182 seconds.]
[FMM time measured : 0.13206 seconds.]
[direct time measured : 2.03079 seconds.]
pnrm = 30197.33842929
-----------------------------FMM vs Direct------------------------------[24000]
L2  (p)  : 4.02287e-08   L2  (f)  : 1.23363e-07   L2  (e)  : 1.23690e-07
Rms (p)  : 4.51248e-08   Rms (f)  : 1.23716e-06
p-energy1 : 4.020911998767e+01
p-energy2 : 4.020911501419e+01

rtfmm_3dp_test_fmm
input parameters=[
  P                    = 9
  n                    = 24000
  ncrit                = 128
  images               = 0
  cycle                = 6.2832
  ewald_ksize          = 11
  (f,d,e)              = (1,1,1)
  num_compare          = 24000
  th_num               = 8
  seed                 = 5
  check_tree           = 0
  timing               = 1
  verbose              = 0
  use_fft              = 1
  use_precompute       = 1
  use_simd             = 1
  dipole_correction    = 0
  zero_netcharge       = 0
  print_body_number    = 3
  divide_4pi           = 1
]

[precompute_others time measured : 0.10971 seconds.]
N_freq = 2601
[precompute_m2l time measured : 0.01488 seconds.]
[precompute time measured : 0.12462 seconds.]
P2M leaf_number = 512
[P2M time measured : 0.00853 seconds.]
[M2M time measured : 0.00277 seconds.]
N = 17, N3 = 4913, N_freq = 2601
num_src = 576, num_tar = 576
num_src = 576, batch_size = 8, batch_num = 72
[init time measured : 0.00013 seconds.]
[up time measured : 0.00780 seconds.]
[hadamard time measured : 0.02560 seconds.]
[down time measured : 0.00833 seconds.]
[destroy_plan time measured : 0.00000 seconds.]
[M2L_kernel time measured : 0.04588 seconds.]
[M2L time measured : 0.04636 seconds.]
[P2L time measured : 0.00000 seconds.]
[L2L time measured : 0.00309 seconds.]
L2P leaf_number = 512
[L2P time measured : 0.00929 seconds.]
[M2P time measured : 0.00000 seconds.]
[P2P time measured : 0.00964 seconds.]
[FMM_kernels time measured : 0.07996 seconds.]
[FMM time measured : 0.22115 seconds.]
[direct time measured : 2.02959 seconds.]
pnrm = 30197.33842929
-----------------------------FMM vs Direct------------------------------[24000]
L2  (p)  : 6.17204e-09   L2  (f)  : 2.19963e-08   L2  (e)  : 1.02037e-08
Rms (p)  : 6.92321e-09   Rms (f)  : 2.20591e-07
p-energy1 : 4.020911460391e+01
p-energy2 : 4.020911501419e+01

rtfmm_3dp_test_fmm
input parameters=[
  P                    = 10
  n                    = 24000
  ncrit                = 128
  images               = 0
  cycle                = 6.2832
  ewald_ksize          = 11
  (f,d,e)              = (1,1,1)
  num_compare          = 24000
  th_num               = 8
  seed                 = 5
  check_tree           = 0
  timing               = 1
  verbose              = 0
  use_fft              = 1
  use_precompute       = 1
  use_simd             = 1
  dipole_correction    = 0
  zero_netcharge       = 0
  print_body_number    = 3
  divide_4pi           = 1
]

[precompute_others time measured : 0.19363 seconds.]
N_freq = 3610
[precompute_m2l time measured : 0.01457 seconds.]
[precompute time measured : 0.20822 seconds.]
P2M leaf_number = 512
[P2M time measured : 0.01228 seconds.]
[M2M time measured : 0.00671 seconds.]
N = 19, N3 = 6859, N_freq = 3610
num_src = 576, num_tar = 576
num_src = 576, batch_size = 8, batch_num = 72
[init time measured : 0.00013 seconds.]
[up time measured : 0.01175 seconds.]
[hadamard time measured : 0.03805 seconds.]
[down time measured : 0.01021 seconds.]
[destroy_plan time measured : 0.00000 seconds.]
[M2L_kernel time measured : 0.06597 seconds.]
[M2L time measured : 0.06648 seconds.]
[P2L time measured : 0.00000 seconds.]
[L2L time measured : 0.00707 seconds.]
L2P leaf_number = 512
[L2P time measured : 0.01211 seconds.]
[M2P time measured : 0.00000 seconds.]
[P2P time measured : 0.00959 seconds.]
[FMM_kernels time measured : 0.11453 seconds.]
[FMM time measured : 0.33850 seconds.]
[direct time measured : 2.03263 seconds.]
pnrm = 30197.33842929
-----------------------------FMM vs Direct------------------------------[24000]
L2  (p)  : 2.37502e-08   L2  (f)  : 5.77643e-08   L2  (e)  : 5.43698e-08
Rms (p)  : 2.66407e-08   Rms (f)  : 5.79293e-07
p-energy1 : 4.020911282803e+01
p-energy2 : 4.020911501419e+01

rtfmm_3dp_test_fmm
input parameters=[
  P                    = 11
  n                    = 24000
  ncrit                = 128
  images               = 0
  cycle                = 6.2832
  ewald_ksize          = 11
  (f,d,e)              = (1,1,1)
  num_compare          = 24000
  th_num               = 8
  seed                 = 5
  check_tree           = 0
  timing               = 1
  verbose              = 0
  use_fft              = 1
  use_precompute       = 1
  use_simd             = 1
  dipole_correction    = 0
  zero_netcharge       = 0
  print_body_number    = 3
  divide_4pi           = 1
]

[precompute_others time measured : 0.32963 seconds.]
N_freq = 4851
[precompute_m2l time measured : 0.01804 seconds.]
[precompute time measured : 0.34770 seconds.]
P2M leaf_number = 512
[P2M time measured : 0.01529 seconds.]
[M2M time measured : 0.01245 seconds.]
N = 21, N3 = 9261, N_freq = 4851
num_src = 576, num_tar = 576
num_src = 576, batch_size = 8, batch_num = 72
[init time measured : 0.00014 seconds.]
[up time measured : 0.01447 seconds.]
[hadamard time measured : 0.05480 seconds.]
[down time measured : 0.01281 seconds.]
[destroy_plan time measured : 0.00001 seconds.]
[M2L_kernel time measured : 0.09059 seconds.]
[M2L time measured : 0.09109 seconds.]
[P2L time measured : 0.00000 seconds.]
[L2L time measured : 0.01313 seconds.]
L2P leaf_number = 512
[L2P time measured : 0.01736 seconds.]
[M2P time measured : 0.00000 seconds.]
[P2P time measured : 0.00952 seconds.]
[FMM_kernels time measured : 0.15913 seconds.]
[FMM time measured : 0.52255 seconds.]
[direct time measured : 2.03131 seconds.]
pnrm = 30197.33842929
-----------------------------FMM vs Direct------------------------------[24000]
L2  (p)  : 1.24042e-10   L2  (f)  : 6.65368e-10   L2  (e)  : 6.92004e-12
Rms (p)  : 1.39139e-10   Rms (f)  : 6.67268e-09
p-energy1 : 4.020911501447e+01
p-energy2 : 4.020911501419e+01

rtfmm_3dp_test_fmm
input parameters=[
  P                    = 12
  n                    = 24000
  ncrit                = 128
  images               = 0
  cycle                = 6.2832
  ewald_ksize          = 11
  (f,d,e)              = (1,1,1)
  num_compare          = 24000
  th_num               = 8
  seed                 = 5
  check_tree           = 0
  timing               = 1
  verbose              = 0
  use_fft              = 1
  use_precompute       = 1
  use_simd             = 1
  dipole_correction    = 0
  zero_netcharge       = 0
  print_body_number    = 3
  divide_4pi           = 1
]

[precompute_others time measured : 0.53472 seconds.]
N_freq = 6348
[precompute_m2l time measured : 0.02180 seconds.]
[precompute time measured : 0.55655 seconds.]
P2M leaf_number = 512
[P2M time measured : 0.01973 seconds.]
[M2M time measured : 0.01818 seconds.]
N = 23, N3 = 12167, N_freq = 6348
num_src = 576, num_tar = 576
num_src = 576, batch_size = 8, batch_num = 72
[init time measured : 0.00013 seconds.]
[up time measured : 0.02275 seconds.]
[hadamard time measured : 0.07611 seconds.]
[down time measured : 0.01958 seconds.]
[destroy_plan time measured : 0.00000 seconds.]
[M2L_kernel time measured : 0.12857 seconds.]
[M2L time measured : 0.12908 seconds.]
[P2L time measured : 0.00000 seconds.]
[L2L time measured : 0.01988 seconds.]
L2P leaf_number = 512
[L2P time measured : 0.02079 seconds.]
[M2P time measured : 0.00000 seconds.]
[P2P time measured : 0.00953 seconds.]
[FMM_kernels time measured : 0.21746 seconds.]
[FMM time measured : 0.78957 seconds.]
[direct time measured : 2.03441 seconds.]
pnrm = 30197.33842929
-----------------------------FMM vs Direct------------------------------[24000]
L2  (p)  : 2.48155e-11   L2  (f)  : 1.23917e-10   L2  (e)  : 3.52595e-11
Rms (p)  : 2.78356e-11   Rms (f)  : 1.24271e-09
p-energy1 : 4.020911501561e+01
p-energy2 : 4.020911501419e+01

rtfmm_3dp_test_fmm
input parameters=[
  P                    = 13
  n                    = 24000
  ncrit                = 128
  images               = 0
  cycle                = 6.2832
  ewald_ksize          = 11
  (f,d,e)              = (1,1,1)
  num_compare          = 24000
  th_num               = 8
  seed                 = 5
  check_tree           = 0
  timing               = 1
  verbose              = 0
  use_fft              = 1
  use_precompute       = 1
  use_simd             = 1
  dipole_correction    = 0
  zero_netcharge       = 0
  print_body_number    = 3
  divide_4pi           = 1
]

[precompute_others time measured : 0.85803 seconds.]
N_freq = 8125
[precompute_m2l time measured : 0.01902 seconds.]
[precompute time measured : 0.87709 seconds.]
P2M leaf_number = 512
[P2M time measured : 0.02936 seconds.]
[M2M time measured : 0.02459 seconds.]
N = 25, N3 = 15625, N_freq = 8125
num_src = 576, num_tar = 576
num_src = 576, batch_size = 8, batch_num = 72
[init time measured : 0.00014 seconds.]
[up time measured : 0.01221 seconds.]
[hadamard time measured : 0.09839 seconds.]
[down time measured : 0.00783 seconds.]
[destroy_plan time measured : 0.00000 seconds.]
[M2L_kernel time measured : 0.13211 seconds.]
[M2L time measured : 0.13261 seconds.]
[P2L time measured : 0.00000 seconds.]
[L2L time measured : 0.02524 seconds.]
L2P leaf_number = 512
[L2P time measured : 0.02873 seconds.]
[M2P time measured : 0.00000 seconds.]
[P2P time measured : 0.00969 seconds.]
[FMM_kernels time measured : 0.25051 seconds.]
[FMM time measured : 1.14356 seconds.]
[direct time measured : 2.03236 seconds.]
pnrm = 30197.33842929
-----------------------------FMM vs Direct------------------------------[24000]
L2  (p)  : 3.93966e-12   L2  (f)  : 2.34522e-11   L2  (e)  : 1.07259e-11
Rms (p)  : 4.41914e-12   Rms (f)  : 2.35192e-10
p-energy1 : 4.020911501462e+01
p-energy2 : 4.020911501419e+01

rtfmm_3dp_test_fmm
input parameters=[
  P                    = 14
  n                    = 24000
  ncrit                = 128
  images               = 0
  cycle                = 6.2832
  ewald_ksize          = 11
  (f,d,e)              = (1,1,1)
  num_compare          = 24000
  th_num               = 8
  seed                 = 5
  check_tree           = 0
  timing               = 1
  verbose              = 0
  use_fft              = 1
  use_precompute       = 1
  use_simd             = 1
  dipole_correction    = 0
  zero_netcharge       = 0
  print_body_number    = 3
  divide_4pi           = 1
]

[precompute_others time measured : 1.36270 seconds.]
N_freq = 10206
[precompute_m2l time measured : 0.03178 seconds.]
[precompute time measured : 1.39452 seconds.]
P2M leaf_number = 512
[P2M time measured : 0.04706 seconds.]
[M2M time measured : 0.03122 seconds.]
N = 27, N3 = 19683, N_freq = 10206
num_src = 576, num_tar = 576
num_src = 576, batch_size = 8, batch_num = 72
[init time measured : 0.00016 seconds.]
[up time measured : 0.02728 seconds.]
[hadamard time measured : 0.11718 seconds.]
[down time measured : 0.02494 seconds.]
[destroy_plan time measured : 0.00001 seconds.]
[M2L_kernel time measured : 0.18458 seconds.]
[M2L time measured : 0.18509 seconds.]
[P2L time measured : 0.00000 seconds.]
[L2L time measured : 0.03224 seconds.]
L2P leaf_number = 512
[L2P time measured : 0.04633 seconds.]
[M2P time measured : 0.00000 seconds.]
[P2P time measured : 0.00959 seconds.]
[FMM_kernels time measured : 0.35181 seconds.]
[FMM time measured : 1.76216 seconds.]
[direct time measured : 2.03562 seconds.]
pnrm = 30197.33842929
-----------------------------FMM vs Direct------------------------------[24000]
L2  (p)  : 1.08940e-12   L2  (f)  : 6.65627e-12   L2  (e)  : 2.72172e-12
Rms (p)  : 1.22198e-12   Rms (f)  : 6.67528e-11
p-energy1 : 4.020911501408e+01
p-energy2 : 4.020911501419e+01

rtfmm_3dp_test_fmm
input parameters=[
  P                    = 15
  n                    = 24000
  ncrit                = 128
  images               = 0
  cycle                = 6.2832
  ewald_ksize          = 11
  (f,d,e)              = (1,1,1)
  num_compare          = 24000
  th_num               = 8
  seed                 = 5
  check_tree           = 0
  timing               = 1
  verbose              = 0
  use_fft              = 1
  use_precompute       = 1
  use_simd             = 1
  dipole_correction    = 0
  zero_netcharge       = 0
  print_body_number    = 3
  divide_4pi           = 1
]

[precompute_others time measured : 2.19824 seconds.]
N_freq = 12615
[precompute_m2l time measured : 0.04240 seconds.]
[precompute time measured : 2.24068 seconds.]
P2M leaf_number = 512
[P2M time measured : 0.07021 seconds.]
[M2M time measured : 0.03763 seconds.]
N = 29, N3 = 24389, N_freq = 12615
num_src = 576, num_tar = 576
num_src = 576, batch_size = 8, batch_num = 72
[init time measured : 0.00016 seconds.]
[up time measured : 0.04149 seconds.]
[hadamard time measured : 0.15136 seconds.]
[down time measured : 0.03826 seconds.]
[destroy_plan time measured : 0.00001 seconds.]
[M2L_kernel time measured : 0.25064 seconds.]
[M2L time measured : 0.25118 seconds.]
[P2L time measured : 0.00000 seconds.]
[L2L time measured : 0.03977 seconds.]
L2P leaf_number = 512
[L2P time measured : 0.07257 seconds.]
[M2P time measured : 0.00000 seconds.]
[P2P time measured : 0.00959 seconds.]
[FMM_kernels time measured : 0.48285 seconds.]
[FMM time measured : 2.73979 seconds.]
[direct time measured : 2.03536 seconds.]
pnrm = 30197.33842929
-----------------------------FMM vs Direct------------------------------[24000]
L2  (p)  : 2.79449e-13   L2  (f)  : 1.69676e-12   L2  (e)  : 4.19337e-13
Rms (p)  : 3.13459e-13   Rms (f)  : 1.70161e-11
p-energy1 : 4.020911501421e+01
p-energy2 : 4.020911501419e+01

rtfmm_3dp_test_fmm
input parameters=[
  P                    = 16
  n                    = 24000
  ncrit                = 128
  images               = 0
  cycle                = 6.2832
  ewald_ksize          = 11
  (f,d,e)              = (1,1,1)
  num_compare          = 24000
  th_num               = 8
  seed                 = 5
  check_tree           = 0
  timing               = 1
  verbose              = 0
  use_fft              = 1
  use_precompute       = 1
  use_simd             = 1
  dipole_correction    = 0
  zero_netcharge       = 0
  print_body_number    = 3
  divide_4pi           = 1
]

[precompute_others time measured : 3.24033 seconds.]
N_freq = 15376
[precompute_m2l time measured : 0.04986 seconds.]
[precompute time measured : 3.29023 seconds.]
P2M leaf_number = 512
[P2M time measured : 0.09655 seconds.]
[M2M time measured : 0.04821 seconds.]
N = 31, N3 = 29791, N_freq = 15376
num_src = 576, num_tar = 576
num_src = 576, batch_size = 8, batch_num = 72
[init time measured : 0.00018 seconds.]
[up time measured : 0.05327 seconds.]
[hadamard time measured : 0.18680 seconds.]
[down time measured : 0.05108 seconds.]
[destroy_plan time measured : 0.00000 seconds.]
[M2L_kernel time measured : 0.31396 seconds.]
[M2L time measured : 0.31447 seconds.]
[P2L time measured : 0.00000 seconds.]
[L2L time measured : 0.05103 seconds.]
L2P leaf_number = 512
[L2P time measured : 0.10864 seconds.]
[M2P time measured : 0.00000 seconds.]
[P2P time measured : 0.00989 seconds.]
[FMM_kernels time measured : 0.62925 seconds.]
[FMM time measured : 3.94064 seconds.]
[direct time measured : 2.04570 seconds.]
pnrm = 30197.33842929
-----------------------------FMM vs Direct------------------------------[24000]
L2  (p)  : 6.71434e-14   L2  (f)  : 3.87074e-13   L2  (e)  : 6.59135e-14
Rms (p)  : 7.53151e-14   Rms (f)  : 3.88180e-12
p-energy1 : 4.020911501419e+01
p-energy2 : 4.020911501419e+01

rtfmm_3dp_test_fmm
input parameters=[
  P                    = 17
  n                    = 24000
  ncrit                = 128
  images               = 0
  cycle                = 6.2832
  ewald_ksize          = 11
  (f,d,e)              = (1,1,1)
  num_compare          = 24000
  th_num               = 8
  seed                 = 5
  check_tree           = 0
  timing               = 1
  verbose              = 0
  use_fft              = 1
  use_precompute       = 1
  use_simd             = 1
  dipole_correction    = 0
  zero_netcharge       = 0
  print_body_number    = 3
  divide_4pi           = 1
]

[precompute_others time measured : 5.40678 seconds.]
N_freq = 18513
[precompute_m2l time measured : 0.05538 seconds.]
[precompute time measured : 5.46220 seconds.]
P2M leaf_number = 512
[P2M time measured : 0.13886 seconds.]
[M2M time measured : 0.07224 seconds.]
N = 33, N3 = 35937, N_freq = 18513
num_src = 576, num_tar = 576
num_src = 576, batch_size = 8, batch_num = 72
[init time measured : 0.00017 seconds.]
[up time measured : 0.04702 seconds.]
[hadamard time measured : 0.19946 seconds.]
[down time measured : 0.03838 seconds.]
[destroy_plan time measured : 0.00001 seconds.]
[M2L_kernel time measured : 0.31337 seconds.]
[M2L time measured : 0.31388 seconds.]
[P2L time measured : 0.00000 seconds.]
[L2L time measured : 0.07179 seconds.]
L2P leaf_number = 512
[L2P time measured : 0.12770 seconds.]
[M2P time measured : 0.00000 seconds.]
[P2P time measured : 0.01360 seconds.]
[FMM_kernels time measured : 0.73838 seconds.]
[FMM time measured : 6.21773 seconds.]
[direct time measured : 2.03039 seconds.]
pnrm = 30197.33842929
-----------------------------FMM vs Direct------------------------------[24000]
L2  (p)  : 1.77039e-14   L2  (f)  : 1.09586e-13   L2  (e)  : 2.29725e-14
Rms (p)  : 1.98585e-14   Rms (f)  : 1.09899e-12
p-energy1 : 4.020911501419e+01
p-energy2 : 4.020911501419e+01

rtfmm_3dp_test_fmm
input parameters=[
  P                    = 18
  n                    = 24000
  ncrit                = 128
  images               = 0
  cycle                = 6.2832
  ewald_ksize          = 11
  (f,d,e)              = (1,1,1)
  num_compare          = 24000
  th_num               = 8
  seed                 = 5
  check_tree           = 0
  timing               = 1
  verbose              = 0
  use_fft              = 1
  use_precompute       = 1
  use_simd             = 1
  dipole_correction    = 0
  zero_netcharge       = 0
  print_body_number    = 3
  divide_4pi           = 1
]

[precompute_others time measured : 7.56550 seconds.]
N_freq = 22050
[precompute_m2l time measured : 0.06381 seconds.]
[precompute time measured : 7.62935 seconds.]
P2M leaf_number = 512
[P2M time measured : 0.15140 seconds.]
[M2M time measured : 0.07627 seconds.]
N = 35, N3 = 42875, N_freq = 22050
num_src = 576, num_tar = 576
num_src = 576, batch_size = 8, batch_num = 72
[init time measured : 0.00023 seconds.]
[up time measured : 0.05646 seconds.]
[hadamard time measured : 0.34931 seconds.]
[down time measured : 0.04683 seconds.]
[destroy_plan time measured : 0.00001 seconds.]
[M2L_kernel time measured : 0.48644 seconds.]
[M2L time measured : 0.48695 seconds.]
[P2L time measured : 0.00000 seconds.]
[L2L time measured : 0.09149 seconds.]
L2P leaf_number = 512
[L2P time measured : 0.15063 seconds.]
[M2P time measured : 0.00000 seconds.]
[P2P time measured : 0.00962 seconds.]
[FMM_kernels time measured : 0.96667 seconds.]
[FMM time measured : 8.61417 seconds.]
[direct time measured : 2.04155 seconds.]
pnrm = 30197.33842929
-----------------------------FMM vs Direct------------------------------[24000]
L2  (p)  : 9.46876e-15   L2  (f)  : 4.40298e-14   L2  (e)  : 1.04260e-14
Rms (p)  : 1.06212e-14   Rms (f)  : 4.41555e-13
p-energy1 : 4.020911501419e+01
p-energy2 : 4.020911501419e+01

rtfmm_3dp_test_fmm
input parameters=[
  P                    = 19
  n                    = 24000
  ncrit                = 128
  images               = 0
  cycle                = 6.2832
  ewald_ksize          = 11
  (f,d,e)              = (1,1,1)
  num_compare          = 24000
  th_num               = 8
  seed                 = 5
  check_tree           = 0
  timing               = 1
  verbose              = 0
  use_fft              = 1
  use_precompute       = 1
  use_simd             = 1
  dipole_correction    = 0
  zero_netcharge       = 0
  print_body_number    = 3
  divide_4pi           = 1
]

[precompute_others time measured : 12.10524 seconds.]
N_freq = 26011
[precompute_m2l time measured : 0.10690 seconds.]
[precompute time measured : 12.21219 seconds.]
P2M leaf_number = 512
[P2M time measured : 0.18397 seconds.]
[M2M time measured : 0.17240 seconds.]
N = 37, N3 = 50653, N_freq = 26011
num_src = 576, num_tar = 576
num_src = 576, batch_size = 8, batch_num = 72
[init time measured : 0.00023 seconds.]
[up time measured : 0.12814 seconds.]
[hadamard time measured : 0.38417 seconds.]
[down time measured : 0.12445 seconds.]
[destroy_plan time measured : 0.00002 seconds.]
[M2L_kernel time measured : 0.67656 seconds.]
[M2L time measured : 0.67706 seconds.]
[P2L time measured : 0.00000 seconds.]
[L2L time measured : 0.11892 seconds.]
L2P leaf_number = 512
[L2P time measured : 0.18028 seconds.]
[M2P time measured : 0.00000 seconds.]
[P2P time measured : 0.00970 seconds.]
[FMM_kernels time measured : 1.34268 seconds.]
[FMM time measured : 13.57397 seconds.]
[direct time measured : 2.03463 seconds.]
pnrm = 30197.33842929
-----------------------------FMM vs Direct------------------------------[24000]
L2  (p)  : 6.46282e-15   L2  (f)  : 1.29562e-14   L2  (e)  : 3.71095e-15
Rms (p)  : 7.24938e-15   Rms (f)  : 1.29932e-13
p-energy1 : 4.020911501419e+01
p-energy2 : 4.020911501419e+01

rtfmm_3dp_test_fmm
input parameters=[
  P                    = 20
  n                    = 24000
  ncrit                = 128
  images               = 0
  cycle                = 6.2832
  ewald_ksize          = 11
  (f,d,e)              = (1,1,1)
  num_compare          = 24000
  th_num               = 8
  seed                 = 5
  check_tree           = 0
  timing               = 1
  verbose              = 0
  use_fft              = 1
  use_precompute       = 1
  use_simd             = 1
  dipole_correction    = 0
  zero_netcharge       = 0
  print_body_number    = 3
  divide_4pi           = 1
]

[precompute_others time measured : 16.51702 seconds.]
N_freq = 30420
[precompute_m2l time measured : 0.08776 seconds.]
[precompute time measured : 16.60482 seconds.]
P2M leaf_number = 512
[P2M time measured : 0.24098 seconds.]
[M2M time measured : 0.11578 seconds.]
N = 39, N3 = 59319, N_freq = 30420
num_src = 576, num_tar = 576
num_src = 576, batch_size = 8, batch_num = 72
[init time measured : 0.00021 seconds.]
[up time measured : 0.07795 seconds.]
[hadamard time measured : 0.51441 seconds.]
[down time measured : 0.06886 seconds.]
[destroy_plan time measured : 0.00001 seconds.]
[M2L_kernel time measured : 0.70858 seconds.]
[M2L time measured : 0.70957 seconds.]
[P2L time measured : 0.00000 seconds.]
[L2L time measured : 0.11788 seconds.]
L2P leaf_number = 512
[L2P time measured : 0.21775 seconds.]
[M2P time measured : 0.00000 seconds.]
[P2P time measured : 0.00996 seconds.]
[FMM_kernels time measured : 1.41238 seconds.]
[FMM time measured : 18.03604 seconds.]
[direct time measured : 2.03273 seconds.]
pnrm = 30197.33842929
-----------------------------FMM vs Direct------------------------------[24000]
L2  (p)  : 6.17431e-15   L2  (f)  : 7.35581e-15   L2  (e)  : 1.29000e-14
Rms (p)  : 6.92575e-15   Rms (f)  : 7.37681e-14
p-energy1 : 4.020911501419e+01
p-energy2 : 4.020911501419e+01

