Mon Jan 22 23:07:47 2024       
+---------------------------------------------------------------------------------------+
| NVIDIA-SMI 535.54.03              Driver Version: 535.54.03    CUDA Version: 12.2     |
|-----------------------------------------+----------------------+----------------------+
| GPU  Name                 Persistence-M | Bus-Id        Disp.A | Volatile Uncorr. ECC |
| Fan  Temp   Perf          Pwr:Usage/Cap |         Memory-Usage | GPU-Util  Compute M. |
|                                         |                      |               MIG M. |
|=========================================+======================+======================|
|   0  NVIDIA RTX 6000 Ada Gene...    Off | 00000000:41:00.0 Off |                  Off |
| 30%   33C    P8              24W / 300W |     16MiB / 49140MiB |      0%      Default |
|                                         |                      |                  N/A |
+-----------------------------------------+----------------------+----------------------+
                                                                                         
+---------------------------------------------------------------------------------------+
| Processes:                                                                            |
|  GPU   GI   CI        PID   Type   Process name                            GPU Memory |
|        ID   ID                                                             Usage      |
|=======================================================================================|
+---------------------------------------------------------------------------------------+
rtfmm_3dp_test_fmm
input parameters=[
  P                    = 2
  n                    = 24000
  ncrit                = 128
  images               = 0
  cycle                = 6.2832
  ewald_ksize          = 11
  (f,d,e)              = (1,1,1)
  num_compare          = 24000
  th_num               = 8
  seed                 = 5
  check_tree           = 0
  timing               = 1
  verbose              = 0
  use_fft              = 1
  use_precompute       = 1
  use_simd             = 1
  dipole_correction    = 0
  zero_netcharge       = 0
  print_body_number    = 3
  divide_4pi           = 1
]

[precompute_others time measured : 0.00607 seconds.]
N_freq = 18
[precompute_m2l time measured : 0.00853 seconds.]
[precompute time measured : 0.01462 seconds.]
P2M leaf_number = 512
[P2M time measured : 0.00031 seconds.]
[M2M time measured : 0.00004 seconds.]
N = 3, N3 = 27, N_freq = 18
num_src = 576, num_tar = 576
num_src = 576, batch_size = 8, batch_num = 72
[init time measured : 0.00005 seconds.]
[up time measured : 0.00027 seconds.]
[hadamard time measured : 0.00141 seconds.]
[down time measured : 0.00040 seconds.]
[destroy_plan time measured : 0.00000 seconds.]
[M2L_kernel time measured : 0.00221 seconds.]
[M2L time measured : 0.00358 seconds.]
[P2L time measured : 0.00000 seconds.]
[L2L time measured : 0.00004 seconds.]
L2P leaf_number = 512
[L2P time measured : 0.00025 seconds.]
[M2P time measured : 0.00000 seconds.]
[P2P time measured : 0.01056 seconds.]
[FMM_kernels time measured : 0.01521 seconds.]
[FMM time measured : 0.04751 seconds.]
[direct time measured : 2.02946 seconds.]
pnrm = 30197.33842929
-----------------------------FMM vs Direct------------------------------[24000]
L2  (p)  : 2.89349e-02   L2  (f)  : 1.33731e-02   L2  (e)  : 9.99019e-02
Rms (p)  : 3.24565e-02   Rms (f)  : 1.34112e-01
p-energy1 : 3.619214666749e+01
p-energy2 : 4.020911501419e+01

rtfmm_3dp_test_fmm
input parameters=[
  P                    = 3
  n                    = 24000
  ncrit                = 128
  images               = 0
  cycle                = 6.2832
  ewald_ksize          = 11
  (f,d,e)              = (1,1,1)
  num_compare          = 24000
  th_num               = 8
  seed                 = 5
  check_tree           = 0
  timing               = 1
  verbose              = 0
  use_fft              = 1
  use_precompute       = 1
  use_simd             = 1
  dipole_correction    = 0
  zero_netcharge       = 0
  print_body_number    = 3
  divide_4pi           = 1
]

[precompute_others time measured : 0.00096 seconds.]
N_freq = 75
[precompute_m2l time measured : 0.00292 seconds.]
[precompute time measured : 0.00390 seconds.]
P2M leaf_number = 512
[P2M time measured : 0.00053 seconds.]
[M2M time measured : 0.00005 seconds.]
N = 5, N3 = 125, N_freq = 75
num_src = 576, num_tar = 576
num_src = 576, batch_size = 8, batch_num = 72
[init time measured : 0.00004 seconds.]
[up time measured : 0.00027 seconds.]
[hadamard time measured : 0.00236 seconds.]
[down time measured : 0.00040 seconds.]
[destroy_plan time measured : 0.00000 seconds.]
[M2L_kernel time measured : 0.00313 seconds.]
[M2L time measured : 0.00419 seconds.]
[P2L time measured : 0.00000 seconds.]
[L2L time measured : 0.00005 seconds.]
L2P leaf_number = 512
[L2P time measured : 0.00056 seconds.]
[M2P time measured : 0.00000 seconds.]
[P2P time measured : 0.01071 seconds.]
[FMM_kernels time measured : 0.01647 seconds.]
[FMM time measured : 0.03368 seconds.]
[direct time measured : 2.02861 seconds.]
pnrm = 30197.33842929
-----------------------------FMM vs Direct------------------------------[24000]
L2  (p)  : 1.39426e-03   L2  (f)  : 1.30033e-03   L2  (e)  : 1.40891e-03
Rms (p)  : 1.56395e-03   Rms (f)  : 1.30404e-02
p-energy1 : 4.015246399661e+01
p-energy2 : 4.020911501419e+01

rtfmm_3dp_test_fmm
input parameters=[
  P                    = 4
  n                    = 24000
  ncrit                = 128
  images               = 0
  cycle                = 6.2832
  ewald_ksize          = 11
  (f,d,e)              = (1,1,1)
  num_compare          = 24000
  th_num               = 8
  seed                 = 5
  check_tree           = 0
  timing               = 1
  verbose              = 0
  use_fft              = 1
  use_precompute       = 1
  use_simd             = 1
  dipole_correction    = 0
  zero_netcharge       = 0
  print_body_number    = 3
  divide_4pi           = 1
]

[precompute_others time measured : 0.00180 seconds.]
N_freq = 196
[precompute_m2l time measured : 0.00323 seconds.]
[precompute time measured : 0.00505 seconds.]
P2M leaf_number = 512
[P2M time measured : 0.00107 seconds.]
[M2M time measured : 0.00011 seconds.]
N = 7, N3 = 343, N_freq = 196
num_src = 576, num_tar = 576
num_src = 576, batch_size = 8, batch_num = 72
[init time measured : 0.00004 seconds.]
[up time measured : 0.00045 seconds.]
[hadamard time measured : 0.00405 seconds.]
[down time measured : 0.00051 seconds.]
[destroy_plan time measured : 0.00000 seconds.]
[M2L_kernel time measured : 0.00535 seconds.]
[M2L time measured : 0.00641 seconds.]
[P2L time measured : 0.00000 seconds.]
[L2L time measured : 0.00012 seconds.]
L2P leaf_number = 512
[L2P time measured : 0.00120 seconds.]
[M2P time measured : 0.00000 seconds.]
[P2P time measured : 0.00989 seconds.]
[FMM_kernels time measured : 0.01917 seconds.]
[FMM time measured : 0.03795 seconds.]
[direct time measured : 2.03228 seconds.]
pnrm = 30197.33842929
-----------------------------FMM vs Direct------------------------------[24000]
L2  (p)  : 1.96109e-04   L2  (f)  : 2.42386e-04   L2  (e)  : 1.65430e-04
Rms (p)  : 2.19977e-04   Rms (f)  : 2.43079e-03
p-energy1 : 4.021576679885e+01
p-energy2 : 4.020911501419e+01

rtfmm_3dp_test_fmm
input parameters=[
  P                    = 5
  n                    = 24000
  ncrit                = 128
  images               = 0
  cycle                = 6.2832
  ewald_ksize          = 11
  (f,d,e)              = (1,1,1)
  num_compare          = 24000
  th_num               = 8
  seed                 = 5
  check_tree           = 0
  timing               = 1
  verbose              = 0
  use_fft              = 1
  use_precompute       = 1
  use_simd             = 1
  dipole_correction    = 0
  zero_netcharge       = 0
  print_body_number    = 3
  divide_4pi           = 1
]

[precompute_others time measured : 0.00458 seconds.]
N_freq = 405
[precompute_m2l time measured : 0.00451 seconds.]
[precompute time measured : 0.00911 seconds.]
P2M leaf_number = 512
[P2M time measured : 0.00354 seconds.]
[M2M time measured : 0.00093 seconds.]
N = 9, N3 = 729, N_freq = 405
num_src = 576, num_tar = 576
num_src = 576, batch_size = 8, batch_num = 72
[init time measured : 0.00005 seconds.]
[up time measured : 0.00098 seconds.]
[hadamard time measured : 0.00575 seconds.]
[down time measured : 0.00063 seconds.]
[destroy_plan time measured : 0.00000 seconds.]
[M2L_kernel time measured : 0.00824 seconds.]
[M2L time measured : 0.00943 seconds.]
[P2L time measured : 0.00000 seconds.]
[L2L time measured : 0.00031 seconds.]
L2P leaf_number = 512
[L2P time measured : 0.00179 seconds.]
[M2P time measured : 0.00000 seconds.]
[P2P time measured : 0.00949 seconds.]
[FMM_kernels time measured : 0.02588 seconds.]
[FMM time measured : 0.04853 seconds.]
[direct time measured : 2.03385 seconds.]
pnrm = 30197.33842929
-----------------------------FMM vs Direct------------------------------[24000]
L2  (p)  : 1.61886e-05   L2  (f)  : 2.81848e-05   L2  (e)  : 1.56038e-05
Rms (p)  : 1.81589e-05   Rms (f)  : 2.82653e-04
p-energy1 : 4.020848759954e+01
p-energy2 : 4.020911501419e+01

rtfmm_3dp_test_fmm
input parameters=[
  P                    = 6
  n                    = 24000
  ncrit                = 128
  images               = 0
  cycle                = 6.2832
  ewald_ksize          = 11
  (f,d,e)              = (1,1,1)
  num_compare          = 24000
  th_num               = 8
  seed                 = 5
  check_tree           = 0
  timing               = 1
  verbose              = 0
  use_fft              = 1
  use_precompute       = 1
  use_simd             = 1
  dipole_correction    = 0
  zero_netcharge       = 0
  print_body_number    = 3
  divide_4pi           = 1
]

[precompute_others time measured : 0.01240 seconds.]
N_freq = 726
[precompute_m2l time measured : 0.00556 seconds.]
[precompute time measured : 0.01798 seconds.]
P2M leaf_number = 512
[P2M time measured : 0.00402 seconds.]
[M2M time measured : 0.00105 seconds.]
N = 11, N3 = 1331, N_freq = 726
num_src = 576, num_tar = 576
num_src = 576, batch_size = 8, batch_num = 72
[init time measured : 0.00005 seconds.]
[up time measured : 0.00113 seconds.]
[hadamard time measured : 0.00809 seconds.]
[down time measured : 0.00093 seconds.]
[destroy_plan time measured : 0.00000 seconds.]
[M2L_kernel time measured : 0.01144 seconds.]
[M2L time measured : 0.01243 seconds.]
[P2L time measured : 0.00000 seconds.]
[L2L time measured : 0.00078 seconds.]
L2P leaf_number = 512
[L2P time measured : 0.00291 seconds.]
[M2P time measured : 0.00000 seconds.]
[P2P time measured : 0.00946 seconds.]
[FMM_kernels time measured : 0.03100 seconds.]
[FMM time measured : 0.06580 seconds.]
[direct time measured : 2.03219 seconds.]
pnrm = 30197.33842929
-----------------------------FMM vs Direct------------------------------[24000]
L2  (p)  : 2.03953e-06   L2  (f)  : 4.51072e-06   L2  (e)  : 4.76803e-07
Rms (p)  : 2.28775e-06   Rms (f)  : 4.52360e-05
p-energy1 : 4.020909584236e+01
p-energy2 : 4.020911501419e+01

rtfmm_3dp_test_fmm
input parameters=[
  P                    = 7
  n                    = 24000
  ncrit                = 128
  images               = 0
  cycle                = 6.2832
  ewald_ksize          = 11
  (f,d,e)              = (1,1,1)
  num_compare          = 24000
  th_num               = 8
  seed                 = 5
  check_tree           = 0
  timing               = 1
  verbose              = 0
  use_fft              = 1
  use_precompute       = 1
  use_simd             = 1
  dipole_correction    = 0
  zero_netcharge       = 0
  print_body_number    = 3
  divide_4pi           = 1
]

[precompute_others time measured : 0.02833 seconds.]
N_freq = 1183
[precompute_m2l time measured : 0.00519 seconds.]
[precompute time measured : 0.03354 seconds.]
P2M leaf_number = 512
[P2M time measured : 0.00425 seconds.]
[M2M time measured : 0.00095 seconds.]
N = 13, N3 = 2197, N_freq = 1183
num_src = 576, num_tar = 576
num_src = 576, batch_size = 8, batch_num = 72
[init time measured : 0.00008 seconds.]
[up time measured : 0.00170 seconds.]
[hadamard time measured : 0.01191 seconds.]
[down time measured : 0.00137 seconds.]
[destroy_plan time measured : 0.00000 seconds.]
[M2L_kernel time measured : 0.01696 seconds.]
[M2L time measured : 0.01734 seconds.]
[P2L time measured : 0.00000 seconds.]
[L2L time measured : 0.00113 seconds.]
L2P leaf_number = 512
[L2P time measured : 0.00446 seconds.]
[M2P time measured : 0.00000 seconds.]
[P2P time measured : 0.00948 seconds.]
[FMM_kernels time measured : 0.03786 seconds.]
[FMM time measured : 0.08520 seconds.]
[direct time measured : 2.04247 seconds.]
pnrm = 30197.33842929
-----------------------------FMM vs Direct------------------------------[24000]
L2  (p)  : 2.48529e-07   L2  (f)  : 6.97397e-07   L2  (e)  : 1.97164e-07
Rms (p)  : 2.78776e-07   Rms (f)  : 6.99389e-06
p-energy1 : 4.020912294198e+01
p-energy2 : 4.020911501419e+01

rtfmm_3dp_test_fmm
input parameters=[
  P                    = 8
  n                    = 24000
  ncrit                = 128
  images               = 0
  cycle                = 6.2832
  ewald_ksize          = 11
  (f,d,e)              = (1,1,1)
  num_compare          = 24000
  th_num               = 8
  seed                 = 5
  check_tree           = 0
  timing               = 1
  verbose              = 0
  use_fft              = 1
  use_precompute       = 1
  use_simd             = 1
  dipole_correction    = 0
  zero_netcharge       = 0
  print_body_number    = 3
  divide_4pi           = 1
]

[precompute_others time measured : 0.05211 seconds.]
N_freq = 1800
[precompute_m2l time measured : 0.00632 seconds.]
[precompute time measured : 0.05845 seconds.]
P2M leaf_number = 512
[P2M time measured : 0.00741 seconds.]
[M2M time measured : 0.00152 seconds.]
N = 15, N3 = 3375, N_freq = 1800
num_src = 576, num_tar = 576
num_src = 576, batch_size = 8, batch_num = 72
[init time measured : 0.00009 seconds.]
[up time measured : 0.00247 seconds.]
[hadamard time measured : 0.01752 seconds.]
[down time measured : 0.00173 seconds.]
[destroy_plan time measured : 0.00000 seconds.]
[M2L_kernel time measured : 0.02468 seconds.]
[M2L time measured : 0.02513 seconds.]
[P2L time measured : 0.00000 seconds.]
[L2L time measured : 0.00181 seconds.]
L2P leaf_number = 512
[L2P time measured : 0.00637 seconds.]
[M2P time measured : 0.00000 seconds.]
[P2P time measured : 0.00960 seconds.]
[FMM_kernels time measured : 0.05210 seconds.]
[FMM time measured : 0.12409 seconds.]
[direct time measured : 2.02799 seconds.]
pnrm = 30197.33842929
-----------------------------FMM vs Direct------------------------------[24000]
L2  (p)  : 4.02287e-08   L2  (f)  : 1.23363e-07   L2  (e)  : 1.23690e-07
Rms (p)  : 4.51248e-08   Rms (f)  : 1.23716e-06
p-energy1 : 4.020911998767e+01
p-energy2 : 4.020911501419e+01

rtfmm_3dp_test_fmm
input parameters=[
  P                    = 9
  n                    = 24000
  ncrit                = 128
  images               = 0
  cycle                = 6.2832
  ewald_ksize          = 11
  (f,d,e)              = (1,1,1)
  num_compare          = 24000
  th_num               = 8
  seed                 = 5
  check_tree           = 0
  timing               = 1
  verbose              = 0
  use_fft              = 1
  use_precompute       = 1
  use_simd             = 1
  dipole_correction    = 0
  zero_netcharge       = 0
  print_body_number    = 3
  divide_4pi           = 1
]

[precompute_others time measured : 0.11080 seconds.]
N_freq = 2601
[precompute_m2l time measured : 0.01510 seconds.]
[precompute time measured : 0.12592 seconds.]
P2M leaf_number = 512
[P2M time measured : 0.00874 seconds.]
[M2M time measured : 0.00280 seconds.]
N = 17, N3 = 4913, N_freq = 2601
num_src = 576, num_tar = 576
num_src = 576, batch_size = 8, batch_num = 72
[init time measured : 0.00013 seconds.]
[up time measured : 0.00784 seconds.]
[hadamard time measured : 0.02557 seconds.]
[down time measured : 0.00792 seconds.]
[destroy_plan time measured : 0.00000 seconds.]
[M2L_kernel time measured : 0.04539 seconds.]
[M2L time measured : 0.04586 seconds.]
[P2L time measured : 0.00000 seconds.]
[L2L time measured : 0.00314 seconds.]
L2P leaf_number = 512
[L2P time measured : 0.00955 seconds.]
[M2P time measured : 0.00000 seconds.]
[P2P time measured : 0.00945 seconds.]
[FMM_kernels time measured : 0.07987 seconds.]
[FMM time measured : 0.22351 seconds.]
[direct time measured : 2.02833 seconds.]
pnrm = 30197.33842929
-----------------------------FMM vs Direct------------------------------[24000]
L2  (p)  : 6.17204e-09   L2  (f)  : 2.19963e-08   L2  (e)  : 1.02037e-08
Rms (p)  : 6.92321e-09   Rms (f)  : 2.20591e-07
p-energy1 : 4.020911460391e+01
p-energy2 : 4.020911501419e+01

rtfmm_3dp_test_fmm
input parameters=[
  P                    = 10
  n                    = 24000
  ncrit                = 128
  images               = 0
  cycle                = 6.2832
  ewald_ksize          = 11
  (f,d,e)              = (1,1,1)
  num_compare          = 24000
  th_num               = 8
  seed                 = 5
  check_tree           = 0
  timing               = 1
  verbose              = 0
  use_fft              = 1
  use_precompute       = 1
  use_simd             = 1
  dipole_correction    = 0
  zero_netcharge       = 0
  print_body_number    = 3
  divide_4pi           = 1
]

[precompute_others time measured : 0.19460 seconds.]
N_freq = 3610
[precompute_m2l time measured : 0.01427 seconds.]
[precompute time measured : 0.20890 seconds.]
P2M leaf_number = 512
[P2M time measured : 0.01164 seconds.]
[M2M time measured : 0.00661 seconds.]
N = 19, N3 = 6859, N_freq = 3610
num_src = 576, num_tar = 576
num_src = 576, batch_size = 8, batch_num = 72
[init time measured : 0.00012 seconds.]
[up time measured : 0.01189 seconds.]
[hadamard time measured : 0.03869 seconds.]
[down time measured : 0.01033 seconds.]
[destroy_plan time measured : 0.00000 seconds.]
[M2L_kernel time measured : 0.06683 seconds.]
[M2L time measured : 0.06740 seconds.]
[P2L time measured : 0.00000 seconds.]
[L2L time measured : 0.00706 seconds.]
L2P leaf_number = 512
[L2P time measured : 0.01216 seconds.]
[M2P time measured : 0.00000 seconds.]
[P2P time measured : 0.00962 seconds.]
[FMM_kernels time measured : 0.11479 seconds.]
[FMM time measured : 0.34129 seconds.]
[direct time measured : 2.03362 seconds.]
pnrm = 30197.33842929
-----------------------------FMM vs Direct------------------------------[24000]
L2  (p)  : 2.37502e-08   L2  (f)  : 5.77643e-08   L2  (e)  : 5.43698e-08
Rms (p)  : 2.66407e-08   Rms (f)  : 5.79293e-07
p-energy1 : 4.020911282803e+01
p-energy2 : 4.020911501419e+01

rtfmm_3dp_test_fmm
input parameters=[
  P                    = 11
  n                    = 24000
  ncrit                = 128
  images               = 0
  cycle                = 6.2832
  ewald_ksize          = 11
  (f,d,e)              = (1,1,1)
  num_compare          = 24000
  th_num               = 8
  seed                 = 5
  check_tree           = 0
  timing               = 1
  verbose              = 0
  use_fft              = 1
  use_precompute       = 1
  use_simd             = 1
  dipole_correction    = 0
  zero_netcharge       = 0
  print_body_number    = 3
  divide_4pi           = 1
]

[precompute_others time measured : 0.32857 seconds.]
N_freq = 4851
[precompute_m2l time measured : 0.01769 seconds.]
[precompute time measured : 0.34629 seconds.]
P2M leaf_number = 512
[P2M time measured : 0.01534 seconds.]
[M2M time measured : 0.01290 seconds.]
N = 21, N3 = 9261, N_freq = 4851
num_src = 576, num_tar = 576
num_src = 576, batch_size = 8, batch_num = 72
[init time measured : 0.00014 seconds.]
[up time measured : 0.01437 seconds.]
[hadamard time measured : 0.05318 seconds.]
[down time measured : 0.01293 seconds.]
[destroy_plan time measured : 0.00001 seconds.]
[M2L_kernel time measured : 0.08892 seconds.]
[M2L time measured : 0.08943 seconds.]
[P2L time measured : 0.00000 seconds.]
[L2L time measured : 0.01365 seconds.]
L2P leaf_number = 512
[L2P time measured : 0.01623 seconds.]
[M2P time measured : 0.00000 seconds.]
[P2P time measured : 0.00944 seconds.]
[FMM_kernels time measured : 0.15730 seconds.]
[FMM time measured : 0.51907 seconds.]
[direct time measured : 2.03471 seconds.]
pnrm = 30197.33842929
-----------------------------FMM vs Direct------------------------------[24000]
L2  (p)  : 1.24042e-10   L2  (f)  : 6.65368e-10   L2  (e)  : 6.92004e-12
Rms (p)  : 1.39139e-10   Rms (f)  : 6.67268e-09
p-energy1 : 4.020911501447e+01
p-energy2 : 4.020911501419e+01

rtfmm_3dp_test_fmm
input parameters=[
  P                    = 12
  n                    = 24000
  ncrit                = 128
  images               = 0
  cycle                = 6.2832
  ewald_ksize          = 11
  (f,d,e)              = (1,1,1)
  num_compare          = 24000
  th_num               = 8
  seed                 = 5
  check_tree           = 0
  timing               = 1
  verbose              = 0
  use_fft              = 1
  use_precompute       = 1
  use_simd             = 1
  dipole_correction    = 0
  zero_netcharge       = 0
  print_body_number    = 3
  divide_4pi           = 1
]

[precompute_others time measured : 0.53786 seconds.]
N_freq = 6348
[precompute_m2l time measured : 0.02236 seconds.]
[precompute time measured : 0.56025 seconds.]
P2M leaf_number = 512
[P2M time measured : 0.01984 seconds.]
[M2M time measured : 0.01805 seconds.]
N = 23, N3 = 12167, N_freq = 6348
num_src = 576, num_tar = 576
num_src = 576, batch_size = 8, batch_num = 72
[init time measured : 0.00014 seconds.]
[up time measured : 0.02313 seconds.]
[hadamard time measured : 0.07791 seconds.]
[down time measured : 0.01995 seconds.]
[destroy_plan time measured : 0.00000 seconds.]
[M2L_kernel time measured : 0.13107 seconds.]
[M2L time measured : 0.13162 seconds.]
[P2L time measured : 0.00000 seconds.]
[L2L time measured : 0.01788 seconds.]
L2P leaf_number = 512
[L2P time measured : 0.02074 seconds.]
[M2P time measured : 0.00000 seconds.]
[P2P time measured : 0.00962 seconds.]
[FMM_kernels time measured : 0.21803 seconds.]
[FMM time measured : 0.79324 seconds.]
[direct time measured : 2.03223 seconds.]
pnrm = 30197.33842929
-----------------------------FMM vs Direct------------------------------[24000]
L2  (p)  : 2.48155e-11   L2  (f)  : 1.23917e-10   L2  (e)  : 3.52595e-11
Rms (p)  : 2.78356e-11   Rms (f)  : 1.24271e-09
p-energy1 : 4.020911501561e+01
p-energy2 : 4.020911501419e+01

rtfmm_3dp_test_fmm
input parameters=[
  P                    = 13
  n                    = 24000
  ncrit                = 128
  images               = 0
  cycle                = 6.2832
  ewald_ksize          = 11
  (f,d,e)              = (1,1,1)
  num_compare          = 24000
  th_num               = 8
  seed                 = 5
  check_tree           = 0
  timing               = 1
  verbose              = 0
  use_fft              = 1
  use_precompute       = 1
  use_simd             = 1
  dipole_correction    = 0
  zero_netcharge       = 0
  print_body_number    = 3
  divide_4pi           = 1
]

[precompute_others time measured : 0.85455 seconds.]
N_freq = 8125
[precompute_m2l time measured : 0.01889 seconds.]
[precompute time measured : 0.87348 seconds.]
P2M leaf_number = 512
[P2M time measured : 0.02854 seconds.]
[M2M time measured : 0.02518 seconds.]
N = 25, N3 = 15625, N_freq = 8125
num_src = 576, num_tar = 576
num_src = 576, batch_size = 8, batch_num = 72
[init time measured : 0.00018 seconds.]
[up time measured : 0.01371 seconds.]
[hadamard time measured : 0.11104 seconds.]
[down time measured : 0.00833 seconds.]
[destroy_plan time measured : 0.00001 seconds.]
[M2L_kernel time measured : 0.14590 seconds.]
[M2L time measured : 0.14643 seconds.]
[P2L time measured : 0.00000 seconds.]
[L2L time measured : 0.02480 seconds.]
L2P leaf_number = 512
[L2P time measured : 0.02948 seconds.]
[M2P time measured : 0.00000 seconds.]
[P2P time measured : 0.00966 seconds.]
[FMM_kernels time measured : 0.26440 seconds.]
[FMM time measured : 1.15279 seconds.]
[direct time measured : 2.03264 seconds.]
pnrm = 30197.33842929
-----------------------------FMM vs Direct------------------------------[24000]
L2  (p)  : 3.93966e-12   L2  (f)  : 2.34522e-11   L2  (e)  : 1.07259e-11
Rms (p)  : 4.41914e-12   Rms (f)  : 2.35192e-10
p-energy1 : 4.020911501462e+01
p-energy2 : 4.020911501419e+01

rtfmm_3dp_test_fmm
input parameters=[
  P                    = 14
  n                    = 24000
  ncrit                = 128
  images               = 0
  cycle                = 6.2832
  ewald_ksize          = 11
  (f,d,e)              = (1,1,1)
  num_compare          = 24000
  th_num               = 8
  seed                 = 5
  check_tree           = 0
  timing               = 1
  verbose              = 0
  use_fft              = 1
  use_precompute       = 1
  use_simd             = 1
  dipole_correction    = 0
  zero_netcharge       = 0
  print_body_number    = 3
  divide_4pi           = 1
]

[precompute_others time measured : 1.36929 seconds.]
N_freq = 10206
[precompute_m2l time measured : 0.03264 seconds.]
[precompute time measured : 1.40197 seconds.]
P2M leaf_number = 512
[P2M time measured : 0.04608 seconds.]
[M2M time measured : 0.03125 seconds.]
N = 27, N3 = 19683, N_freq = 10206
num_src = 576, num_tar = 576
num_src = 576, batch_size = 8, batch_num = 72
[init time measured : 0.00016 seconds.]
[up time measured : 0.02708 seconds.]
[hadamard time measured : 0.12520 seconds.]
[down time measured : 0.02514 seconds.]
[destroy_plan time measured : 0.00001 seconds.]
[M2L_kernel time measured : 0.19283 seconds.]
[M2L time measured : 0.19333 seconds.]
[P2L time measured : 0.00000 seconds.]
[L2L time measured : 0.03140 seconds.]
L2P leaf_number = 512
[L2P time measured : 0.04670 seconds.]
[M2P time measured : 0.00000 seconds.]
[P2P time measured : 0.00987 seconds.]
[FMM_kernels time measured : 0.35892 seconds.]
[FMM time measured : 1.77816 seconds.]
[direct time measured : 2.03976 seconds.]
pnrm = 30197.33842929
-----------------------------FMM vs Direct------------------------------[24000]
L2  (p)  : 1.08940e-12   L2  (f)  : 6.65627e-12   L2  (e)  : 2.72172e-12
Rms (p)  : 1.22198e-12   Rms (f)  : 6.67528e-11
p-energy1 : 4.020911501408e+01
p-energy2 : 4.020911501419e+01

rtfmm_3dp_test_fmm
input parameters=[
  P                    = 15
  n                    = 24000
  ncrit                = 128
  images               = 0
  cycle                = 6.2832
  ewald_ksize          = 11
  (f,d,e)              = (1,1,1)
  num_compare          = 24000
  th_num               = 8
  seed                 = 5
  check_tree           = 0
  timing               = 1
  verbose              = 0
  use_fft              = 1
  use_precompute       = 1
  use_simd             = 1
  dipole_correction    = 0
  zero_netcharge       = 0
  print_body_number    = 3
  divide_4pi           = 1
]

[precompute_others time measured : 2.21885 seconds.]
N_freq = 12615
[precompute_m2l time measured : 0.04371 seconds.]
[precompute time measured : 2.26260 seconds.]
P2M leaf_number = 512
[P2M time measured : 0.07075 seconds.]
[M2M time measured : 0.03758 seconds.]
N = 29, N3 = 24389, N_freq = 12615
num_src = 576, num_tar = 576
num_src = 576, batch_size = 8, batch_num = 72
[init time measured : 0.00016 seconds.]
[up time measured : 0.04209 seconds.]
[hadamard time measured : 0.13788 seconds.]
[down time measured : 0.03900 seconds.]
[destroy_plan time measured : 0.00001 seconds.]
[M2L_kernel time measured : 0.23841 seconds.]
[M2L time measured : 0.23892 seconds.]
[P2L time measured : 0.00000 seconds.]
[L2L time measured : 0.03915 seconds.]
L2P leaf_number = 512
[L2P time measured : 0.07213 seconds.]
[M2P time measured : 0.00000 seconds.]
[P2P time measured : 0.00953 seconds.]
[FMM_kernels time measured : 0.46907 seconds.]
[FMM time measured : 2.74769 seconds.]
[direct time measured : 2.03551 seconds.]
pnrm = 30197.33842929
-----------------------------FMM vs Direct------------------------------[24000]
L2  (p)  : 2.79449e-13   L2  (f)  : 1.69676e-12   L2  (e)  : 4.19337e-13
Rms (p)  : 3.13459e-13   Rms (f)  : 1.70161e-11
p-energy1 : 4.020911501421e+01
p-energy2 : 4.020911501419e+01

rtfmm_3dp_test_fmm
input parameters=[
  P                    = 16
  n                    = 24000
  ncrit                = 128
  images               = 0
  cycle                = 6.2832
  ewald_ksize          = 11
  (f,d,e)              = (1,1,1)
  num_compare          = 24000
  th_num               = 8
  seed                 = 5
  check_tree           = 0
  timing               = 1
  verbose              = 0
  use_fft              = 1
  use_precompute       = 1
  use_simd             = 1
  dipole_correction    = 0
  zero_netcharge       = 0
  print_body_number    = 3
  divide_4pi           = 1
]

[precompute_others time measured : 3.25388 seconds.]
N_freq = 15376
[precompute_m2l time measured : 0.05171 seconds.]
[precompute time measured : 3.30563 seconds.]
P2M leaf_number = 512
[P2M time measured : 0.09715 seconds.]
[M2M time measured : 0.04855 seconds.]
N = 31, N3 = 29791, N_freq = 15376
num_src = 576, num_tar = 576
num_src = 576, batch_size = 8, batch_num = 72
[init time measured : 0.00017 seconds.]
[up time measured : 0.05389 seconds.]
[hadamard time measured : 0.20592 seconds.]
[down time measured : 0.05152 seconds.]
[destroy_plan time measured : 0.00000 seconds.]
[M2L_kernel time measured : 0.33451 seconds.]
[M2L time measured : 0.33501 seconds.]
[P2L time measured : 0.00000 seconds.]
[L2L time measured : 0.05119 seconds.]
L2P leaf_number = 512
[L2P time measured : 0.10925 seconds.]
[M2P time measured : 0.00000 seconds.]
[P2P time measured : 0.00979 seconds.]
[FMM_kernels time measured : 0.65139 seconds.]
[FMM time measured : 3.97463 seconds.]
[direct time measured : 2.03418 seconds.]
pnrm = 30197.33842929
-----------------------------FMM vs Direct------------------------------[24000]
L2  (p)  : 6.71434e-14   L2  (f)  : 3.87074e-13   L2  (e)  : 6.59135e-14
Rms (p)  : 7.53151e-14   Rms (f)  : 3.88180e-12
p-energy1 : 4.020911501419e+01
p-energy2 : 4.020911501419e+01

rtfmm_3dp_test_fmm
input parameters=[
  P                    = 17
  n                    = 24000
  ncrit                = 128
  images               = 0
  cycle                = 6.2832
  ewald_ksize          = 11
  (f,d,e)              = (1,1,1)
  num_compare          = 24000
  th_num               = 8
  seed                 = 5
  check_tree           = 0
  timing               = 1
  verbose              = 0
  use_fft              = 1
  use_precompute       = 1
  use_simd             = 1
  dipole_correction    = 0
  zero_netcharge       = 0
  print_body_number    = 3
  divide_4pi           = 1
]

[precompute_others time measured : 5.33442 seconds.]
N_freq = 18513
[precompute_m2l time measured : 0.05682 seconds.]
[precompute time measured : 5.39129 seconds.]
P2M leaf_number = 512
[P2M time measured : 0.13908 seconds.]
[M2M time measured : 0.07290 seconds.]
N = 33, N3 = 35937, N_freq = 18513
num_src = 576, num_tar = 576
num_src = 576, batch_size = 8, batch_num = 72
[init time measured : 0.00020 seconds.]
[up time measured : 0.04818 seconds.]
[hadamard time measured : 0.23048 seconds.]
[down time measured : 0.03839 seconds.]
[destroy_plan time measured : 0.00001 seconds.]
[M2L_kernel time measured : 0.34521 seconds.]
[M2L time measured : 0.34571 seconds.]
[P2L time measured : 0.00000 seconds.]
[L2L time measured : 0.07234 seconds.]
L2P leaf_number = 512
[L2P time measured : 0.12965 seconds.]
[M2P time measured : 0.00000 seconds.]
[P2P time measured : 0.00980 seconds.]
[FMM_kernels time measured : 0.76979 seconds.]
[FMM time measured : 6.18091 seconds.]
[direct time measured : 2.03918 seconds.]
pnrm = 30197.33842929
-----------------------------FMM vs Direct------------------------------[24000]
L2  (p)  : 1.77039e-14   L2  (f)  : 1.09586e-13   L2  (e)  : 2.29725e-14
Rms (p)  : 1.98585e-14   Rms (f)  : 1.09899e-12
p-energy1 : 4.020911501419e+01
p-energy2 : 4.020911501419e+01

rtfmm_3dp_test_fmm
input parameters=[
  P                    = 18
  n                    = 24000
  ncrit                = 128
  images               = 0
  cycle                = 6.2832
  ewald_ksize          = 11
  (f,d,e)              = (1,1,1)
  num_compare          = 24000
  th_num               = 8
  seed                 = 5
  check_tree           = 0
  timing               = 1
  verbose              = 0
  use_fft              = 1
  use_precompute       = 1
  use_simd             = 1
  dipole_correction    = 0
  zero_netcharge       = 0
  print_body_number    = 3
  divide_4pi           = 1
]

[precompute_others time measured : 7.59627 seconds.]
N_freq = 22050
[precompute_m2l time measured : 0.06470 seconds.]
[precompute time measured : 7.66101 seconds.]
P2M leaf_number = 512
[P2M time measured : 0.15010 seconds.]
[M2M time measured : 0.07633 seconds.]
N = 35, N3 = 42875, N_freq = 22050
num_src = 576, num_tar = 576
num_src = 576, batch_size = 8, batch_num = 72
[init time measured : 0.00020 seconds.]
[up time measured : 0.05777 seconds.]
[hadamard time measured : 0.34084 seconds.]
[down time measured : 0.04699 seconds.]
[destroy_plan time measured : 0.00001 seconds.]
[M2L_kernel time measured : 0.47909 seconds.]
[M2L time measured : 0.47960 seconds.]
[P2L time measured : 0.00000 seconds.]
[L2L time measured : 0.09084 seconds.]
L2P leaf_number = 512
[L2P time measured : 0.15129 seconds.]
[M2P time measured : 0.00000 seconds.]
[P2P time measured : 0.00979 seconds.]
[FMM_kernels time measured : 0.95825 seconds.]
[FMM time measured : 8.63823 seconds.]
[direct time measured : 2.04009 seconds.]
pnrm = 30197.33842929
-----------------------------FMM vs Direct------------------------------[24000]
L2  (p)  : 9.46876e-15   L2  (f)  : 4.40298e-14   L2  (e)  : 1.04260e-14
Rms (p)  : 1.06212e-14   Rms (f)  : 4.41555e-13
p-energy1 : 4.020911501419e+01
p-energy2 : 4.020911501419e+01

rtfmm_3dp_test_fmm
input parameters=[
  P                    = 19
  n                    = 24000
  ncrit                = 128
  images               = 0
  cycle                = 6.2832
  ewald_ksize          = 11
  (f,d,e)              = (1,1,1)
  num_compare          = 24000
  th_num               = 8
  seed                 = 5
  check_tree           = 0
  timing               = 1
  verbose              = 0
  use_fft              = 1
  use_precompute       = 1
  use_simd             = 1
  dipole_correction    = 0
  zero_netcharge       = 0
  print_body_number    = 3
  divide_4pi           = 1
]

[precompute_others time measured : 11.98589 seconds.]
N_freq = 26011
[precompute_m2l time measured : 0.10913 seconds.]
[precompute time measured : 12.09506 seconds.]
P2M leaf_number = 512
[P2M time measured : 0.18204 seconds.]
[M2M time measured : 0.17320 seconds.]
N = 37, N3 = 50653, N_freq = 26011
num_src = 576, num_tar = 576
num_src = 576, batch_size = 8, batch_num = 72
[init time measured : 0.00022 seconds.]
[up time measured : 0.12764 seconds.]
[hadamard time measured : 0.42575 seconds.]
[down time measured : 0.12658 seconds.]
[destroy_plan time measured : 0.00002 seconds.]
[M2L_kernel time measured : 0.71937 seconds.]
[M2L time measured : 0.71987 seconds.]
[P2L time measured : 0.00000 seconds.]
[L2L time measured : 0.12077 seconds.]
L2P leaf_number = 512
[L2P time measured : 0.19013 seconds.]
[M2P time measured : 0.00000 seconds.]
[P2P time measured : 0.00953 seconds.]
[FMM_kernels time measured : 1.39584 seconds.]
[FMM time measured : 13.51320 seconds.]
[direct time measured : 2.03509 seconds.]
pnrm = 30197.33842929
-----------------------------FMM vs Direct------------------------------[24000]
L2  (p)  : 6.46282e-15   L2  (f)  : 1.29562e-14   L2  (e)  : 3.71095e-15
Rms (p)  : 7.24938e-15   Rms (f)  : 1.29932e-13
p-energy1 : 4.020911501419e+01
p-energy2 : 4.020911501419e+01

rtfmm_3dp_test_fmm
input parameters=[
  P                    = 20
  n                    = 24000
  ncrit                = 128
  images               = 0
  cycle                = 6.2832
  ewald_ksize          = 11
  (f,d,e)              = (1,1,1)
  num_compare          = 24000
  th_num               = 8
  seed                 = 5
  check_tree           = 0
  timing               = 1
  verbose              = 0
  use_fft              = 1
  use_precompute       = 1
  use_simd             = 1
  dipole_correction    = 0
  zero_netcharge       = 0
  print_body_number    = 3
  divide_4pi           = 1
]

[precompute_others time measured : 16.54061 seconds.]
N_freq = 30420
[precompute_m2l time measured : 0.08830 seconds.]
[precompute time measured : 16.62896 seconds.]
P2M leaf_number = 512
[P2M time measured : 0.23877 seconds.]
[M2M time measured : 0.11465 seconds.]
N = 39, N3 = 59319, N_freq = 30420
num_src = 576, num_tar = 576
num_src = 576, batch_size = 8, batch_num = 72
[init time measured : 0.00021 seconds.]
[up time measured : 0.07824 seconds.]
[hadamard time measured : 0.44649 seconds.]
[down time measured : 0.06849 seconds.]
[destroy_plan time measured : 0.00001 seconds.]
[M2L_kernel time measured : 0.63987 seconds.]
[M2L time measured : 0.64088 seconds.]
[P2L time measured : 0.00000 seconds.]
[L2L time measured : 0.11535 seconds.]
L2P leaf_number = 512
[L2P time measured : 0.21426 seconds.]
[M2P time measured : 0.00000 seconds.]
[P2P time measured : 0.00999 seconds.]
[FMM_kernels time measured : 1.33437 seconds.]
[FMM time measured : 17.98633 seconds.]
[direct time measured : 2.03373 seconds.]
pnrm = 30197.33842929
-----------------------------FMM vs Direct------------------------------[24000]
L2  (p)  : 6.17431e-15   L2  (f)  : 7.35581e-15   L2  (e)  : 1.29000e-14
Rms (p)  : 6.92575e-15   Rms (f)  : 7.37681e-14
p-energy1 : 4.020911501419e+01
p-energy2 : 4.020911501419e+01

