Fri Jan 26 12:11:32 2024       
+---------------------------------------------------------------------------------------+
| NVIDIA-SMI 535.54.03              Driver Version: 535.54.03    CUDA Version: 12.2     |
|-----------------------------------------+----------------------+----------------------+
| GPU  Name                 Persistence-M | Bus-Id        Disp.A | Volatile Uncorr. ECC |
| Fan  Temp   Perf          Pwr:Usage/Cap |         Memory-Usage | GPU-Util  Compute M. |
|                                         |                      |               MIG M. |
|=========================================+======================+======================|
|   0  NVIDIA GeForce RTX 4090        Off | 00000000:29:00.0 Off |                  Off |
| 34%   34C    P8              26W / 350W |     15MiB / 24564MiB |      0%      Default |
|                                         |                      |                  N/A |
+-----------------------------------------+----------------------+----------------------+
                                                                                         
+---------------------------------------------------------------------------------------+
| Processes:                                                                            |
|  GPU   GI   CI        PID   Type   Process name                            GPU Memory |
|        ID   ID                                                             Usage      |
|=======================================================================================|
+---------------------------------------------------------------------------------------+
rtfmm_3dp_test_fmm
input parameters=[
  P                    = 2
  n                    = 24000
  ncrit                = 128
  images               = 0
  cycle                = 6.2832
  ewald_ksize          = 11
  (f,d,e)              = (1,1,1)
  num_compare          = 24000
  th_num               = 8
  seed                 = 5
  check_tree           = 0
  timing               = 1
  verbose              = 0
  use_fft              = 1
  use_precompute       = 1
  use_simd             = 1
  dipole_correction    = 0
  zero_netcharge       = 0
  print_body_number    = 3
  divide_4pi           = 1
  setting_t            = 1
]

[precompute_others time measured : 0.01684 seconds.]
N_freq = 18
m2l_gk_relx_idx_map_cnt = 316
[precompute_m2l time measured : 0.01710 seconds.]
[precompute time measured : 0.03394 seconds.]
[P2M time measured : 0.00008 seconds.]
[M2M time measured : 0.00002 seconds.]
m2l_fft_precompute_t
m2l_parent_map.size() = 72
num_src_cell = 72, num_tar_cell = 72
[setup time measured : 0.00034 seconds.]
[prepare_memory time measured : 0.00002 seconds.]
[up time measured : 0.00021 seconds.]
npos = 26, BLOCK_SIZE = 128
[hadamard time measured : 0.00010 seconds.]
[down time measured : 0.00019 seconds.]
[store time measured : 0.00000 seconds.]
[M2L_kernel time measured : 0.00091 seconds.]
[M2L time measured : 0.00093 seconds.]
[P2L time measured : 0.00000 seconds.]
[L2L time measured : 0.00002 seconds.]
L2P leaf_number = 512
[L2P time measured : 0.00011 seconds.]
[M2P time measured : 0.00000 seconds.]
[P2P time measured : 0.00648 seconds.]
[FMM_kernels time measured : 0.00789 seconds.]
[FMM time measured : 0.06082 seconds.]
[direct time measured : 0.66737 seconds.]
pnrm = 30197.33842929
-----------------------------FMM vs Direct------------------------------[24000]
L2  (p)  : 2.89349e-02   L2  (f)  : 1.33731e-02   L2  (e)  : 9.99019e-02
Rms (p)  : 3.24565e-02   Rms (f)  : 1.34112e-01
p-energy1 : 3.619214666749e+01
p-energy2 : 4.020911501419e+01

rtfmm_3dp_test_fmm
input parameters=[
  P                    = 3
  n                    = 24000
  ncrit                = 128
  images               = 0
  cycle                = 6.2832
  ewald_ksize          = 11
  (f,d,e)              = (1,1,1)
  num_compare          = 24000
  th_num               = 8
  seed                 = 5
  check_tree           = 0
  timing               = 1
  verbose              = 0
  use_fft              = 1
  use_precompute       = 1
  use_simd             = 1
  dipole_correction    = 0
  zero_netcharge       = 0
  print_body_number    = 3
  divide_4pi           = 1
  setting_t            = 1
]

[precompute_others time measured : 0.00736 seconds.]
N_freq = 75
m2l_gk_relx_idx_map_cnt = 316
[precompute_m2l time measured : 0.00467 seconds.]
[precompute time measured : 0.01203 seconds.]
[P2M time measured : 0.00016 seconds.]
[M2M time measured : 0.00004 seconds.]
m2l_fft_precompute_t
m2l_parent_map.size() = 72
num_src_cell = 72, num_tar_cell = 72
[setup time measured : 0.00036 seconds.]
[prepare_memory time measured : 0.00004 seconds.]
[up time measured : 0.00023 seconds.]
npos = 26, BLOCK_SIZE = 128
[hadamard time measured : 0.00029 seconds.]
[down time measured : 0.00020 seconds.]
[store time measured : 0.00001 seconds.]
[M2L_kernel time measured : 0.00118 seconds.]
[M2L time measured : 0.00119 seconds.]
[P2L time measured : 0.00000 seconds.]
[L2L time measured : 0.00004 seconds.]
L2P leaf_number = 512
[L2P time measured : 0.00022 seconds.]
[M2P time measured : 0.00000 seconds.]
[P2P time measured : 0.00474 seconds.]
[FMM_kernels time measured : 0.00655 seconds.]
[FMM time measured : 0.03173 seconds.]
[direct time measured : 0.66632 seconds.]
pnrm = 30197.33842929
-----------------------------FMM vs Direct------------------------------[24000]
L2  (p)  : 1.39426e-03   L2  (f)  : 1.30033e-03   L2  (e)  : 1.40891e-03
Rms (p)  : 1.56395e-03   Rms (f)  : 1.30404e-02
p-energy1 : 4.015246399661e+01
p-energy2 : 4.020911501419e+01

rtfmm_3dp_test_fmm
input parameters=[
  P                    = 4
  n                    = 24000
  ncrit                = 128
  images               = 0
  cycle                = 6.2832
  ewald_ksize          = 11
  (f,d,e)              = (1,1,1)
  num_compare          = 24000
  th_num               = 8
  seed                 = 5
  check_tree           = 0
  timing               = 1
  verbose              = 0
  use_fft              = 1
  use_precompute       = 1
  use_simd             = 1
  dipole_correction    = 0
  zero_netcharge       = 0
  print_body_number    = 3
  divide_4pi           = 1
  setting_t            = 1
]

[precompute_others time measured : 0.00453 seconds.]
N_freq = 196
m2l_gk_relx_idx_map_cnt = 316
[precompute_m2l time measured : 0.00649 seconds.]
[precompute time measured : 0.01103 seconds.]
[P2M time measured : 0.00048 seconds.]
[M2M time measured : 0.00012 seconds.]
m2l_fft_precompute_t
m2l_parent_map.size() = 72
num_src_cell = 72, num_tar_cell = 72
[setup time measured : 0.00029 seconds.]
[prepare_memory time measured : 0.00023 seconds.]
[up time measured : 0.00032 seconds.]
npos = 26, BLOCK_SIZE = 128
[hadamard time measured : 0.00096 seconds.]
[down time measured : 0.00027 seconds.]
[store time measured : 0.00002 seconds.]
[M2L_kernel time measured : 0.00224 seconds.]
[M2L time measured : 0.00226 seconds.]
[P2L time measured : 0.00000 seconds.]
[L2L time measured : 0.00015 seconds.]
L2P leaf_number = 512
[L2P time measured : 0.00058 seconds.]
[M2P time measured : 0.00000 seconds.]
[P2P time measured : 0.00565 seconds.]
[FMM_kernels time measured : 0.00941 seconds.]
[FMM time measured : 0.03294 seconds.]
[direct time measured : 0.66668 seconds.]
pnrm = 30197.33842929
-----------------------------FMM vs Direct------------------------------[24000]
L2  (p)  : 1.96109e-04   L2  (f)  : 2.42386e-04   L2  (e)  : 1.65430e-04
Rms (p)  : 2.19977e-04   Rms (f)  : 2.43079e-03
p-energy1 : 4.021576679885e+01
p-energy2 : 4.020911501419e+01

rtfmm_3dp_test_fmm
input parameters=[
  P                    = 5
  n                    = 24000
  ncrit                = 128
  images               = 0
  cycle                = 6.2832
  ewald_ksize          = 11
  (f,d,e)              = (1,1,1)
  num_compare          = 24000
  th_num               = 8
  seed                 = 5
  check_tree           = 0
  timing               = 1
  verbose              = 0
  use_fft              = 1
  use_precompute       = 1
  use_simd             = 1
  dipole_correction    = 0
  zero_netcharge       = 0
  print_body_number    = 3
  divide_4pi           = 1
  setting_t            = 1
]

[precompute_others time measured : 0.00996 seconds.]
N_freq = 405
m2l_gk_relx_idx_map_cnt = 316
[precompute_m2l time measured : 0.01116 seconds.]
[precompute time measured : 0.02113 seconds.]
[P2M time measured : 0.00066 seconds.]
[M2M time measured : 0.00035 seconds.]
m2l_fft_precompute_t
m2l_parent_map.size() = 72
num_src_cell = 72, num_tar_cell = 72
[setup time measured : 0.00036 seconds.]
[prepare_memory time measured : 0.00026 seconds.]
[up time measured : 0.00055 seconds.]
npos = 26, BLOCK_SIZE = 128
[hadamard time measured : 0.00123 seconds.]
[down time measured : 0.00030 seconds.]
[store time measured : 0.00002 seconds.]
[M2L_kernel time measured : 0.00317 seconds.]
[M2L time measured : 0.00318 seconds.]
[P2L time measured : 0.00000 seconds.]
[L2L time measured : 0.00041 seconds.]
L2P leaf_number = 512
[L2P time measured : 0.00063 seconds.]
[M2P time measured : 0.00000 seconds.]
[P2P time measured : 0.00393 seconds.]
[FMM_kernels time measured : 0.00936 seconds.]
[FMM time measured : 0.04330 seconds.]
[direct time measured : 0.66660 seconds.]
pnrm = 30197.33842929
-----------------------------FMM vs Direct------------------------------[24000]
L2  (p)  : 1.61886e-05   L2  (f)  : 2.81848e-05   L2  (e)  : 1.56038e-05
Rms (p)  : 1.81589e-05   Rms (f)  : 2.82653e-04
p-energy1 : 4.020848759954e+01
p-energy2 : 4.020911501419e+01

rtfmm_3dp_test_fmm
input parameters=[
  P                    = 6
  n                    = 24000
  ncrit                = 128
  images               = 0
  cycle                = 6.2832
  ewald_ksize          = 11
  (f,d,e)              = (1,1,1)
  num_compare          = 24000
  th_num               = 8
  seed                 = 5
  check_tree           = 0
  timing               = 1
  verbose              = 0
  use_fft              = 1
  use_precompute       = 1
  use_simd             = 1
  dipole_correction    = 0
  zero_netcharge       = 0
  print_body_number    = 3
  divide_4pi           = 1
  setting_t            = 1
]

[precompute_others time measured : 0.03274 seconds.]
N_freq = 726
m2l_gk_relx_idx_map_cnt = 316
[precompute_m2l time measured : 0.03193 seconds.]
[precompute time measured : 0.06468 seconds.]
[P2M time measured : 0.00215 seconds.]
[M2M time measured : 0.00136 seconds.]
m2l_fft_precompute_t
m2l_parent_map.size() = 72
num_src_cell = 72, num_tar_cell = 72
[setup time measured : 0.00029 seconds.]
[prepare_memory time measured : 0.00057 seconds.]
[up time measured : 0.00111 seconds.]
npos = 26, BLOCK_SIZE = 128
[hadamard time measured : 0.00417 seconds.]
[down time measured : 0.00071 seconds.]
[store time measured : 0.00003 seconds.]
[M2L_kernel time measured : 0.00755 seconds.]
[M2L time measured : 0.00757 seconds.]
[P2L time measured : 0.00000 seconds.]
[L2L time measured : 0.00114 seconds.]
L2P leaf_number = 512
[L2P time measured : 0.00119 seconds.]
[M2P time measured : 0.00000 seconds.]
[P2P time measured : 0.00383 seconds.]
[FMM_kernels time measured : 0.01745 seconds.]
[FMM time measured : 0.09479 seconds.]
[direct time measured : 0.66644 seconds.]
pnrm = 30197.33842929
-----------------------------FMM vs Direct------------------------------[24000]
L2  (p)  : 2.03953e-06   L2  (f)  : 4.51072e-06   L2  (e)  : 4.76803e-07
Rms (p)  : 2.28775e-06   Rms (f)  : 4.52360e-05
p-energy1 : 4.020909584236e+01
p-energy2 : 4.020911501419e+01

rtfmm_3dp_test_fmm
input parameters=[
  P                    = 7
  n                    = 24000
  ncrit                = 128
  images               = 0
  cycle                = 6.2832
  ewald_ksize          = 11
  (f,d,e)              = (1,1,1)
  num_compare          = 24000
  th_num               = 8
  seed                 = 5
  check_tree           = 0
  timing               = 1
  verbose              = 0
  use_fft              = 1
  use_precompute       = 1
  use_simd             = 1
  dipole_correction    = 0
  zero_netcharge       = 0
  print_body_number    = 3
  divide_4pi           = 1
  setting_t            = 1
]

[precompute_others time measured : 0.03338 seconds.]
N_freq = 1183
m2l_gk_relx_idx_map_cnt = 316
[precompute_m2l time measured : 0.02056 seconds.]
[precompute time measured : 0.05396 seconds.]
[P2M time measured : 0.00380 seconds.]
[M2M time measured : 0.00129 seconds.]
m2l_fft_precompute_t
m2l_parent_map.size() = 72
num_src_cell = 72, num_tar_cell = 72
[setup time measured : 0.00031 seconds.]
[prepare_memory time measured : 0.00084 seconds.]
[up time measured : 0.00174 seconds.]
npos = 26, BLOCK_SIZE = 128
[hadamard time measured : 0.00536 seconds.]
[down time measured : 0.00079 seconds.]
[store time measured : 0.00003 seconds.]
[M2L_kernel time measured : 0.01017 seconds.]
[M2L time measured : 0.01019 seconds.]
[P2L time measured : 0.00000 seconds.]
[L2L time measured : 0.00158 seconds.]
L2P leaf_number = 512
[L2P time measured : 0.00196 seconds.]
[M2P time measured : 0.00000 seconds.]
[P2P time measured : 0.00394 seconds.]
[FMM_kernels time measured : 0.02296 seconds.]
[FMM time measured : 0.09293 seconds.]
[direct time measured : 0.66537 seconds.]
pnrm = 30197.33842929
-----------------------------FMM vs Direct------------------------------[24000]
L2  (p)  : 2.48529e-07   L2  (f)  : 6.97397e-07   L2  (e)  : 1.97164e-07
Rms (p)  : 2.78776e-07   Rms (f)  : 6.99389e-06
p-energy1 : 4.020912294198e+01
p-energy2 : 4.020911501419e+01

rtfmm_3dp_test_fmm
input parameters=[
  P                    = 8
  n                    = 24000
  ncrit                = 128
  images               = 0
  cycle                = 6.2832
  ewald_ksize          = 11
  (f,d,e)              = (1,1,1)
  num_compare          = 24000
  th_num               = 8
  seed                 = 5
  check_tree           = 0
  timing               = 1
  verbose              = 0
  use_fft              = 1
  use_precompute       = 1
  use_simd             = 1
  dipole_correction    = 0
  zero_netcharge       = 0
  print_body_number    = 3
  divide_4pi           = 1
  setting_t            = 1
]

[precompute_others time measured : 0.05406 seconds.]
N_freq = 1800
m2l_gk_relx_idx_map_cnt = 316
[precompute_m2l time measured : 0.02987 seconds.]
[precompute time measured : 0.08394 seconds.]
[P2M time measured : 0.00691 seconds.]
[M2M time measured : 0.00256 seconds.]
m2l_fft_precompute_t
m2l_parent_map.size() = 72
num_src_cell = 72, num_tar_cell = 72
[setup time measured : 0.00033 seconds.]
[prepare_memory time measured : 0.00094 seconds.]
[up time measured : 0.00155 seconds.]
npos = 26, BLOCK_SIZE = 128
[hadamard time measured : 0.00551 seconds.]
[down time measured : 0.00104 seconds.]
[store time measured : 0.00003 seconds.]
[M2L_kernel time measured : 0.01101 seconds.]
[M2L time measured : 0.01103 seconds.]
[P2L time measured : 0.00000 seconds.]
[L2L time measured : 0.00281 seconds.]
L2P leaf_number = 512
[L2P time measured : 0.00292 seconds.]
[M2P time measured : 0.00000 seconds.]
[P2P time measured : 0.00394 seconds.]
[FMM_kernels time measured : 0.03038 seconds.]
[FMM time measured : 0.13109 seconds.]
[direct time measured : 0.66586 seconds.]
pnrm = 30197.33842929
-----------------------------FMM vs Direct------------------------------[24000]
L2  (p)  : 4.02287e-08   L2  (f)  : 1.23363e-07   L2  (e)  : 1.23690e-07
Rms (p)  : 4.51248e-08   Rms (f)  : 1.23716e-06
p-energy1 : 4.020911998768e+01
p-energy2 : 4.020911501419e+01

rtfmm_3dp_test_fmm
input parameters=[
  P                    = 9
  n                    = 24000
  ncrit                = 128
  images               = 0
  cycle                = 6.2832
  ewald_ksize          = 11
  (f,d,e)              = (1,1,1)
  num_compare          = 24000
  th_num               = 8
  seed                 = 5
  check_tree           = 0
  timing               = 1
  verbose              = 0
  use_fft              = 1
  use_precompute       = 1
  use_simd             = 1
  dipole_correction    = 0
  zero_netcharge       = 0
  print_body_number    = 3
  divide_4pi           = 1
  setting_t            = 1
]

[precompute_others time measured : 0.10636 seconds.]
N_freq = 2601
m2l_gk_relx_idx_map_cnt = 316
[precompute_m2l time measured : 0.04768 seconds.]
[precompute time measured : 0.15405 seconds.]
[P2M time measured : 0.00548 seconds.]
[M2M time measured : 0.00228 seconds.]
m2l_fft_precompute_t
m2l_parent_map.size() = 72
num_src_cell = 72, num_tar_cell = 72
[setup time measured : 0.00033 seconds.]
[prepare_memory time measured : 0.00134 seconds.]
[up time measured : 0.00623 seconds.]
npos = 26, BLOCK_SIZE = 128
[hadamard time measured : 0.00793 seconds.]
[down time measured : 0.00568 seconds.]
[store time measured : 0.00005 seconds.]
[M2L_kernel time measured : 0.02384 seconds.]
[M2L time measured : 0.02386 seconds.]
[P2L time measured : 0.00000 seconds.]
[L2L time measured : 0.00279 seconds.]
L2P leaf_number = 512
[L2P time measured : 0.00445 seconds.]
[M2P time measured : 0.00000 seconds.]
[P2P time measured : 0.00395 seconds.]
[FMM_kernels time measured : 0.04306 seconds.]
[FMM time measured : 0.21404 seconds.]
[direct time measured : 0.66570 seconds.]
pnrm = 30197.33842929
-----------------------------FMM vs Direct------------------------------[24000]
L2  (p)  : 6.17180e-09   L2  (f)  : 2.19960e-08   L2  (e)  : 1.02061e-08
Rms (p)  : 6.92294e-09   Rms (f)  : 2.20588e-07
p-energy1 : 4.020911460381e+01
p-energy2 : 4.020911501419e+01

rtfmm_3dp_test_fmm
input parameters=[
  P                    = 10
  n                    = 24000
  ncrit                = 128
  images               = 0
  cycle                = 6.2832
  ewald_ksize          = 11
  (f,d,e)              = (1,1,1)
  num_compare          = 24000
  th_num               = 8
  seed                 = 5
  check_tree           = 0
  timing               = 1
  verbose              = 0
  use_fft              = 1
  use_precompute       = 1
  use_simd             = 1
  dipole_correction    = 0
  zero_netcharge       = 0
  print_body_number    = 3
  divide_4pi           = 1
  setting_t            = 1
]

[precompute_others time measured : 0.18515 seconds.]
N_freq = 3610
m2l_gk_relx_idx_map_cnt = 316
[precompute_m2l time measured : 0.06417 seconds.]
[precompute time measured : 0.24934 seconds.]
[P2M time measured : 0.00702 seconds.]
[M2M time measured : 0.00358 seconds.]
m2l_fft_precompute_t
m2l_parent_map.size() = 72
num_src_cell = 72, num_tar_cell = 72
[setup time measured : 0.00033 seconds.]
[prepare_memory time measured : 0.00205 seconds.]
[up time measured : 0.00851 seconds.]
npos = 26, BLOCK_SIZE = 128
[hadamard time measured : 0.01083 seconds.]
[down time measured : 0.00796 seconds.]
[store time measured : 0.00006 seconds.]
[M2L_kernel time measured : 0.03269 seconds.]
[M2L time measured : 0.03271 seconds.]
[P2L time measured : 0.00000 seconds.]
[L2L time measured : 0.00396 seconds.]
L2P leaf_number = 512
[L2P time measured : 0.00607 seconds.]
[M2P time measured : 0.00000 seconds.]
[P2P time measured : 0.00394 seconds.]
[FMM_kernels time measured : 0.05748 seconds.]
[FMM time measured : 0.32362 seconds.]
[direct time measured : 0.66585 seconds.]
pnrm = 30197.33842929
-----------------------------FMM vs Direct------------------------------[24000]
L2  (p)  : 2.39622e-08   L2  (f)  : 5.82511e-08   L2  (e)  : 5.49553e-08
Rms (p)  : 2.68785e-08   Rms (f)  : 5.84175e-07
p-energy1 : 4.020911280449e+01
p-energy2 : 4.020911501419e+01

rtfmm_3dp_test_fmm
input parameters=[
  P                    = 11
  n                    = 24000
  ncrit                = 128
  images               = 0
  cycle                = 6.2832
  ewald_ksize          = 11
  (f,d,e)              = (1,1,1)
  num_compare          = 24000
  th_num               = 8
  seed                 = 5
  check_tree           = 0
  timing               = 1
  verbose              = 0
  use_fft              = 1
  use_precompute       = 1
  use_simd             = 1
  dipole_correction    = 0
  zero_netcharge       = 0
  print_body_number    = 3
  divide_4pi           = 1
  setting_t            = 1
]

[precompute_others time measured : 0.30540 seconds.]
N_freq = 4851
m2l_gk_relx_idx_map_cnt = 316
[precompute_m2l time measured : 0.07885 seconds.]
[precompute time measured : 0.38427 seconds.]
[P2M time measured : 0.01148 seconds.]
[M2M time measured : 0.00608 seconds.]
m2l_fft_precompute_t
m2l_parent_map.size() = 72
num_src_cell = 72, num_tar_cell = 72
[setup time measured : 0.00037 seconds.]
[prepare_memory time measured : 0.00225 seconds.]
[up time measured : 0.01152 seconds.]
npos = 26, BLOCK_SIZE = 128
[hadamard time measured : 0.01518 seconds.]
[down time measured : 0.01101 seconds.]
[store time measured : 0.00007 seconds.]
[M2L_kernel time measured : 0.04461 seconds.]
[M2L time measured : 0.04463 seconds.]
[P2L time measured : 0.00000 seconds.]
[L2L time measured : 0.00729 seconds.]
L2P leaf_number = 512
[L2P time measured : 0.00859 seconds.]
[M2P time measured : 0.00000 seconds.]
[P2P time measured : 0.00393 seconds.]
[FMM_kernels time measured : 0.08223 seconds.]
[FMM time measured : 0.48172 seconds.]
[direct time measured : 0.66548 seconds.]
pnrm = 30197.33842929
-----------------------------FMM vs Direct------------------------------[24000]
L2  (p)  : 1.22678e-10   L2  (f)  : 6.57381e-10   L2  (e)  : 1.88069e-11
Rms (p)  : 1.37609e-10   Rms (f)  : 6.59258e-09
p-energy1 : 4.020911501344e+01
p-energy2 : 4.020911501419e+01

rtfmm_3dp_test_fmm
input parameters=[
  P                    = 12
  n                    = 24000
  ncrit                = 128
  images               = 0
  cycle                = 6.2832
  ewald_ksize          = 11
  (f,d,e)              = (1,1,1)
  num_compare          = 24000
  th_num               = 8
  seed                 = 5
  check_tree           = 0
  timing               = 1
  verbose              = 0
  use_fft              = 1
  use_precompute       = 1
  use_simd             = 1
  dipole_correction    = 0
  zero_netcharge       = 0
  print_body_number    = 3
  divide_4pi           = 1
  setting_t            = 1
]

[precompute_others time measured : 0.49740 seconds.]
N_freq = 6348
m2l_gk_relx_idx_map_cnt = 316
[precompute_m2l time measured : 0.10383 seconds.]
[precompute time measured : 0.60126 seconds.]
[P2M time measured : 0.01472 seconds.]
[M2M time measured : 0.01248 seconds.]
m2l_fft_precompute_t
m2l_parent_map.size() = 72
num_src_cell = 72, num_tar_cell = 72
[setup time measured : 0.00035 seconds.]
[prepare_memory time measured : 0.00296 seconds.]
[up time measured : 0.01527 seconds.]
npos = 26, BLOCK_SIZE = 128
[hadamard time measured : 0.01929 seconds.]
[down time measured : 0.01461 seconds.]
[store time measured : 0.00008 seconds.]
[M2L_kernel time measured : 0.05754 seconds.]
[M2L time measured : 0.05756 seconds.]
[P2L time measured : 0.00000 seconds.]
[L2L time measured : 0.01307 seconds.]
L2P leaf_number = 512
[L2P time measured : 0.01163 seconds.]
[M2P time measured : 0.00000 seconds.]
[P2P time measured : 0.00387 seconds.]
[FMM_kernels time measured : 0.11356 seconds.]
[FMM time measured : 0.73343 seconds.]
[direct time measured : 0.66689 seconds.]
pnrm = 30197.33842929
-----------------------------FMM vs Direct------------------------------[24000]
L2  (p)  : 2.48517e-11   L2  (f)  : 1.23952e-10   L2  (e)  : 3.47320e-11
Rms (p)  : 2.78763e-11   Rms (f)  : 1.24306e-09
p-energy1 : 4.020911501559e+01
p-energy2 : 4.020911501419e+01

rtfmm_3dp_test_fmm
input parameters=[
  P                    = 13
  n                    = 24000
  ncrit                = 128
  images               = 0
  cycle                = 6.2832
  ewald_ksize          = 11
  (f,d,e)              = (1,1,1)
  num_compare          = 24000
  th_num               = 8
  seed                 = 5
  check_tree           = 0
  timing               = 1
  verbose              = 0
  use_fft              = 1
  use_precompute       = 1
  use_simd             = 1
  dipole_correction    = 0
  zero_netcharge       = 0
  print_body_number    = 3
  divide_4pi           = 1
  setting_t            = 1
]

[precompute_others time measured : 0.79969 seconds.]
N_freq = 8125
m2l_gk_relx_idx_map_cnt = 316
[precompute_m2l time measured : 0.12313 seconds.]
[precompute time measured : 0.92285 seconds.]
[P2M time measured : 0.02102 seconds.]
[M2M time measured : 0.01999 seconds.]
m2l_fft_precompute_t
m2l_parent_map.size() = 72
num_src_cell = 72, num_tar_cell = 72
[setup time measured : 0.00036 seconds.]
[prepare_memory time measured : 0.00394 seconds.]
[up time measured : 0.00784 seconds.]
npos = 26, BLOCK_SIZE = 128
[hadamard time measured : 0.02669 seconds.]
[down time measured : 0.00646 seconds.]
[store time measured : 0.00010 seconds.]
[M2L_kernel time measured : 0.05235 seconds.]
[M2L time measured : 0.05238 seconds.]
[P2L time measured : 0.00000 seconds.]
[L2L time measured : 0.02134 seconds.]
L2P leaf_number = 512
[L2P time measured : 0.01604 seconds.]
[M2P time measured : 0.00000 seconds.]
[P2P time measured : 0.00389 seconds.]
[FMM_kernels time measured : 0.13492 seconds.]
[FMM time measured : 1.07319 seconds.]
[direct time measured : 0.67073 seconds.]
pnrm = 30197.33842929
-----------------------------FMM vs Direct------------------------------[24000]
L2  (p)  : 3.92851e-12   L2  (f)  : 2.34915e-11   L2  (e)  : 1.08950e-11
Rms (p)  : 4.40663e-12   Rms (f)  : 2.35586e-10
p-energy1 : 4.020911501463e+01
p-energy2 : 4.020911501419e+01

rtfmm_3dp_test_fmm
input parameters=[
  P                    = 14
  n                    = 24000
  ncrit                = 128
  images               = 0
  cycle                = 6.2832
  ewald_ksize          = 11
  (f,d,e)              = (1,1,1)
  num_compare          = 24000
  th_num               = 8
  seed                 = 5
  check_tree           = 0
  timing               = 1
  verbose              = 0
  use_fft              = 1
  use_precompute       = 1
  use_simd             = 1
  dipole_correction    = 0
  zero_netcharge       = 0
  print_body_number    = 3
  divide_4pi           = 1
  setting_t            = 1
]

[precompute_others time measured : 1.27656 seconds.]
N_freq = 10206
m2l_gk_relx_idx_map_cnt = 316
[precompute_m2l time measured : 0.16175 seconds.]
[precompute time measured : 1.43833 seconds.]
[P2M time measured : 0.02826 seconds.]
[M2M time measured : 0.02900 seconds.]
m2l_fft_precompute_t
m2l_parent_map.size() = 72
num_src_cell = 72, num_tar_cell = 72
[setup time measured : 0.00038 seconds.]
[prepare_memory time measured : 0.00428 seconds.]
[up time measured : 0.02077 seconds.]
npos = 26, BLOCK_SIZE = 128
[hadamard time measured : 0.03067 seconds.]
[down time measured : 0.01795 seconds.]
[store time measured : 0.00012 seconds.]
[M2L_kernel time measured : 0.08215 seconds.]
[M2L time measured : 0.08217 seconds.]
[P2L time measured : 0.00000 seconds.]
[L2L time measured : 0.03052 seconds.]
L2P leaf_number = 512
[L2P time measured : 0.02089 seconds.]
[M2P time measured : 0.00000 seconds.]
[P2P time measured : 0.00398 seconds.]
[FMM_kernels time measured : 0.19506 seconds.]
[FMM time measured : 1.64793 seconds.]
[direct time measured : 0.67164 seconds.]
pnrm = 30197.33842929
-----------------------------FMM vs Direct------------------------------[24000]
L2  (p)  : 1.10569e-12   L2  (f)  : 6.68092e-12   L2  (e)  : 1.79751e-12
Rms (p)  : 1.24025e-12   Rms (f)  : 6.70000e-11
p-energy1 : 4.020911501412e+01
p-energy2 : 4.020911501419e+01

rtfmm_3dp_test_fmm
input parameters=[
  P                    = 15
  n                    = 24000
  ncrit                = 128
  images               = 0
  cycle                = 6.2832
  ewald_ksize          = 11
  (f,d,e)              = (1,1,1)
  num_compare          = 24000
  th_num               = 8
  seed                 = 5
  check_tree           = 0
  timing               = 1
  verbose              = 0
  use_fft              = 1
  use_precompute       = 1
  use_simd             = 1
  dipole_correction    = 0
  zero_netcharge       = 0
  print_body_number    = 3
  divide_4pi           = 1
  setting_t            = 1
]

[precompute_others time measured : 1.91954 seconds.]
N_freq = 12615
m2l_gk_relx_idx_map_cnt = 316
[precompute_m2l time measured : 0.19199 seconds.]
[precompute time measured : 2.11155 seconds.]
[P2M time measured : 0.03189 seconds.]
[M2M time measured : 0.03479 seconds.]
m2l_fft_precompute_t
m2l_parent_map.size() = 72
num_src_cell = 72, num_tar_cell = 72
[setup time measured : 0.00038 seconds.]
[prepare_memory time measured : 0.00539 seconds.]
[up time measured : 0.03266 seconds.]
npos = 26, BLOCK_SIZE = 128
[hadamard time measured : 0.04225 seconds.]
[down time measured : 0.03254 seconds.]
[store time measured : 0.00014 seconds.]
[M2L_kernel time measured : 0.12345 seconds.]
[M2L time measured : 0.12347 seconds.]
[P2L time measured : 0.00000 seconds.]
[L2L time measured : 0.03923 seconds.]
L2P leaf_number = 512
[L2P time measured : 0.03125 seconds.]
[M2P time measured : 0.00000 seconds.]
[P2P time measured : 0.00399 seconds.]
[FMM_kernels time measured : 0.26490 seconds.]
[FMM time measured : 2.39573 seconds.]
[direct time measured : 0.67168 seconds.]
pnrm = 30197.33842929
-----------------------------FMM vs Direct------------------------------[24000]
L2  (p)  : 2.78569e-13   L2  (f)  : 1.69622e-12   L2  (e)  : 3.70741e-13
Rms (p)  : 3.12472e-13   Rms (f)  : 1.70106e-11
p-energy1 : 4.020911501421e+01
p-energy2 : 4.020911501419e+01

rtfmm_3dp_test_fmm
input parameters=[
  P                    = 16
  n                    = 24000
  ncrit                = 128
  images               = 0
  cycle                = 6.2832
  ewald_ksize          = 11
  (f,d,e)              = (1,1,1)
  num_compare          = 24000
  th_num               = 8
  seed                 = 5
  check_tree           = 0
  timing               = 1
  verbose              = 0
  use_fft              = 1
  use_precompute       = 1
  use_simd             = 1
  dipole_correction    = 0
  zero_netcharge       = 0
  print_body_number    = 3
  divide_4pi           = 1
  setting_t            = 1
]

[precompute_others time measured : 2.94004 seconds.]
N_freq = 15376
m2l_gk_relx_idx_map_cnt = 316
[precompute_m2l time measured : 0.24457 seconds.]
[precompute time measured : 3.18464 seconds.]
[P2M time measured : 0.06351 seconds.]
[M2M time measured : 0.05398 seconds.]
m2l_fft_precompute_t
m2l_parent_map.size() = 72
num_src_cell = 72, num_tar_cell = 72
[setup time measured : 0.00046 seconds.]
[prepare_memory time measured : 0.00641 seconds.]
[up time measured : 0.04136 seconds.]
npos = 26, BLOCK_SIZE = 128
[hadamard time measured : 0.05000 seconds.]
[down time measured : 0.04440 seconds.]
[store time measured : 0.00017 seconds.]
[M2L_kernel time measured : 0.15475 seconds.]
[M2L time measured : 0.15481 seconds.]
[P2L time measured : 0.00000 seconds.]
[L2L time measured : 0.05350 seconds.]
L2P leaf_number = 512
[L2P time measured : 0.06376 seconds.]
[M2P time measured : 0.00000 seconds.]
[P2P time measured : 0.00399 seconds.]
[FMM_kernels time measured : 0.39394 seconds.]
[FMM time measured : 3.59731 seconds.]
[direct time measured : 0.67219 seconds.]
pnrm = 30197.33842929
-----------------------------FMM vs Direct------------------------------[24000]
L2  (p)  : 6.73980e-14   L2  (f)  : 3.86428e-13   L2  (e)  : 1.18397e-14
Rms (p)  : 7.56007e-14   Rms (f)  : 3.87532e-12
p-energy1 : 4.020911501419e+01
p-energy2 : 4.020911501419e+01

rtfmm_3dp_test_fmm
input parameters=[
  P                    = 17
  n                    = 24000
  ncrit                = 128
  images               = 0
  cycle                = 6.2832
  ewald_ksize          = 11
  (f,d,e)              = (1,1,1)
  num_compare          = 24000
  th_num               = 8
  seed                 = 5
  check_tree           = 0
  timing               = 1
  verbose              = 0
  use_fft              = 1
  use_precompute       = 1
  use_simd             = 1
  dipole_correction    = 0
  zero_netcharge       = 0
  print_body_number    = 3
  divide_4pi           = 1
  setting_t            = 1
]

[precompute_others time measured : 4.64295 seconds.]
N_freq = 18513
m2l_gk_relx_idx_map_cnt = 316
[precompute_m2l time measured : 0.28008 seconds.]
[precompute time measured : 4.92305 seconds.]
[P2M time measured : 0.09498 seconds.]
[M2M time measured : 0.06468 seconds.]
m2l_fft_precompute_t
m2l_parent_map.size() = 72
num_src_cell = 72, num_tar_cell = 72
[setup time measured : 0.00048 seconds.]
[prepare_memory time measured : 0.00806 seconds.]
[up time measured : 0.03326 seconds.]
npos = 26, BLOCK_SIZE = 128
[hadamard time measured : 0.06220 seconds.]
[down time measured : 0.03199 seconds.]
[store time measured : 0.00019 seconds.]
[M2L_kernel time measured : 0.15102 seconds.]
[M2L time measured : 0.15111 seconds.]
[P2L time measured : 0.00000 seconds.]
[L2L time measured : 0.06638 seconds.]
L2P leaf_number = 512
[L2P time measured : 0.09965 seconds.]
[M2P time measured : 0.00000 seconds.]
[P2P time measured : 0.00401 seconds.]
[FMM_kernels time measured : 0.48117 seconds.]
[FMM time measured : 5.42428 seconds.]
[direct time measured : 0.66716 seconds.]
pnrm = 30197.33842929
-----------------------------FMM vs Direct------------------------------[24000]
L2  (p)  : 1.78008e-14   L2  (f)  : 1.09827e-13   L2  (e)  : 2.29725e-14
Rms (p)  : 1.99673e-14   Rms (f)  : 1.10141e-12
p-energy1 : 4.020911501419e+01
p-energy2 : 4.020911501419e+01

rtfmm_3dp_test_fmm
input parameters=[
  P                    = 18
  n                    = 24000
  ncrit                = 128
  images               = 0
  cycle                = 6.2832
  ewald_ksize          = 11
  (f,d,e)              = (1,1,1)
  num_compare          = 24000
  th_num               = 8
  seed                 = 5
  check_tree           = 0
  timing               = 1
  verbose              = 0
  use_fft              = 1
  use_precompute       = 1
  use_simd             = 1
  dipole_correction    = 0
  zero_netcharge       = 0
  print_body_number    = 3
  divide_4pi           = 1
  setting_t            = 1
]

[precompute_others time measured : 6.66437 seconds.]
N_freq = 22050
m2l_gk_relx_idx_map_cnt = 316
[precompute_m2l time measured : 0.33370 seconds.]
[precompute time measured : 6.99809 seconds.]
[P2M time measured : 0.13019 seconds.]
[M2M time measured : 0.10906 seconds.]
m2l_fft_precompute_t
m2l_parent_map.size() = 72
num_src_cell = 72, num_tar_cell = 72
[setup time measured : 0.00043 seconds.]
[prepare_memory time measured : 0.00890 seconds.]
[up time measured : 0.03571 seconds.]
npos = 26, BLOCK_SIZE = 128
[hadamard time measured : 0.06596 seconds.]
[down time measured : 0.03404 seconds.]
[store time measured : 0.00028 seconds.]
[M2L_kernel time measured : 0.15973 seconds.]
[M2L time measured : 0.15977 seconds.]
[P2L time measured : 0.00000 seconds.]
[L2L time measured : 0.07977 seconds.]
L2P leaf_number = 512
[L2P time measured : 0.12340 seconds.]
[M2P time measured : 0.00000 seconds.]
[P2P time measured : 0.00401 seconds.]
[FMM_kernels time measured : 0.60648 seconds.]
[FMM time measured : 7.62301 seconds.]
[direct time measured : 0.67178 seconds.]
pnrm = 30197.33842929
-----------------------------FMM vs Direct------------------------------[24000]
L2  (p)  : 9.10860e-15   L2  (f)  : 4.39740e-14   L2  (e)  : 3.71095e-15
Rms (p)  : 1.02172e-14   Rms (f)  : 4.40996e-13
p-energy1 : 4.020911501419e+01
p-energy2 : 4.020911501419e+01

rtfmm_3dp_test_fmm
input parameters=[
  P                    = 19
  n                    = 24000
  ncrit                = 128
  images               = 0
  cycle                = 6.2832
  ewald_ksize          = 11
  (f,d,e)              = (1,1,1)
  num_compare          = 24000
  th_num               = 8
  seed                 = 5
  check_tree           = 0
  timing               = 1
  verbose              = 0
  use_fft              = 1
  use_precompute       = 1
  use_simd             = 1
  dipole_correction    = 0
  zero_netcharge       = 0
  print_body_number    = 3
  divide_4pi           = 1
  setting_t            = 1
]

[precompute_others time measured : 10.31916 seconds.]
N_freq = 26011
m2l_gk_relx_idx_map_cnt = 316
[precompute_m2l time measured : 0.42408 seconds.]
[precompute time measured : 10.74326 seconds.]
[P2M time measured : 0.16120 seconds.]
[M2M time measured : 0.18027 seconds.]
m2l_fft_precompute_t
m2l_parent_map.size() = 72
num_src_cell = 72, num_tar_cell = 72
[setup time measured : 0.00046 seconds.]
[prepare_memory time measured : 0.01047 seconds.]
[up time measured : 0.10401 seconds.]
npos = 26, BLOCK_SIZE = 128
[hadamard time measured : 0.08733 seconds.]
[down time measured : 0.10248 seconds.]
[store time measured : 0.00033 seconds.]
[M2L_kernel time measured : 0.32030 seconds.]
[M2L time measured : 0.32035 seconds.]
[P2L time measured : 0.00000 seconds.]
[L2L time measured : 0.11543 seconds.]
L2P leaf_number = 512
[L2P time measured : 0.16159 seconds.]
[M2P time measured : 0.00000 seconds.]
[P2P time measured : 0.00400 seconds.]
[FMM_kernels time measured : 0.94320 seconds.]
[FMM time measured : 11.70592 seconds.]
[direct time measured : 0.66972 seconds.]
pnrm = 30197.33842929
-----------------------------FMM vs Direct------------------------------[24000]
L2  (p)  : 6.51327e-15   L2  (f)  : 1.30426e-14   L2  (e)  : 1.29000e-14
Rms (p)  : 7.30597e-15   Rms (f)  : 1.30798e-13
p-energy1 : 4.020911501419e+01
p-energy2 : 4.020911501419e+01

rtfmm_3dp_test_fmm
input parameters=[
  P                    = 20
  n                    = 24000
  ncrit                = 128
  images               = 0
  cycle                = 6.2832
  ewald_ksize          = 11
  (f,d,e)              = (1,1,1)
  num_compare          = 24000
  th_num               = 8
  seed                 = 5
  check_tree           = 0
  timing               = 1
  verbose              = 0
  use_fft              = 1
  use_precompute       = 1
  use_simd             = 1
  dipole_correction    = 0
  zero_netcharge       = 0
  print_body_number    = 3
  divide_4pi           = 1
  setting_t            = 1
]

[precompute_others time measured : 15.19815 seconds.]
N_freq = 30420
m2l_gk_relx_idx_map_cnt = 316
[precompute_m2l time measured : 0.46425 seconds.]
[precompute time measured : 15.66243 seconds.]
[P2M time measured : 0.23005 seconds.]
[M2M time measured : 0.10405 seconds.]
m2l_fft_precompute_t
m2l_parent_map.size() = 72
num_src_cell = 72, num_tar_cell = 72
[setup time measured : 0.00046 seconds.]
[prepare_memory time measured : 0.01163 seconds.]
[up time measured : 0.06074 seconds.]
npos = 26, BLOCK_SIZE = 128
[hadamard time measured : 0.09280 seconds.]
[down time measured : 0.06292 seconds.]
[store time measured : 0.00035 seconds.]
[M2L_kernel time measured : 0.24967 seconds.]
[M2L time measured : 0.24972 seconds.]
[P2L time measured : 0.00000 seconds.]
[L2L time measured : 0.11414 seconds.]
L2P leaf_number = 512
[L2P time measured : 0.20456 seconds.]
[M2P time measured : 0.00000 seconds.]
[P2P time measured : 0.00404 seconds.]
[FMM_kernels time measured : 0.90704 seconds.]
[FMM time measured : 16.58695 seconds.]
[direct time measured : 0.66883 seconds.]
pnrm = 30197.33842929
-----------------------------FMM vs Direct------------------------------[24000]
L2  (p)  : 6.11526e-15   L2  (f)  : 7.35324e-15   L2  (e)  : 4.77122e-15
Rms (p)  : 6.85951e-15   Rms (f)  : 7.37424e-14
p-energy1 : 4.020911501419e+01
p-energy2 : 4.020911501419e+01

