Sun Jan 28 22:52:43 2024       
+---------------------------------------------------------------------------------------+
| NVIDIA-SMI 535.54.03              Driver Version: 535.54.03    CUDA Version: 12.2     |
|-----------------------------------------+----------------------+----------------------+
| GPU  Name                 Persistence-M | Bus-Id        Disp.A | Volatile Uncorr. ECC |
| Fan  Temp   Perf          Pwr:Usage/Cap |         Memory-Usage | GPU-Util  Compute M. |
|                                         |                      |               MIG M. |
|=========================================+======================+======================|
|   0  NVIDIA RTX 6000 Ada Gene...    Off | 00000000:81:00.0 Off |                  Off |
| 30%   32C    P8              15W / 300W |     16MiB / 49140MiB |      0%      Default |
|                                         |                      |                  N/A |
+-----------------------------------------+----------------------+----------------------+
                                                                                         
+---------------------------------------------------------------------------------------+
| Processes:                                                                            |
|  GPU   GI   CI        PID   Type   Process name                            GPU Memory |
|        ID   ID                                                             Usage      |
|=======================================================================================|
+---------------------------------------------------------------------------------------+
rtfmm_3dp_test_fmm
input parameters=[
  P                    = 2
  n                    = 24000
  ncrit                = 128
  images               = 0
  cycle                = 6.2832
  ewald_ksize          = 11
  (f,d,e)              = (1,1,1)
  num_compare          = 24000
  th_num               = 8
  seed                 = 5
  check_tree           = 0
  timing               = 1
  verbose              = 0
  use_fft              = 1
  use_precompute       = 1
  use_simd             = 1
  dipole_correction    = 0
  zero_netcharge       = 0
  print_body_number    = 3
  divide_4pi           = 1
  setting_t            = 1
]

[tree_traverse time measured : 0.01269 seconds.]
[init_cell_matrix time measured : 0.00003 seconds.]
[precompute_others time measured : 0.00590 seconds.]
[precompute_m2l time measured : 0.00973 seconds.]
[precompute time measured : 0.01564 seconds.]
[P2M time measured : 0.00006 seconds.]
[M2M time measured : 0.00002 seconds.]
[setup time measured : 0.00042 seconds.]
[prepare_memory time measured : 0.00002 seconds.]
[up time measured : 0.00019 seconds.]
[hadamard_8x8 time measured : 0.00010 seconds.]
[down time measured : 0.00024 seconds.]
[store time measured : 0.00001 seconds.]
[M2L time measured : 0.00105 seconds.]
[P2L time measured : 0.00000 seconds.]
[L2L time measured : 0.00002 seconds.]
[L2P time measured : 0.00012 seconds.]
[M2P time measured : 0.00000 seconds.]
[P2P time measured : 0.00485 seconds.]
[FMM_kernels time measured : 0.00624 seconds.]
[FMM time measured : 0.03702 seconds.]
[direct time measured : 0.71992 seconds.]
pnrm = 30197.33842929
-----------------------------FMM vs Direct------------------------------[24000]
L2  (p)  : 2.89349e-02   L2  (f)  : 1.33731e-02   L2  (e)  : 9.99019e-02
Rms (p)  : 3.24565e-02   Rms (f)  : 1.34112e-01
p-energy1 : 3.619214666749e+01
p-energy2 : 4.020911501419e+01

rtfmm_3dp_test_fmm
input parameters=[
  P                    = 3
  n                    = 24000
  ncrit                = 128
  images               = 0
  cycle                = 6.2832
  ewald_ksize          = 11
  (f,d,e)              = (1,1,1)
  num_compare          = 24000
  th_num               = 8
  seed                 = 5
  check_tree           = 0
  timing               = 1
  verbose              = 0
  use_fft              = 1
  use_precompute       = 1
  use_simd             = 1
  dipole_correction    = 0
  zero_netcharge       = 0
  print_body_number    = 3
  divide_4pi           = 1
  setting_t            = 1
]

[tree_traverse time measured : 0.01203 seconds.]
[init_cell_matrix time measured : 0.00012 seconds.]
[precompute_others time measured : 0.00663 seconds.]
[precompute_m2l time measured : 0.00435 seconds.]
[precompute time measured : 0.01098 seconds.]
[P2M time measured : 0.00018 seconds.]
[M2M time measured : 0.00004 seconds.]
[setup time measured : 0.00040 seconds.]
[prepare_memory time measured : 0.00007 seconds.]
[up time measured : 0.00024 seconds.]
[hadamard_8x8 time measured : 0.00028 seconds.]
[down time measured : 0.00019 seconds.]
[store time measured : 0.00001 seconds.]
[M2L time measured : 0.00124 seconds.]
[P2L time measured : 0.00000 seconds.]
[L2L time measured : 0.00005 seconds.]
[L2P time measured : 0.00023 seconds.]
[M2P time measured : 0.00000 seconds.]
[P2P time measured : 0.00514 seconds.]
[FMM_kernels time measured : 0.00699 seconds.]
[FMM time measured : 0.03225 seconds.]
[direct time measured : 0.71546 seconds.]
pnrm = 30197.33842929
-----------------------------FMM vs Direct------------------------------[24000]
L2  (p)  : 1.39426e-03   L2  (f)  : 1.30033e-03   L2  (e)  : 1.40891e-03
Rms (p)  : 1.56395e-03   Rms (f)  : 1.30404e-02
p-energy1 : 4.015246399661e+01
p-energy2 : 4.020911501419e+01

rtfmm_3dp_test_fmm
input parameters=[
  P                    = 4
  n                    = 24000
  ncrit                = 128
  images               = 0
  cycle                = 6.2832
  ewald_ksize          = 11
  (f,d,e)              = (1,1,1)
  num_compare          = 24000
  th_num               = 8
  seed                 = 5
  check_tree           = 0
  timing               = 1
  verbose              = 0
  use_fft              = 1
  use_precompute       = 1
  use_simd             = 1
  dipole_correction    = 0
  zero_netcharge       = 0
  print_body_number    = 3
  divide_4pi           = 1
  setting_t            = 1
]

[tree_traverse time measured : 0.01616 seconds.]
[init_cell_matrix time measured : 0.00019 seconds.]
[precompute_others time measured : 0.00200 seconds.]
[precompute_m2l time measured : 0.00604 seconds.]
[precompute time measured : 0.00805 seconds.]
[P2M time measured : 0.00037 seconds.]
[M2M time measured : 0.00010 seconds.]
[setup time measured : 0.00047 seconds.]
[prepare_memory time measured : 0.00016 seconds.]
[up time measured : 0.00032 seconds.]
[hadamard_8x8 time measured : 0.00097 seconds.]
[down time measured : 0.00031 seconds.]
[store time measured : 0.00002 seconds.]
[M2L time measured : 0.00241 seconds.]
[P2L time measured : 0.00000 seconds.]
[L2L time measured : 0.00017 seconds.]
[L2P time measured : 0.00075 seconds.]
[M2P time measured : 0.00000 seconds.]
[P2P time measured : 0.00546 seconds.]
[FMM_kernels time measured : 0.00938 seconds.]
[FMM time measured : 0.03558 seconds.]
[direct time measured : 0.71612 seconds.]
pnrm = 30197.33842929
-----------------------------FMM vs Direct------------------------------[24000]
L2  (p)  : 1.96109e-04   L2  (f)  : 2.42386e-04   L2  (e)  : 1.65430e-04
Rms (p)  : 2.19977e-04   Rms (f)  : 2.43079e-03
p-energy1 : 4.021576679885e+01
p-energy2 : 4.020911501419e+01

rtfmm_3dp_test_fmm
input parameters=[
  P                    = 5
  n                    = 24000
  ncrit                = 128
  images               = 0
  cycle                = 6.2832
  ewald_ksize          = 11
  (f,d,e)              = (1,1,1)
  num_compare          = 24000
  th_num               = 8
  seed                 = 5
  check_tree           = 0
  timing               = 1
  verbose              = 0
  use_fft              = 1
  use_precompute       = 1
  use_simd             = 1
  dipole_correction    = 0
  zero_netcharge       = 0
  print_body_number    = 3
  divide_4pi           = 1
  setting_t            = 1
]

[tree_traverse time measured : 0.01124 seconds.]
[init_cell_matrix time measured : 0.00032 seconds.]
[precompute_others time measured : 0.00531 seconds.]
[precompute_m2l time measured : 0.01150 seconds.]
[precompute time measured : 0.01682 seconds.]
[P2M time measured : 0.00124 seconds.]
[M2M time measured : 0.00043 seconds.]
[setup time measured : 0.00041 seconds.]
[prepare_memory time measured : 0.00040 seconds.]
[up time measured : 0.00074 seconds.]
[hadamard_8x8 time measured : 0.00140 seconds.]
[down time measured : 0.00034 seconds.]
[store time measured : 0.00003 seconds.]
[M2L time measured : 0.00379 seconds.]
[P2L time measured : 0.00000 seconds.]
[L2L time measured : 0.00045 seconds.]
[L2P time measured : 0.00068 seconds.]
[M2P time measured : 0.00000 seconds.]
[P2P time measured : 0.00430 seconds.]
[FMM_kernels time measured : 0.01101 seconds.]
[FMM time measured : 0.04147 seconds.]
[direct time measured : 0.71587 seconds.]
pnrm = 30197.33842929
-----------------------------FMM vs Direct------------------------------[24000]
L2  (p)  : 1.61886e-05   L2  (f)  : 2.81848e-05   L2  (e)  : 1.56038e-05
Rms (p)  : 1.81589e-05   Rms (f)  : 2.82653e-04
p-energy1 : 4.020848759954e+01
p-energy2 : 4.020911501419e+01

rtfmm_3dp_test_fmm
input parameters=[
  P                    = 6
  n                    = 24000
  ncrit                = 128
  images               = 0
  cycle                = 6.2832
  ewald_ksize          = 11
  (f,d,e)              = (1,1,1)
  num_compare          = 24000
  th_num               = 8
  seed                 = 5
  check_tree           = 0
  timing               = 1
  verbose              = 0
  use_fft              = 1
  use_precompute       = 1
  use_simd             = 1
  dipole_correction    = 0
  zero_netcharge       = 0
  print_body_number    = 3
  divide_4pi           = 1
  setting_t            = 1
]

[tree_traverse time measured : 0.01107 seconds.]
[init_cell_matrix time measured : 0.00039 seconds.]
[precompute_others time measured : 0.01209 seconds.]
[precompute_m2l time measured : 0.01312 seconds.]
[precompute time measured : 0.02522 seconds.]
[P2M time measured : 0.00120 seconds.]
[M2M time measured : 0.00066 seconds.]
[setup time measured : 0.00035 seconds.]
[prepare_memory time measured : 0.00049 seconds.]
[up time measured : 0.00081 seconds.]
[hadamard_8x8 time measured : 0.00237 seconds.]
[down time measured : 0.00053 seconds.]
[store time measured : 0.00005 seconds.]
[M2L time measured : 0.00523 seconds.]
[P2L time measured : 0.00000 seconds.]
[L2L time measured : 0.00073 seconds.]
[L2P time measured : 0.00127 seconds.]
[M2P time measured : 0.00000 seconds.]
[P2P time measured : 0.00428 seconds.]
[FMM_kernels time measured : 0.01350 seconds.]
[FMM time measured : 0.05186 seconds.]
[direct time measured : 0.71480 seconds.]
pnrm = 30197.33842929
-----------------------------FMM vs Direct------------------------------[24000]
L2  (p)  : 2.03953e-06   L2  (f)  : 4.51072e-06   L2  (e)  : 4.76803e-07
Rms (p)  : 2.28775e-06   Rms (f)  : 4.52360e-05
p-energy1 : 4.020909584236e+01
p-energy2 : 4.020911501419e+01

rtfmm_3dp_test_fmm
input parameters=[
  P                    = 7
  n                    = 24000
  ncrit                = 128
  images               = 0
  cycle                = 6.2832
  ewald_ksize          = 11
  (f,d,e)              = (1,1,1)
  num_compare          = 24000
  th_num               = 8
  seed                 = 5
  check_tree           = 0
  timing               = 1
  verbose              = 0
  use_fft              = 1
  use_precompute       = 1
  use_simd             = 1
  dipole_correction    = 0
  zero_netcharge       = 0
  print_body_number    = 3
  divide_4pi           = 1
  setting_t            = 1
]

[tree_traverse time measured : 0.01272 seconds.]
[init_cell_matrix time measured : 0.00061 seconds.]
[precompute_others time measured : 0.02839 seconds.]
[precompute_m2l time measured : 0.01783 seconds.]
[precompute time measured : 0.04623 seconds.]
[P2M time measured : 0.00322 seconds.]
[M2M time measured : 0.00133 seconds.]
[setup time measured : 0.00036 seconds.]
[prepare_memory time measured : 0.00091 seconds.]
[up time measured : 0.00137 seconds.]
[hadamard_8x8 time measured : 0.00386 seconds.]
[down time measured : 0.00081 seconds.]
[store time measured : 0.00005 seconds.]
[M2L time measured : 0.00835 seconds.]
[P2L time measured : 0.00000 seconds.]
[L2L time measured : 0.00109 seconds.]
[L2P time measured : 0.00207 seconds.]
[M2P time measured : 0.00000 seconds.]
[P2P time measured : 0.00432 seconds.]
[FMM_kernels time measured : 0.02050 seconds.]
[FMM time measured : 0.08179 seconds.]
[direct time measured : 0.71421 seconds.]
pnrm = 30197.33842929
-----------------------------FMM vs Direct------------------------------[24000]
L2  (p)  : 2.48529e-07   L2  (f)  : 6.97397e-07   L2  (e)  : 1.97164e-07
Rms (p)  : 2.78776e-07   Rms (f)  : 6.99389e-06
p-energy1 : 4.020912294198e+01
p-energy2 : 4.020911501419e+01

rtfmm_3dp_test_fmm
input parameters=[
  P                    = 8
  n                    = 24000
  ncrit                = 128
  images               = 0
  cycle                = 6.2832
  ewald_ksize          = 11
  (f,d,e)              = (1,1,1)
  num_compare          = 24000
  th_num               = 8
  seed                 = 5
  check_tree           = 0
  timing               = 1
  verbose              = 0
  use_fft              = 1
  use_precompute       = 1
  use_simd             = 1
  dipole_correction    = 0
  zero_netcharge       = 0
  print_body_number    = 3
  divide_4pi           = 1
  setting_t            = 1
]

[tree_traverse time measured : 0.01590 seconds.]
[init_cell_matrix time measured : 0.00085 seconds.]
[precompute_others time measured : 0.05648 seconds.]
[precompute_m2l time measured : 0.02463 seconds.]
[precompute time measured : 0.08112 seconds.]
[P2M time measured : 0.00501 seconds.]
[M2M time measured : 0.00180 seconds.]
[setup time measured : 0.00043 seconds.]
[prepare_memory time measured : 0.00104 seconds.]
[up time measured : 0.00169 seconds.]
[hadamard_8x8 time measured : 0.00604 seconds.]
[down time measured : 0.00103 seconds.]
[store time measured : 0.00006 seconds.]
[M2L time measured : 0.01177 seconds.]
[P2L time measured : 0.00000 seconds.]
[L2L time measured : 0.00176 seconds.]
[L2P time measured : 0.00311 seconds.]
[M2P time measured : 0.00000 seconds.]
[P2P time measured : 0.00433 seconds.]
[FMM_kernels time measured : 0.02791 seconds.]
[FMM time measured : 0.12741 seconds.]
[direct time measured : 0.71639 seconds.]
pnrm = 30197.33842929
-----------------------------FMM vs Direct------------------------------[24000]
L2  (p)  : 4.02287e-08   L2  (f)  : 1.23363e-07   L2  (e)  : 1.23690e-07
Rms (p)  : 4.51248e-08   Rms (f)  : 1.23716e-06
p-energy1 : 4.020911998768e+01
p-energy2 : 4.020911501419e+01

rtfmm_3dp_test_fmm
input parameters=[
  P                    = 9
  n                    = 24000
  ncrit                = 128
  images               = 0
  cycle                = 6.2832
  ewald_ksize          = 11
  (f,d,e)              = (1,1,1)
  num_compare          = 24000
  th_num               = 8
  seed                 = 5
  check_tree           = 0
  timing               = 1
  verbose              = 0
  use_fft              = 1
  use_precompute       = 1
  use_simd             = 1
  dipole_correction    = 0
  zero_netcharge       = 0
  print_body_number    = 3
  divide_4pi           = 1
  setting_t            = 1
]

[tree_traverse time measured : 0.01474 seconds.]
[init_cell_matrix time measured : 0.00109 seconds.]
[precompute_others time measured : 0.10950 seconds.]
[precompute_m2l time measured : 0.04242 seconds.]
[precompute time measured : 0.15194 seconds.]
[P2M time measured : 0.00660 seconds.]
[M2M time measured : 0.00261 seconds.]
[setup time measured : 0.00039 seconds.]
[prepare_memory time measured : 0.00141 seconds.]
[up time measured : 0.00658 seconds.]
[hadamard_8x8 time measured : 0.00954 seconds.]
[down time measured : 0.00703 seconds.]
[store time measured : 0.00005 seconds.]
[M2L time measured : 0.02747 seconds.]
[P2L time measured : 0.00000 seconds.]
[L2L time measured : 0.00329 seconds.]
[L2P time measured : 0.00451 seconds.]
[M2P time measured : 0.00000 seconds.]
[P2P time measured : 0.00422 seconds.]
[FMM_kernels time measured : 0.04883 seconds.]
[FMM time measured : 0.21825 seconds.]
[direct time measured : 0.71521 seconds.]
pnrm = 30197.33842929
-----------------------------FMM vs Direct------------------------------[24000]
L2  (p)  : 6.17180e-09   L2  (f)  : 2.19960e-08   L2  (e)  : 1.02061e-08
Rms (p)  : 6.92294e-09   Rms (f)  : 2.20588e-07
p-energy1 : 4.020911460381e+01
p-energy2 : 4.020911501419e+01

rtfmm_3dp_test_fmm
input parameters=[
  P                    = 10
  n                    = 24000
  ncrit                = 128
  images               = 0
  cycle                = 6.2832
  ewald_ksize          = 11
  (f,d,e)              = (1,1,1)
  num_compare          = 24000
  th_num               = 8
  seed                 = 5
  check_tree           = 0
  timing               = 1
  verbose              = 0
  use_fft              = 1
  use_precompute       = 1
  use_simd             = 1
  dipole_correction    = 0
  zero_netcharge       = 0
  print_body_number    = 3
  divide_4pi           = 1
  setting_t            = 1
]

[tree_traverse time measured : 0.01273 seconds.]
[init_cell_matrix time measured : 0.00129 seconds.]
[precompute_others time measured : 0.19928 seconds.]
[precompute_m2l time measured : 0.05896 seconds.]
[precompute time measured : 0.25827 seconds.]
[P2M time measured : 0.00638 seconds.]
[M2M time measured : 0.00622 seconds.]
[setup time measured : 0.00040 seconds.]
[prepare_memory time measured : 0.00199 seconds.]
[up time measured : 0.00926 seconds.]
[hadamard_8x8 time measured : 0.01172 seconds.]
[down time measured : 0.00865 seconds.]
[store time measured : 0.00012 seconds.]
[M2L time measured : 0.03521 seconds.]
[P2L time measured : 0.00000 seconds.]
[L2L time measured : 0.00666 seconds.]
[L2P time measured : 0.00655 seconds.]
[M2P time measured : 0.00000 seconds.]
[P2P time measured : 0.00432 seconds.]
[FMM_kernels time measured : 0.06549 seconds.]
[FMM time measured : 0.33941 seconds.]
[direct time measured : 0.71520 seconds.]
pnrm = 30197.33842929
-----------------------------FMM vs Direct------------------------------[24000]
L2  (p)  : 2.39622e-08   L2  (f)  : 5.82511e-08   L2  (e)  : 5.49553e-08
Rms (p)  : 2.68785e-08   Rms (f)  : 5.84175e-07
p-energy1 : 4.020911280449e+01
p-energy2 : 4.020911501419e+01

rtfmm_3dp_test_fmm
slurmstepd-rtx6000-ada: error: *** JOB 152680 ON rtx6000-ada CANCELLED AT 2024-01-28T22:52:51 ***
