Mon Jan 22 23:31:15 2024       
+---------------------------------------------------------------------------------------+
| NVIDIA-SMI 535.54.03              Driver Version: 535.54.03    CUDA Version: 12.2     |
|-----------------------------------------+----------------------+----------------------+
| GPU  Name                 Persistence-M | Bus-Id        Disp.A | Volatile Uncorr. ECC |
| Fan  Temp   Perf          Pwr:Usage/Cap |         Memory-Usage | GPU-Util  Compute M. |
|                                         |                      |               MIG M. |
|=========================================+======================+======================|
|   0  NVIDIA RTX 6000 Ada Gene...    Off | 00000000:41:00.0  On |                  Off |
| 30%   35C    P8              24W / 300W |     16MiB / 49140MiB |      0%      Default |
|                                         |                      |                  N/A |
+-----------------------------------------+----------------------+----------------------+
                                                                                         
+---------------------------------------------------------------------------------------+
| Processes:                                                                            |
|  GPU   GI   CI        PID   Type   Process name                            GPU Memory |
|        ID   ID                                                             Usage      |
|=======================================================================================|
+---------------------------------------------------------------------------------------+
rtfmm_3dp_test_fmm
input parameters=[
  P                    = 2
  n                    = 24000
  ncrit                = 128
  images               = 0
  cycle                = 6.2832
  ewald_ksize          = 11
  (f,d,e)              = (1,1,1)
  num_compare          = 24000
  th_num               = 12
  seed                 = 5
  check_tree           = 0
  timing               = 1
  verbose              = 0
  use_fft              = 1
  use_precompute       = 1
  use_simd             = 1
  dipole_correction    = 0
  zero_netcharge       = 0
  print_body_number    = 3
  divide_4pi           = 1
]

[precompute_others time measured : 0.03645 seconds.]
N_freq = 18
[precompute_m2l time measured : 0.00850 seconds.]
[precompute time measured : 0.04497 seconds.]
P2M leaf_number = 512
[P2M time measured : 0.00014 seconds.]
[M2M time measured : 0.00003 seconds.]
N = 3, N3 = 27, N_freq = 18
num_src = 576, num_tar = 576
num_src = 576, batch_size = 8, batch_num = 72
[init time measured : 0.00004 seconds.]
[up time measured : 0.00020 seconds.]
[hadamard time measured : 0.00094 seconds.]
[down time measured : 0.00023 seconds.]
[destroy_plan time measured : 0.00000 seconds.]
[M2L_kernel time measured : 0.00148 seconds.]
[M2L time measured : 0.00251 seconds.]
[P2L time measured : 0.00000 seconds.]
[L2L time measured : 0.00003 seconds.]
L2P leaf_number = 512
[L2P time measured : 0.00013 seconds.]
[M2P time measured : 0.00000 seconds.]
[P2P time measured : 0.00798 seconds.]
[FMM_kernels time measured : 0.01120 seconds.]
[FMM time measured : 0.07036 seconds.]
[direct time measured : 2.03047 seconds.]
pnrm = 30197.33842929
-----------------------------FMM vs Direct------------------------------[24000]
L2  (p)  : 2.89349e-02   L2  (f)  : 1.33731e-02   L2  (e)  : 9.99019e-02
Rms (p)  : 3.24565e-02   Rms (f)  : 1.34112e-01
p-energy1 : 3.619214666749e+01
p-energy2 : 4.020911501419e+01

rtfmm_3dp_test_fmm
input parameters=[
  P                    = 3
  n                    = 24000
  ncrit                = 128
  images               = 0
  cycle                = 6.2832
  ewald_ksize          = 11
  (f,d,e)              = (1,1,1)
  num_compare          = 24000
  th_num               = 12
  seed                 = 5
  check_tree           = 0
  timing               = 1
  verbose              = 0
  use_fft              = 1
  use_precompute       = 1
  use_simd             = 1
  dipole_correction    = 0
  zero_netcharge       = 0
  print_body_number    = 3
  divide_4pi           = 1
]

[precompute_others time measured : 0.02958 seconds.]
N_freq = 75
[precompute_m2l time measured : 0.00860 seconds.]
[precompute time measured : 0.03820 seconds.]
P2M leaf_number = 512
[P2M time measured : 0.00048 seconds.]
[M2M time measured : 0.00004 seconds.]
N = 5, N3 = 125, N_freq = 75
num_src = 576, num_tar = 576
num_src = 576, batch_size = 8, batch_num = 72
[init time measured : 0.00004 seconds.]
[up time measured : 0.00026 seconds.]
[hadamard time measured : 0.00158 seconds.]
[down time measured : 0.00029 seconds.]
[destroy_plan time measured : 0.00000 seconds.]
[M2L_kernel time measured : 0.00222 seconds.]
[M2L time measured : 0.00316 seconds.]
[P2L time measured : 0.00000 seconds.]
[L2L time measured : 0.00004 seconds.]
L2P leaf_number = 512
[L2P time measured : 0.00039 seconds.]
[M2P time measured : 0.00000 seconds.]
[P2P time measured : 0.00808 seconds.]
[FMM_kernels time measured : 0.01251 seconds.]
[FMM time measured : 0.06406 seconds.]
[direct time measured : 2.03373 seconds.]
pnrm = 30197.33842929
-----------------------------FMM vs Direct------------------------------[24000]
L2  (p)  : 1.39426e-03   L2  (f)  : 1.30033e-03   L2  (e)  : 1.40891e-03
Rms (p)  : 1.56395e-03   Rms (f)  : 1.30404e-02
p-energy1 : 4.015246399661e+01
p-energy2 : 4.020911501419e+01

rtfmm_3dp_test_fmm
input parameters=[
  P                    = 4
  n                    = 24000
  ncrit                = 128
  images               = 0
  cycle                = 6.2832
  ewald_ksize          = 11
  (f,d,e)              = (1,1,1)
  num_compare          = 24000
  th_num               = 12
  seed                 = 5
  check_tree           = 0
  timing               = 1
  verbose              = 0
  use_fft              = 1
  use_precompute       = 1
  use_simd             = 1
  dipole_correction    = 0
  zero_netcharge       = 0
  print_body_number    = 3
  divide_4pi           = 1
]

[precompute_others time measured : 0.02400 seconds.]
N_freq = 196
[precompute_m2l time measured : 0.01199 seconds.]
[precompute time measured : 0.03600 seconds.]
P2M leaf_number = 512
[P2M time measured : 0.01247 seconds.]
[M2M time measured : 0.03476 seconds.]
N = 7, N3 = 343, N_freq = 196
num_src = 576, num_tar = 576
num_src = 576, batch_size = 8, batch_num = 72
[init time measured : 0.00004 seconds.]
[up time measured : 0.00040 seconds.]
[hadamard time measured : 0.00260 seconds.]
[down time measured : 0.00035 seconds.]
[destroy_plan time measured : 0.00000 seconds.]
[M2L_kernel time measured : 0.00365 seconds.]
[M2L time measured : 0.00462 seconds.]
[P2L time measured : 0.00000 seconds.]
[L2L time measured : 0.00009 seconds.]
L2P leaf_number = 512
[L2P time measured : 0.00069 seconds.]
[M2P time measured : 0.00000 seconds.]
[P2P time measured : 0.00664 seconds.]
[FMM_kernels time measured : 0.05961 seconds.]
[FMM time measured : 0.11214 seconds.]
[direct time measured : 2.03108 seconds.]
pnrm = 30197.33842929
-----------------------------FMM vs Direct------------------------------[24000]
L2  (p)  : 1.96109e-04   L2  (f)  : 2.42386e-04   L2  (e)  : 1.65430e-04
Rms (p)  : 2.19977e-04   Rms (f)  : 2.43079e-03
p-energy1 : 4.021576679885e+01
p-energy2 : 4.020911501419e+01

rtfmm_3dp_test_fmm
input parameters=[
  P                    = 5
  n                    = 24000
  ncrit                = 128
  images               = 0
  cycle                = 6.2832
  ewald_ksize          = 11
  (f,d,e)              = (1,1,1)
  num_compare          = 24000
  th_num               = 12
  seed                 = 5
  check_tree           = 0
  timing               = 1
  verbose              = 0
  use_fft              = 1
  use_precompute       = 1
  use_simd             = 1
  dipole_correction    = 0
  zero_netcharge       = 0
  print_body_number    = 3
  divide_4pi           = 1
]

[precompute_others time measured : 0.01790 seconds.]
N_freq = 405
[precompute_m2l time measured : 0.00414 seconds.]
[precompute time measured : 0.02206 seconds.]
P2M leaf_number = 512
[P2M time measured : 0.00129 seconds.]
[M2M time measured : 0.00033 seconds.]
N = 9, N3 = 729, N_freq = 405
num_src = 576, num_tar = 576
num_src = 576, batch_size = 8, batch_num = 72
[init time measured : 0.00005 seconds.]
[up time measured : 0.00063 seconds.]
[hadamard time measured : 0.00446 seconds.]
[down time measured : 0.00046 seconds.]
[destroy_plan time measured : 0.00000 seconds.]
[M2L_kernel time measured : 0.00629 seconds.]
[M2L time measured : 0.00730 seconds.]
[P2L time measured : 0.00000 seconds.]
[L2L time measured : 0.00027 seconds.]
L2P leaf_number = 512
[L2P time measured : 0.00151 seconds.]
[M2P time measured : 0.00000 seconds.]
[P2P time measured : 0.00654 seconds.]
[FMM_kernels time measured : 0.01755 seconds.]
[FMM time measured : 0.05358 seconds.]
[direct time measured : 2.02972 seconds.]
pnrm = 30197.33842929
-----------------------------FMM vs Direct------------------------------[24000]
L2  (p)  : 1.61886e-05   L2  (f)  : 2.81848e-05   L2  (e)  : 1.56038e-05
Rms (p)  : 1.81589e-05   Rms (f)  : 2.82653e-04
p-energy1 : 4.020848759954e+01
p-energy2 : 4.020911501419e+01

rtfmm_3dp_test_fmm
input parameters=[
  P                    = 6
  n                    = 24000
  ncrit                = 128
  images               = 0
  cycle                = 6.2832
  ewald_ksize          = 11
  (f,d,e)              = (1,1,1)
  num_compare          = 24000
  th_num               = 12
  seed                 = 5
  check_tree           = 0
  timing               = 1
  verbose              = 0
  use_fft              = 1
  use_precompute       = 1
  use_simd             = 1
  dipole_correction    = 0
  zero_netcharge       = 0
  print_body_number    = 3
  divide_4pi           = 1
]

[precompute_others time measured : 0.01309 seconds.]
N_freq = 726
[precompute_m2l time measured : 0.00454 seconds.]
[precompute time measured : 0.01764 seconds.]
P2M leaf_number = 512
[P2M time measured : 0.00292 seconds.]
[M2M time measured : 0.00089 seconds.]
N = 11, N3 = 1331, N_freq = 726
num_src = 576, num_tar = 576
num_src = 576, batch_size = 8, batch_num = 72
[init time measured : 0.00005 seconds.]
[up time measured : 0.00094 seconds.]
[hadamard time measured : 0.00574 seconds.]
[down time measured : 0.00068 seconds.]
[destroy_plan time measured : 0.00000 seconds.]
[M2L_kernel time measured : 0.00863 seconds.]
[M2L time measured : 0.00965 seconds.]
[P2L time measured : 0.00000 seconds.]
[L2L time measured : 0.00090 seconds.]
L2P leaf_number = 512
[L2P time measured : 0.00210 seconds.]
[M2P time measured : 0.00000 seconds.]
[P2P time measured : 0.00656 seconds.]
[FMM_kernels time measured : 0.02332 seconds.]
[FMM time measured : 0.05485 seconds.]
[direct time measured : 2.03226 seconds.]
pnrm = 30197.33842929
-----------------------------FMM vs Direct------------------------------[24000]
L2  (p)  : 2.03953e-06   L2  (f)  : 4.51072e-06   L2  (e)  : 4.76803e-07
Rms (p)  : 2.28775e-06   Rms (f)  : 4.52360e-05
p-energy1 : 4.020909584236e+01
p-energy2 : 4.020911501419e+01

rtfmm_3dp_test_fmm
input parameters=[
  P                    = 7
  n                    = 24000
  ncrit                = 128
  images               = 0
  cycle                = 6.2832
  ewald_ksize          = 11
  (f,d,e)              = (1,1,1)
  num_compare          = 24000
  th_num               = 12
  seed                 = 5
  check_tree           = 0
  timing               = 1
  verbose              = 0
  use_fft              = 1
  use_precompute       = 1
  use_simd             = 1
  dipole_correction    = 0
  zero_netcharge       = 0
  print_body_number    = 3
  divide_4pi           = 1
]

[precompute_others time measured : 0.05262 seconds.]
N_freq = 1183
[precompute_m2l time measured : 0.01037 seconds.]
[precompute time measured : 0.06302 seconds.]
P2M leaf_number = 512
[P2M time measured : 0.01531 seconds.]
[M2M time measured : 0.01786 seconds.]
N = 13, N3 = 2197, N_freq = 1183
num_src = 576, num_tar = 576
num_src = 576, batch_size = 8, batch_num = 72
[init time measured : 0.00007 seconds.]
[up time measured : 0.00147 seconds.]
[hadamard time measured : 0.00856 seconds.]
[down time measured : 0.00096 seconds.]
[destroy_plan time measured : 0.00000 seconds.]
[M2L_kernel time measured : 0.01298 seconds.]
[M2L time measured : 0.01340 seconds.]
[P2L time measured : 0.00000 seconds.]
[L2L time measured : 0.00109 seconds.]
L2P leaf_number = 512
[L2P time measured : 0.00313 seconds.]
[M2P time measured : 0.00000 seconds.]
[P2P time measured : 0.00665 seconds.]
[FMM_kernels time measured : 0.05766 seconds.]
[FMM time measured : 0.13501 seconds.]
[direct time measured : 2.02967 seconds.]
pnrm = 30197.33842929
-----------------------------FMM vs Direct------------------------------[24000]
L2  (p)  : 2.48529e-07   L2  (f)  : 6.97397e-07   L2  (e)  : 1.97164e-07
Rms (p)  : 2.78776e-07   Rms (f)  : 6.99389e-06
p-energy1 : 4.020912294198e+01
p-energy2 : 4.020911501419e+01

rtfmm_3dp_test_fmm
input parameters=[
  P                    = 8
  n                    = 24000
  ncrit                = 128
  images               = 0
  cycle                = 6.2832
  ewald_ksize          = 11
  (f,d,e)              = (1,1,1)
  num_compare          = 24000
  th_num               = 12
  seed                 = 5
  check_tree           = 0
  timing               = 1
  verbose              = 0
  use_fft              = 1
  use_precompute       = 1
  use_simd             = 1
  dipole_correction    = 0
  zero_netcharge       = 0
  print_body_number    = 3
  divide_4pi           = 1
]

[precompute_others time measured : 0.05846 seconds.]
N_freq = 1800
[precompute_m2l time measured : 0.00516 seconds.]
[precompute time measured : 0.06366 seconds.]
P2M leaf_number = 512
[P2M time measured : 0.00526 seconds.]
[M2M time measured : 0.00190 seconds.]
N = 15, N3 = 3375, N_freq = 1800
num_src = 576, num_tar = 576
num_src = 576, batch_size = 8, batch_num = 72
[init time measured : 0.00008 seconds.]
[up time measured : 0.00242 seconds.]
[hadamard time measured : 0.01240 seconds.]
[down time measured : 0.00126 seconds.]
[destroy_plan time measured : 0.00000 seconds.]
[M2L_kernel time measured : 0.01889 seconds.]
[M2L time measured : 0.01936 seconds.]
[P2L time measured : 0.00000 seconds.]
[L2L time measured : 0.00159 seconds.]
L2P leaf_number = 512
[L2P time measured : 0.00443 seconds.]
[M2P time measured : 0.00000 seconds.]
[P2P time measured : 0.00656 seconds.]
[FMM_kernels time measured : 0.03929 seconds.]
[FMM time measured : 0.11887 seconds.]
[direct time measured : 2.03104 seconds.]
pnrm = 30197.33842929
-----------------------------FMM vs Direct------------------------------[24000]
L2  (p)  : 4.02287e-08   L2  (f)  : 1.23363e-07   L2  (e)  : 1.23690e-07
Rms (p)  : 4.51248e-08   Rms (f)  : 1.23716e-06
p-energy1 : 4.020911998767e+01
p-energy2 : 4.020911501419e+01

rtfmm_3dp_test_fmm
input parameters=[
  P                    = 9
  n                    = 24000
  ncrit                = 128
  images               = 0
  cycle                = 6.2832
  ewald_ksize          = 11
  (f,d,e)              = (1,1,1)
  num_compare          = 24000
  th_num               = 12
  seed                 = 5
  check_tree           = 0
  timing               = 1
  verbose              = 0
  use_fft              = 1
  use_precompute       = 1
  use_simd             = 1
  dipole_correction    = 0
  zero_netcharge       = 0
  print_body_number    = 3
  divide_4pi           = 1
]

[precompute_others time measured : 0.12221 seconds.]
N_freq = 2601
[precompute_m2l time measured : 0.01169 seconds.]
[precompute time measured : 0.13393 seconds.]
P2M leaf_number = 512
[P2M time measured : 0.00717 seconds.]
[M2M time measured : 0.00234 seconds.]
N = 17, N3 = 4913, N_freq = 2601
num_src = 576, num_tar = 576
num_src = 576, batch_size = 8, batch_num = 72
[init time measured : 0.00012 seconds.]
[up time measured : 0.00567 seconds.]
[hadamard time measured : 0.01768 seconds.]
[down time measured : 0.00534 seconds.]
[destroy_plan time measured : 0.00000 seconds.]
[M2L_kernel time measured : 0.03271 seconds.]
[M2L time measured : 0.03319 seconds.]
[P2L time measured : 0.00000 seconds.]
[L2L time measured : 0.00256 seconds.]
L2P leaf_number = 512
[L2P time measured : 0.00641 seconds.]
[M2P time measured : 0.00000 seconds.]
[P2P time measured : 0.00667 seconds.]
[FMM_kernels time measured : 0.05858 seconds.]
[FMM time measured : 0.21065 seconds.]
[direct time measured : 2.02903 seconds.]
pnrm = 30197.33842929
-----------------------------FMM vs Direct------------------------------[24000]
L2  (p)  : 6.17204e-09   L2  (f)  : 2.19963e-08   L2  (e)  : 1.02037e-08
Rms (p)  : 6.92321e-09   Rms (f)  : 2.20591e-07
p-energy1 : 4.020911460391e+01
p-energy2 : 4.020911501419e+01

rtfmm_3dp_test_fmm
input parameters=[
  P                    = 10
  n                    = 24000
  ncrit                = 128
  images               = 0
  cycle                = 6.2832
  ewald_ksize          = 11
  (f,d,e)              = (1,1,1)
  num_compare          = 24000
  th_num               = 12
  seed                 = 5
  check_tree           = 0
  timing               = 1
  verbose              = 0
  use_fft              = 1
  use_precompute       = 1
  use_simd             = 1
  dipole_correction    = 0
  zero_netcharge       = 0
  print_body_number    = 3
  divide_4pi           = 1
]

[precompute_others time measured : 0.21693 seconds.]
N_freq = 3610
[precompute_m2l time measured : 0.01212 seconds.]
[precompute time measured : 0.22908 seconds.]
P2M leaf_number = 512
[P2M time measured : 0.00863 seconds.]
[M2M time measured : 0.00615 seconds.]
N = 19, N3 = 6859, N_freq = 3610
num_src = 576, num_tar = 576
num_src = 576, batch_size = 8, batch_num = 72
[init time measured : 0.00014 seconds.]
[up time measured : 0.00802 seconds.]
[hadamard time measured : 0.02803 seconds.]
[down time measured : 0.00695 seconds.]
[destroy_plan time measured : 0.00000 seconds.]
[M2L_kernel time measured : 0.04842 seconds.]
[M2L time measured : 0.04892 seconds.]
[P2L time measured : 0.00000 seconds.]
[L2L time measured : 0.00554 seconds.]
L2P leaf_number = 512
[L2P time measured : 0.00842 seconds.]
[M2P time measured : 0.00000 seconds.]
[P2P time measured : 0.00665 seconds.]
[FMM_kernels time measured : 0.08454 seconds.]
[FMM time measured : 0.32926 seconds.]
[direct time measured : 2.03210 seconds.]
pnrm = 30197.33842929
-----------------------------FMM vs Direct------------------------------[24000]
L2  (p)  : 2.37502e-08   L2  (f)  : 5.77643e-08   L2  (e)  : 5.43698e-08
Rms (p)  : 2.66407e-08   Rms (f)  : 5.79293e-07
p-energy1 : 4.020911282803e+01
p-energy2 : 4.020911501419e+01

rtfmm_3dp_test_fmm
input parameters=[
  P                    = 11
  n                    = 24000
  ncrit                = 128
  images               = 0
  cycle                = 6.2832
  ewald_ksize          = 11
  (f,d,e)              = (1,1,1)
  num_compare          = 24000
  th_num               = 12
  seed                 = 5
  check_tree           = 0
  timing               = 1
  verbose              = 0
  use_fft              = 1
  use_precompute       = 1
  use_simd             = 1
  dipole_correction    = 0
  zero_netcharge       = 0
  print_body_number    = 3
  divide_4pi           = 1
]

[precompute_others time measured : 0.34949 seconds.]
N_freq = 4851
[precompute_m2l time measured : 0.02135 seconds.]
[precompute time measured : 0.37087 seconds.]
P2M leaf_number = 512
[P2M time measured : 0.02882 seconds.]
[M2M time measured : 0.02033 seconds.]
N = 21, N3 = 9261, N_freq = 4851
num_src = 576, num_tar = 576
num_src = 576, batch_size = 8, batch_num = 72
[init time measured : 0.00013 seconds.]
[up time measured : 0.01053 seconds.]
[hadamard time measured : 0.04136 seconds.]
[down time measured : 0.00972 seconds.]
[destroy_plan time measured : 0.00001 seconds.]
[M2L_kernel time measured : 0.06964 seconds.]
[M2L time measured : 0.07015 seconds.]
[P2L time measured : 0.00000 seconds.]
[L2L time measured : 0.01100 seconds.]
L2P leaf_number = 512
[L2P time measured : 0.01110 seconds.]
[M2P time measured : 0.00000 seconds.]
[P2P time measured : 0.00657 seconds.]
[FMM_kernels time measured : 0.14825 seconds.]
[FMM time measured : 0.53653 seconds.]
[direct time measured : 2.03008 seconds.]
pnrm = 30197.33842929
-----------------------------FMM vs Direct------------------------------[24000]
L2  (p)  : 1.24042e-10   L2  (f)  : 6.65368e-10   L2  (e)  : 6.92004e-12
Rms (p)  : 1.39139e-10   Rms (f)  : 6.67268e-09
p-energy1 : 4.020911501447e+01
p-energy2 : 4.020911501419e+01

rtfmm_3dp_test_fmm
input parameters=[
  P                    = 12
  n                    = 24000
  ncrit                = 128
  images               = 0
  cycle                = 6.2832
  ewald_ksize          = 11
  (f,d,e)              = (1,1,1)
  num_compare          = 24000
  th_num               = 12
  seed                 = 5
  check_tree           = 0
  timing               = 1
  verbose              = 0
  use_fft              = 1
  use_precompute       = 1
  use_simd             = 1
  dipole_correction    = 0
  zero_netcharge       = 0
  print_body_number    = 3
  divide_4pi           = 1
]

[precompute_others time measured : 0.55014 seconds.]
N_freq = 6348
[precompute_m2l time measured : 0.01900 seconds.]
[precompute time measured : 0.56918 seconds.]
P2M leaf_number = 512
[P2M time measured : 0.01412 seconds.]
[M2M time measured : 0.01379 seconds.]
N = 23, N3 = 12167, N_freq = 6348
num_src = 576, num_tar = 576
num_src = 576, batch_size = 8, batch_num = 72
[init time measured : 0.00016 seconds.]
[up time measured : 0.01409 seconds.]
[hadamard time measured : 0.05886 seconds.]
[down time measured : 0.01221 seconds.]
[destroy_plan time measured : 0.00000 seconds.]
[M2L_kernel time measured : 0.09564 seconds.]
[M2L time measured : 0.09613 seconds.]
[P2L time measured : 0.00000 seconds.]
[L2L time measured : 0.01573 seconds.]
L2P leaf_number = 512
[L2P time measured : 0.01461 seconds.]
[M2P time measured : 0.00000 seconds.]
[P2P time measured : 0.00671 seconds.]
[FMM_kernels time measured : 0.16136 seconds.]
[FMM time measured : 0.74622 seconds.]
[direct time measured : 2.03382 seconds.]
pnrm = 30197.33842929
-----------------------------FMM vs Direct------------------------------[24000]
L2  (p)  : 2.48155e-11   L2  (f)  : 1.23917e-10   L2  (e)  : 3.52595e-11
Rms (p)  : 2.78356e-11   Rms (f)  : 1.24271e-09
p-energy1 : 4.020911501561e+01
p-energy2 : 4.020911501419e+01

rtfmm_3dp_test_fmm
input parameters=[
  P                    = 13
  n                    = 24000
  ncrit                = 128
  images               = 0
  cycle                = 6.2832
  ewald_ksize          = 11
  (f,d,e)              = (1,1,1)
  num_compare          = 24000
  th_num               = 12
  seed                 = 5
  check_tree           = 0
  timing               = 1
  verbose              = 0
  use_fft              = 1
  use_precompute       = 1
  use_simd             = 1
  dipole_correction    = 0
  zero_netcharge       = 0
  print_body_number    = 3
  divide_4pi           = 1
]

[precompute_others time measured : 0.85084 seconds.]
N_freq = 8125
[precompute_m2l time measured : 0.01612 seconds.]
[precompute time measured : 0.86700 seconds.]
P2M leaf_number = 512
[P2M time measured : 0.01898 seconds.]
[M2M time measured : 0.01953 seconds.]
N = 25, N3 = 15625, N_freq = 8125
num_src = 576, num_tar = 576
num_src = 576, batch_size = 8, batch_num = 72
[init time measured : 0.00015 seconds.]
[up time measured : 0.00934 seconds.]
[hadamard time measured : 0.08147 seconds.]
[down time measured : 0.00572 seconds.]
[destroy_plan time measured : 0.00001 seconds.]
[M2L_kernel time measured : 0.10916 seconds.]
[M2L time measured : 0.10965 seconds.]
[P2L time measured : 0.00000 seconds.]
[L2L time measured : 0.02107 seconds.]
L2P leaf_number = 512
[L2P time measured : 0.01976 seconds.]
[M2P time measured : 0.00000 seconds.]
[P2P time measured : 0.00672 seconds.]
[FMM_kernels time measured : 0.19597 seconds.]
[FMM time measured : 1.08036 seconds.]
[direct time measured : 2.03558 seconds.]
pnrm = 30197.33842929
-----------------------------FMM vs Direct------------------------------[24000]
L2  (p)  : 3.93966e-12   L2  (f)  : 2.34522e-11   L2  (e)  : 1.07259e-11
Rms (p)  : 4.41914e-12   Rms (f)  : 2.35192e-10
p-energy1 : 4.020911501462e+01
p-energy2 : 4.020911501419e+01

rtfmm_3dp_test_fmm
input parameters=[
  P                    = 14
  n                    = 24000
  ncrit                = 128
  images               = 0
  cycle                = 6.2832
  ewald_ksize          = 11
  (f,d,e)              = (1,1,1)
  num_compare          = 24000
  th_num               = 12
  seed                 = 5
  check_tree           = 0
  timing               = 1
  verbose              = 0
  use_fft              = 1
  use_precompute       = 1
  use_simd             = 1
  dipole_correction    = 0
  zero_netcharge       = 0
  print_body_number    = 3
  divide_4pi           = 1
]

[precompute_others time measured : 1.36656 seconds.]
N_freq = 10206
[precompute_m2l time measured : 0.03320 seconds.]
[precompute time measured : 1.39980 seconds.]
P2M leaf_number = 512
[P2M time measured : 0.03952 seconds.]
[M2M time measured : 0.02618 seconds.]
N = 27, N3 = 19683, N_freq = 10206
num_src = 576, num_tar = 576
num_src = 576, batch_size = 8, batch_num = 72
[init time measured : 0.00016 seconds.]
[up time measured : 0.01957 seconds.]
[hadamard time measured : 0.11376 seconds.]
[down time measured : 0.01591 seconds.]
[destroy_plan time measured : 0.00001 seconds.]
[M2L_kernel time measured : 0.16576 seconds.]
[M2L time measured : 0.16626 seconds.]
[P2L time measured : 0.00000 seconds.]
[L2L time measured : 0.02909 seconds.]
L2P leaf_number = 512
[L2P time measured : 0.03323 seconds.]
[M2P time measured : 0.00000 seconds.]
[P2P time measured : 0.00662 seconds.]
[FMM_kernels time measured : 0.30118 seconds.]
[FMM time measured : 1.71674 seconds.]
[direct time measured : 2.04063 seconds.]
pnrm = 30197.33842929
-----------------------------FMM vs Direct------------------------------[24000]
L2  (p)  : 1.08940e-12   L2  (f)  : 6.65627e-12   L2  (e)  : 2.72172e-12
Rms (p)  : 1.22198e-12   Rms (f)  : 6.67528e-11
p-energy1 : 4.020911501408e+01
p-energy2 : 4.020911501419e+01

rtfmm_3dp_test_fmm
input parameters=[
  P                    = 15
  n                    = 24000
  ncrit                = 128
  images               = 0
  cycle                = 6.2832
  ewald_ksize          = 11
  (f,d,e)              = (1,1,1)
  num_compare          = 24000
  th_num               = 12
  seed                 = 5
  check_tree           = 0
  timing               = 1
  verbose              = 0
  use_fft              = 1
  use_precompute       = 1
  use_simd             = 1
  dipole_correction    = 0
  zero_netcharge       = 0
  print_body_number    = 3
  divide_4pi           = 1
]

[precompute_others time measured : 2.20153 seconds.]
N_freq = 12615
[precompute_m2l time measured : 0.03236 seconds.]
[precompute time measured : 2.23394 seconds.]
P2M leaf_number = 512
[P2M time measured : 0.05380 seconds.]
[M2M time measured : 0.03358 seconds.]
N = 29, N3 = 24389, N_freq = 12615
num_src = 576, num_tar = 576
num_src = 576, batch_size = 8, batch_num = 72
[init time measured : 0.00017 seconds.]
[up time measured : 0.02991 seconds.]
[hadamard time measured : 0.14324 seconds.]
[down time measured : 0.02686 seconds.]
[destroy_plan time measured : 0.00001 seconds.]
[M2L_kernel time measured : 0.21959 seconds.]
[M2L time measured : 0.22008 seconds.]
[P2L time measured : 0.00000 seconds.]
[L2L time measured : 0.03635 seconds.]
L2P leaf_number = 512
[L2P time measured : 0.05471 seconds.]
[M2P time measured : 0.00000 seconds.]
[P2P time measured : 0.00702 seconds.]
[FMM_kernels time measured : 0.40603 seconds.]
[FMM time measured : 2.66065 seconds.]
[direct time measured : 2.03854 seconds.]
pnrm = 30197.33842929
-----------------------------FMM vs Direct------------------------------[24000]
L2  (p)  : 2.79449e-13   L2  (f)  : 1.69676e-12   L2  (e)  : 4.19337e-13
Rms (p)  : 3.13459e-13   Rms (f)  : 1.70161e-11
p-energy1 : 4.020911501421e+01
p-energy2 : 4.020911501419e+01

rtfmm_3dp_test_fmm
input parameters=[
  P                    = 16
  n                    = 24000
  ncrit                = 128
  images               = 0
  cycle                = 6.2832
  ewald_ksize          = 11
  (f,d,e)              = (1,1,1)
  num_compare          = 24000
  th_num               = 12
  seed                 = 5
  check_tree           = 0
  timing               = 1
  verbose              = 0
  use_fft              = 1
  use_precompute       = 1
  use_simd             = 1
  dipole_correction    = 0
  zero_netcharge       = 0
  print_body_number    = 3
  divide_4pi           = 1
]

[precompute_others time measured : 3.22668 seconds.]
N_freq = 15376
[precompute_m2l time measured : 0.04369 seconds.]
[precompute time measured : 3.27041 seconds.]
P2M leaf_number = 512
[P2M time measured : 0.08097 seconds.]
[M2M time measured : 0.04391 seconds.]
N = 31, N3 = 29791, N_freq = 15376
num_src = 576, num_tar = 576
num_src = 576, batch_size = 8, batch_num = 72
[init time measured : 0.00017 seconds.]
[up time measured : 0.03929 seconds.]
[hadamard time measured : 0.17453 seconds.]
[down time measured : 0.03747 seconds.]
[destroy_plan time measured : 0.00001 seconds.]
[M2L_kernel time measured : 0.27464 seconds.]
[M2L time measured : 0.27517 seconds.]
[P2L time measured : 0.00000 seconds.]
[L2L time measured : 0.04703 seconds.]
L2P leaf_number = 512
[L2P time measured : 0.09222 seconds.]
[M2P time measured : 0.00000 seconds.]
[P2P time measured : 0.00697 seconds.]
[FMM_kernels time measured : 0.54674 seconds.]
[FMM time measured : 3.83381 seconds.]
[direct time measured : 2.03723 seconds.]
pnrm = 30197.33842929
-----------------------------FMM vs Direct------------------------------[24000]
L2  (p)  : 6.71434e-14   L2  (f)  : 3.87074e-13   L2  (e)  : 6.59135e-14
Rms (p)  : 7.53151e-14   Rms (f)  : 3.88180e-12
p-energy1 : 4.020911501419e+01
p-energy2 : 4.020911501419e+01

rtfmm_3dp_test_fmm
input parameters=[
  P                    = 17
  n                    = 24000
  ncrit                = 128
  images               = 0
  cycle                = 6.2832
  ewald_ksize          = 11
  (f,d,e)              = (1,1,1)
  num_compare          = 24000
  th_num               = 12
  seed                 = 5
  check_tree           = 0
  timing               = 1
  verbose              = 0
  use_fft              = 1
  use_precompute       = 1
  use_simd             = 1
  dipole_correction    = 0
  zero_netcharge       = 0
  print_body_number    = 3
  divide_4pi           = 1
]

[precompute_others time measured : 5.32909 seconds.]
N_freq = 18513
[precompute_m2l time measured : 0.04241 seconds.]
[precompute time measured : 5.37154 seconds.]
P2M leaf_number = 512
[P2M time measured : 0.11261 seconds.]
[M2M time measured : 0.06828 seconds.]
N = 33, N3 = 35937, N_freq = 18513
num_src = 576, num_tar = 576
num_src = 576, batch_size = 8, batch_num = 72
[init time measured : 0.00018 seconds.]
[up time measured : 0.03421 seconds.]
[hadamard time measured : 0.23506 seconds.]
[down time measured : 0.02665 seconds.]
[destroy_plan time measured : 0.00001 seconds.]
[M2L_kernel time measured : 0.32487 seconds.]
[M2L time measured : 0.32538 seconds.]
[P2L time measured : 0.00000 seconds.]
[L2L time measured : 0.06346 seconds.]
L2P leaf_number = 512
[L2P time measured : 0.09459 seconds.]
[M2P time measured : 0.00000 seconds.]
[P2P time measured : 0.00708 seconds.]
[FMM_kernels time measured : 0.67174 seconds.]
[FMM time measured : 6.06348 seconds.]
[direct time measured : 2.03885 seconds.]
pnrm = 30197.33842929
-----------------------------FMM vs Direct------------------------------[24000]
L2  (p)  : 1.77039e-14   L2  (f)  : 1.09586e-13   L2  (e)  : 2.29725e-14
Rms (p)  : 1.98585e-14   Rms (f)  : 1.09899e-12
p-energy1 : 4.020911501419e+01
p-energy2 : 4.020911501419e+01

rtfmm_3dp_test_fmm
input parameters=[
  P                    = 18
  n                    = 24000
  ncrit                = 128
  images               = 0
  cycle                = 6.2832
  ewald_ksize          = 11
  (f,d,e)              = (1,1,1)
  num_compare          = 24000
  th_num               = 12
  seed                 = 5
  check_tree           = 0
  timing               = 1
  verbose              = 0
  use_fft              = 1
  use_precompute       = 1
  use_simd             = 1
  dipole_correction    = 0
  zero_netcharge       = 0
  print_body_number    = 3
  divide_4pi           = 1
]

[precompute_others time measured : 7.57956 seconds.]
N_freq = 22050
[precompute_m2l time measured : 0.05039 seconds.]
[precompute time measured : 7.62999 seconds.]
P2M leaf_number = 512
[P2M time measured : 0.11499 seconds.]
[M2M time measured : 0.06834 seconds.]
N = 35, N3 = 42875, N_freq = 22050
num_src = 576, num_tar = 576
num_src = 576, batch_size = 8, batch_num = 72
[init time measured : 0.00021 seconds.]
[up time measured : 0.04144 seconds.]
[hadamard time measured : 0.29496 seconds.]
[down time measured : 0.03282 seconds.]
[destroy_plan time measured : 0.00001 seconds.]
[M2L_kernel time measured : 0.40331 seconds.]
[M2L time measured : 0.40382 seconds.]
[P2L time measured : 0.00000 seconds.]
[L2L time measured : 0.07944 seconds.]
L2P leaf_number = 512
[L2P time measured : 0.11206 seconds.]
[M2P time measured : 0.00000 seconds.]
[P2P time measured : 0.00687 seconds.]
[FMM_kernels time measured : 0.78604 seconds.]
[FMM time measured : 8.43494 seconds.]
[direct time measured : 2.03500 seconds.]
pnrm = 30197.33842929
-----------------------------FMM vs Direct------------------------------[24000]
L2  (p)  : 9.46876e-15   L2  (f)  : 4.40298e-14   L2  (e)  : 1.04260e-14
Rms (p)  : 1.06212e-14   Rms (f)  : 4.41555e-13
p-energy1 : 4.020911501419e+01
p-energy2 : 4.020911501419e+01

rtfmm_3dp_test_fmm
input parameters=[
  P                    = 19
  n                    = 24000
  ncrit                = 128
  images               = 0
  cycle                = 6.2832
  ewald_ksize          = 11
  (f,d,e)              = (1,1,1)
  num_compare          = 24000
  th_num               = 12
  seed                 = 5
  check_tree           = 0
  timing               = 1
  verbose              = 0
  use_fft              = 1
  use_precompute       = 1
  use_simd             = 1
  dipole_correction    = 0
  zero_netcharge       = 0
  print_body_number    = 3
  divide_4pi           = 1
]

[precompute_others time measured : 11.97467 seconds.]
N_freq = 26011
[precompute_m2l time measured : 0.08854 seconds.]
[precompute time measured : 12.06325 seconds.]
P2M leaf_number = 512
[P2M time measured : 0.13858 seconds.]
[M2M time measured : 0.20911 seconds.]
N = 37, N3 = 50653, N_freq = 26011
num_src = 576, num_tar = 576
num_src = 576, batch_size = 8, batch_num = 72
[init time measured : 0.00023 seconds.]
[up time measured : 0.09142 seconds.]
[hadamard time measured : 0.42178 seconds.]
[down time measured : 0.08262 seconds.]
[destroy_plan time measured : 0.00002 seconds.]
[M2L_kernel time measured : 0.63610 seconds.]
[M2L time measured : 0.63662 seconds.]
[P2L time measured : 0.00000 seconds.]
[L2L time measured : 0.11098 seconds.]
L2P leaf_number = 512
[L2P time measured : 0.13533 seconds.]
[M2P time measured : 0.00000 seconds.]
[P2P time measured : 0.00689 seconds.]
[FMM_kernels time measured : 1.23839 seconds.]
[FMM time measured : 13.32220 seconds.]
[direct time measured : 2.03961 seconds.]
pnrm = 30197.33842929
-----------------------------FMM vs Direct------------------------------[24000]
L2  (p)  : 6.46282e-15   L2  (f)  : 1.29562e-14   L2  (e)  : 3.71095e-15
Rms (p)  : 7.24938e-15   Rms (f)  : 1.29932e-13
p-energy1 : 4.020911501419e+01
p-energy2 : 4.020911501419e+01

rtfmm_3dp_test_fmm
input parameters=[
  P                    = 20
  n                    = 24000
  ncrit                = 128
  images               = 0
  cycle                = 6.2832
  ewald_ksize          = 11
  (f,d,e)              = (1,1,1)
  num_compare          = 24000
  th_num               = 12
  seed                 = 5
  check_tree           = 0
  timing               = 1
  verbose              = 0
  use_fft              = 1
  use_precompute       = 1
  use_simd             = 1
  dipole_correction    = 0
  zero_netcharge       = 0
  print_body_number    = 3
  divide_4pi           = 1
]

[precompute_others time measured : 16.50812 seconds.]
N_freq = 30420
[precompute_m2l time measured : 0.07517 seconds.]
[precompute time measured : 16.58334 seconds.]
P2M leaf_number = 512
[P2M time measured : 0.20948 seconds.]
[M2M time measured : 0.10192 seconds.]
N = 39, N3 = 59319, N_freq = 30420
num_src = 576, num_tar = 576
num_src = 576, batch_size = 8, batch_num = 72
[init time measured : 0.00022 seconds.]
[up time measured : 0.05482 seconds.]
[hadamard time measured : 0.51122 seconds.]
[down time measured : 0.04229 seconds.]
[destroy_plan time measured : 0.00001 seconds.]
[M2L_kernel time measured : 0.65574 seconds.]
[M2L time measured : 0.65668 seconds.]
[P2L time measured : 0.00000 seconds.]
[L2L time measured : 0.10272 seconds.]
L2P leaf_number = 512
[L2P time measured : 0.16293 seconds.]
[M2P time measured : 0.00000 seconds.]
[P2P time measured : 0.00694 seconds.]
[FMM_kernels time measured : 1.24100 seconds.]
[FMM time measured : 17.84349 seconds.]
[direct time measured : 2.03825 seconds.]
pnrm = 30197.33842929
-----------------------------FMM vs Direct------------------------------[24000]
L2  (p)  : 6.17431e-15   L2  (f)  : 7.35581e-15   L2  (e)  : 1.29000e-14
Rms (p)  : 6.92575e-15   Rms (f)  : 7.37681e-14
p-energy1 : 4.020911501419e+01
p-energy2 : 4.020911501419e+01

