Sat Jan 27 23:18:05 2024       
+---------------------------------------------------------------------------------------+
| NVIDIA-SMI 535.54.03              Driver Version: 535.54.03    CUDA Version: 12.2     |
|-----------------------------------------+----------------------+----------------------+
| GPU  Name                 Persistence-M | Bus-Id        Disp.A | Volatile Uncorr. ECC |
| Fan  Temp   Perf          Pwr:Usage/Cap |         Memory-Usage | GPU-Util  Compute M. |
|                                         |                      |               MIG M. |
|=========================================+======================+======================|
|   0  NVIDIA GeForce RTX 4090        Off | 00000000:46:00.0  On |                  Off |
| 34%   31C    P8              14W / 350W |     15MiB / 24564MiB |      0%      Default |
|                                         |                      |                  N/A |
+-----------------------------------------+----------------------+----------------------+
                                                                                         
+---------------------------------------------------------------------------------------+
| Processes:                                                                            |
|  GPU   GI   CI        PID   Type   Process name                            GPU Memory |
|        ID   ID                                                             Usage      |
|=======================================================================================|
+---------------------------------------------------------------------------------------+
<rtfmm_3dpp_test_pbc>

input parameters=[
  P                    = 10
  n                    = 24000
  ncrit                = 128
  images               = 5
  cycle                = 6.2832
  ewald_ksize          = 11
  (f,d,e)              = (1,1,1)
  num_compare          = 24000
  th_num               = 8
  seed                 = 5
  check_tree           = 0
  timing               = 1
  verbose              = 0
  use_fft              = 1
  use_precompute       = 1
  use_simd             = 1
  dipole_correction    = 1
  zero_netcharge       = 1
  print_body_number    = 3
  divide_4pi           = 0
  setting_t            = 0
]

[precompute_others time measured : 0.31823 seconds.]
M2L precompute range=4
m2l_gk_relx_idx_map_cnt = 702
[precompute_m2l time measured : 0.11208 seconds.]
[precompute time measured : 0.43033 seconds.]
[P2M time measured : 0.00776 seconds.]
[M2M time measured : 0.01437 seconds.]
m2l_fft_precompute_t
m2l_parent_map.size() = 77
M2L conv_grid(N = 19, N3 = 6859, N_freq = 3610, delta = 0.733038, gsize = 6.59734)
num_src_cell = 77, num_tar_cell = 77
[setup time measured : 0.00053 seconds.]
[prepare_memory time measured : 0.00199 seconds.]
[up time measured : 0.00953 seconds.]
hadamard 8x8 npos = 26, BLOCK_SIZE = 128
hadamard 1x27 npos = 26, BLOCK_SIZE = 128
[hadamard time measured : 0.01867 seconds.]
[down time measured : 0.00853 seconds.]
[store time measured : 0.00006 seconds.]
[M2L_kernel time measured : 0.04269 seconds.]
[M2L time measured : 0.04273 seconds.]
[P2L time measured : 0.00000 seconds.]
[L2L time measured : 0.00499 seconds.]
L2P leaf_number = 512
