Sun Jan 28 22:08:43 2024       
+---------------------------------------------------------------------------------------+
| NVIDIA-SMI 535.54.03              Driver Version: 535.54.03    CUDA Version: 12.2     |
|-----------------------------------------+----------------------+----------------------+
| GPU  Name                 Persistence-M | Bus-Id        Disp.A | Volatile Uncorr. ECC |
| Fan  Temp   Perf          Pwr:Usage/Cap |         Memory-Usage | GPU-Util  Compute M. |
|                                         |                      |               MIG M. |
|=========================================+======================+======================|
|   0  NVIDIA RTX 6000 Ada Gene...    Off | 00000000:61:00.0 Off |                  Off |
| 30%   34C    P8              28W / 300W |     16MiB / 49140MiB |      0%      Default |
|                                         |                      |                  N/A |
+-----------------------------------------+----------------------+----------------------+
                                                                                         
+---------------------------------------------------------------------------------------+
| Processes:                                                                            |
|  GPU   GI   CI        PID   Type   Process name                            GPU Memory |
|        ID   ID                                                             Usage      |
|=======================================================================================|
+---------------------------------------------------------------------------------------+
rtfmm_3dp_test_fmm
input parameters=[
  P                    = 2
  n                    = 24000
  ncrit                = 128
  images               = 0
  cycle                = 6.2832
  ewald_ksize          = 11
  (f,d,e)              = (1,1,1)
  num_compare          = 24000
  th_num               = 8
  seed                 = 5
  check_tree           = 0
  timing               = 1
  verbose              = 0
  use_fft              = 1
  use_precompute       = 1
  use_simd             = 1
  dipole_correction    = 0
  zero_netcharge       = 0
  print_body_number    = 3
  divide_4pi           = 1
  setting_t            = 1
]

[tree_traverse time measured : 0.01295 seconds.]
[init_cell_matrix time measured : 0.00003 seconds.]
[precompute_others time measured : 0.00606 seconds.]
[precompute_m2l time measured : 0.00937 seconds.]
[precompute time measured : 0.01543 seconds.]
[P2M time measured : 0.00012 seconds.]
[M2M time measured : 0.00004 seconds.]
[setup time measured : 0.00067 seconds.]
[prepare_memory time measured : 0.00003 seconds.]
[up time measured : 0.00027 seconds.]
[hadamard_8x8 time measured : 0.00014 seconds.]
[down time measured : 0.00031 seconds.]
[store time measured : 0.00001 seconds.]
[M2L time measured : 0.00152 seconds.]
[P2L time measured : 0.00000 seconds.]
[L2L time measured : 0.00003 seconds.]
[L2P time measured : 0.00017 seconds.]
[M2P time measured : 0.00000 seconds.]
[P2P time measured : 0.00550 seconds.]
[FMM_kernels time measured : 0.00752 seconds.]
[FMM time measured : 0.03848 seconds.]
[direct time measured : 0.71695 seconds.]
pnrm = 30197.33842929
-----------------------------FMM vs Direct------------------------------[24000]
L2  (p)  : 2.89349e-02   L2  (f)  : 1.33731e-02   L2  (e)  : 9.99019e-02
Rms (p)  : 3.24565e-02   Rms (f)  : 1.34112e-01
p-energy1 : 3.619214666749e+01
p-energy2 : 4.020911501419e+01

rtfmm_3dp_test_fmm
input parameters=[
  P                    = 3
  n                    = 24000
  ncrit                = 128
  images               = 0
  cycle                = 6.2832
  ewald_ksize          = 11
  (f,d,e)              = (1,1,1)
  num_compare          = 24000
  th_num               = 8
  seed                 = 5
  check_tree           = 0
  timing               = 1
  verbose              = 0
  use_fft              = 1
  use_precompute       = 1
  use_simd             = 1
  dipole_correction    = 0
  zero_netcharge       = 0
  print_body_number    = 3
  divide_4pi           = 1
  setting_t            = 1
]

[tree_traverse time measured : 0.01143 seconds.]
[init_cell_matrix time measured : 0.00009 seconds.]
[precompute_others time measured : 0.00694 seconds.]
[precompute_m2l time measured : 0.00428 seconds.]
[precompute time measured : 0.01122 seconds.]
[P2M time measured : 0.00018 seconds.]
[M2M time measured : 0.00004 seconds.]
[setup time measured : 0.00039 seconds.]
[prepare_memory time measured : 0.00007 seconds.]
[up time measured : 0.00022 seconds.]
[hadamard_8x8 time measured : 0.00028 seconds.]
[down time measured : 0.00019 seconds.]
[store time measured : 0.00001 seconds.]
[M2L time measured : 0.00122 seconds.]
[P2L time measured : 0.00000 seconds.]
[L2L time measured : 0.00005 seconds.]
[L2P time measured : 0.00022 seconds.]
[M2P time measured : 0.00000 seconds.]
[P2P time measured : 0.00513 seconds.]
[FMM_kernels time measured : 0.00697 seconds.]
[FMM time measured : 0.03182 seconds.]
[direct time measured : 0.71708 seconds.]
pnrm = 30197.33842929
-----------------------------FMM vs Direct------------------------------[24000]
L2  (p)  : 1.39426e-03   L2  (f)  : 1.30033e-03   L2  (e)  : 1.40891e-03
Rms (p)  : 1.56395e-03   Rms (f)  : 1.30404e-02
p-energy1 : 4.015246399661e+01
p-energy2 : 4.020911501419e+01

rtfmm_3dp_test_fmm
input parameters=[
  P                    = 4
  n                    = 24000
  ncrit                = 128
  images               = 0
  cycle                = 6.2832
  ewald_ksize          = 11
  (f,d,e)              = (1,1,1)
  num_compare          = 24000
  th_num               = 8
  seed                 = 5
  check_tree           = 0
  timing               = 1
  verbose              = 0
  use_fft              = 1
  use_precompute       = 1
  use_simd             = 1
  dipole_correction    = 0
  zero_netcharge       = 0
  print_body_number    = 3
  divide_4pi           = 1
  setting_t            = 1
]

[tree_traverse time measured : 0.01168 seconds.]
[init_cell_matrix time measured : 0.00022 seconds.]
[precompute_others time measured : 0.00220 seconds.]
[precompute_m2l time measured : 0.00618 seconds.]
[precompute time measured : 0.00838 seconds.]
[P2M time measured : 0.00081 seconds.]
[M2M time measured : 0.00016 seconds.]
[setup time measured : 0.00048 seconds.]
[prepare_memory time measured : 0.00024 seconds.]
[up time measured : 0.00036 seconds.]
[hadamard_8x8 time measured : 0.00111 seconds.]
[down time measured : 0.00032 seconds.]
[store time measured : 0.00002 seconds.]
[M2L time measured : 0.00270 seconds.]
[P2L time measured : 0.00000 seconds.]
[L2L time measured : 0.00018 seconds.]
[L2P time measured : 0.00053 seconds.]
[M2P time measured : 0.00000 seconds.]
[P2P time measured : 0.00505 seconds.]
[FMM_kernels time measured : 0.00956 seconds.]
[FMM time measured : 0.03165 seconds.]
[direct time measured : 0.71708 seconds.]
pnrm = 30197.33842929
-----------------------------FMM vs Direct------------------------------[24000]
L2  (p)  : 1.96109e-04   L2  (f)  : 2.42386e-04   L2  (e)  : 1.65430e-04
Rms (p)  : 2.19977e-04   Rms (f)  : 2.43079e-03
p-energy1 : 4.021576679885e+01
p-energy2 : 4.020911501419e+01

rtfmm_3dp_test_fmm
input parameters=[
  P                    = 5
  n                    = 24000
  ncrit                = 128
  images               = 0
  cycle                = 6.2832
  ewald_ksize          = 11
  (f,d,e)              = (1,1,1)
  num_compare          = 24000
  th_num               = 8
  seed                 = 5
  check_tree           = 0
  timing               = 1
  verbose              = 0
  use_fft              = 1
  use_precompute       = 1
  use_simd             = 1
  dipole_correction    = 0
  zero_netcharge       = 0
  print_body_number    = 3
  divide_4pi           = 1
  setting_t            = 1
]

[tree_traverse time measured : 0.01340 seconds.]
[init_cell_matrix time measured : 0.00033 seconds.]
[precompute_others time measured : 0.00535 seconds.]
[precompute_m2l time measured : 0.01066 seconds.]
[precompute time measured : 0.01603 seconds.]
[P2M time measured : 0.00073 seconds.]
[M2M time measured : 0.00041 seconds.]
[setup time measured : 0.00041 seconds.]
[prepare_memory time measured : 0.00029 seconds.]
[up time measured : 0.00056 seconds.]
[hadamard_8x8 time measured : 0.00142 seconds.]
[down time measured : 0.00033 seconds.]
[store time measured : 0.00003 seconds.]
[M2L time measured : 0.00346 seconds.]
[P2L time measured : 0.00000 seconds.]
[L2L time measured : 0.00044 seconds.]
[L2P time measured : 0.00066 seconds.]
[M2P time measured : 0.00000 seconds.]
[P2P time measured : 0.00429 seconds.]
[FMM_kernels time measured : 0.01011 seconds.]
[FMM time measured : 0.04198 seconds.]
[direct time measured : 0.71551 seconds.]
pnrm = 30197.33842929
-----------------------------FMM vs Direct------------------------------[24000]
L2  (p)  : 1.61886e-05   L2  (f)  : 2.81848e-05   L2  (e)  : 1.56038e-05
Rms (p)  : 1.81589e-05   Rms (f)  : 2.82653e-04
p-energy1 : 4.020848759954e+01
p-energy2 : 4.020911501419e+01

rtfmm_3dp_test_fmm
input parameters=[
  P                    = 6
  n                    = 24000
  ncrit                = 128
  images               = 0
  cycle                = 6.2832
  ewald_ksize          = 11
  (f,d,e)              = (1,1,1)
  num_compare          = 24000
  th_num               = 8
  seed                 = 5
  check_tree           = 0
  timing               = 1
  verbose              = 0
  use_fft              = 1
  use_precompute       = 1
  use_simd             = 1
  dipole_correction    = 0
  zero_netcharge       = 0
  print_body_number    = 3
  divide_4pi           = 1
  setting_t            = 1
]

[tree_traverse time measured : 0.01536 seconds.]
[init_cell_matrix time measured : 0.00047 seconds.]
[precompute_others time measured : 0.01693 seconds.]
[precompute_m2l time measured : 0.01173 seconds.]
[precompute time measured : 0.02869 seconds.]
[P2M time measured : 0.00123 seconds.]
[M2M time measured : 0.00061 seconds.]
[setup time measured : 0.00037 seconds.]
[prepare_memory time measured : 0.00051 seconds.]
[up time measured : 0.00082 seconds.]
[hadamard_8x8 time measured : 0.00232 seconds.]
[down time measured : 0.00055 seconds.]
[store time measured : 0.00004 seconds.]
[M2L time measured : 0.00530 seconds.]
[P2L time measured : 0.00000 seconds.]
[L2L time measured : 0.00071 seconds.]
[L2P time measured : 0.00127 seconds.]
[M2P time measured : 0.00000 seconds.]
[P2P time measured : 0.00421 seconds.]
[FMM_kernels time measured : 0.01345 seconds.]
[FMM time measured : 0.05969 seconds.]
[direct time measured : 0.71540 seconds.]
pnrm = 30197.33842929
-----------------------------FMM vs Direct------------------------------[24000]
L2  (p)  : 2.03953e-06   L2  (f)  : 4.51072e-06   L2  (e)  : 4.76803e-07
Rms (p)  : 2.28775e-06   Rms (f)  : 4.52360e-05
p-energy1 : 4.020909584236e+01
p-energy2 : 4.020911501419e+01

rtfmm_3dp_test_fmm
input parameters=[
  P                    = 7
  n                    = 24000
  ncrit                = 128
  images               = 0
  cycle                = 6.2832
  ewald_ksize          = 11
  (f,d,e)              = (1,1,1)
  num_compare          = 24000
  th_num               = 8
  seed                 = 5
  check_tree           = 0
  timing               = 1
  verbose              = 0
  use_fft              = 1
  use_precompute       = 1
  use_simd             = 1
  dipole_correction    = 0
  zero_netcharge       = 0
  print_body_number    = 3
  divide_4pi           = 1
  setting_t            = 1
]

[tree_traverse time measured : 0.01363 seconds.]
[init_cell_matrix time measured : 0.00063 seconds.]
[precompute_others time measured : 0.02807 seconds.]
[precompute_m2l time measured : 0.01819 seconds.]
[precompute time measured : 0.04628 seconds.]
[P2M time measured : 0.00239 seconds.]
[M2M time measured : 0.00097 seconds.]
[setup time measured : 0.00035 seconds.]
[prepare_memory time measured : 0.00090 seconds.]
[up time measured : 0.00157 seconds.]
[hadamard_8x8 time measured : 0.00461 seconds.]
[down time measured : 0.00091 seconds.]
[store time measured : 0.00005 seconds.]
[M2L time measured : 0.00941 seconds.]
[P2L time measured : 0.00000 seconds.]
[L2L time measured : 0.00119 seconds.]
[L2P time measured : 0.00198 seconds.]
[M2P time measured : 0.00000 seconds.]
[P2P time measured : 0.00421 seconds.]
[FMM_kernels time measured : 0.02027 seconds.]
[FMM time measured : 0.08255 seconds.]
[direct time measured : 0.71555 seconds.]
pnrm = 30197.33842929
-----------------------------FMM vs Direct------------------------------[24000]
L2  (p)  : 2.48529e-07   L2  (f)  : 6.97397e-07   L2  (e)  : 1.97164e-07
Rms (p)  : 2.78776e-07   Rms (f)  : 6.99389e-06
p-energy1 : 4.020912294198e+01
p-energy2 : 4.020911501419e+01

rtfmm_3dp_test_fmm
input parameters=[
  P                    = 8
  n                    = 24000
  ncrit                = 128
  images               = 0
  cycle                = 6.2832
  ewald_ksize          = 11
  (f,d,e)              = (1,1,1)
  num_compare          = 24000
  th_num               = 8
  seed                 = 5
  check_tree           = 0
  timing               = 1
  verbose              = 0
  use_fft              = 1
  use_precompute       = 1
  use_simd             = 1
  dipole_correction    = 0
  zero_netcharge       = 0
  print_body_number    = 3
  divide_4pi           = 1
  setting_t            = 1
]

[tree_traverse time measured : 0.01348 seconds.]
[init_cell_matrix time measured : 0.00087 seconds.]
[precompute_others time measured : 0.05699 seconds.]
[precompute_m2l time measured : 0.02538 seconds.]
[precompute time measured : 0.08240 seconds.]
[P2M time measured : 0.00460 seconds.]
[M2M time measured : 0.00167 seconds.]
[setup time measured : 0.00041 seconds.]
[prepare_memory time measured : 0.00105 seconds.]
[up time measured : 0.00173 seconds.]
[hadamard_8x8 time measured : 0.00591 seconds.]
[down time measured : 0.00101 seconds.]
[store time measured : 0.00006 seconds.]
[M2L time measured : 0.01169 seconds.]
[P2L time measured : 0.00000 seconds.]
[L2L time measured : 0.00170 seconds.]
[L2P time measured : 0.00302 seconds.]
[M2P time measured : 0.00000 seconds.]
[P2P time measured : 0.00430 seconds.]
[FMM_kernels time measured : 0.02711 seconds.]
[FMM time measured : 0.12549 seconds.]
[direct time measured : 0.71581 seconds.]
pnrm = 30197.33842929
-----------------------------FMM vs Direct------------------------------[24000]
L2  (p)  : 4.02287e-08   L2  (f)  : 1.23363e-07   L2  (e)  : 1.23690e-07
Rms (p)  : 4.51248e-08   Rms (f)  : 1.23716e-06
p-energy1 : 4.020911998768e+01
p-energy2 : 4.020911501419e+01

rtfmm_3dp_test_fmm
input parameters=[
  P                    = 9
  n                    = 24000
  ncrit                = 128
  images               = 0
  cycle                = 6.2832
  ewald_ksize          = 11
  (f,d,e)              = (1,1,1)
  num_compare          = 24000
  th_num               = 8
  seed                 = 5
  check_tree           = 0
  timing               = 1
  verbose              = 0
  use_fft              = 1
  use_precompute       = 1
  use_simd             = 1
  dipole_correction    = 0
  zero_netcharge       = 0
  print_body_number    = 3
  divide_4pi           = 1
  setting_t            = 1
]

[tree_traverse time measured : 0.01249 seconds.]
[init_cell_matrix time measured : 0.00109 seconds.]
[precompute_others time measured : 0.11531 seconds.]
[precompute_m2l time measured : 0.03706 seconds.]
[precompute time measured : 0.15241 seconds.]
[P2M time measured : 0.00773 seconds.]
[M2M time measured : 0.00273 seconds.]
[setup time measured : 0.00039 seconds.]
[prepare_memory time measured : 0.00142 seconds.]
[up time measured : 0.00658 seconds.]
[hadamard_8x8 time measured : 0.00873 seconds.]
[down time measured : 0.00607 seconds.]
[store time measured : 0.00008 seconds.]
[M2L time measured : 0.02575 seconds.]
[P2L time measured : 0.00000 seconds.]
[L2L time measured : 0.00363 seconds.]
[L2P time measured : 0.00463 seconds.]
[M2P time measured : 0.00000 seconds.]
[P2P time measured : 0.00431 seconds.]
[FMM_kernels time measured : 0.04894 seconds.]
[FMM time measured : 0.21656 seconds.]
[direct time measured : 0.71454 seconds.]
pnrm = 30197.33842929
-----------------------------FMM vs Direct------------------------------[24000]
L2  (p)  : 6.17180e-09   L2  (f)  : 2.19960e-08   L2  (e)  : 1.02061e-08
Rms (p)  : 6.92294e-09   Rms (f)  : 2.20588e-07
p-energy1 : 4.020911460381e+01
p-energy2 : 4.020911501419e+01

rtfmm_3dp_test_fmm
input parameters=[
  P                    = 10
  n                    = 24000
  ncrit                = 128
  images               = 0
  cycle                = 6.2832
  ewald_ksize          = 11
  (f,d,e)              = (1,1,1)
  num_compare          = 24000
  th_num               = 8
  seed                 = 5
  check_tree           = 0
  timing               = 1
  verbose              = 0
  use_fft              = 1
  use_precompute       = 1
  use_simd             = 1
  dipole_correction    = 0
  zero_netcharge       = 0
  print_body_number    = 3
  divide_4pi           = 1
  setting_t            = 1
]

[tree_traverse time measured : 0.01354 seconds.]
[init_cell_matrix time measured : 0.00129 seconds.]
[precompute_others time measured : 0.19471 seconds.]
[precompute_m2l time measured : 0.05916 seconds.]
[precompute time measured : 0.25392 seconds.]
[P2M time measured : 0.00688 seconds.]
[M2M time measured : 0.00677 seconds.]
[setup time measured : 0.00044 seconds.]
[prepare_memory time measured : 0.00194 seconds.]
[up time measured : 0.00921 seconds.]
[hadamard_8x8 time measured : 0.01160 seconds.]
[down time measured : 0.00849 seconds.]
[store time measured : 0.00012 seconds.]
[M2L time measured : 0.03468 seconds.]
[P2L time measured : 0.00000 seconds.]
[L2L time measured : 0.00685 seconds.]
[L2P time measured : 0.00650 seconds.]
[M2P time measured : 0.00000 seconds.]
[P2P time measured : 0.00428 seconds.]
[FMM_kernels time measured : 0.06611 seconds.]
[FMM time measured : 0.33648 seconds.]
[direct time measured : 0.71647 seconds.]
pnrm = 30197.33842929
-----------------------------FMM vs Direct------------------------------[24000]
L2  (p)  : 2.39622e-08   L2  (f)  : 5.82511e-08   L2  (e)  : 5.49553e-08
Rms (p)  : 2.68785e-08   Rms (f)  : 5.84175e-07
p-energy1 : 4.020911280449e+01
p-energy2 : 4.020911501419e+01

rtfmm_3dp_test_fmm
input parameters=[
  P                    = 11
  n                    = 24000
  ncrit                = 128
  images               = 0
  cycle                = 6.2832
  ewald_ksize          = 11
  (f,d,e)              = (1,1,1)
  num_compare          = 24000
  th_num               = 8
  seed                 = 5
  check_tree           = 0
  timing               = 1
  verbose              = 0
  use_fft              = 1
  use_precompute       = 1
  use_simd             = 1
  dipole_correction    = 0
  zero_netcharge       = 0
  print_body_number    = 3
  divide_4pi           = 1
  setting_t            = 1
]

[tree_traverse time measured : 0.01224 seconds.]
[init_cell_matrix time measured : 0.00162 seconds.]
[precompute_others time measured : 0.32614 seconds.]
[precompute_m2l time measured : 0.06510 seconds.]
[precompute time measured : 0.39128 seconds.]
[P2M time measured : 0.00921 seconds.]
[M2M time measured : 0.01276 seconds.]
[setup time measured : 0.00042 seconds.]
[prepare_memory time measured : 0.00260 seconds.]
[up time measured : 0.01127 seconds.]
[hadamard_8x8 time measured : 0.01657 seconds.]
[down time measured : 0.01135 seconds.]
[store time measured : 0.00013 seconds.]
[M2L time measured : 0.04649 seconds.]
[P2L time measured : 0.00000 seconds.]
[L2L time measured : 0.01280 seconds.]
[L2P time measured : 0.00945 seconds.]
[M2P time measured : 0.00000 seconds.]
[P2P time measured : 0.00431 seconds.]
[FMM_kernels time measured : 0.09519 seconds.]
[FMM time measured : 0.50198 seconds.]
[direct time measured : 0.71428 seconds.]
pnrm = 30197.33842929
-----------------------------FMM vs Direct------------------------------[24000]
L2  (p)  : 1.22678e-10   L2  (f)  : 6.57381e-10   L2  (e)  : 1.88069e-11
Rms (p)  : 1.37609e-10   Rms (f)  : 6.59258e-09
p-energy1 : 4.020911501344e+01
p-energy2 : 4.020911501419e+01

rtfmm_3dp_test_fmm
input parameters=[
  P                    = 12
  n                    = 24000
  ncrit                = 128
  images               = 0
  cycle                = 6.2832
  ewald_ksize          = 11
  (f,d,e)              = (1,1,1)
  num_compare          = 24000
  th_num               = 8
  seed                 = 5
  check_tree           = 0
  timing               = 1
  verbose              = 0
  use_fft              = 1
  use_precompute       = 1
  use_simd             = 1
  dipole_correction    = 0
  zero_netcharge       = 0
  print_body_number    = 3
  divide_4pi           = 1
  setting_t            = 1
]

[tree_traverse time measured : 0.01232 seconds.]
[init_cell_matrix time measured : 0.00200 seconds.]
[precompute_others time measured : 0.53435 seconds.]
[precompute_m2l time measured : 0.08679 seconds.]
[precompute time measured : 0.62119 seconds.]
[P2M time measured : 0.01287 seconds.]
[M2M time measured : 0.01863 seconds.]
[setup time measured : 0.00043 seconds.]
[prepare_memory time measured : 0.00342 seconds.]
[up time measured : 0.01655 seconds.]
[hadamard_8x8 time measured : 0.02056 seconds.]
[down time measured : 0.01563 seconds.]
[store time measured : 0.00016 seconds.]
[M2L time measured : 0.06197 seconds.]
[P2L time measured : 0.00000 seconds.]
[L2L time measured : 0.01919 seconds.]
[L2P time measured : 0.01309 seconds.]
[M2P time measured : 0.00000 seconds.]
[P2P time measured : 0.00439 seconds.]
[FMM_kernels time measured : 0.13033 seconds.]
[FMM time measured : 0.76753 seconds.]
[direct time measured : 0.71671 seconds.]
pnrm = 30197.33842929
-----------------------------FMM vs Direct------------------------------[24000]
L2  (p)  : 2.48517e-11   L2  (f)  : 1.23952e-10   L2  (e)  : 3.47320e-11
Rms (p)  : 2.78763e-11   Rms (f)  : 1.24306e-09
p-energy1 : 4.020911501559e+01
p-energy2 : 4.020911501419e+01

rtfmm_3dp_test_fmm
input parameters=[
  P                    = 13
  n                    = 24000
  ncrit                = 128
  images               = 0
  cycle                = 6.2832
  ewald_ksize          = 11
  (f,d,e)              = (1,1,1)
  num_compare          = 24000
  th_num               = 8
  seed                 = 5
  check_tree           = 0
  timing               = 1
  verbose              = 0
  use_fft              = 1
  use_precompute       = 1
  use_simd             = 1
  dipole_correction    = 0
  zero_netcharge       = 0
  print_body_number    = 3
  divide_4pi           = 1
  setting_t            = 1
]

[tree_traverse time measured : 0.01209 seconds.]
[init_cell_matrix time measured : 0.00238 seconds.]
[precompute_others time measured : 0.85170 seconds.]
[precompute_m2l time measured : 0.11147 seconds.]
[precompute time measured : 0.96321 seconds.]
[P2M time measured : 0.02278 seconds.]
[M2M time measured : 0.02518 seconds.]
[setup time measured : 0.00044 seconds.]
[prepare_memory time measured : 0.00430 seconds.]
[up time measured : 0.00920 seconds.]
[hadamard_8x8 time measured : 0.02803 seconds.]
[down time measured : 0.00716 seconds.]
[store time measured : 0.00020 seconds.]
[M2L time measured : 0.05617 seconds.]
[P2L time measured : 0.00000 seconds.]
[L2L time measured : 0.02729 seconds.]
[L2P time measured : 0.02167 seconds.]
[M2P time measured : 0.00000 seconds.]
[P2P time measured : 0.00432 seconds.]
[FMM_kernels time measured : 0.15760 seconds.]
[FMM time measured : 1.13699 seconds.]
[direct time measured : 0.72050 seconds.]
pnrm = 30197.33842929
-----------------------------FMM vs Direct------------------------------[24000]
L2  (p)  : 3.92851e-12   L2  (f)  : 2.34915e-11   L2  (e)  : 1.08950e-11
Rms (p)  : 4.40663e-12   Rms (f)  : 2.35586e-10
p-energy1 : 4.020911501463e+01
p-energy2 : 4.020911501419e+01

rtfmm_3dp_test_fmm
input parameters=[
  P                    = 14
  n                    = 24000
  ncrit                = 128
  images               = 0
  cycle                = 6.2832
  ewald_ksize          = 11
  (f,d,e)              = (1,1,1)
  num_compare          = 24000
  th_num               = 8
  seed                 = 5
  check_tree           = 0
  timing               = 1
  verbose              = 0
  use_fft              = 1
  use_precompute       = 1
  use_simd             = 1
  dipole_correction    = 0
  zero_netcharge       = 0
  print_body_number    = 3
  divide_4pi           = 1
  setting_t            = 1
]

[tree_traverse time measured : 0.01193 seconds.]
[init_cell_matrix time measured : 0.00275 seconds.]
[precompute_others time measured : 1.36144 seconds.]
[precompute_m2l time measured : 0.14576 seconds.]
[precompute time measured : 1.50724 seconds.]
[P2M time measured : 0.04602 seconds.]
[M2M time measured : 0.03488 seconds.]
[setup time measured : 0.00047 seconds.]
[prepare_memory time measured : 0.00525 seconds.]
[up time measured : 0.02209 seconds.]
[hadamard_8x8 time measured : 0.03289 seconds.]
[down time measured : 0.02104 seconds.]
[store time measured : 0.00026 seconds.]
[M2L time measured : 0.09057 seconds.]
[P2L time measured : 0.00000 seconds.]
[L2L time measured : 0.03815 seconds.]
[L2P time measured : 0.04275 seconds.]
[M2P time measured : 0.00000 seconds.]
[P2P time measured : 0.00470 seconds.]
[FMM_kernels time measured : 0.25720 seconds.]
[FMM time measured : 1.78066 seconds.]
[direct time measured : 0.72106 seconds.]
pnrm = 30197.33842929
-----------------------------FMM vs Direct------------------------------[24000]
L2  (p)  : 1.10569e-12   L2  (f)  : 6.68092e-12   L2  (e)  : 1.79751e-12
Rms (p)  : 1.24025e-12   Rms (f)  : 6.70000e-11
p-energy1 : 4.020911501412e+01
p-energy2 : 4.020911501419e+01

rtfmm_3dp_test_fmm
input parameters=[
  P                    = 15
  n                    = 24000
  ncrit                = 128
  images               = 0
  cycle                = 6.2832
  ewald_ksize          = 11
  (f,d,e)              = (1,1,1)
  num_compare          = 24000
  th_num               = 8
  seed                 = 5
  check_tree           = 0
  timing               = 1
  verbose              = 0
  use_fft              = 1
  use_precompute       = 1
  use_simd             = 1
  dipole_correction    = 0
  zero_netcharge       = 0
  print_body_number    = 3
  divide_4pi           = 1
  setting_t            = 1
]

[tree_traverse time measured : 0.01242 seconds.]
[init_cell_matrix time measured : 0.00308 seconds.]
[precompute_others time measured : 2.20844 seconds.]
[precompute_m2l time measured : 0.18022 seconds.]
[precompute time measured : 2.38870 seconds.]
[P2M time measured : 0.08402 seconds.]
[M2M time measured : 0.04581 seconds.]
[setup time measured : 0.00058 seconds.]
[prepare_memory time measured : 0.00801 seconds.]
[up time measured : 0.03755 seconds.]
[hadamard_8x8 time measured : 0.04312 seconds.]
[down time measured : 0.03717 seconds.]
[store time measured : 0.00029 seconds.]
[M2L time measured : 0.13654 seconds.]
[P2L time measured : 0.00000 seconds.]
[L2L time measured : 0.05062 seconds.]
[L2P time measured : 0.07623 seconds.]
[M2P time measured : 0.00000 seconds.]
[P2P time measured : 0.00462 seconds.]
[FMM_kernels time measured : 0.39805 seconds.]
[FMM time measured : 2.80405 seconds.]
[direct time measured : 0.72207 seconds.]
pnrm = 30197.33842929
-----------------------------FMM vs Direct------------------------------[24000]
L2  (p)  : 2.78569e-13   L2  (f)  : 1.69622e-12   L2  (e)  : 3.70741e-13
Rms (p)  : 3.12472e-13   Rms (f)  : 1.70106e-11
p-energy1 : 4.020911501421e+01
p-energy2 : 4.020911501419e+01

rtfmm_3dp_test_fmm
input parameters=[
  P                    = 16
  n                    = 24000
  ncrit                = 128
  images               = 0
  cycle                = 6.2832
  ewald_ksize          = 11
  (f,d,e)              = (1,1,1)
  num_compare          = 24000
  th_num               = 8
  seed                 = 5
  check_tree           = 0
  timing               = 1
  verbose              = 0
  use_fft              = 1
  use_precompute       = 1
  use_simd             = 1
  dipole_correction    = 0
  zero_netcharge       = 0
  print_body_number    = 3
  divide_4pi           = 1
  setting_t            = 1
]

[tree_traverse time measured : 0.01094 seconds.]
[init_cell_matrix time measured : 0.00367 seconds.]
[precompute_others time measured : 3.21306 seconds.]
[precompute_m2l time measured : 0.22678 seconds.]
[precompute time measured : 3.43989 seconds.]
[P2M time measured : 0.10454 seconds.]
[M2M time measured : 0.05998 seconds.]
[setup time measured : 0.00086 seconds.]
[prepare_memory time measured : 0.00848 seconds.]
[up time measured : 0.04841 seconds.]
[hadamard_8x8 time measured : 0.05087 seconds.]
[down time measured : 0.05430 seconds.]
[store time measured : 0.00050 seconds.]
[M2L time measured : 0.17539 seconds.]
[P2L time measured : 0.00000 seconds.]
[L2L time measured : 0.06730 seconds.]
[L2P time measured : 0.11569 seconds.]
[M2P time measured : 0.00000 seconds.]
[P2P time measured : 0.00479 seconds.]
[FMM_kernels time measured : 0.52793 seconds.]
[FMM time measured : 3.98480 seconds.]
[direct time measured : 0.71606 seconds.]
pnrm = 30197.33842929
-----------------------------FMM vs Direct------------------------------[24000]
L2  (p)  : 6.73980e-14   L2  (f)  : 3.86428e-13   L2  (e)  : 1.18397e-14
Rms (p)  : 7.56007e-14   Rms (f)  : 3.87532e-12
p-energy1 : 4.020911501419e+01
p-energy2 : 4.020911501419e+01

rtfmm_3dp_test_fmm
input parameters=[
  P                    = 17
  n                    = 24000
  ncrit                = 128
  images               = 0
  cycle                = 6.2832
  ewald_ksize          = 11
  (f,d,e)              = (1,1,1)
  num_compare          = 24000
  th_num               = 8
  seed                 = 5
  check_tree           = 0
  timing               = 1
  verbose              = 0
  use_fft              = 1
  use_precompute       = 1
  use_simd             = 1
  dipole_correction    = 0
  zero_netcharge       = 0
  print_body_number    = 3
  divide_4pi           = 1
  setting_t            = 1
]

[tree_traverse time measured : 0.01471 seconds.]
[init_cell_matrix time measured : 0.00423 seconds.]
[precompute_others time measured : 5.35970 seconds.]
[precompute_m2l time measured : 0.27044 seconds.]
[precompute time measured : 5.63019 seconds.]
[P2M time measured : 0.14814 seconds.]
[M2M time measured : 0.08083 seconds.]
[setup time measured : 0.00092 seconds.]
[prepare_memory time measured : 0.01107 seconds.]
[up time measured : 0.04330 seconds.]
[hadamard_8x8 time measured : 0.06272 seconds.]
[down time measured : 0.03889 seconds.]
[store time measured : 0.00036 seconds.]
[M2L time measured : 0.17254 seconds.]
[P2L time measured : 0.00000 seconds.]
[L2L time measured : 0.08752 seconds.]
[L2P time measured : 0.13779 seconds.]
[M2P time measured : 0.00000 seconds.]
[P2P time measured : 0.00447 seconds.]
[FMM_kernels time measured : 0.63153 seconds.]
[FMM time measured : 6.28258 seconds.]
[direct time measured : 0.72153 seconds.]
pnrm = 30197.33842929
-----------------------------FMM vs Direct------------------------------[24000]
L2  (p)  : 1.78008e-14   L2  (f)  : 1.09827e-13   L2  (e)  : 2.29725e-14
Rms (p)  : 1.99673e-14   Rms (f)  : 1.10141e-12
p-energy1 : 4.020911501419e+01
p-energy2 : 4.020911501419e+01

rtfmm_3dp_test_fmm
input parameters=[
  P                    = 18
  n                    = 24000
  ncrit                = 128
  images               = 0
  cycle                = 6.2832
  ewald_ksize          = 11
  (f,d,e)              = (1,1,1)
  num_compare          = 24000
  th_num               = 8
  seed                 = 5
  check_tree           = 0
  timing               = 1
  verbose              = 0
  use_fft              = 1
  use_precompute       = 1
  use_simd             = 1
  dipole_correction    = 0
  zero_netcharge       = 0
  print_body_number    = 3
  divide_4pi           = 1
  setting_t            = 1
]

[tree_traverse time measured : 0.01090 seconds.]
[init_cell_matrix time measured : 0.00479 seconds.]
[precompute_others time measured : 7.48864 seconds.]
[precompute_m2l time measured : 0.30371 seconds.]
[precompute time measured : 7.79239 seconds.]
[P2M time measured : 0.15526 seconds.]
[M2M time measured : 0.08072 seconds.]
[setup time measured : 0.00056 seconds.]
[prepare_memory time measured : 0.01113 seconds.]
[up time measured : 0.04741 seconds.]
[hadamard_8x8 time measured : 0.07034 seconds.]
[down time measured : 0.04158 seconds.]
[store time measured : 0.00035 seconds.]
[M2L time measured : 0.18853 seconds.]
[P2L time measured : 0.00000 seconds.]
[L2L time measured : 0.08893 seconds.]
[L2P time measured : 0.15089 seconds.]
[M2P time measured : 0.00000 seconds.]
[P2P time measured : 0.00891 seconds.]
[FMM_kernels time measured : 0.67350 seconds.]
[FMM time measured : 8.48414 seconds.]
[direct time measured : 0.71602 seconds.]
pnrm = 30197.33842929
-----------------------------FMM vs Direct------------------------------[24000]
L2  (p)  : 9.10860e-15   L2  (f)  : 4.39740e-14   L2  (e)  : 3.71095e-15
Rms (p)  : 1.02172e-14   Rms (f)  : 4.40996e-13
p-energy1 : 4.020911501419e+01
p-energy2 : 4.020911501419e+01

rtfmm_3dp_test_fmm
input parameters=[
  P                    = 19
  n                    = 24000
  ncrit                = 128
  images               = 0
  cycle                = 6.2832
  ewald_ksize          = 11
  (f,d,e)              = (1,1,1)
  num_compare          = 24000
  th_num               = 8
  seed                 = 5
  check_tree           = 0
  timing               = 1
  verbose              = 0
  use_fft              = 1
  use_precompute       = 1
  use_simd             = 1
  dipole_correction    = 0
  zero_netcharge       = 0
  print_body_number    = 3
  divide_4pi           = 1
  setting_t            = 1
]

[tree_traverse time measured : 0.01090 seconds.]
[init_cell_matrix time measured : 0.00535 seconds.]
[precompute_others time measured : 12.33435 seconds.]
[precompute_m2l time measured : 0.41187 seconds.]
[precompute time measured : 12.74627 seconds.]
[P2M time measured : 0.21389 seconds.]
[M2M time measured : 0.17331 seconds.]
[setup time measured : 0.00059 seconds.]
[prepare_memory time measured : 0.01292 seconds.]
[up time measured : 0.11103 seconds.]
[hadamard_8x8 time measured : 0.09126 seconds.]
[down time measured : 0.10984 seconds.]
[store time measured : 0.00029 seconds.]
[M2L time measured : 0.34677 seconds.]
[P2L time measured : 0.00000 seconds.]
[L2L time measured : 0.12881 seconds.]
[L2P time measured : 0.16045 seconds.]
[M2P time measured : 0.00000 seconds.]
[P2P time measured : 0.00434 seconds.]
[FMM_kernels time measured : 1.02777 seconds.]
[FMM time measured : 13.79194 seconds.]
[direct time measured : 0.71723 seconds.]
pnrm = 30197.33842929
-----------------------------FMM vs Direct------------------------------[24000]
L2  (p)  : 6.51327e-15   L2  (f)  : 1.30426e-14   L2  (e)  : 1.29000e-14
Rms (p)  : 7.30597e-15   Rms (f)  : 1.30798e-13
p-energy1 : 4.020911501419e+01
p-energy2 : 4.020911501419e+01

rtfmm_3dp_test_fmm
input parameters=[
  P                    = 20
  n                    = 24000
  ncrit                = 128
  images               = 0
  cycle                = 6.2832
  ewald_ksize          = 11
  (f,d,e)              = (1,1,1)
  num_compare          = 24000
  th_num               = 8
  seed                 = 5
  check_tree           = 0
  timing               = 1
  verbose              = 0
  use_fft              = 1
  use_precompute       = 1
  use_simd             = 1
  dipole_correction    = 0
  zero_netcharge       = 0
  print_body_number    = 3
  divide_4pi           = 1
  setting_t            = 1
]

[tree_traverse time measured : 0.01336 seconds.]
[init_cell_matrix time measured : 0.00596 seconds.]
[precompute_others time measured : 16.62733 seconds.]
[precompute_m2l time measured : 0.45907 seconds.]
[precompute time measured : 17.08645 seconds.]
[P2M time measured : 0.24862 seconds.]
[M2M time measured : 0.12231 seconds.]
[setup time measured : 0.00063 seconds.]
[prepare_memory time measured : 0.01536 seconds.]
[up time measured : 0.07167 seconds.]
[hadamard_8x8 time measured : 0.10470 seconds.]
[down time measured : 0.07036 seconds.]
[store time measured : 0.00080 seconds.]
[M2L time measured : 0.29048 seconds.]
[P2L time measured : 0.00000 seconds.]
[L2L time measured : 0.12822 seconds.]
[L2P time measured : 0.22184 seconds.]
[M2P time measured : 0.00000 seconds.]
[P2P time measured : 0.00972 seconds.]
[FMM_kernels time measured : 1.02144 seconds.]
[FMM time measured : 18.12958 seconds.]
[direct time measured : 0.71575 seconds.]
pnrm = 30197.33842929
-----------------------------FMM vs Direct------------------------------[24000]
L2  (p)  : 6.11526e-15   L2  (f)  : 7.35324e-15   L2  (e)  : 4.77122e-15
Rms (p)  : 6.85951e-15   Rms (f)  : 7.37424e-14
p-energy1 : 4.020911501419e+01
p-energy2 : 4.020911501419e+01

