Sun Jan 28 23:18:40 2024       
+---------------------------------------------------------------------------------------+
| NVIDIA-SMI 535.54.03              Driver Version: 535.54.03    CUDA Version: 12.2     |
|-----------------------------------------+----------------------+----------------------+
| GPU  Name                 Persistence-M | Bus-Id        Disp.A | Volatile Uncorr. ECC |
| Fan  Temp   Perf          Pwr:Usage/Cap |         Memory-Usage | GPU-Util  Compute M. |
|                                         |                      |               MIG M. |
|=========================================+======================+======================|
|   0  NVIDIA RTX 6000 Ada Gene...    Off | 00000000:61:00.0 Off |                  Off |
| 30%   34C    P8              28W / 300W |     16MiB / 49140MiB |      0%      Default |
|                                         |                      |                  N/A |
+-----------------------------------------+----------------------+----------------------+
                                                                                         
+---------------------------------------------------------------------------------------+
| Processes:                                                                            |
|  GPU   GI   CI        PID   Type   Process name                            GPU Memory |
|        ID   ID                                                             Usage      |
|=======================================================================================|
+---------------------------------------------------------------------------------------+
<rtfmm_3dpp_test_pbc>

input parameters=[
  P                    = 6
  n                    = 24000
  ncrit                = 128
  images               = 0
  cycle                = 6.2832
  ewald_ksize          = 11
  (f,d,e)              = (1,0,1)
  num_compare          = 24000
  th_num               = 8
  seed                 = 5
  check_tree           = 0
  timing               = 1
  verbose              = 0
  use_fft              = 1
  use_precompute       = 1
  use_simd             = 1
  dipole_correction    = 1
  zero_netcharge       = 1
  print_body_number    = 3
  divide_4pi           = 0
  setting_t            = 0
]

[tree_traverse time measured : 0.01084 seconds.]
[init_cell_matrix time measured : 0.00044 seconds.]
[precompute_others time measured : 0.01480 seconds.]
[precompute_m2l time measured : 0.01755 seconds.]
[precompute time measured : 0.03238 seconds.]
[P2M time measured : 0.00147 seconds.]
[M2M time measured : 0.00069 seconds.]
[setup time measured : 0.00044 seconds.]
[prepare_memory time measured : 0.00049 seconds.]
[up time measured : 0.00090 seconds.]
[hadamard_8x8 time measured : 0.00278 seconds.]
[down time measured : 0.00055 seconds.]
[store time measured : 0.00004 seconds.]
[M2L time measured : 0.00588 seconds.]
[P2L time measured : 0.00000 seconds.]
[L2L time measured : 0.00081 seconds.]
[L2P time measured : 0.00128 seconds.]
[M2P time measured : 0.00000 seconds.]
[P2P time measured : 0.00434 seconds.]
[FMM_kernels time measured : 0.01461 seconds.]
[FMM time measured : 0.05996 seconds.]
[real_part time measured : 23.27888 seconds.]
[fourier_part time measured : 2.11469 seconds.]
[self_correction time measured : 0.00034 seconds.]
[EWALD time measured : 25.39721 seconds.]
pnrm = 2973740.69023801
------------------------------FMM vs Ewald------------------------------[24000]
L2  (p)  : 4.48378e+01   L2  (f)  : 8.39721e-02   L2  (e)  : 1.01934e+01
Rms (p)  : 4.99103e+02   Rms (f)  : 1.06265e+01
p-energy1 : -2.549454756416e+02
p-energy2 : 2.773120969004e+01

<rtfmm_3dpp_test_pbc>

input parameters=[
  P                    = 6
  n                    = 24000
  ncrit                = 128
  images               = 1
  cycle                = 6.2832
  ewald_ksize          = 11
  (f,d,e)              = (1,0,1)
  num_compare          = 24000
  th_num               = 8
  seed                 = 5
  check_tree           = 0
  timing               = 1
  verbose              = 0
  use_fft              = 1
  use_precompute       = 1
  use_simd             = 1
  dipole_correction    = 1
  zero_netcharge       = 1
  print_body_number    = 3
  divide_4pi           = 0
  setting_t            = 0
]

[tree_traverse time measured : 0.03649 seconds.]
[init_cell_matrix time measured : 0.00034 seconds.]
[precompute_others time measured : 0.01630 seconds.]
[precompute_m2l time measured : 0.01297 seconds.]
[precompute time measured : 0.02930 seconds.]
[P2M time measured : 0.00153 seconds.]
[M2M time measured : 0.00071 seconds.]
[setup time measured : 0.00057 seconds.]
[prepare_memory time measured : 0.00050 seconds.]
[up time measured : 0.00090 seconds.]
[hadamard_8x8 time measured : 0.00446 seconds.]
[down time measured : 0.00059 seconds.]
[store time measured : 0.00003 seconds.]
[M2L time measured : 0.00773 seconds.]
[P2L time measured : 0.00000 seconds.]
[L2L time measured : 0.00088 seconds.]
[L2P time measured : 0.00155 seconds.]
[M2P time measured : 0.00000 seconds.]
[P2P time measured : 0.00667 seconds.]
[FMM_kernels time measured : 0.01919 seconds.]
[FMM time measured : 0.08707 seconds.]
[real_part time measured : 23.26348 seconds.]
[fourier_part time measured : 2.11281 seconds.]
[self_correction time measured : 0.00008 seconds.]
[EWALD time measured : 25.37938 seconds.]
pnrm = 2973740.69023801
------------------------------FMM vs Ewald------------------------------[24000]
L2  (p)  : 4.48377e+01   L2  (f)  : 1.66203e-03   L2  (e)  : 4.50576e-01
Rms (p)  : 4.99102e+02   Rms (f)  : 2.10327e-01
p-energy1 : 1.523619723846e+01
p-energy2 : 2.773120969004e+01

<rtfmm_3dpp_test_pbc>

input parameters=[
  P                    = 6
  n                    = 24000
  ncrit                = 128
  images               = 2
  cycle                = 6.2832
  ewald_ksize          = 11
  (f,d,e)              = (1,0,1)
  num_compare          = 24000
  th_num               = 8
  seed                 = 5
  check_tree           = 0
  timing               = 1
  verbose              = 0
  use_fft              = 1
  use_precompute       = 1
  use_simd             = 1
  dipole_correction    = 1
  zero_netcharge       = 1
  print_body_number    = 3
  divide_4pi           = 0
  setting_t            = 0
]

[tree_traverse time measured : 0.03329 seconds.]
[init_cell_matrix time measured : 0.00032 seconds.]
[precompute_others time measured : 0.01594 seconds.]
[precompute_m2l time measured : 0.01834 seconds.]
[precompute time measured : 0.03430 seconds.]
[P2M time measured : 0.00124 seconds.]
[M2M time measured : 0.00105 seconds.]
[setup time measured : 0.00057 seconds.]
[prepare_memory time measured : 0.00050 seconds.]
[up time measured : 0.00086 seconds.]
[hadamard_8x8 time measured : 0.00370 seconds.]
[hadamard_1x27 time measured : 0.00020 seconds.]
[down time measured : 0.00057 seconds.]
[store time measured : 0.00005 seconds.]
[M2L time measured : 0.00719 seconds.]
[P2L time measured : 0.00000 seconds.]
[L2L time measured : 0.00087 seconds.]
[L2P time measured : 0.00157 seconds.]
[M2P time measured : 0.00000 seconds.]
[P2P time measured : 0.01037 seconds.]
[FMM_kernels time measured : 0.02242 seconds.]
[FMM time measured : 0.09239 seconds.]
[real_part time measured : 23.25141 seconds.]
[fourier_part time measured : 2.10609 seconds.]
[self_correction time measured : 0.00012 seconds.]
[EWALD time measured : 25.36072 seconds.]
pnrm = 2973740.69023801
------------------------------FMM vs Ewald------------------------------[24000]
L2  (p)  : 4.48377e+01   L2  (f)  : 1.83748e-04   L2  (e)  : 4.81843e-02
Rms (p)  : 4.99102e+02   Rms (f)  : 2.32529e-02
p-energy1 : 2.639499940725e+01
p-energy2 : 2.773120969004e+01

<rtfmm_3dpp_test_pbc>

input parameters=[
  P                    = 6
  n                    = 24000
  ncrit                = 128
  images               = 3
  cycle                = 6.2832
  ewald_ksize          = 11
  (f,d,e)              = (1,0,1)
  num_compare          = 24000
  th_num               = 8
  seed                 = 5
  check_tree           = 0
  timing               = 1
  verbose              = 0
  use_fft              = 1
  use_precompute       = 1
  use_simd             = 1
  dipole_correction    = 1
  zero_netcharge       = 1
  print_body_number    = 3
  divide_4pi           = 0
  setting_t            = 0
]

[tree_traverse time measured : 0.03497 seconds.]
[init_cell_matrix time measured : 0.00033 seconds.]
[precompute_others time measured : 0.02059 seconds.]
[precompute_m2l time measured : 0.01833 seconds.]
[precompute time measured : 0.03895 seconds.]
[P2M time measured : 0.00130 seconds.]
[M2M time measured : 0.00133 seconds.]
[setup time measured : 0.00055 seconds.]
[prepare_memory time measured : 0.00047 seconds.]
[up time measured : 0.00090 seconds.]
[hadamard_8x8 time measured : 0.00370 seconds.]
[hadamard_1x27 time measured : 0.00018 seconds.]
[down time measured : 0.00059 seconds.]
[store time measured : 0.00003 seconds.]
[M2L time measured : 0.00718 seconds.]
[P2L time measured : 0.00000 seconds.]
[L2L time measured : 0.00089 seconds.]
[L2P time measured : 0.00139 seconds.]
[M2P time measured : 0.00000 seconds.]
[P2P time measured : 0.00557 seconds.]
[FMM_kernels time measured : 0.01778 seconds.]
[FMM time measured : 0.09384 seconds.]
[real_part time measured : 23.25656 seconds.]
[fourier_part time measured : 2.12039 seconds.]
[self_correction time measured : 0.00008 seconds.]
[EWALD time measured : 25.38003 seconds.]
pnrm = 2973740.69023801
------------------------------FMM vs Ewald------------------------------[24000]
L2  (p)  : 4.48377e+01   L2  (f)  : 2.16405e-05   L2  (e)  : 5.27705e-03
Rms (p)  : 4.99102e+02   Rms (f)  : 2.73856e-03
p-energy1 : 2.758487072332e+01
p-energy2 : 2.773120969004e+01

slurmstepd-rtx6000-ada: error: *** JOB 152682 ON rtx6000-ada CANCELLED AT 2024-01-28T23:20:46 ***
