Sun Jan 28 22:15:04 2024       
+---------------------------------------------------------------------------------------+
| NVIDIA-SMI 535.54.03              Driver Version: 535.54.03    CUDA Version: 12.2     |
|-----------------------------------------+----------------------+----------------------+
| GPU  Name                 Persistence-M | Bus-Id        Disp.A | Volatile Uncorr. ECC |
| Fan  Temp   Perf          Pwr:Usage/Cap |         Memory-Usage | GPU-Util  Compute M. |
|                                         |                      |               MIG M. |
|=========================================+======================+======================|
|   0  NVIDIA RTX 6000 Ada Gene...    Off | 00000000:61:00.0 Off |                  Off |
| 30%   34C    P8              28W / 300W |     16MiB / 49140MiB |      0%      Default |
|                                         |                      |                  N/A |
+-----------------------------------------+----------------------+----------------------+
                                                                                         
+---------------------------------------------------------------------------------------+
| Processes:                                                                            |
|  GPU   GI   CI        PID   Type   Process name                            GPU Memory |
|        ID   ID                                                             Usage      |
|=======================================================================================|
+---------------------------------------------------------------------------------------+
rtfmm_3dp_test_fmm
input parameters=[
  P                    = 2
  n                    = 24000
  ncrit                = 128
  images               = 0
  cycle                = 6.2832
  ewald_ksize          = 11
  (f,d,e)              = (1,1,1)
  num_compare          = 24000
  th_num               = 8
  seed                 = 5
  check_tree           = 0
  timing               = 1
  verbose              = 0
  use_fft              = 1
  use_precompute       = 1
  use_simd             = 1
  dipole_correction    = 0
  zero_netcharge       = 0
  print_body_number    = 3
  divide_4pi           = 1
  setting_t            = 1
]

[tree_traverse time measured : 0.01217 seconds.]
[init_cell_matrix time measured : 0.00004 seconds.]
[precompute_others time measured : 0.00629 seconds.]
[precompute_m2l time measured : 0.01046 seconds.]
[precompute time measured : 0.01676 seconds.]
[P2M time measured : 0.00011 seconds.]
[M2M time measured : 0.00004 seconds.]
[setup time measured : 0.00059 seconds.]
[prepare_memory time measured : 0.00003 seconds.]
[up time measured : 0.00029 seconds.]
[hadamard_8x8 time measured : 0.00018 seconds.]
[down time measured : 0.00032 seconds.]
[store time measured : 0.00001 seconds.]
[M2L time measured : 0.00150 seconds.]
[P2L time measured : 0.00000 seconds.]
[L2L time measured : 0.00004 seconds.]
[L2P time measured : 0.00021 seconds.]
[M2P time measured : 0.00000 seconds.]
[P2P time measured : 0.00501 seconds.]
[FMM_kernels time measured : 0.00704 seconds.]
[FMM time measured : 0.03843 seconds.]
[direct time measured : 0.71695 seconds.]
pnrm = 30197.33842929
-----------------------------FMM vs Direct------------------------------[24000]
L2  (p)  : 2.89349e-02   L2  (f)  : 1.33731e-02   L2  (e)  : 9.99019e-02
Rms (p)  : 3.24565e-02   Rms (f)  : 1.34112e-01
p-energy1 : 3.619214666749e+01
p-energy2 : 4.020911501419e+01

rtfmm_3dp_test_fmm
input parameters=[
  P                    = 3
  n                    = 24000
  ncrit                = 128
  images               = 0
  cycle                = 6.2832
  ewald_ksize          = 11
  (f,d,e)              = (1,1,1)
  num_compare          = 24000
  th_num               = 8
  seed                 = 5
  check_tree           = 0
  timing               = 1
  verbose              = 0
  use_fft              = 1
  use_precompute       = 1
  use_simd             = 1
  dipole_correction    = 0
  zero_netcharge       = 0
  print_body_number    = 3
  divide_4pi           = 1
  setting_t            = 1
]

[tree_traverse time measured : 0.01444 seconds.]
[init_cell_matrix time measured : 0.00010 seconds.]
[precompute_others time measured : 0.01126 seconds.]
[precompute_m2l time measured : 0.00602 seconds.]
[precompute time measured : 0.01729 seconds.]
[P2M time measured : 0.00023 seconds.]
[M2M time measured : 0.00005 seconds.]
[setup time measured : 0.00066 seconds.]
[prepare_memory time measured : 0.00009 seconds.]
[up time measured : 0.00034 seconds.]
[hadamard_8x8 time measured : 0.00044 seconds.]
[down time measured : 0.00032 seconds.]
[store time measured : 0.00001 seconds.]
[M2L time measured : 0.00196 seconds.]
[P2L time measured : 0.00000 seconds.]
[L2L time measured : 0.00006 seconds.]
[L2P time measured : 0.00031 seconds.]
[M2P time measured : 0.00000 seconds.]
[P2P time measured : 0.00570 seconds.]
[FMM_kernels time measured : 0.00848 seconds.]
[FMM time measured : 0.04248 seconds.]
[direct time measured : 0.71752 seconds.]
pnrm = 30197.33842929
-----------------------------FMM vs Direct------------------------------[24000]
L2  (p)  : 1.39426e-03   L2  (f)  : 1.30033e-03   L2  (e)  : 1.40891e-03
Rms (p)  : 1.56395e-03   Rms (f)  : 1.30404e-02
p-energy1 : 4.015246399661e+01
p-energy2 : 4.020911501419e+01

rtfmm_3dp_test_fmm
input parameters=[
  P                    = 4
  n                    = 24000
  ncrit                = 128
  images               = 0
  cycle                = 6.2832
  ewald_ksize          = 11
  (f,d,e)              = (1,1,1)
  num_compare          = 24000
  th_num               = 8
  seed                 = 5
  check_tree           = 0
  timing               = 1
  verbose              = 0
  use_fft              = 1
  use_precompute       = 1
  use_simd             = 1
  dipole_correction    = 0
  zero_netcharge       = 0
  print_body_number    = 3
  divide_4pi           = 1
  setting_t            = 1
]

[tree_traverse time measured : 0.01125 seconds.]
[init_cell_matrix time measured : 0.00020 seconds.]
[precompute_others time measured : 0.00219 seconds.]
[precompute_m2l time measured : 0.00712 seconds.]
[precompute time measured : 0.00932 seconds.]
[P2M time measured : 0.00063 seconds.]
[M2M time measured : 0.00015 seconds.]
[setup time measured : 0.00047 seconds.]
[prepare_memory time measured : 0.00023 seconds.]
[up time measured : 0.00036 seconds.]
[hadamard_8x8 time measured : 0.00102 seconds.]
[down time measured : 0.00024 seconds.]
[store time measured : 0.00002 seconds.]
[M2L time measured : 0.00250 seconds.]
[P2L time measured : 0.00000 seconds.]
[L2L time measured : 0.00011 seconds.]
[L2P time measured : 0.00044 seconds.]
[M2P time measured : 0.00000 seconds.]
[P2P time measured : 0.00480 seconds.]
[FMM_kernels time measured : 0.00876 seconds.]
[FMM time measured : 0.03132 seconds.]
[direct time measured : 0.71691 seconds.]
pnrm = 30197.33842929
-----------------------------FMM vs Direct------------------------------[24000]
L2  (p)  : 1.96109e-04   L2  (f)  : 2.42386e-04   L2  (e)  : 1.65430e-04
Rms (p)  : 2.19977e-04   Rms (f)  : 2.43079e-03
p-energy1 : 4.021576679885e+01
p-energy2 : 4.020911501419e+01

rtfmm_3dp_test_fmm
input parameters=[
  P                    = 5
  n                    = 24000
  ncrit                = 128
  images               = 0
  cycle                = 6.2832
  ewald_ksize          = 11
  (f,d,e)              = (1,1,1)
  num_compare          = 24000
  th_num               = 8
  seed                 = 5
  check_tree           = 0
  timing               = 1
  verbose              = 0
  use_fft              = 1
  use_precompute       = 1
  use_simd             = 1
  dipole_correction    = 0
  zero_netcharge       = 0
  print_body_number    = 3
  divide_4pi           = 1
  setting_t            = 1
]

[tree_traverse time measured : 0.01535 seconds.]
[init_cell_matrix time measured : 0.00032 seconds.]
[precompute_others time measured : 0.00576 seconds.]
[precompute_m2l time measured : 0.00995 seconds.]
[precompute time measured : 0.01573 seconds.]
[P2M time measured : 0.00070 seconds.]
[M2M time measured : 0.00027 seconds.]
[setup time measured : 0.00042 seconds.]
[prepare_memory time measured : 0.00029 seconds.]
[up time measured : 0.00057 seconds.]
[hadamard_8x8 time measured : 0.00146 seconds.]
[down time measured : 0.00036 seconds.]
[store time measured : 0.00002 seconds.]
[M2L time measured : 0.00398 seconds.]
[P2L time measured : 0.00000 seconds.]
[L2L time measured : 0.00035 seconds.]
[L2P time measured : 0.00077 seconds.]
[M2P time measured : 0.00000 seconds.]
[P2P time measured : 0.00437 seconds.]
[FMM_kernels time measured : 0.01054 seconds.]
[FMM time measured : 0.04394 seconds.]
[direct time measured : 0.71599 seconds.]
pnrm = 30197.33842929
-----------------------------FMM vs Direct------------------------------[24000]
L2  (p)  : 1.61886e-05   L2  (f)  : 2.81848e-05   L2  (e)  : 1.56038e-05
Rms (p)  : 1.81589e-05   Rms (f)  : 2.82653e-04
p-energy1 : 4.020848759954e+01
p-energy2 : 4.020911501419e+01

rtfmm_3dp_test_fmm
input parameters=[
  P                    = 6
  n                    = 24000
  ncrit                = 128
  images               = 0
  cycle                = 6.2832
  ewald_ksize          = 11
  (f,d,e)              = (1,1,1)
  num_compare          = 24000
  th_num               = 8
  seed                 = 5
  check_tree           = 0
  timing               = 1
  verbose              = 0
  use_fft              = 1
  use_precompute       = 1
  use_simd             = 1
  dipole_correction    = 0
  zero_netcharge       = 0
  print_body_number    = 3
  divide_4pi           = 1
  setting_t            = 1
]

[tree_traverse time measured : 0.01428 seconds.]
[init_cell_matrix time measured : 0.00047 seconds.]
[precompute_others time measured : 0.01311 seconds.]
[precompute_m2l time measured : 0.01388 seconds.]
[precompute time measured : 0.02702 seconds.]
[P2M time measured : 0.00151 seconds.]
[M2M time measured : 0.00071 seconds.]
[setup time measured : 0.00036 seconds.]
[prepare_memory time measured : 0.00046 seconds.]
[up time measured : 0.00083 seconds.]
[hadamard_8x8 time measured : 0.00233 seconds.]
[down time measured : 0.00055 seconds.]
[store time measured : 0.00003 seconds.]
[M2L time measured : 0.00530 seconds.]
[P2L time measured : 0.00000 seconds.]
[L2L time measured : 0.00078 seconds.]
[L2P time measured : 0.00127 seconds.]
[M2P time measured : 0.00000 seconds.]
[P2P time measured : 0.00438 seconds.]
[FMM_kernels time measured : 0.01403 seconds.]
[FMM time measured : 0.05737 seconds.]
[direct time measured : 0.71751 seconds.]
pnrm = 30197.33842929
-----------------------------FMM vs Direct------------------------------[24000]
L2  (p)  : 2.03953e-06   L2  (f)  : 4.51072e-06   L2  (e)  : 4.76803e-07
Rms (p)  : 2.28775e-06   Rms (f)  : 4.52360e-05
p-energy1 : 4.020909584236e+01
p-energy2 : 4.020911501419e+01

rtfmm_3dp_test_fmm
input parameters=[
  P                    = 7
  n                    = 24000
  ncrit                = 128
  images               = 0
  cycle                = 6.2832
  ewald_ksize          = 11
  (f,d,e)              = (1,1,1)
  num_compare          = 24000
  th_num               = 8
  seed                 = 5
  check_tree           = 0
  timing               = 1
  verbose              = 0
  use_fft              = 1
  use_precompute       = 1
  use_simd             = 1
  dipole_correction    = 0
  zero_netcharge       = 0
  print_body_number    = 3
  divide_4pi           = 1
  setting_t            = 1
]

[tree_traverse time measured : 0.01239 seconds.]
[init_cell_matrix time measured : 0.00063 seconds.]
[precompute_others time measured : 0.02803 seconds.]
[precompute_m2l time measured : 0.01735 seconds.]
[precompute time measured : 0.04541 seconds.]
[P2M time measured : 0.00200 seconds.]
[M2M time measured : 0.00090 seconds.]
[setup time measured : 0.00036 seconds.]
[prepare_memory time measured : 0.00078 seconds.]
[up time measured : 0.00137 seconds.]
[hadamard_8x8 time measured : 0.00456 seconds.]
[down time measured : 0.00090 seconds.]
[store time measured : 0.00005 seconds.]
[M2L time measured : 0.00901 seconds.]
[P2L time measured : 0.00000 seconds.]
[L2L time measured : 0.00120 seconds.]
[L2P time measured : 0.00197 seconds.]
[M2P time measured : 0.00000 seconds.]
[P2P time measured : 0.00430 seconds.]
[FMM_kernels time measured : 0.01951 seconds.]
[FMM time measured : 0.07968 seconds.]
[direct time measured : 0.71513 seconds.]
pnrm = 30197.33842929
-----------------------------FMM vs Direct------------------------------[24000]
L2  (p)  : 2.48529e-07   L2  (f)  : 6.97397e-07   L2  (e)  : 1.97164e-07
Rms (p)  : 2.78776e-07   Rms (f)  : 6.99389e-06
p-energy1 : 4.020912294198e+01
p-energy2 : 4.020911501419e+01

rtfmm_3dp_test_fmm
input parameters=[
  P                    = 8
  n                    = 24000
  ncrit                = 128
  images               = 0
  cycle                = 6.2832
  ewald_ksize          = 11
  (f,d,e)              = (1,1,1)
  num_compare          = 24000
  th_num               = 8
  seed                 = 5
  check_tree           = 0
  timing               = 1
  verbose              = 0
  use_fft              = 1
  use_precompute       = 1
  use_simd             = 1
  dipole_correction    = 0
  zero_netcharge       = 0
  print_body_number    = 3
  divide_4pi           = 1
  setting_t            = 1
]

[tree_traverse time measured : 0.01290 seconds.]
[init_cell_matrix time measured : 0.00088 seconds.]
[precompute_others time measured : 0.05472 seconds.]
[precompute_m2l time measured : 0.02558 seconds.]
[precompute time measured : 0.08032 seconds.]
[P2M time measured : 0.00343 seconds.]
[M2M time measured : 0.00153 seconds.]
[setup time measured : 0.00041 seconds.]
[prepare_memory time measured : 0.00106 seconds.]
[up time measured : 0.00171 seconds.]
[hadamard_8x8 time measured : 0.00608 seconds.]
[down time measured : 0.00103 seconds.]
[store time measured : 0.00006 seconds.]
[M2L time measured : 0.01187 seconds.]
[P2L time measured : 0.00000 seconds.]
[L2L time measured : 0.00180 seconds.]
[L2P time measured : 0.00304 seconds.]
[M2P time measured : 0.00000 seconds.]
[P2P time measured : 0.00434 seconds.]
[FMM_kernels time measured : 0.02613 seconds.]
[FMM time measured : 0.12188 seconds.]
[direct time measured : 0.71589 seconds.]
pnrm = 30197.33842929
-----------------------------FMM vs Direct------------------------------[24000]
L2  (p)  : 4.02287e-08   L2  (f)  : 1.23363e-07   L2  (e)  : 1.23690e-07
Rms (p)  : 4.51248e-08   Rms (f)  : 1.23716e-06
p-energy1 : 4.020911998768e+01
p-energy2 : 4.020911501419e+01

rtfmm_3dp_test_fmm
input parameters=[
  P                    = 9
  n                    = 24000
  ncrit                = 128
  images               = 0
  cycle                = 6.2832
  ewald_ksize          = 11
  (f,d,e)              = (1,1,1)
  num_compare          = 24000
  th_num               = 8
  seed                 = 5
  check_tree           = 0
  timing               = 1
  verbose              = 0
  use_fft              = 1
  use_precompute       = 1
  use_simd             = 1
  dipole_correction    = 0
  zero_netcharge       = 0
  print_body_number    = 3
  divide_4pi           = 1
  setting_t            = 1
]

[tree_traverse time measured : 0.01400 seconds.]
[init_cell_matrix time measured : 0.00114 seconds.]
[precompute_others time measured : 0.10982 seconds.]
[precompute_m2l time measured : 0.04243 seconds.]
[precompute time measured : 0.15229 seconds.]
[P2M time measured : 0.00686 seconds.]
[M2M time measured : 0.00253 seconds.]
[setup time measured : 0.00039 seconds.]
[prepare_memory time measured : 0.00145 seconds.]
[up time measured : 0.00655 seconds.]
[hadamard_8x8 time measured : 0.00874 seconds.]
[down time measured : 0.00609 seconds.]
[store time measured : 0.00008 seconds.]
[M2L time measured : 0.02553 seconds.]
[P2L time measured : 0.00000 seconds.]
[L2L time measured : 0.00324 seconds.]
[L2P time measured : 0.00463 seconds.]
[M2P time measured : 0.00000 seconds.]
[P2P time measured : 0.00434 seconds.]
[FMM_kernels time measured : 0.04730 seconds.]
[FMM time measured : 0.21642 seconds.]
[direct time measured : 0.71658 seconds.]
pnrm = 30197.33842929
-----------------------------FMM vs Direct------------------------------[24000]
L2  (p)  : 6.17180e-09   L2  (f)  : 2.19960e-08   L2  (e)  : 1.02061e-08
Rms (p)  : 6.92294e-09   Rms (f)  : 2.20588e-07
p-energy1 : 4.020911460381e+01
p-energy2 : 4.020911501419e+01

rtfmm_3dp_test_fmm
input parameters=[
  P                    = 10
  n                    = 24000
  ncrit                = 128
  images               = 0
  cycle                = 6.2832
  ewald_ksize          = 11
  (f,d,e)              = (1,1,1)
  num_compare          = 24000
  th_num               = 8
  seed                 = 5
  check_tree           = 0
  timing               = 1
  verbose              = 0
  use_fft              = 1
  use_precompute       = 1
  use_simd             = 1
  dipole_correction    = 0
  zero_netcharge       = 0
  print_body_number    = 3
  divide_4pi           = 1
  setting_t            = 1
]

[tree_traverse time measured : 0.01398 seconds.]
[init_cell_matrix time measured : 0.00135 seconds.]
[precompute_others time measured : 0.19534 seconds.]
[precompute_m2l time measured : 0.05843 seconds.]
[precompute time measured : 0.25381 seconds.]
[P2M time measured : 0.00658 seconds.]
[M2M time measured : 0.00724 seconds.]
[setup time measured : 0.00041 seconds.]
[prepare_memory time measured : 0.00237 seconds.]
[up time measured : 0.00933 seconds.]
[hadamard_8x8 time measured : 0.01165 seconds.]
[down time measured : 0.00857 seconds.]
[store time measured : 0.00012 seconds.]
[M2L time measured : 0.03530 seconds.]
[P2L time measured : 0.00000 seconds.]
[L2L time measured : 0.00671 seconds.]
[L2P time measured : 0.00652 seconds.]
[M2P time measured : 0.00000 seconds.]
[P2P time measured : 0.00433 seconds.]
[FMM_kernels time measured : 0.06684 seconds.]
[FMM time measured : 0.33763 seconds.]
[direct time measured : 0.71817 seconds.]
pnrm = 30197.33842929
-----------------------------FMM vs Direct------------------------------[24000]
L2  (p)  : 2.39622e-08   L2  (f)  : 5.82511e-08   L2  (e)  : 5.49553e-08
Rms (p)  : 2.68785e-08   Rms (f)  : 5.84175e-07
p-energy1 : 4.020911280449e+01
p-energy2 : 4.020911501419e+01

rtfmm_3dp_test_fmm
input parameters=[
  P                    = 11
  n                    = 24000
  ncrit                = 128
  images               = 0
  cycle                = 6.2832
  ewald_ksize          = 11
  (f,d,e)              = (1,1,1)
  num_compare          = 24000
  th_num               = 8
  seed                 = 5
  check_tree           = 0
  timing               = 1
  verbose              = 0
  use_fft              = 1
  use_precompute       = 1
  use_simd             = 1
  dipole_correction    = 0
  zero_netcharge       = 0
  print_body_number    = 3
  divide_4pi           = 1
  setting_t            = 1
]

[tree_traverse time measured : 0.01093 seconds.]
[init_cell_matrix time measured : 0.00163 seconds.]
[precompute_others time measured : 0.33153 seconds.]
[precompute_m2l time measured : 0.06519 seconds.]
[precompute time measured : 0.39676 seconds.]
[P2M time measured : 0.00928 seconds.]
[M2M time measured : 0.01208 seconds.]
[setup time measured : 0.00042 seconds.]
[prepare_memory time measured : 0.00274 seconds.]
[up time measured : 0.01126 seconds.]
[hadamard_8x8 time measured : 0.01735 seconds.]
[down time measured : 0.01168 seconds.]
[store time measured : 0.00013 seconds.]
[M2L time measured : 0.04764 seconds.]
[P2L time measured : 0.00000 seconds.]
[L2L time measured : 0.01298 seconds.]
[L2P time measured : 0.00983 seconds.]
[M2P time measured : 0.00000 seconds.]
[P2P time measured : 0.00433 seconds.]
[FMM_kernels time measured : 0.09630 seconds.]
[FMM time measured : 0.50727 seconds.]
[direct time measured : 0.71787 seconds.]
pnrm = 30197.33842929
-----------------------------FMM vs Direct------------------------------[24000]
L2  (p)  : 1.22678e-10   L2  (f)  : 6.57381e-10   L2  (e)  : 1.88069e-11
Rms (p)  : 1.37609e-10   Rms (f)  : 6.59258e-09
p-energy1 : 4.020911501344e+01
p-energy2 : 4.020911501419e+01

rtfmm_3dp_test_fmm
input parameters=[
  P                    = 12
  n                    = 24000
  ncrit                = 128
  images               = 0
  cycle                = 6.2832
  ewald_ksize          = 11
  (f,d,e)              = (1,1,1)
  num_compare          = 24000
  th_num               = 8
  seed                 = 5
  check_tree           = 0
  timing               = 1
  verbose              = 0
  use_fft              = 1
  use_precompute       = 1
  use_simd             = 1
  dipole_correction    = 0
  zero_netcharge       = 0
  print_body_number    = 3
  divide_4pi           = 1
  setting_t            = 1
]

[tree_traverse time measured : 0.01169 seconds.]
[init_cell_matrix time measured : 0.00197 seconds.]
[precompute_others time measured : 0.53101 seconds.]
[precompute_m2l time measured : 0.08701 seconds.]
[precompute time measured : 0.61806 seconds.]
[P2M time measured : 0.01329 seconds.]
[M2M time measured : 0.01868 seconds.]
[setup time measured : 0.00043 seconds.]
[prepare_memory time measured : 0.00347 seconds.]
[up time measured : 0.01666 seconds.]
[hadamard_8x8 time measured : 0.02043 seconds.]
[down time measured : 0.01576 seconds.]
[store time measured : 0.00016 seconds.]
[M2L time measured : 0.06219 seconds.]
[P2L time measured : 0.00000 seconds.]
[L2L time measured : 0.01963 seconds.]
[L2P time measured : 0.01343 seconds.]
[M2P time measured : 0.00000 seconds.]
[P2P time measured : 0.00431 seconds.]
[FMM_kernels time measured : 0.13170 seconds.]
[FMM time measured : 0.76505 seconds.]
[direct time measured : 0.71690 seconds.]
pnrm = 30197.33842929
-----------------------------FMM vs Direct------------------------------[24000]
L2  (p)  : 2.48517e-11   L2  (f)  : 1.23952e-10   L2  (e)  : 3.47320e-11
Rms (p)  : 2.78763e-11   Rms (f)  : 1.24306e-09
p-energy1 : 4.020911501559e+01
p-energy2 : 4.020911501419e+01

rtfmm_3dp_test_fmm
input parameters=[
  P                    = 13
  n                    = 24000
  ncrit                = 128
  images               = 0
  cycle                = 6.2832
  ewald_ksize          = 11
  (f,d,e)              = (1,1,1)
  num_compare          = 24000
  th_num               = 8
  seed                 = 5
  check_tree           = 0
  timing               = 1
  verbose              = 0
  use_fft              = 1
  use_precompute       = 1
  use_simd             = 1
  dipole_correction    = 0
  zero_netcharge       = 0
  print_body_number    = 3
  divide_4pi           = 1
  setting_t            = 1
]

[tree_traverse time measured : 0.01217 seconds.]
[init_cell_matrix time measured : 0.00240 seconds.]
[precompute_others time measured : 0.85012 seconds.]
[precompute_m2l time measured : 0.10726 seconds.]
[precompute time measured : 0.95743 seconds.]
[P2M time measured : 0.02315 seconds.]
[M2M time measured : 0.02545 seconds.]
[setup time measured : 0.00045 seconds.]
[prepare_memory time measured : 0.00430 seconds.]
[up time measured : 0.00919 seconds.]
[hadamard_8x8 time measured : 0.02772 seconds.]
[down time measured : 0.00719 seconds.]
[store time measured : 0.00023 seconds.]
[M2L time measured : 0.05566 seconds.]
[P2L time measured : 0.00000 seconds.]
[L2L time measured : 0.02704 seconds.]
[L2P time measured : 0.02155 seconds.]
[M2P time measured : 0.00000 seconds.]
[P2P time measured : 0.00434 seconds.]
[FMM_kernels time measured : 0.15738 seconds.]
[FMM time measured : 1.13121 seconds.]
[direct time measured : 0.72130 seconds.]
pnrm = 30197.33842929
-----------------------------FMM vs Direct------------------------------[24000]
L2  (p)  : 3.92851e-12   L2  (f)  : 2.34915e-11   L2  (e)  : 1.08950e-11
Rms (p)  : 4.40663e-12   Rms (f)  : 2.35586e-10
p-energy1 : 4.020911501463e+01
p-energy2 : 4.020911501419e+01

rtfmm_3dp_test_fmm
input parameters=[
  P                    = 14
  n                    = 24000
  ncrit                = 128
  images               = 0
  cycle                = 6.2832
  ewald_ksize          = 11
  (f,d,e)              = (1,1,1)
  num_compare          = 24000
  th_num               = 8
  seed                 = 5
  check_tree           = 0
  timing               = 1
  verbose              = 0
  use_fft              = 1
  use_precompute       = 1
  use_simd             = 1
  dipole_correction    = 0
  zero_netcharge       = 0
  print_body_number    = 3
  divide_4pi           = 1
  setting_t            = 1
]

[tree_traverse time measured : 0.01188 seconds.]
[init_cell_matrix time measured : 0.00280 seconds.]
[precompute_others time measured : 1.35181 seconds.]
[precompute_m2l time measured : 0.14656 seconds.]
[precompute time measured : 1.49841 seconds.]
[P2M time measured : 0.04757 seconds.]
[M2M time measured : 0.03523 seconds.]
[setup time measured : 0.00050 seconds.]
[prepare_memory time measured : 0.00536 seconds.]
[up time measured : 0.02250 seconds.]
[hadamard_8x8 time measured : 0.03304 seconds.]
[down time measured : 0.02088 seconds.]
[store time measured : 0.00025 seconds.]
[M2L time measured : 0.09091 seconds.]
[P2L time measured : 0.00000 seconds.]
[L2L time measured : 0.03788 seconds.]
[L2P time measured : 0.04254 seconds.]
[M2P time measured : 0.00000 seconds.]
[P2P time measured : 0.00437 seconds.]
[FMM_kernels time measured : 0.25870 seconds.]
[FMM time measured : 1.77401 seconds.]
[direct time measured : 0.72510 seconds.]
pnrm = 30197.33842929
-----------------------------FMM vs Direct------------------------------[24000]
L2  (p)  : 1.10569e-12   L2  (f)  : 6.68092e-12   L2  (e)  : 1.79751e-12
Rms (p)  : 1.24025e-12   Rms (f)  : 6.70000e-11
p-energy1 : 4.020911501412e+01
p-energy2 : 4.020911501419e+01

rtfmm_3dp_test_fmm
input parameters=[
  P                    = 15
  n                    = 24000
  ncrit                = 128
  images               = 0
  cycle                = 6.2832
  ewald_ksize          = 11
  (f,d,e)              = (1,1,1)
  num_compare          = 24000
  th_num               = 8
  seed                 = 5
  check_tree           = 0
  timing               = 1
  verbose              = 0
  use_fft              = 1
  use_precompute       = 1
  use_simd             = 1
  dipole_correction    = 0
  zero_netcharge       = 0
  print_body_number    = 3
  divide_4pi           = 1
  setting_t            = 1
]

[tree_traverse time measured : 0.01229 seconds.]
[init_cell_matrix time measured : 0.00327 seconds.]
[precompute_others time measured : 2.18625 seconds.]
[precompute_m2l time measured : 0.17956 seconds.]
[precompute time measured : 2.36585 seconds.]
[P2M time measured : 0.08439 seconds.]
[M2M time measured : 0.04630 seconds.]
[setup time measured : 0.00049 seconds.]
[prepare_memory time measured : 0.00651 seconds.]
[up time measured : 0.03696 seconds.]
[hadamard_8x8 time measured : 0.04281 seconds.]
[down time measured : 0.03667 seconds.]
[store time measured : 0.00028 seconds.]
[M2L time measured : 0.13359 seconds.]
[P2L time measured : 0.00000 seconds.]
[L2L time measured : 0.05097 seconds.]
[L2P time measured : 0.08038 seconds.]
[M2P time measured : 0.00000 seconds.]
[P2P time measured : 0.00456 seconds.]
[FMM_kernels time measured : 0.40041 seconds.]
[FMM time measured : 2.78374 seconds.]
[direct time measured : 0.72040 seconds.]
pnrm = 30197.33842929
-----------------------------FMM vs Direct------------------------------[24000]
L2  (p)  : 2.78569e-13   L2  (f)  : 1.69622e-12   L2  (e)  : 3.70741e-13
Rms (p)  : 3.12472e-13   Rms (f)  : 1.70106e-11
p-energy1 : 4.020911501421e+01
p-energy2 : 4.020911501419e+01

rtfmm_3dp_test_fmm
input parameters=[
  P                    = 16
  n                    = 24000
  ncrit                = 128
  images               = 0
  cycle                = 6.2832
  ewald_ksize          = 11
  (f,d,e)              = (1,1,1)
  num_compare          = 24000
  th_num               = 8
  seed                 = 5
  check_tree           = 0
  timing               = 1
  verbose              = 0
  use_fft              = 1
  use_precompute       = 1
  use_simd             = 1
  dipole_correction    = 0
  zero_netcharge       = 0
  print_body_number    = 3
  divide_4pi           = 1
  setting_t            = 1
]

[tree_traverse time measured : 0.01135 seconds.]
[init_cell_matrix time measured : 0.00371 seconds.]
[precompute_others time measured : 3.26876 seconds.]
[precompute_m2l time measured : 0.21900 seconds.]
[precompute time measured : 3.48780 seconds.]
[P2M time measured : 0.09753 seconds.]
[M2M time measured : 0.04931 seconds.]
[setup time measured : 0.00051 seconds.]
[prepare_memory time measured : 0.00796 seconds.]
[up time measured : 0.04732 seconds.]
[hadamard_8x8 time measured : 0.05040 seconds.]
[down time measured : 0.04895 seconds.]
[store time measured : 0.00028 seconds.]
[M2L time measured : 0.16725 seconds.]
[P2L time measured : 0.00000 seconds.]
[L2L time measured : 0.06398 seconds.]
[L2P time measured : 0.10675 seconds.]
[M2P time measured : 0.00000 seconds.]
[P2P time measured : 0.00749 seconds.]
[FMM_kernels time measured : 0.49254 seconds.]
[FMM time measured : 3.99849 seconds.]
[direct time measured : 0.71797 seconds.]
pnrm = 30197.33842929
-----------------------------FMM vs Direct------------------------------[24000]
L2  (p)  : 6.73980e-14   L2  (f)  : 3.86428e-13   L2  (e)  : 1.18397e-14
Rms (p)  : 7.56007e-14   Rms (f)  : 3.87532e-12
p-energy1 : 4.020911501419e+01
p-energy2 : 4.020911501419e+01

rtfmm_3dp_test_fmm
input parameters=[
  P                    = 17
  n                    = 24000
  ncrit                = 128
  images               = 0
  cycle                = 6.2832
  ewald_ksize          = 11
  (f,d,e)              = (1,1,1)
  num_compare          = 24000
  th_num               = 8
  seed                 = 5
  check_tree           = 0
  timing               = 1
  verbose              = 0
  use_fft              = 1
  use_precompute       = 1
  use_simd             = 1
  dipole_correction    = 0
  zero_netcharge       = 0
  print_body_number    = 3
  divide_4pi           = 1
  setting_t            = 1
]

[tree_traverse time measured : 0.01323 seconds.]
[init_cell_matrix time measured : 0.00423 seconds.]
[precompute_others time measured : 5.35162 seconds.]
[precompute_m2l time measured : 0.27148 seconds.]
[precompute time measured : 5.62314 seconds.]
[P2M time measured : 0.14684 seconds.]
[M2M time measured : 0.07940 seconds.]
[setup time measured : 0.00125 seconds.]
[prepare_memory time measured : 0.00959 seconds.]
[up time measured : 0.04279 seconds.]
[hadamard_8x8 time measured : 0.06455 seconds.]
[down time measured : 0.03917 seconds.]
[store time measured : 0.00037 seconds.]
[M2L time measured : 0.17199 seconds.]
[P2L time measured : 0.00000 seconds.]
[L2L time measured : 0.08690 seconds.]
[L2P time measured : 0.13582 seconds.]
[M2P time measured : 0.00000 seconds.]
[P2P time measured : 0.00451 seconds.]
[FMM_kernels time measured : 0.62566 seconds.]
[FMM time measured : 6.26840 seconds.]
[direct time measured : 0.71965 seconds.]
pnrm = 30197.33842929
-----------------------------FMM vs Direct------------------------------[24000]
L2  (p)  : 1.78008e-14   L2  (f)  : 1.09827e-13   L2  (e)  : 2.29725e-14
Rms (p)  : 1.99673e-14   Rms (f)  : 1.10141e-12
p-energy1 : 4.020911501419e+01
p-energy2 : 4.020911501419e+01

rtfmm_3dp_test_fmm
input parameters=[
  P                    = 18
  n                    = 24000
  ncrit                = 128
  images               = 0
  cycle                = 6.2832
  ewald_ksize          = 11
  (f,d,e)              = (1,1,1)
  num_compare          = 24000
  th_num               = 8
  seed                 = 5
  check_tree           = 0
  timing               = 1
  verbose              = 0
  use_fft              = 1
  use_precompute       = 1
  use_simd             = 1
  dipole_correction    = 0
  zero_netcharge       = 0
  print_body_number    = 3
  divide_4pi           = 1
  setting_t            = 1
]

[tree_traverse time measured : 0.01284 seconds.]
[init_cell_matrix time measured : 0.00485 seconds.]
[precompute_others time measured : 7.54891 seconds.]
[precompute_m2l time measured : 0.31794 seconds.]
[precompute time measured : 7.86690 seconds.]
[P2M time measured : 0.17530 seconds.]
[M2M time measured : 0.08592 seconds.]
[setup time measured : 0.00056 seconds.]
[prepare_memory time measured : 0.01129 seconds.]
[up time measured : 0.04815 seconds.]
[hadamard_8x8 time measured : 0.07027 seconds.]
[down time measured : 0.04514 seconds.]
[store time measured : 0.00040 seconds.]
[M2L time measured : 0.19607 seconds.]
[P2L time measured : 0.00000 seconds.]
[L2L time measured : 0.09411 seconds.]
[L2P time measured : 0.14205 seconds.]
[M2P time measured : 0.00000 seconds.]
[P2P time measured : 0.00443 seconds.]
[FMM_kernels time measured : 0.69808 seconds.]
[FMM time measured : 8.58434 seconds.]
[direct time measured : 0.71811 seconds.]
pnrm = 30197.33842929
-----------------------------FMM vs Direct------------------------------[24000]
L2  (p)  : 9.10860e-15   L2  (f)  : 4.39740e-14   L2  (e)  : 3.71095e-15
Rms (p)  : 1.02172e-14   Rms (f)  : 4.40996e-13
p-energy1 : 4.020911501419e+01
p-energy2 : 4.020911501419e+01

rtfmm_3dp_test_fmm
input parameters=[
  P                    = 19
  n                    = 24000
  ncrit                = 128
  images               = 0
  cycle                = 6.2832
  ewald_ksize          = 11
  (f,d,e)              = (1,1,1)
  num_compare          = 24000
  th_num               = 8
  seed                 = 5
  check_tree           = 0
  timing               = 1
  verbose              = 0
  use_fft              = 1
  use_precompute       = 1
  use_simd             = 1
  dipole_correction    = 0
  zero_netcharge       = 0
  print_body_number    = 3
  divide_4pi           = 1
  setting_t            = 1
]

[tree_traverse time measured : 0.01092 seconds.]
[init_cell_matrix time measured : 0.00544 seconds.]
[precompute_others time measured : 12.20076 seconds.]
[precompute_m2l time measured : 0.42195 seconds.]
[precompute time measured : 12.62275 seconds.]
[P2M time measured : 0.21648 seconds.]
[M2M time measured : 0.17098 seconds.]
[setup time measured : 0.00059 seconds.]
[prepare_memory time measured : 0.01337 seconds.]
[up time measured : 0.11039 seconds.]
[hadamard_8x8 time measured : 0.08894 seconds.]
[down time measured : 0.10851 seconds.]
[store time measured : 0.00034 seconds.]
[M2L time measured : 0.34357 seconds.]
[P2L time measured : 0.00000 seconds.]
[L2L time measured : 0.14738 seconds.]
[L2P time measured : 0.15989 seconds.]
[M2P time measured : 0.00000 seconds.]
[P2P time measured : 0.00447 seconds.]
[FMM_kernels time measured : 1.04299 seconds.]
[FMM time measured : 13.68380 seconds.]
[direct time measured : 0.71874 seconds.]
pnrm = 30197.33842929
-----------------------------FMM vs Direct------------------------------[24000]
L2  (p)  : 6.51327e-15   L2  (f)  : 1.30426e-14   L2  (e)  : 1.29000e-14
Rms (p)  : 7.30597e-15   Rms (f)  : 1.30798e-13
p-energy1 : 4.020911501419e+01
p-energy2 : 4.020911501419e+01

rtfmm_3dp_test_fmm
input parameters=[
  P                    = 20
  n                    = 24000
  ncrit                = 128
  images               = 0
  cycle                = 6.2832
  ewald_ksize          = 11
  (f,d,e)              = (1,1,1)
  num_compare          = 24000
  th_num               = 8
  seed                 = 5
  check_tree           = 0
  timing               = 1
  verbose              = 0
  use_fft              = 1
  use_precompute       = 1
  use_simd             = 1
  dipole_correction    = 0
  zero_netcharge       = 0
  print_body_number    = 3
  divide_4pi           = 1
  setting_t            = 1
]

[tree_traverse time measured : 0.01086 seconds.]
[init_cell_matrix time measured : 0.00604 seconds.]
[precompute_others time measured : 16.69240 seconds.]
[precompute_m2l time measured : 0.48923 seconds.]
[precompute time measured : 17.18168 seconds.]
[P2M time measured : 0.29023 seconds.]
[M2M time measured : 0.13280 seconds.]
[setup time measured : 0.00075 seconds.]
[prepare_memory time measured : 0.01566 seconds.]
[up time measured : 0.07149 seconds.]
[hadamard_8x8 time measured : 0.10847 seconds.]
[down time measured : 0.06934 seconds.]
[store time measured : 0.00043 seconds.]
[M2L time measured : 0.29191 seconds.]
[P2L time measured : 0.00000 seconds.]
[L2L time measured : 0.12825 seconds.]
[L2P time measured : 0.21957 seconds.]
[M2P time measured : 0.00000 seconds.]
[P2P time measured : 0.00464 seconds.]
[FMM_kernels time measured : 1.06761 seconds.]
[FMM time measured : 18.26854 seconds.]
[direct time measured : 0.72493 seconds.]
pnrm = 30197.33842929
-----------------------------FMM vs Direct------------------------------[24000]
L2  (p)  : 6.11526e-15   L2  (f)  : 7.35324e-15   L2  (e)  : 4.77122e-15
Rms (p)  : 6.85951e-15   Rms (f)  : 7.37424e-14
p-energy1 : 4.020911501419e+01
p-energy2 : 4.020911501419e+01

