Tue Jan 30 20:05:11 2024       
+---------------------------------------------------------------------------------------+
| NVIDIA-SMI 535.54.03              Driver Version: 535.54.03    CUDA Version: 12.2     |
|-----------------------------------------+----------------------+----------------------+
| GPU  Name                 Persistence-M | Bus-Id        Disp.A | Volatile Uncorr. ECC |
| Fan  Temp   Perf          Pwr:Usage/Cap |         Memory-Usage | GPU-Util  Compute M. |
|                                         |                      |               MIG M. |
|=========================================+======================+======================|
|   0  NVIDIA GeForce RTX 3090        Off | 00000000:C1:00.0 Off |                  N/A |
| 31%   34C    P8              37W / 350W |     14MiB / 24576MiB |      0%      Default |
|                                         |                      |                  N/A |
+-----------------------------------------+----------------------+----------------------+
                                                                                         
+---------------------------------------------------------------------------------------+
| Processes:                                                                            |
|  GPU   GI   CI        PID   Type   Process name                            GPU Memory |
|        ID   ID                                                             Usage      |
|=======================================================================================|
+---------------------------------------------------------------------------------------+
Architecture:                    x86_64
CPU op-mode(s):                  32-bit, 64-bit
Byte Order:                      Little Endian
Address sizes:                   48 bits physical, 48 bits virtual
CPU(s):                          16
On-line CPU(s) list:             0-15
Thread(s) per core:              1
Core(s) per socket:              16
Socket(s):                       1
NUMA node(s):                    1
Vendor ID:                       AuthenticAMD
CPU family:                      25
Model:                           1
Model name:                      AMD EPYC 7313P 16-Core Processor
Stepping:                        1
Frequency boost:                 enabled
CPU MHz:                         1501.615
CPU max MHz:                     3000.0000
CPU min MHz:                     1500.0000
BogoMIPS:                        5999.93
Virtualization:                  AMD-V
L1d cache:                       512 KiB
L1i cache:                       512 KiB
L2 cache:                        8 MiB
L3 cache:                        128 MiB
NUMA node0 CPU(s):               0-15
Vulnerability Itlb multihit:     Not affected
Vulnerability L1tf:              Not affected
Vulnerability Mds:               Not affected
Vulnerability Meltdown:          Not affected
Vulnerability Mmio stale data:   Not affected
Vulnerability Retbleed:          Not affected
Vulnerability Spec store bypass: Mitigation; Speculative Store Bypass disabled via prctl and seccomp
Vulnerability Spectre v1:        Mitigation; usercopy/swapgs barriers and __user pointer sanitization
Vulnerability Spectre v2:        Mitigation; Retpolines, IBPB conditional, IBRS_FW, STIBP disabled, RSB filling, PBRSB-eIBRS Not affected
Vulnerability Srbds:             Not affected
Vulnerability Tsx async abort:   Not affected
Flags:                           fpu vme de pse tsc msr pae mce cx8 apic sep mtrr pge mca cmov pat pse36 clflush mmx fxsr sse sse2 ht syscall nx mmxext fxsr_opt pdpe1gb rdtscp lm constant_tsc rep_good nopl nonstop_tsc cpuid extd_apicid aperfmperf pni pclmulqdq monitor ssse3 fma cx16 pcid sse4_1 sse4_2 movbe popcnt aes xsave avx f16c rdrand lahf_lm cmp_legacy svm extapic cr8_legacy abm sse4a misalignsse 3dnowprefetch osvw ibs skinit wdt tce topoext perfctr_core perfctr_nb bpext perfctr_llc mwaitx cpb cat_l3 cdp_l3 invpcid_single hw_pstate ssbd mba ibrs ibpb stibp vmmcall fsgsbase bmi1 avx2 smep bmi2 invpcid cqm rdt_a rdseed adx smap clflushopt clwb sha_ni xsaveopt xsavec xgetbv1 xsaves cqm_llc cqm_occup_llc cqm_mbm_total cqm_mbm_local clzero irperf xsaveerptr wbnoinvd arat npt lbrv svm_lock nrip_save tsc_scale vmcb_clean flushbyasid decodeassists pausefilter pfthreshold v_vmsave_vmload vgif umip pku ospke vaes vpclmulqdq rdpid overflow_recov succor smca
1: lo: <LOOPBACK,UP,LOWER_UP> mtu 65536 qdisc noqueue state UNKNOWN group default qlen 1000
    link/loopback 00:00:00:00:00:00 brd 00:00:00:00:00:00
    inet 127.0.0.1/8 scope host lo
       valid_lft forever preferred_lft forever
    inet6 ::1/128 scope host 
       valid_lft forever preferred_lft forever
2: eno1np0: <BROADCAST,MULTICAST,UP,LOWER_UP> mtu 1500 qdisc mq state UP group default qlen 1000
    link/ether 3c:ec:ef:8f:c9:fa brd ff:ff:ff:ff:ff:ff
    inet 192.168.205.102/24 brd 192.168.205.255 scope global dynamic eno1np0
       valid_lft 1974sec preferred_lft 1974sec
    inet6 fe80::3eec:efff:fe8f:c9fa/64 scope link 
       valid_lft forever preferred_lft forever
3: eno2np1: <NO-CARRIER,BROADCAST,MULTICAST,UP> mtu 1500 qdisc mq state DOWN group default qlen 1000
    link/ether 3c:ec:ef:8f:c9:fb brd ff:ff:ff:ff:ff:ff
4: usb0: <BROADCAST,MULTICAST> mtu 1500 qdisc noop state DOWN group default qlen 1000
    link/ether 16:14:a3:4d:6d:72 brd ff:ff:ff:ff:ff:ff
<rtfmm_3dpp_test_pbc>

input parameters=[
  P                    = 4
  n                    = 24000
  ncrit                = 128
  images               = 0
  cycle                = 6.2832
  ewald_ksize          = 11
  (f,d,e)              = (1,0,1)
  num_compare          = 24000
  th_num               = 8
  seed                 = 5
  check_tree           = 0
  timing               = 1
  verbose              = 0
  use_fft              = 1
  use_precompute       = 1
  use_simd             = 1
  dipole_correction    = 1
  zero_netcharge       = 1
  print_body_number    = 3
  divide_4pi           = 0
  setting_t            = 0
]

[build_tree time measured : 0.00373 seconds.]
[traverse time measured : 0.00836 seconds.]
[build_and_traverse time measured : 0.01209 seconds.]
[init_cell_matrix time measured : 0.00011 seconds.]
[precompute_others time measured : 0.00289 seconds.]
[precompute_m2l time measured : 0.00926 seconds.]
[precompute time measured : 0.01215 seconds.]
[P2M time measured : 0.00067 seconds.]
[M2M time measured : 0.00018 seconds.]
[setup time measured : 0.00032 seconds.]
[prepare_memory time measured : 0.00022 seconds.]
[up time measured : 0.00028 seconds.]
[hadamard_8x8 time measured : 0.00120 seconds.]
[down time measured : 0.00029 seconds.]
[store time measured : 0.00003 seconds.]
[M2L time measured : 0.00246 seconds.]
[P2L time measured : 0.00000 seconds.]
[L2L time measured : 0.00019 seconds.]
[L2P time measured : 0.00115 seconds.]
[M2P time measured : 0.00000 seconds.]
[P2P time measured : 0.00958 seconds.]
[FMM_kernels time measured : 0.01427 seconds.]
[FMM time measured : 0.04013 seconds.]
[real_part time measured : 21.66571 seconds.]
[fourier_part time measured : 3.97112 seconds.]
[self_correction time measured : 0.00004 seconds.]
[EWALD time measured : 25.63966 seconds.]
pnrm = 2973740.69023801
------------------------------FMM vs Ewald------------------------------[24000]
L2  (p)  : 4.48378e+01   L2  (f)  : 8.39716e-02   L2  (e)  : 1.01903e+01
Rms (p)  : 4.99103e+02   Rms (f)  : 1.06264e+01
p-energy1 : -2.548581057839e+02
p-energy2 : 2.773120969004e+01

<rtfmm_3dpp_test_pbc>

input parameters=[
  P                    = 4
  n                    = 24000
  ncrit                = 128
  images               = 1
  cycle                = 6.2832
  ewald_ksize          = 11
  (f,d,e)              = (1,0,1)
  num_compare          = 24000
  th_num               = 8
  seed                 = 5
  check_tree           = 0
  timing               = 1
  verbose              = 0
  use_fft              = 1
  use_precompute       = 1
  use_simd             = 1
  dipole_correction    = 1
  zero_netcharge       = 1
  print_body_number    = 3
  divide_4pi           = 0
  setting_t            = 0
]

[build_tree time measured : 0.00256 seconds.]
[horizontal_periodic_near time measured : 0.01820 seconds.]
[make_M2L_parent_map_i1 time measured : 0.00940 seconds.]
[traverse time measured : 0.02764 seconds.]
[build_and_traverse time measured : 0.03020 seconds.]
[init_cell_matrix time measured : 0.00008 seconds.]
[precompute_others time measured : 0.00286 seconds.]
[precompute_m2l time measured : 0.01027 seconds.]
[precompute time measured : 0.01313 seconds.]
[P2M time measured : 0.00136 seconds.]
[M2M time measured : 0.00039 seconds.]
[setup time measured : 0.00070 seconds.]
[prepare_memory time measured : 0.00037 seconds.]
[up time measured : 0.00054 seconds.]
[hadamard_8x8 time measured : 0.00451 seconds.]
[down time measured : 0.00051 seconds.]
[store time measured : 0.00004 seconds.]
[M2L time measured : 0.00677 seconds.]
[P2L time measured : 0.00000 seconds.]
[L2L time measured : 0.00034 seconds.]
[L2P time measured : 0.00099 seconds.]
[M2P time measured : 0.00000 seconds.]
[P2P time measured : 0.01157 seconds.]
[FMM_kernels time measured : 0.02148 seconds.]
[FMM time measured : 0.06622 seconds.]
[real_part time measured : 21.67506 seconds.]
[fourier_part time measured : 3.94588 seconds.]
[self_correction time measured : 0.00004 seconds.]
[EWALD time measured : 25.62366 seconds.]
pnrm = 2973740.69023801
------------------------------FMM vs Ewald------------------------------[24000]
L2  (p)  : 4.48377e+01   L2  (f)  : 1.68462e-03   L2  (e)  : 4.43664e-01
Rms (p)  : 4.99102e+02   Rms (f)  : 2.13186e-01
p-energy1 : 1.542786222707e+01
p-energy2 : 2.773120969004e+01

<rtfmm_3dpp_test_pbc>

input parameters=[
  P                    = 4
  n                    = 24000
  ncrit                = 128
  images               = 2
  cycle                = 6.2832
  ewald_ksize          = 11
  (f,d,e)              = (1,0,1)
  num_compare          = 24000
  th_num               = 8
  seed                 = 5
  check_tree           = 0
  timing               = 1
  verbose              = 0
  use_fft              = 1
  use_precompute       = 1
  use_simd             = 1
  dipole_correction    = 1
  zero_netcharge       = 1
  print_body_number    = 3
  divide_4pi           = 0
  setting_t            = 0
]

[build_tree time measured : 0.00258 seconds.]
[horizontal_periodic_near time measured : 0.01783 seconds.]
[make_M2L_parent_map_i1 time measured : 0.00653 seconds.]
[horizontal_periodic_far time measured : 0.00003 seconds.]
[t_image2 time measured : 0.00000 seconds.]
[traverse time measured : 0.02442 seconds.]
[build_and_traverse time measured : 0.02701 seconds.]
[init_cell_matrix time measured : 0.00007 seconds.]
[precompute_others time measured : 0.00170 seconds.]
[precompute_m2l time measured : 0.01364 seconds.]
[precompute time measured : 0.01535 seconds.]
[P2M time measured : 0.00068 seconds.]
[M2M time measured : 0.00028 seconds.]
[setup time measured : 0.00054 seconds.]
[prepare_memory time measured : 0.00035 seconds.]
[up time measured : 0.00035 seconds.]
[hadamard_8x8 time measured : 0.00325 seconds.]
[hadamard_1x27 time measured : 0.00009 seconds.]
[down time measured : 0.00037 seconds.]
[store time measured : 0.00003 seconds.]
[M2L time measured : 0.00506 seconds.]
[P2L time measured : 0.00000 seconds.]
[L2L time measured : 0.00025 seconds.]
[L2P time measured : 0.00088 seconds.]
[M2P time measured : 0.00000 seconds.]
[P2P time measured : 0.01305 seconds.]
[FMM_kernels time measured : 0.02025 seconds.]
[FMM time measured : 0.06432 seconds.]
[real_part time measured : 21.72546 seconds.]
[fourier_part time measured : 3.89395 seconds.]
[self_correction time measured : 0.00004 seconds.]
[EWALD time measured : 25.62234 seconds.]
pnrm = 2973740.69023801
------------------------------FMM vs Ewald------------------------------[24000]
L2  (p)  : 4.48377e+01   L2  (f)  : 3.63143e-04   L2  (e)  : 5.44432e-02
Rms (p)  : 4.99102e+02   Rms (f)  : 4.59551e-02
p-energy1 : 2.622143519901e+01
p-energy2 : 2.773120969004e+01

<rtfmm_3dpp_test_pbc>

input parameters=[
  P                    = 4
  n                    = 24000
  ncrit                = 128
  images               = 3
  cycle                = 6.2832
  ewald_ksize          = 11
  (f,d,e)              = (1,0,1)
  num_compare          = 24000
  th_num               = 8
  seed                 = 5
  check_tree           = 0
  timing               = 1
  verbose              = 0
  use_fft              = 1
  use_precompute       = 1
  use_simd             = 1
  dipole_correction    = 1
  zero_netcharge       = 1
  print_body_number    = 3
  divide_4pi           = 0
  setting_t            = 0
]

[build_tree time measured : 0.00372 seconds.]
[horizontal_periodic_near time measured : 0.01725 seconds.]
[make_M2L_parent_map_i1 time measured : 0.00818 seconds.]
[horizontal_periodic_far time measured : 0.00005 seconds.]
[t_image2 time measured : 0.00000 seconds.]
[traverse time measured : 0.02552 seconds.]
[build_and_traverse time measured : 0.02924 seconds.]
[init_cell_matrix time measured : 0.00007 seconds.]
[precompute_others time measured : 0.00173 seconds.]
[precompute_m2l time measured : 0.01286 seconds.]
[precompute time measured : 0.01460 seconds.]
[P2M time measured : 0.00068 seconds.]
[M2M time measured : 0.00032 seconds.]
[setup time measured : 0.00043 seconds.]
[prepare_memory time measured : 0.00030 seconds.]
[up time measured : 0.00032 seconds.]
[hadamard_8x8 time measured : 0.00224 seconds.]
[hadamard_1x27 time measured : 0.00010 seconds.]
[down time measured : 0.00040 seconds.]
[store time measured : 0.00004 seconds.]
[M2L time measured : 0.00388 seconds.]
[P2L time measured : 0.00000 seconds.]
[L2L time measured : 0.00028 seconds.]
[L2P time measured : 0.00081 seconds.]
[M2P time measured : 0.00000 seconds.]
[P2P time measured : 0.01070 seconds.]
[FMM_kernels time measured : 0.01673 seconds.]
[FMM time measured : 0.06198 seconds.]
[real_part time measured : 21.68876 seconds.]
[fourier_part time measured : 3.97139 seconds.]
[self_correction time measured : 0.00004 seconds.]
[EWALD time measured : 25.66276 seconds.]
pnrm = 2973740.69023801
------------------------------FMM vs Ewald------------------------------[24000]
L2  (p)  : 4.48377e+01   L2  (f)  : 3.23113e-04   L2  (e)  : 1.62768e-02
Rms (p)  : 4.99102e+02   Rms (f)  : 4.08893e-02
p-energy1 : 2.727983514746e+01
p-energy2 : 2.773120969004e+01

<rtfmm_3dpp_test_pbc>

input parameters=[
  P                    = 4
  n                    = 24000
  ncrit                = 128
  images               = 4
  cycle                = 6.2832
  ewald_ksize          = 11
  (f,d,e)              = (1,0,1)
  num_compare          = 24000
  th_num               = 8
  seed                 = 5
  check_tree           = 0
  timing               = 1
  verbose              = 0
  use_fft              = 1
  use_precompute       = 1
  use_simd             = 1
  dipole_correction    = 1
  zero_netcharge       = 1
  print_body_number    = 3
  divide_4pi           = 0
  setting_t            = 0
]

[build_tree time measured : 0.00259 seconds.]
[horizontal_periodic_near time measured : 0.01702 seconds.]
[make_M2L_parent_map_i1 time measured : 0.00636 seconds.]
[horizontal_periodic_far time measured : 0.00007 seconds.]
[t_image2 time measured : 0.00000 seconds.]
[traverse time measured : 0.02349 seconds.]
[build_and_traverse time measured : 0.02608 seconds.]
[init_cell_matrix time measured : 0.00007 seconds.]
[precompute_others time measured : 0.00175 seconds.]
[precompute_m2l time measured : 0.01224 seconds.]
[precompute time measured : 0.01400 seconds.]
[P2M time measured : 0.00167 seconds.]
[M2M time measured : 0.00061 seconds.]
[setup time measured : 0.00074 seconds.]
[prepare_memory time measured : 0.00029 seconds.]
[up time measured : 0.00056 seconds.]
[hadamard_8x8 time measured : 0.00367 seconds.]
[hadamard_1x27 time measured : 0.00014 seconds.]
[down time measured : 0.00056 seconds.]
[store time measured : 0.00004 seconds.]
[M2L time measured : 0.00610 seconds.]
[P2L time measured : 0.00000 seconds.]
[L2L time measured : 0.00039 seconds.]
[L2P time measured : 0.00109 seconds.]
[M2P time measured : 0.00000 seconds.]
[P2P time measured : 0.01922 seconds.]
[FMM_kernels time measured : 0.02918 seconds.]
[FMM time measured : 0.07155 seconds.]
[real_part time measured : 21.66890 seconds.]
[fourier_part time measured : 3.98801 seconds.]
[self_correction time measured : 0.00004 seconds.]
[EWALD time measured : 25.66052 seconds.]
pnrm = 2973740.69023801
------------------------------FMM vs Ewald------------------------------[24000]
L2  (p)  : 4.48385e+01   L2  (f)  : 3.23533e-04   L2  (e)  : 1.72743e-02
Rms (p)  : 4.99111e+02   Rms (f)  : 4.09425e-02
p-energy1 : 2.725217266137e+01
p-energy2 : 2.773120969004e+01

<rtfmm_3dpp_test_pbc>

input parameters=[
  P                    = 4
  n                    = 24000
  ncrit                = 128
  images               = 5
  cycle                = 6.2832
  ewald_ksize          = 11
  (f,d,e)              = (1,0,1)
  num_compare          = 24000
  th_num               = 8
  seed                 = 5
  check_tree           = 0
  timing               = 1
  verbose              = 0
  use_fft              = 1
  use_precompute       = 1
  use_simd             = 1
  dipole_correction    = 1
  zero_netcharge       = 1
  print_body_number    = 3
  divide_4pi           = 0
  setting_t            = 0
]

[build_tree time measured : 0.00257 seconds.]
[horizontal_periodic_near time measured : 0.01852 seconds.]
[make_M2L_parent_map_i1 time measured : 0.01019 seconds.]
[horizontal_periodic_far time measured : 0.00015 seconds.]
[t_image2 time measured : 0.00000 seconds.]
[traverse time measured : 0.02890 seconds.]
[build_and_traverse time measured : 0.03147 seconds.]
[init_cell_matrix time measured : 0.00008 seconds.]
[precompute_others time measured : 0.00188 seconds.]
[precompute_m2l time measured : 0.01136 seconds.]
[precompute time measured : 0.01325 seconds.]
[P2M time measured : 0.00067 seconds.]
[M2M time measured : 0.00041 seconds.]
[setup time measured : 0.00056 seconds.]
[prepare_memory time measured : 0.00023 seconds.]
[up time measured : 0.00042 seconds.]
[hadamard_8x8 time measured : 0.00324 seconds.]
[hadamard_1x27 time measured : 0.00018 seconds.]
[down time measured : 0.00044 seconds.]
[store time measured : 0.00003 seconds.]
[M2L time measured : 0.00518 seconds.]
[P2L time measured : 0.00000 seconds.]
[L2L time measured : 0.00036 seconds.]
[L2P time measured : 0.00120 seconds.]
[M2P time measured : 0.00000 seconds.]
[P2P time measured : 0.01603 seconds.]
[FMM_kernels time measured : 0.02391 seconds.]
[FMM time measured : 0.07003 seconds.]
[real_part time measured : 21.70467 seconds.]
[fourier_part time measured : 3.93526 seconds.]
[self_correction time measured : 0.00004 seconds.]
[EWALD time measured : 25.64260 seconds.]
pnrm = 2973740.69023801
------------------------------FMM vs Ewald------------------------------[24000]
L2  (p)  : 4.49577e+01   L2  (f)  : 3.29886e-04   L2  (e)  : 2.08174e-02
Rms (p)  : 5.00438e+02   Rms (f)  : 4.17464e-02
p-energy1 : 2.715391928654e+01
p-energy2 : 2.773120969004e+01

<rtfmm_3dpp_test_pbc>

input parameters=[
  P                    = 4
  n                    = 24000
  ncrit                = 128
  images               = 6
  cycle                = 6.2832
  ewald_ksize          = 11
  (f,d,e)              = (1,0,1)
  num_compare          = 24000
  th_num               = 8
  seed                 = 5
  check_tree           = 0
  timing               = 1
  verbose              = 0
  use_fft              = 1
  use_precompute       = 1
  use_simd             = 1
  dipole_correction    = 1
  zero_netcharge       = 1
  print_body_number    = 3
  divide_4pi           = 0
  setting_t            = 0
]

[build_tree time measured : 0.00258 seconds.]
[horizontal_periodic_near time measured : 0.01852 seconds.]
[make_M2L_parent_map_i1 time measured : 0.00656 seconds.]
[horizontal_periodic_far time measured : 0.00012 seconds.]
[t_image2 time measured : 0.00000 seconds.]
[traverse time measured : 0.02523 seconds.]
[build_and_traverse time measured : 0.02782 seconds.]
[init_cell_matrix time measured : 0.00006 seconds.]
[precompute_others time measured : 0.00170 seconds.]
[precompute_m2l time measured : 0.01157 seconds.]
[precompute time measured : 0.01328 seconds.]
[P2M time measured : 0.00099 seconds.]
[M2M time measured : 0.00048 seconds.]
[setup time measured : 0.00047 seconds.]
[prepare_memory time measured : 0.00023 seconds.]
[up time measured : 0.00039 seconds.]
[hadamard_8x8 time measured : 0.00327 seconds.]
[hadamard_1x27 time measured : 0.00014 seconds.]
[down time measured : 0.00032 seconds.]
[store time measured : 0.00003 seconds.]
[M2L time measured : 0.00491 seconds.]
[P2L time measured : 0.00000 seconds.]
[L2L time measured : 0.00040 seconds.]
[L2P time measured : 0.00119 seconds.]
[M2P time measured : 0.00000 seconds.]
[P2P time measured : 0.01434 seconds.]
[FMM_kernels time measured : 0.02238 seconds.]
[FMM time measured : 0.06568 seconds.]
[real_part time measured : 21.68078 seconds.]
[fourier_part time measured : 3.92291 seconds.]
[self_correction time measured : 0.00004 seconds.]
[EWALD time measured : 25.60645 seconds.]
pnrm = 2973740.69023801
------------------------------FMM vs Ewald------------------------------[24000]
L2  (p)  : 5.41336e+01   L2  (f)  : 7.00298e-04   L2  (e)  : 7.75935e-03
Rms (p)  : 6.02578e+02   Rms (f)  : 8.86214e-02
p-energy1 : 2.751603364466e+01
p-energy2 : 2.773120969004e+01

<rtfmm_3dpp_test_pbc>

input parameters=[
  P                    = 4
  n                    = 24000
  ncrit                = 128
  images               = 7
  cycle                = 6.2832
  ewald_ksize          = 11
  (f,d,e)              = (1,0,1)
  num_compare          = 24000
  th_num               = 8
  seed                 = 5
  check_tree           = 0
  timing               = 1
  verbose              = 0
  use_fft              = 1
  use_precompute       = 1
  use_simd             = 1
  dipole_correction    = 1
  zero_netcharge       = 1
  print_body_number    = 3
  divide_4pi           = 0
  setting_t            = 0
]

[build_tree time measured : 0.00160 seconds.]
[horizontal_periodic_near time measured : 0.02008 seconds.]
[make_M2L_parent_map_i1 time measured : 0.00669 seconds.]
[horizontal_periodic_far time measured : 0.00013 seconds.]
[t_image2 time measured : 0.00000 seconds.]
[traverse time measured : 0.02693 seconds.]
[build_and_traverse time measured : 0.02853 seconds.]
[init_cell_matrix time measured : 0.00007 seconds.]
[precompute_others time measured : 0.00176 seconds.]
[precompute_m2l time measured : 0.00813 seconds.]
[precompute time measured : 0.00990 seconds.]
[P2M time measured : 0.00093 seconds.]
[M2M time measured : 0.00053 seconds.]
[setup time measured : 0.00057 seconds.]
[prepare_memory time measured : 0.00024 seconds.]
[up time measured : 0.00037 seconds.]
[hadamard_8x8 time measured : 0.00222 seconds.]
[hadamard_1x27 time measured : 0.00015 seconds.]
[down time measured : 0.00052 seconds.]
[store time measured : 0.00005 seconds.]
[M2L time measured : 0.00421 seconds.]
[P2L time measured : 0.00000 seconds.]
[L2L time measured : 0.00052 seconds.]
[L2P time measured : 0.00112 seconds.]
[M2P time measured : 0.00000 seconds.]
[P2P time measured : 0.01241 seconds.]
[FMM_kernels time measured : 0.01978 seconds.]
[FMM time measured : 0.05960 seconds.]
[real_part time measured : 21.71091 seconds.]
[fourier_part time measured : 3.94912 seconds.]
[self_correction time measured : 0.00004 seconds.]
[EWALD time measured : 25.66276 seconds.]
pnrm = 2973740.69023801
------------------------------FMM vs Ewald------------------------------[24000]
L2  (p)  : 2.77418e+02   L2  (f)  : 5.65316e-03   L2  (e)  : 1.59184e-01
Rms (p)  : 3.08803e+03   Rms (f)  : 7.15396e-01
p-energy1 : 3.214556876679e+01
p-energy2 : 2.773120969004e+01

<rtfmm_3dpp_test_pbc>

input parameters=[
  P                    = 4
  n                    = 24000
  ncrit                = 128
  images               = 8
  cycle                = 6.2832
  ewald_ksize          = 11
  (f,d,e)              = (1,0,1)
  num_compare          = 24000
  th_num               = 8
  seed                 = 5
  check_tree           = 0
  timing               = 1
  verbose              = 0
  use_fft              = 1
  use_precompute       = 1
  use_simd             = 1
  dipole_correction    = 1
  zero_netcharge       = 1
  print_body_number    = 3
  divide_4pi           = 0
  setting_t            = 0
]

[build_tree time measured : 0.00158 seconds.]
[horizontal_periodic_near time measured : 0.01837 seconds.]
[make_M2L_parent_map_i1 time measured : 0.00894 seconds.]
[horizontal_periodic_far time measured : 0.00021 seconds.]
[t_image2 time measured : 0.00001 seconds.]
[traverse time measured : 0.02760 seconds.]
[build_and_traverse time measured : 0.02917 seconds.]
[init_cell_matrix time measured : 0.00013 seconds.]
[precompute_others time measured : 0.00230 seconds.]
[precompute_m2l time measured : 0.00847 seconds.]
[precompute time measured : 0.01078 seconds.]
[P2M time measured : 0.00068 seconds.]
[M2M time measured : 0.00059 seconds.]
[setup time measured : 0.00057 seconds.]
[prepare_memory time measured : 0.00024 seconds.]
[up time measured : 0.00035 seconds.]
[hadamard_8x8 time measured : 0.00224 seconds.]
[hadamard_1x27 time measured : 0.00017 seconds.]
[down time measured : 0.00043 seconds.]
[store time measured : 0.00003 seconds.]
[M2L time measured : 0.00410 seconds.]
[P2L time measured : 0.00000 seconds.]
[L2L time measured : 0.00060 seconds.]
[L2P time measured : 0.00185 seconds.]
[M2P time measured : 0.00000 seconds.]
[P2P time measured : 0.01213 seconds.]
[FMM_kernels time measured : 0.02001 seconds.]
[FMM time measured : 0.06159 seconds.]
[real_part time measured : 21.65981 seconds.]
[fourier_part time measured : 3.95211 seconds.]
[self_correction time measured : 0.00004 seconds.]
[EWALD time measured : 25.61450 seconds.]
pnrm = 2973740.69023801
------------------------------FMM vs Ewald------------------------------[24000]
L2  (p)  : 2.46515e+03   L2  (f)  : 5.08536e-02   L2  (e)  : 1.71162e+00
Rms (p)  : 2.74403e+04   Rms (f)  : 6.43542e+00
p-energy1 : 7.519653670245e+01
p-energy2 : 2.773120969004e+01

<rtfmm_3dpp_test_pbc>

input parameters=[
  P                    = 4
  n                    = 24000
  ncrit                = 128
  images               = 9
  cycle                = 6.2832
  ewald_ksize          = 11
  (f,d,e)              = (1,0,1)
  num_compare          = 24000
  th_num               = 8
  seed                 = 5
  check_tree           = 0
  timing               = 1
  verbose              = 0
  use_fft              = 1
  use_precompute       = 1
  use_simd             = 1
  dipole_correction    = 1
  zero_netcharge       = 1
  print_body_number    = 3
  divide_4pi           = 0
  setting_t            = 0
]

[build_tree time measured : 0.00372 seconds.]
[horizontal_periodic_near time measured : 0.01614 seconds.]
[make_M2L_parent_map_i1 time measured : 0.00583 seconds.]
[horizontal_periodic_far time measured : 0.00019 seconds.]
[t_image2 time measured : 0.00000 seconds.]
[traverse time measured : 0.02220 seconds.]
[build_and_traverse time measured : 0.02592 seconds.]
[init_cell_matrix time measured : 0.00007 seconds.]
[precompute_others time measured : 0.00174 seconds.]
[precompute_m2l time measured : 0.01119 seconds.]
[precompute time measured : 0.01294 seconds.]
[P2M time measured : 0.00070 seconds.]
[M2M time measured : 0.00060 seconds.]
[setup time measured : 0.00058 seconds.]
[prepare_memory time measured : 0.00034 seconds.]
[up time measured : 0.00060 seconds.]
[hadamard_8x8 time measured : 0.00353 seconds.]
[hadamard_1x27 time measured : 0.00019 seconds.]
[down time measured : 0.00038 seconds.]
[store time measured : 0.00003 seconds.]
[M2L time measured : 0.00572 seconds.]
[P2L time measured : 0.00000 seconds.]
[L2L time measured : 0.00039 seconds.]
[L2P time measured : 0.00081 seconds.]
[M2P time measured : 0.00000 seconds.]
[P2P time measured : 0.01527 seconds.]
[FMM_kernels time measured : 0.02355 seconds.]
[FMM time measured : 0.06415 seconds.]
[real_part time measured : 21.67719 seconds.]
[fourier_part time measured : 3.91462 seconds.]
[self_correction time measured : 0.00004 seconds.]
[EWALD time measured : 25.59512 seconds.]
pnrm = 2973740.69023801
------------------------------FMM vs Ewald------------------------------[24000]
L2  (p)  : 2.21837e+04   L2  (f)  : 4.57735e-01   L2  (e)  : 1.57337e+01
Rms (p)  : 2.46934e+05   Rms (f)  : 5.79254e+01
p-energy1 : 4.640456260141e+02
p-energy2 : 2.773120969004e+01

<rtfmm_3dpp_test_pbc>

input parameters=[
  P                    = 5
  n                    = 24000
  ncrit                = 128
  images               = 0
  cycle                = 6.2832
  ewald_ksize          = 11
  (f,d,e)              = (1,0,1)
  num_compare          = 24000
  th_num               = 8
  seed                 = 5
  check_tree           = 0
  timing               = 1
  verbose              = 0
  use_fft              = 1
  use_precompute       = 1
  use_simd             = 1
  dipole_correction    = 1
  zero_netcharge       = 1
  print_body_number    = 3
  divide_4pi           = 0
  setting_t            = 0
]

[build_tree time measured : 0.00371 seconds.]
[traverse time measured : 0.00987 seconds.]
[build_and_traverse time measured : 0.01359 seconds.]
[init_cell_matrix time measured : 0.00021 seconds.]
[precompute_others time measured : 0.00420 seconds.]
[precompute_m2l time measured : 0.00931 seconds.]
[precompute time measured : 0.01352 seconds.]
[P2M time measured : 0.00179 seconds.]
[M2M time measured : 0.00066 seconds.]
[setup time measured : 0.00055 seconds.]
[prepare_memory time measured : 0.00048 seconds.]
[up time measured : 0.00109 seconds.]
[hadamard_8x8 time measured : 0.00331 seconds.]
[down time measured : 0.00068 seconds.]
[store time measured : 0.00003 seconds.]
[M2L time measured : 0.00648 seconds.]
[P2L time measured : 0.00000 seconds.]
[L2L time measured : 0.00064 seconds.]
[L2P time measured : 0.00120 seconds.]
[M2P time measured : 0.00000 seconds.]
[P2P time measured : 0.01258 seconds.]
[FMM_kernels time measured : 0.02339 seconds.]
[FMM time measured : 0.05231 seconds.]
[real_part time measured : 21.70403 seconds.]
[fourier_part time measured : 3.98415 seconds.]
[self_correction time measured : 0.00004 seconds.]
[EWALD time measured : 25.69129 seconds.]
pnrm = 2973740.69023801
------------------------------FMM vs Ewald------------------------------[24000]
L2  (p)  : 4.48378e+01   L2  (f)  : 8.39721e-02   L2  (e)  : 1.01937e+01
Rms (p)  : 4.99103e+02   Rms (f)  : 1.06265e+01
p-energy1 : -2.549532109503e+02
p-energy2 : 2.773120969004e+01

<rtfmm_3dpp_test_pbc>

input parameters=[
  P                    = 5
  n                    = 24000
  ncrit                = 128
  images               = 1
  cycle                = 6.2832
  ewald_ksize          = 11
  (f,d,e)              = (1,0,1)
  num_compare          = 24000
  th_num               = 8
  seed                 = 5
  check_tree           = 0
  timing               = 1
  verbose              = 0
  use_fft              = 1
  use_precompute       = 1
  use_simd             = 1
  dipole_correction    = 1
  zero_netcharge       = 1
  print_body_number    = 3
  divide_4pi           = 0
  setting_t            = 0
]

[build_tree time measured : 0.00160 seconds.]
[horizontal_periodic_near time measured : 0.01502 seconds.]
[make_M2L_parent_map_i1 time measured : 0.00873 seconds.]
[traverse time measured : 0.02378 seconds.]
[build_and_traverse time measured : 0.02538 seconds.]
[init_cell_matrix time measured : 0.00016 seconds.]
[precompute_others time measured : 0.00671 seconds.]
[precompute_m2l time measured : 0.01311 seconds.]
[precompute time measured : 0.01983 seconds.]
[P2M time measured : 0.00132 seconds.]
[M2M time measured : 0.00075 seconds.]
[setup time measured : 0.00053 seconds.]
[prepare_memory time measured : 0.00051 seconds.]
[up time measured : 0.00081 seconds.]
[hadamard_8x8 time measured : 0.00452 seconds.]
[down time measured : 0.00057 seconds.]
[store time measured : 0.00004 seconds.]
[M2L time measured : 0.00735 seconds.]
[P2L time measured : 0.00000 seconds.]
[L2L time measured : 0.00079 seconds.]
[L2P time measured : 0.00320 seconds.]
[M2P time measured : 0.00000 seconds.]
[P2P time measured : 0.01440 seconds.]
[FMM_kernels time measured : 0.02788 seconds.]
[FMM time measured : 0.07498 seconds.]
[real_part time measured : 21.69073 seconds.]
[fourier_part time measured : 4.01625 seconds.]
[self_correction time measured : 0.00004 seconds.]
[EWALD time measured : 25.71067 seconds.]
pnrm = 2973740.69023801
------------------------------FMM vs Ewald------------------------------[24000]
L2  (p)  : 4.48377e+01   L2  (f)  : 1.66165e-03   L2  (e)  : 4.50742e-01
Rms (p)  : 4.99102e+02   Rms (f)  : 2.10278e-01
p-energy1 : 1.523158340850e+01
p-energy2 : 2.773120969004e+01

<rtfmm_3dpp_test_pbc>

input parameters=[
  P                    = 5
  n                    = 24000
  ncrit                = 128
  images               = 2
  cycle                = 6.2832
  ewald_ksize          = 11
  (f,d,e)              = (1,0,1)
  num_compare          = 24000
  th_num               = 8
  seed                 = 5
  check_tree           = 0
  timing               = 1
  verbose              = 0
  use_fft              = 1
  use_precompute       = 1
  use_simd             = 1
  dipole_correction    = 1
  zero_netcharge       = 1
  print_body_number    = 3
  divide_4pi           = 0
  setting_t            = 0
]

[build_tree time measured : 0.00268 seconds.]
[horizontal_periodic_near time measured : 0.01506 seconds.]
[make_M2L_parent_map_i1 time measured : 0.00832 seconds.]
[horizontal_periodic_far time measured : 0.00003 seconds.]
[t_image2 time measured : 0.00000 seconds.]
[traverse time measured : 0.02344 seconds.]
[build_and_traverse time measured : 0.02612 seconds.]
[init_cell_matrix time measured : 0.00016 seconds.]
[precompute_others time measured : 0.00694 seconds.]
[precompute_m2l time measured : 0.01906 seconds.]
[precompute time measured : 0.02602 seconds.]
[P2M time measured : 0.00134 seconds.]
[M2M time measured : 0.00076 seconds.]
[setup time measured : 0.00055 seconds.]
[prepare_memory time measured : 0.00050 seconds.]
[up time measured : 0.00081 seconds.]
[hadamard_8x8 time measured : 0.00694 seconds.]
[hadamard_1x27 time measured : 0.00020 seconds.]
[down time measured : 0.00095 seconds.]
[store time measured : 0.00008 seconds.]
[M2L time measured : 0.01052 seconds.]
[P2L time measured : 0.00000 seconds.]
[L2L time measured : 0.00073 seconds.]
[L2P time measured : 0.00216 seconds.]
[M2P time measured : 0.00000 seconds.]
[P2P time measured : 0.01514 seconds.]
[FMM_kernels time measured : 0.03072 seconds.]
[FMM time measured : 0.08475 seconds.]
[real_part time measured : 21.67746 seconds.]
[fourier_part time measured : 4.04018 seconds.]
[self_correction time measured : 0.00004 seconds.]
[EWALD time measured : 25.72198 seconds.]
pnrm = 2973740.69023801
------------------------------FMM vs Ewald------------------------------[24000]
L2  (p)  : 4.48377e+01   L2  (f)  : 1.84712e-04   L2  (e)  : 4.75479e-02
Rms (p)  : 4.99102e+02   Rms (f)  : 2.33750e-02
p-energy1 : 2.641265001020e+01
p-energy2 : 2.773120969004e+01

<rtfmm_3dpp_test_pbc>

input parameters=[
  P                    = 5
  n                    = 24000
  ncrit                = 128
  images               = 3
  cycle                = 6.2832
  ewald_ksize          = 11
  (f,d,e)              = (1,0,1)
  num_compare          = 24000
  th_num               = 8
  seed                 = 5
  check_tree           = 0
  timing               = 1
  verbose              = 0
  use_fft              = 1
  use_precompute       = 1
  use_simd             = 1
  dipole_correction    = 1
  zero_netcharge       = 1
  print_body_number    = 3
  divide_4pi           = 0
  setting_t            = 0
]

[build_tree time measured : 0.00244 seconds.]
[horizontal_periodic_near time measured : 0.01800 seconds.]
[make_M2L_parent_map_i1 time measured : 0.00937 seconds.]
[horizontal_periodic_far time measured : 0.00012 seconds.]
[t_image2 time measured : 0.00001 seconds.]
[traverse time measured : 0.02757 seconds.]
[build_and_traverse time measured : 0.03001 seconds.]
[init_cell_matrix time measured : 0.00031 seconds.]
[precompute_others time measured : 0.01167 seconds.]
[precompute_m2l time measured : 0.01786 seconds.]
[precompute time measured : 0.02954 seconds.]
[P2M time measured : 0.00135 seconds.]
[M2M time measured : 0.00101 seconds.]
[setup time measured : 0.00054 seconds.]
[prepare_memory time measured : 0.00039 seconds.]
[up time measured : 0.00094 seconds.]
[hadamard_8x8 time measured : 0.00565 seconds.]
[hadamard_1x27 time measured : 0.00023 seconds.]
[down time measured : 0.00091 seconds.]
[store time measured : 0.00005 seconds.]
[M2L time measured : 0.00912 seconds.]
[P2L time measured : 0.00000 seconds.]
[L2L time measured : 0.00082 seconds.]
[L2P time measured : 0.00219 seconds.]
[M2P time measured : 0.00000 seconds.]
[P2P time measured : 0.01799 seconds.]
[FMM_kernels time measured : 0.03256 seconds.]
[FMM time measured : 0.09458 seconds.]
[real_part time measured : 21.67658 seconds.]
[fourier_part time measured : 3.91744 seconds.]
[self_correction time measured : 0.00004 seconds.]
[EWALD time measured : 25.59729 seconds.]
pnrm = 2973740.69023801
------------------------------FMM vs Ewald------------------------------[24000]
L2  (p)  : 4.48377e+01   L2  (f)  : 4.33198e-05   L2  (e)  : 4.58400e-03
Rms (p)  : 4.99102e+02   Rms (f)  : 5.48204e-03
p-energy1 : 2.760408984854e+01
p-energy2 : 2.773120969004e+01

<rtfmm_3dpp_test_pbc>

input parameters=[
  P                    = 5
  n                    = 24000
  ncrit                = 128
  images               = 4
  cycle                = 6.2832
  ewald_ksize          = 11
  (f,d,e)              = (1,0,1)
  num_compare          = 24000
  th_num               = 8
  seed                 = 5
  check_tree           = 0
  timing               = 1
  verbose              = 0
  use_fft              = 1
  use_precompute       = 1
  use_simd             = 1
  dipole_correction    = 1
  zero_netcharge       = 1
  print_body_number    = 3
  divide_4pi           = 0
  setting_t            = 0
]

[build_tree time measured : 0.00260 seconds.]
[horizontal_periodic_near time measured : 0.01930 seconds.]
[make_M2L_parent_map_i1 time measured : 0.00768 seconds.]
[horizontal_periodic_far time measured : 0.00009 seconds.]
[t_image2 time measured : 0.00000 seconds.]
[traverse time measured : 0.02711 seconds.]
[build_and_traverse time measured : 0.02971 seconds.]
[init_cell_matrix time measured : 0.00018 seconds.]
[precompute_others time measured : 0.00814 seconds.]
[precompute_m2l time measured : 0.01398 seconds.]
[precompute time measured : 0.02213 seconds.]
[P2M time measured : 0.00175 seconds.]
[M2M time measured : 0.00105 seconds.]
[setup time measured : 0.00045 seconds.]
[prepare_memory time measured : 0.00038 seconds.]
[up time measured : 0.00078 seconds.]
[hadamard_8x8 time measured : 0.00447 seconds.]
[hadamard_1x27 time measured : 0.00017 seconds.]
[down time measured : 0.00071 seconds.]
[store time measured : 0.00005 seconds.]
[M2L time measured : 0.00737 seconds.]
[P2L time measured : 0.00000 seconds.]
[L2L time measured : 0.00075 seconds.]
[L2P time measured : 0.00177 seconds.]
[M2P time measured : 0.00000 seconds.]
[P2P time measured : 0.01298 seconds.]
[FMM_kernels time measured : 0.02575 seconds.]
[FMM time measured : 0.07937 seconds.]
[real_part time measured : 22.14752 seconds.]
[fourier_part time measured : 3.97571 seconds.]
[self_correction time measured : 0.00004 seconds.]
[EWALD time measured : 26.12713 seconds.]
pnrm = 2973740.69023801
------------------------------FMM vs Ewald------------------------------[24000]
L2  (p)  : 4.48377e+01   L2  (f)  : 3.97394e-05   L2  (e)  : 8.65155e-05
Rms (p)  : 4.99102e+02   Rms (f)  : 5.02894e-03
p-energy1 : 2.773360886830e+01
p-energy2 : 2.773120969004e+01

<rtfmm_3dpp_test_pbc>

input parameters=[
  P                    = 5
  n                    = 24000
  ncrit                = 128
  images               = 5
  cycle                = 6.2832
  ewald_ksize          = 11
  (f,d,e)              = (1,0,1)
  num_compare          = 24000
  th_num               = 8
  seed                 = 5
  check_tree           = 0
  timing               = 1
  verbose              = 0
  use_fft              = 1
  use_precompute       = 1
  use_simd             = 1
  dipole_correction    = 1
  zero_netcharge       = 1
  print_body_number    = 3
  divide_4pi           = 0
  setting_t            = 0
]

[build_tree time measured : 0.00332 seconds.]
[horizontal_periodic_near time measured : 0.01493 seconds.]
[make_M2L_parent_map_i1 time measured : 0.00759 seconds.]
[horizontal_periodic_far time measured : 0.00010 seconds.]
[t_image2 time measured : 0.00000 seconds.]
[traverse time measured : 0.02265 seconds.]
[build_and_traverse time measured : 0.02598 seconds.]
[init_cell_matrix time measured : 0.00015 seconds.]
[precompute_others time measured : 0.00687 seconds.]
[precompute_m2l time measured : 0.01661 seconds.]
[precompute time measured : 0.02349 seconds.]
[P2M time measured : 0.00208 seconds.]
[M2M time measured : 0.00110 seconds.]
[setup time measured : 0.00056 seconds.]
[prepare_memory time measured : 0.00051 seconds.]
[up time measured : 0.00111 seconds.]
[hadamard_8x8 time measured : 0.00493 seconds.]
[hadamard_1x27 time measured : 0.00029 seconds.]
[down time measured : 0.00078 seconds.]
[store time measured : 0.00007 seconds.]
[M2L time measured : 0.00876 seconds.]
[P2L time measured : 0.00000 seconds.]
[L2L time measured : 0.00124 seconds.]
[L2P time measured : 0.00279 seconds.]
[M2P time measured : 0.00000 seconds.]
[P2P time measured : 0.01415 seconds.]
[FMM_kernels time measured : 0.03020 seconds.]
[FMM time measured : 0.08120 seconds.]
[real_part time measured : 21.72201 seconds.]
[fourier_part time measured : 3.92902 seconds.]
[self_correction time measured : 0.00004 seconds.]
[EWALD time measured : 25.65389 seconds.]
pnrm = 2973740.69023801
------------------------------FMM vs Ewald------------------------------[24000]
L2  (p)  : 4.48376e+01   L2  (f)  : 3.98318e-05   L2  (e)  : 4.99988e-04
Rms (p)  : 4.99101e+02   Rms (f)  : 5.04063e-03
p-energy1 : 2.774507496839e+01
p-energy2 : 2.773120969004e+01

<rtfmm_3dpp_test_pbc>

input parameters=[
  P                    = 5
  n                    = 24000
  ncrit                = 128
  images               = 6
  cycle                = 6.2832
  ewald_ksize          = 11
  (f,d,e)              = (1,0,1)
  num_compare          = 24000
  th_num               = 8
  seed                 = 5
  check_tree           = 0
  timing               = 1
  verbose              = 0
  use_fft              = 1
  use_precompute       = 1
  use_simd             = 1
  dipole_correction    = 1
  zero_netcharge       = 1
  print_body_number    = 3
  divide_4pi           = 0
  setting_t            = 0
]

[build_tree time measured : 0.00193 seconds.]
[horizontal_periodic_near time measured : 0.01961 seconds.]
[make_M2L_parent_map_i1 time measured : 0.00771 seconds.]
[horizontal_periodic_far time measured : 0.00012 seconds.]
[t_image2 time measured : 0.00000 seconds.]
[traverse time measured : 0.02748 seconds.]
[build_and_traverse time measured : 0.02941 seconds.]
[init_cell_matrix time measured : 0.00014 seconds.]
[precompute_others time measured : 0.00655 seconds.]
[precompute_m2l time measured : 0.01644 seconds.]
[precompute time measured : 0.02301 seconds.]
[P2M time measured : 0.00177 seconds.]
[M2M time measured : 0.00128 seconds.]
[setup time measured : 0.00056 seconds.]
[prepare_memory time measured : 0.00040 seconds.]
[up time measured : 0.00110 seconds.]
[hadamard_8x8 time measured : 0.00444 seconds.]
[hadamard_1x27 time measured : 0.00025 seconds.]
[down time measured : 0.00071 seconds.]
[store time measured : 0.00005 seconds.]
[M2L time measured : 0.00790 seconds.]
[P2L time measured : 0.00000 seconds.]
[L2L time measured : 0.00079 seconds.]
[L2P time measured : 0.00244 seconds.]
[M2P time measured : 0.00000 seconds.]
[P2P time measured : 0.01199 seconds.]
[FMM_kernels time measured : 0.02624 seconds.]
[FMM time measured : 0.08018 seconds.]
[real_part time measured : 21.68943 seconds.]
[fourier_part time measured : 3.94320 seconds.]
[self_correction time measured : 0.00004 seconds.]
[EWALD time measured : 25.63549 seconds.]
pnrm = 2973740.69023801
------------------------------FMM vs Ewald------------------------------[24000]
L2  (p)  : 4.48468e+01   L2  (f)  : 3.98514e-05   L2  (e)  : 4.58267e-04
Rms (p)  : 4.99203e+02   Rms (f)  : 5.04311e-03
p-energy1 : 2.774391798914e+01
p-energy2 : 2.773120969004e+01

<rtfmm_3dpp_test_pbc>

input parameters=[
  P                    = 5
  n                    = 24000
  ncrit                = 128
  images               = 7
  cycle                = 6.2832
  ewald_ksize          = 11
  (f,d,e)              = (1,0,1)
  num_compare          = 24000
  th_num               = 8
  seed                 = 5
  check_tree           = 0
  timing               = 1
  verbose              = 0
  use_fft              = 1
  use_precompute       = 1
  use_simd             = 1
  dipole_correction    = 1
  zero_netcharge       = 1
  print_body_number    = 3
  divide_4pi           = 0
  setting_t            = 0
]

[build_tree time measured : 0.00253 seconds.]
[horizontal_periodic_near time measured : 0.01776 seconds.]
[make_M2L_parent_map_i1 time measured : 0.00676 seconds.]
[horizontal_periodic_far time measured : 0.00013 seconds.]
[t_image2 time measured : 0.00000 seconds.]
[traverse time measured : 0.02469 seconds.]
[build_and_traverse time measured : 0.02722 seconds.]
[init_cell_matrix time measured : 0.00014 seconds.]
[precompute_others time measured : 0.00655 seconds.]
[precompute_m2l time measured : 0.01623 seconds.]
[precompute time measured : 0.02279 seconds.]
[P2M time measured : 0.00133 seconds.]
[M2M time measured : 0.00129 seconds.]
[setup time measured : 0.00057 seconds.]
[prepare_memory time measured : 0.00045 seconds.]
[up time measured : 0.00085 seconds.]
[hadamard_8x8 time measured : 0.00448 seconds.]
[hadamard_1x27 time measured : 0.00042 seconds.]
[down time measured : 0.00066 seconds.]
[store time measured : 0.00004 seconds.]
[M2L time measured : 0.00786 seconds.]
[P2L time measured : 0.00000 seconds.]
[L2L time measured : 0.00093 seconds.]
[L2P time measured : 0.00220 seconds.]
[M2P time measured : 0.00000 seconds.]
[P2P time measured : 0.01444 seconds.]
[FMM_kernels time measured : 0.02811 seconds.]
[FMM time measured : 0.07995 seconds.]
[real_part time measured : 21.68430 seconds.]
[fourier_part time measured : 3.91975 seconds.]
[self_correction time measured : 0.00004 seconds.]
[EWALD time measured : 25.60927 seconds.]
pnrm = 2973740.69023801
------------------------------FMM vs Ewald------------------------------[24000]
L2  (p)  : 4.57147e+01   L2  (f)  : 4.04328e-05   L2  (e)  : 5.36096e-04
Rms (p)  : 5.08864e+02   Rms (f)  : 5.11669e-03
p-energy1 : 2.774607627984e+01
p-energy2 : 2.773120969004e+01

<rtfmm_3dpp_test_pbc>

input parameters=[
  P                    = 5
  n                    = 24000
  ncrit                = 128
  images               = 8
  cycle                = 6.2832
  ewald_ksize          = 11
  (f,d,e)              = (1,0,1)
  num_compare          = 24000
  th_num               = 8
  seed                 = 5
  check_tree           = 0
  timing               = 1
  verbose              = 0
  use_fft              = 1
  use_precompute       = 1
  use_simd             = 1
  dipole_correction    = 1
  zero_netcharge       = 1
  print_body_number    = 3
  divide_4pi           = 0
  setting_t            = 0
]

[build_tree time measured : 0.00392 seconds.]
[horizontal_periodic_near time measured : 0.01756 seconds.]
[make_M2L_parent_map_i1 time measured : 0.00940 seconds.]
[horizontal_periodic_far time measured : 0.00032 seconds.]
[t_image2 time measured : 0.00001 seconds.]
[traverse time measured : 0.02736 seconds.]
[build_and_traverse time measured : 0.03128 seconds.]
[init_cell_matrix time measured : 0.00025 seconds.]
[precompute_others time measured : 0.00979 seconds.]
[precompute_m2l time measured : 0.01658 seconds.]
[precompute time measured : 0.02638 seconds.]
[P2M time measured : 0.00200 seconds.]
[M2M time measured : 0.00136 seconds.]
[setup time measured : 0.00047 seconds.]
[prepare_memory time measured : 0.00046 seconds.]
[up time measured : 0.00110 seconds.]
[hadamard_8x8 time measured : 0.00699 seconds.]
[hadamard_1x27 time measured : 0.00068 seconds.]
[down time measured : 0.00078 seconds.]
[store time measured : 0.00004 seconds.]
[M2L time measured : 0.01098 seconds.]
[P2L time measured : 0.00000 seconds.]
[L2L time measured : 0.00093 seconds.]
[L2P time measured : 0.00150 seconds.]
[M2P time measured : 0.00000 seconds.]
[P2P time measured : 0.01226 seconds.]
[FMM_kernels time measured : 0.02909 seconds.]
[FMM time measured : 0.08860 seconds.]
[real_part time measured : 21.67286 seconds.]
[fourier_part time measured : 3.96205 seconds.]
[self_correction time measured : 0.00004 seconds.]
[EWALD time measured : 25.63798 seconds.]
pnrm = 2973740.69023801
------------------------------FMM vs Ewald------------------------------[24000]
L2  (p)  : 9.25689e+01   L2  (f)  : 7.48462e-05   L2  (e)  : 2.15953e-03
Rms (p)  : 1.03041e+03   Rms (f)  : 9.47164e-03
p-energy1 : 2.779109619621e+01
p-energy2 : 2.773120969004e+01

<rtfmm_3dpp_test_pbc>

input parameters=[
  P                    = 5
  n                    = 24000
  ncrit                = 128
  images               = 9
  cycle                = 6.2832
  ewald_ksize          = 11
  (f,d,e)              = (1,0,1)
  num_compare          = 24000
  th_num               = 8
  seed                 = 5
  check_tree           = 0
  timing               = 1
  verbose              = 0
  use_fft              = 1
  use_precompute       = 1
  use_simd             = 1
  dipole_correction    = 1
  zero_netcharge       = 1
  print_body_number    = 3
  divide_4pi           = 0
  setting_t            = 0
]

[build_tree time measured : 0.00261 seconds.]
[horizontal_periodic_near time measured : 0.01921 seconds.]
[make_M2L_parent_map_i1 time measured : 0.00681 seconds.]
[horizontal_periodic_far time measured : 0.00024 seconds.]
[t_image2 time measured : 0.00000 seconds.]
[traverse time measured : 0.02630 seconds.]
[build_and_traverse time measured : 0.02892 seconds.]
[init_cell_matrix time measured : 0.00024 seconds.]
[precompute_others time measured : 0.00660 seconds.]
[precompute_m2l time measured : 0.01587 seconds.]
[precompute time measured : 0.02247 seconds.]
[P2M time measured : 0.00133 seconds.]
[M2M time measured : 0.00123 seconds.]
[setup time measured : 0.00046 seconds.]
[prepare_memory time measured : 0.00038 seconds.]
[up time measured : 0.00082 seconds.]
[hadamard_8x8 time measured : 0.00770 seconds.]
[hadamard_1x27 time measured : 0.00058 seconds.]
[down time measured : 0.00078 seconds.]
[store time measured : 0.00004 seconds.]
[M2L time measured : 0.01120 seconds.]
[P2L time measured : 0.00000 seconds.]
[L2L time measured : 0.00088 seconds.]
[L2P time measured : 0.00148 seconds.]
[M2P time measured : 0.00000 seconds.]
[P2P time measured : 0.01286 seconds.]
[FMM_kernels time measured : 0.02904 seconds.]
[FMM time measured : 0.08215 seconds.]
[real_part time measured : 21.72000 seconds.]
[fourier_part time measured : 3.98863 seconds.]
[self_correction time measured : 0.00004 seconds.]
[EWALD time measured : 25.71163 seconds.]
pnrm = 2973740.69023801
------------------------------FMM vs Ewald------------------------------[24000]
L2  (p)  : 7.31020e+02   L2  (f)  : 5.73322e-04   L2  (e)  : 1.77458e-02
Rms (p)  : 8.13720e+03   Rms (f)  : 7.25528e-02
p-energy1 : 2.822332195943e+01
p-energy2 : 2.773120969004e+01

<rtfmm_3dpp_test_pbc>

input parameters=[
  P                    = 6
  n                    = 24000
  ncrit                = 128
  images               = 0
  cycle                = 6.2832
  ewald_ksize          = 11
  (f,d,e)              = (1,0,1)
  num_compare          = 24000
  th_num               = 8
  seed                 = 5
  check_tree           = 0
  timing               = 1
  verbose              = 0
  use_fft              = 1
  use_precompute       = 1
  use_simd             = 1
  dipole_correction    = 1
  zero_netcharge       = 1
  print_body_number    = 3
  divide_4pi           = 0
  setting_t            = 0
]

[build_tree time measured : 0.00213 seconds.]
[traverse time measured : 0.00815 seconds.]
[build_and_traverse time measured : 0.01029 seconds.]
[init_cell_matrix time measured : 0.00029 seconds.]
[precompute_others time measured : 0.01278 seconds.]
[precompute_m2l time measured : 0.01480 seconds.]
[precompute time measured : 0.02759 seconds.]
[P2M time measured : 0.00380 seconds.]
[M2M time measured : 0.00158 seconds.]
[setup time measured : 0.00034 seconds.]
[prepare_memory time measured : 0.00059 seconds.]
[up time measured : 0.00123 seconds.]
[hadamard_8x8 time measured : 0.00739 seconds.]
[down time measured : 0.00095 seconds.]
[store time measured : 0.00004 seconds.]
[M2L time measured : 0.01121 seconds.]
[P2L time measured : 0.00000 seconds.]
[L2L time measured : 0.00124 seconds.]
[L2P time measured : 0.00258 seconds.]
[M2P time measured : 0.00000 seconds.]
[P2P time measured : 0.00966 seconds.]
[FMM_kernels time measured : 0.03014 seconds.]
[FMM time measured : 0.06997 seconds.]
[real_part time measured : 21.69052 seconds.]
[fourier_part time measured : 3.98108 seconds.]
[self_correction time measured : 0.00004 seconds.]
[EWALD time measured : 25.67487 seconds.]
pnrm = 2973740.69023801
------------------------------FMM vs Ewald------------------------------[24000]
L2  (p)  : 4.48378e+01   L2  (f)  : 8.39721e-02   L2  (e)  : 1.01934e+01
Rms (p)  : 4.99103e+02   Rms (f)  : 1.06265e+01
p-energy1 : -2.549454756416e+02
p-energy2 : 2.773120969004e+01

<rtfmm_3dpp_test_pbc>

input parameters=[
  P                    = 6
  n                    = 24000
  ncrit                = 128
  images               = 1
  cycle                = 6.2832
  ewald_ksize          = 11
  (f,d,e)              = (1,0,1)
  num_compare          = 24000
  th_num               = 8
  seed                 = 5
  check_tree           = 0
  timing               = 1
  verbose              = 0
  use_fft              = 1
  use_precompute       = 1
  use_simd             = 1
  dipole_correction    = 1
  zero_netcharge       = 1
  print_body_number    = 3
  divide_4pi           = 0
  setting_t            = 0
]

[build_tree time measured : 0.00159 seconds.]
[horizontal_periodic_near time measured : 0.01494 seconds.]
[make_M2L_parent_map_i1 time measured : 0.00690 seconds.]
[traverse time measured : 0.02187 seconds.]
[build_and_traverse time measured : 0.02346 seconds.]
[init_cell_matrix time measured : 0.00027 seconds.]
[precompute_others time measured : 0.02502 seconds.]
[precompute_m2l time measured : 0.01712 seconds.]
[precompute time measured : 0.04216 seconds.]
[P2M time measured : 0.00363 seconds.]
[M2M time measured : 0.00170 seconds.]
[setup time measured : 0.00054 seconds.]
[prepare_memory time measured : 0.00080 seconds.]
[up time measured : 0.00136 seconds.]
[hadamard_8x8 time measured : 0.00839 seconds.]
[down time measured : 0.00151 seconds.]
[store time measured : 0.00005 seconds.]
[M2L time measured : 0.01327 seconds.]
[P2L time measured : 0.00000 seconds.]
[L2L time measured : 0.00159 seconds.]
[L2P time measured : 0.00215 seconds.]
[M2P time measured : 0.00000 seconds.]
[P2P time measured : 0.01151 seconds.]
[FMM_kernels time measured : 0.03391 seconds.]
[FMM time measured : 0.10119 seconds.]
[real_part time measured : 21.68020 seconds.]
[fourier_part time measured : 4.00305 seconds.]
[self_correction time measured : 0.00004 seconds.]
[EWALD time measured : 25.68599 seconds.]
pnrm = 2973740.69023801
------------------------------FMM vs Ewald------------------------------[24000]
L2  (p)  : 4.48377e+01   L2  (f)  : 1.66203e-03   L2  (e)  : 4.50576e-01
Rms (p)  : 4.99102e+02   Rms (f)  : 2.10327e-01
p-energy1 : 1.523619723846e+01
p-energy2 : 2.773120969004e+01

<rtfmm_3dpp_test_pbc>

input parameters=[
  P                    = 6
  n                    = 24000
  ncrit                = 128
  images               = 2
  cycle                = 6.2832
  ewald_ksize          = 11
  (f,d,e)              = (1,0,1)
  num_compare          = 24000
  th_num               = 8
  seed                 = 5
  check_tree           = 0
  timing               = 1
  verbose              = 0
  use_fft              = 1
  use_precompute       = 1
  use_simd             = 1
  dipole_correction    = 1
  zero_netcharge       = 1
  print_body_number    = 3
  divide_4pi           = 0
  setting_t            = 0
]

[build_tree time measured : 0.00260 seconds.]
[horizontal_periodic_near time measured : 0.01729 seconds.]
[make_M2L_parent_map_i1 time measured : 0.00662 seconds.]
[horizontal_periodic_far time measured : 0.00003 seconds.]
[t_image2 time measured : 0.00000 seconds.]
[traverse time measured : 0.02397 seconds.]
[build_and_traverse time measured : 0.02658 seconds.]
[init_cell_matrix time measured : 0.00026 seconds.]
[precompute_others time measured : 0.01822 seconds.]
[precompute_m2l time measured : 0.01841 seconds.]
[precompute time measured : 0.03664 seconds.]
[P2M time measured : 0.00371 seconds.]
[M2M time measured : 0.00210 seconds.]
[setup time measured : 0.00055 seconds.]
[prepare_memory time measured : 0.00083 seconds.]
[up time measured : 0.00219 seconds.]
[hadamard_8x8 time measured : 0.01020 seconds.]
[hadamard_1x27 time measured : 0.00019 seconds.]
[down time measured : 0.00088 seconds.]
[store time measured : 0.00005 seconds.]
[M2L time measured : 0.01552 seconds.]
[P2L time measured : 0.00000 seconds.]
[L2L time measured : 0.00163 seconds.]
[L2P time measured : 0.00230 seconds.]
[M2P time measured : 0.00000 seconds.]
[P2P time measured : 0.01181 seconds.]
[FMM_kernels time measured : 0.03713 seconds.]
[FMM time measured : 0.10201 seconds.]
[real_part time measured : 21.70548 seconds.]
[fourier_part time measured : 4.03140 seconds.]
[self_correction time measured : 0.00004 seconds.]
[EWALD time measured : 25.73979 seconds.]
pnrm = 2973740.69023801
------------------------------FMM vs Ewald------------------------------[24000]
L2  (p)  : 4.48377e+01   L2  (f)  : 1.83748e-04   L2  (e)  : 4.81843e-02
Rms (p)  : 4.99102e+02   Rms (f)  : 2.32529e-02
p-energy1 : 2.639499940725e+01
p-energy2 : 2.773120969004e+01

<rtfmm_3dpp_test_pbc>

input parameters=[
  P                    = 6
  n                    = 24000
  ncrit                = 128
  images               = 3
  cycle                = 6.2832
  ewald_ksize          = 11
  (f,d,e)              = (1,0,1)
  num_compare          = 24000
  th_num               = 8
  seed                 = 5
  check_tree           = 0
  timing               = 1
  verbose              = 0
  use_fft              = 1
  use_precompute       = 1
  use_simd             = 1
  dipole_correction    = 1
  zero_netcharge       = 1
  print_body_number    = 3
  divide_4pi           = 0
  setting_t            = 0
]

[build_tree time measured : 0.00258 seconds.]
[horizontal_periodic_near time measured : 0.01759 seconds.]
[make_M2L_parent_map_i1 time measured : 0.00849 seconds.]
[horizontal_periodic_far time measured : 0.00013 seconds.]
[t_image2 time measured : 0.00001 seconds.]
[traverse time measured : 0.02627 seconds.]
[build_and_traverse time measured : 0.02886 seconds.]
[init_cell_matrix time measured : 0.00054 seconds.]
[precompute_others time measured : 0.02396 seconds.]
[precompute_m2l time measured : 0.02292 seconds.]
[precompute time measured : 0.04690 seconds.]
[P2M time measured : 0.00245 seconds.]
[M2M time measured : 0.00175 seconds.]
[setup time measured : 0.00045 seconds.]
[prepare_memory time measured : 0.00062 seconds.]
[up time measured : 0.00182 seconds.]
[hadamard_8x8 time measured : 0.01182 seconds.]
[hadamard_1x27 time measured : 0.00039 seconds.]
[down time measured : 0.00098 seconds.]
[store time measured : 0.00004 seconds.]
[M2L time measured : 0.01680 seconds.]
[P2L time measured : 0.00000 seconds.]
[L2L time measured : 0.00137 seconds.]
[L2P time measured : 0.00259 seconds.]
[M2P time measured : 0.00000 seconds.]
[P2P time measured : 0.01570 seconds.]
[FMM_kernels time measured : 0.04073 seconds.]
[FMM time measured : 0.11842 seconds.]
[real_part time measured : 21.68100 seconds.]
[fourier_part time measured : 3.92578 seconds.]
[self_correction time measured : 0.00004 seconds.]
[EWALD time measured : 25.61012 seconds.]
pnrm = 2973740.69023801
------------------------------FMM vs Ewald------------------------------[24000]
L2  (p)  : 4.48377e+01   L2  (f)  : 2.16405e-05   L2  (e)  : 5.27705e-03
Rms (p)  : 4.99102e+02   Rms (f)  : 2.73856e-03
p-energy1 : 2.758487072332e+01
p-energy2 : 2.773120969004e+01

<rtfmm_3dpp_test_pbc>

input parameters=[
  P                    = 6
  n                    = 24000
  ncrit                = 128
  images               = 4
  cycle                = 6.2832
  ewald_ksize          = 11
  (f,d,e)              = (1,0,1)
  num_compare          = 24000
  th_num               = 8
  seed                 = 5
  check_tree           = 0
  timing               = 1
  verbose              = 0
  use_fft              = 1
  use_precompute       = 1
  use_simd             = 1
  dipole_correction    = 1
  zero_netcharge       = 1
  print_body_number    = 3
  divide_4pi           = 0
  setting_t            = 0
]

[build_tree time measured : 0.00372 seconds.]
[horizontal_periodic_near time measured : 0.01678 seconds.]
[make_M2L_parent_map_i1 time measured : 0.00833 seconds.]
[horizontal_periodic_far time measured : 0.00008 seconds.]
[t_image2 time measured : 0.00000 seconds.]
[traverse time measured : 0.02523 seconds.]
[build_and_traverse time measured : 0.02896 seconds.]
[init_cell_matrix time measured : 0.00025 seconds.]
[precompute_others time measured : 0.01845 seconds.]
[precompute_m2l time measured : 0.02033 seconds.]
[precompute time measured : 0.03879 seconds.]
[P2M time measured : 0.00248 seconds.]
[M2M time measured : 0.00179 seconds.]
[setup time measured : 0.00056 seconds.]
[prepare_memory time measured : 0.00062 seconds.]
[up time measured : 0.00196 seconds.]
[hadamard_8x8 time measured : 0.01071 seconds.]
[hadamard_1x27 time measured : 0.00036 seconds.]
[down time measured : 0.00104 seconds.]
[store time measured : 0.00006 seconds.]
[M2L time measured : 0.01606 seconds.]
[P2L time measured : 0.00000 seconds.]
[L2L time measured : 0.00173 seconds.]
[L2P time measured : 0.00261 seconds.]
[M2P time measured : 0.00000 seconds.]
[P2P time measured : 0.01436 seconds.]
[FMM_kernels time measured : 0.03910 seconds.]
[FMM time measured : 0.10877 seconds.]
[real_part time measured : 21.58111 seconds.]
[fourier_part time measured : 3.98201 seconds.]
[self_correction time measured : 0.00004 seconds.]
[EWALD time measured : 25.56671 seconds.]
pnrm = 2973740.69023801
------------------------------FMM vs Ewald------------------------------[24000]
L2  (p)  : 4.48378e+01   L2  (f)  : 6.91785e-06   L2  (e)  : 4.01343e-04
Rms (p)  : 4.99103e+02   Rms (f)  : 8.75440e-04
p-energy1 : 2.772007996355e+01
p-energy2 : 2.773120969004e+01

<rtfmm_3dpp_test_pbc>

input parameters=[
  P                    = 6
  n                    = 24000
  ncrit                = 128
  images               = 5
  cycle                = 6.2832
  ewald_ksize          = 11
  (f,d,e)              = (1,0,1)
  num_compare          = 24000
  th_num               = 8
  seed                 = 5
  check_tree           = 0
  timing               = 1
  verbose              = 0
  use_fft              = 1
  use_precompute       = 1
  use_simd             = 1
  dipole_correction    = 1
  zero_netcharge       = 1
  print_body_number    = 3
  divide_4pi           = 0
  setting_t            = 0
]

[build_tree time measured : 0.00364 seconds.]
[horizontal_periodic_near time measured : 0.01728 seconds.]
[make_M2L_parent_map_i1 time measured : 0.00943 seconds.]
[horizontal_periodic_far time measured : 0.00018 seconds.]
[t_image2 time measured : 0.00001 seconds.]
[traverse time measured : 0.02695 seconds.]
[build_and_traverse time measured : 0.03060 seconds.]
[init_cell_matrix time measured : 0.00048 seconds.]
[precompute_others time measured : 0.02274 seconds.]
[precompute_m2l time measured : 0.02066 seconds.]
[precompute time measured : 0.04341 seconds.]
[P2M time measured : 0.00377 seconds.]
[M2M time measured : 0.00310 seconds.]
[setup time measured : 0.00077 seconds.]
[prepare_memory time measured : 0.00079 seconds.]
[up time measured : 0.00256 seconds.]
[hadamard_8x8 time measured : 0.01357 seconds.]
[hadamard_1x27 time measured : 0.00047 seconds.]
[down time measured : 0.00103 seconds.]
[store time measured : 0.00006 seconds.]
[M2L time measured : 0.02001 seconds.]
[P2L time measured : 0.00000 seconds.]
[L2L time measured : 0.00180 seconds.]
[L2P time measured : 0.00395 seconds.]
[M2P time measured : 0.00000 seconds.]
[P2P time measured : 0.01554 seconds.]
[FMM_kernels time measured : 0.04824 seconds.]
[FMM time measured : 0.12441 seconds.]
[real_part time measured : 21.69418 seconds.]
[fourier_part time measured : 4.01800 seconds.]
[self_correction time measured : 0.00004 seconds.]
[EWALD time measured : 25.71588 seconds.]
pnrm = 2973740.69023801
------------------------------FMM vs Ewald------------------------------[24000]
L2  (p)  : 4.48378e+01   L2  (f)  : 6.47026e-06   L2  (e)  : 2.50108e-04
Rms (p)  : 4.99103e+02   Rms (f)  : 8.18799e-04
p-energy1 : 2.773814549285e+01
p-energy2 : 2.773120969004e+01

<rtfmm_3dpp_test_pbc>

input parameters=[
  P                    = 6
  n                    = 24000
  ncrit                = 128
  images               = 6
  cycle                = 6.2832
  ewald_ksize          = 11
  (f,d,e)              = (1,0,1)
  num_compare          = 24000
  th_num               = 8
  seed                 = 5
  check_tree           = 0
  timing               = 1
  verbose              = 0
  use_fft              = 1
  use_precompute       = 1
  use_simd             = 1
  dipole_correction    = 1
  zero_netcharge       = 1
  print_body_number    = 3
  divide_4pi           = 0
  setting_t            = 0
]

[build_tree time measured : 0.00301 seconds.]
[horizontal_periodic_near time measured : 0.01500 seconds.]
[make_M2L_parent_map_i1 time measured : 0.00684 seconds.]
[horizontal_periodic_far time measured : 0.00011 seconds.]
[t_image2 time measured : 0.00000 seconds.]
[traverse time measured : 0.02199 seconds.]
[build_and_traverse time measured : 0.02500 seconds.]
[init_cell_matrix time measured : 0.00027 seconds.]
[precompute_others time measured : 0.01831 seconds.]
[precompute_m2l time measured : 0.02050 seconds.]
[precompute time measured : 0.03882 seconds.]
[P2M time measured : 0.00393 seconds.]
[M2M time measured : 0.00255 seconds.]
[setup time measured : 0.00058 seconds.]
[prepare_memory time measured : 0.00085 seconds.]
[up time measured : 0.00141 seconds.]
[hadamard_8x8 time measured : 0.00836 seconds.]
[hadamard_1x27 time measured : 0.00046 seconds.]
[down time measured : 0.00129 seconds.]
[store time measured : 0.00006 seconds.]
[M2L time measured : 0.01375 seconds.]
[P2L time measured : 0.00000 seconds.]
[L2L time measured : 0.00180 seconds.]
[L2P time measured : 0.00311 seconds.]
[M2P time measured : 0.00000 seconds.]
[P2P time measured : 0.01319 seconds.]
[FMM_kernels time measured : 0.03840 seconds.]
[FMM time measured : 0.10385 seconds.]
[real_part time measured : 21.68532 seconds.]
[fourier_part time measured : 3.90241 seconds.]
[self_correction time measured : 0.00004 seconds.]
[EWALD time measured : 25.59125 seconds.]
pnrm = 2973740.69023801
------------------------------FMM vs Ewald------------------------------[24000]
L2  (p)  : 4.48383e+01   L2  (f)  : 6.46722e-06   L2  (e)  : 4.32718e-04
Rms (p)  : 4.99108e+02   Rms (f)  : 8.18413e-04
p-energy1 : 2.774320948538e+01
p-energy2 : 2.773120969004e+01

<rtfmm_3dpp_test_pbc>

input parameters=[
  P                    = 6
  n                    = 24000
  ncrit                = 128
  images               = 7
  cycle                = 6.2832
  ewald_ksize          = 11
  (f,d,e)              = (1,0,1)
  num_compare          = 24000
  th_num               = 8
  seed                 = 5
  check_tree           = 0
  timing               = 1
  verbose              = 0
  use_fft              = 1
  use_precompute       = 1
  use_simd             = 1
  dipole_correction    = 1
  zero_netcharge       = 1
  print_body_number    = 3
  divide_4pi           = 0
  setting_t            = 0
]

[build_tree time measured : 0.00258 seconds.]
[horizontal_periodic_near time measured : 0.01771 seconds.]
[make_M2L_parent_map_i1 time measured : 0.00673 seconds.]
[horizontal_periodic_far time measured : 0.00015 seconds.]
[t_image2 time measured : 0.00000 seconds.]
[traverse time measured : 0.02463 seconds.]
[build_and_traverse time measured : 0.02721 seconds.]
[init_cell_matrix time measured : 0.00028 seconds.]
[precompute_others time measured : 0.01816 seconds.]
[precompute_m2l time measured : 0.01924 seconds.]
[precompute time measured : 0.03742 seconds.]
[P2M time measured : 0.00245 seconds.]
[M2M time measured : 0.00205 seconds.]
[setup time measured : 0.00047 seconds.]
[prepare_memory time measured : 0.00062 seconds.]
[up time measured : 0.00190 seconds.]
[hadamard_8x8 time measured : 0.01180 seconds.]
[hadamard_1x27 time measured : 0.00073 seconds.]
[down time measured : 0.00118 seconds.]
[store time measured : 0.00006 seconds.]
[M2L time measured : 0.01750 seconds.]
[P2L time measured : 0.00000 seconds.]
[L2L time measured : 0.00142 seconds.]
[L2P time measured : 0.00397 seconds.]
[M2P time measured : 0.00000 seconds.]
[P2P time measured : 0.01593 seconds.]
[FMM_kernels time measured : 0.04339 seconds.]
[FMM time measured : 0.11003 seconds.]
[real_part time measured : 21.68179 seconds.]
[fourier_part time measured : 3.97457 seconds.]
[self_correction time measured : 0.00004 seconds.]
[EWALD time measured : 25.65975 seconds.]
pnrm = 2973740.69023801
------------------------------FMM vs Ewald------------------------------[24000]
L2  (p)  : 4.48582e+01   L2  (f)  : 6.49009e-06   L2  (e)  : 5.66832e-04
Rms (p)  : 4.99330e+02   Rms (f)  : 8.21308e-04
p-energy1 : 2.774692864068e+01
p-energy2 : 2.773120969004e+01

<rtfmm_3dpp_test_pbc>

input parameters=[
  P                    = 6
  n                    = 24000
  ncrit                = 128
  images               = 8
  cycle                = 6.2832
  ewald_ksize          = 11
  (f,d,e)              = (1,0,1)
  num_compare          = 24000
  th_num               = 8
  seed                 = 5
  check_tree           = 0
  timing               = 1
  verbose              = 0
  use_fft              = 1
  use_precompute       = 1
  use_simd             = 1
  dipole_correction    = 1
  zero_netcharge       = 1
  print_body_number    = 3
  divide_4pi           = 0
  setting_t            = 0
]

[build_tree time measured : 0.00257 seconds.]
[horizontal_periodic_near time measured : 0.01803 seconds.]
[make_M2L_parent_map_i1 time measured : 0.00656 seconds.]
[horizontal_periodic_far time measured : 0.00015 seconds.]
[t_image2 time measured : 0.00000 seconds.]
[traverse time measured : 0.02477 seconds.]
[build_and_traverse time measured : 0.02734 seconds.]
[init_cell_matrix time measured : 0.00026 seconds.]
[precompute_others time measured : 0.01822 seconds.]
[precompute_m2l time measured : 0.02059 seconds.]
[precompute time measured : 0.03882 seconds.]
[P2M time measured : 0.00245 seconds.]
[M2M time measured : 0.00320 seconds.]
[setup time measured : 0.00059 seconds.]
[prepare_memory time measured : 0.00065 seconds.]
[up time measured : 0.00140 seconds.]
[hadamard_8x8 time measured : 0.01225 seconds.]
[hadamard_1x27 time measured : 0.00071 seconds.]
[down time measured : 0.00147 seconds.]
[store time measured : 0.00007 seconds.]
[M2L time measured : 0.01791 seconds.]
[P2L time measured : 0.00000 seconds.]
[L2L time measured : 0.00196 seconds.]
[L2P time measured : 0.00406 seconds.]
[M2P time measured : 0.00000 seconds.]
[P2P time measured : 0.01237 seconds.]
[FMM_kernels time measured : 0.04201 seconds.]
[FMM time measured : 0.10998 seconds.]
[real_part time measured : 21.69564 seconds.]
[fourier_part time measured : 3.93899 seconds.]
[self_correction time measured : 0.00004 seconds.]
[EWALD time measured : 25.63743 seconds.]
pnrm = 2973740.69023801
------------------------------FMM vs Ewald------------------------------[24000]
L2  (p)  : 4.62757e+01   L2  (f)  : 7.08275e-06   L2  (e)  : 7.27803e-04
Rms (p)  : 5.15108e+02   Rms (f)  : 8.96308e-04
p-energy1 : 2.775139253826e+01
p-energy2 : 2.773120969004e+01

<rtfmm_3dpp_test_pbc>

input parameters=[
  P                    = 6
  n                    = 24000
  ncrit                = 128
  images               = 9
  cycle                = 6.2832
  ewald_ksize          = 11
  (f,d,e)              = (1,0,1)
  num_compare          = 24000
  th_num               = 8
  seed                 = 5
  check_tree           = 0
  timing               = 1
  verbose              = 0
  use_fft              = 1
  use_precompute       = 1
  use_simd             = 1
  dipole_correction    = 1
  zero_netcharge       = 1
  print_body_number    = 3
  divide_4pi           = 0
  setting_t            = 0
]

[build_tree time measured : 0.00247 seconds.]
[horizontal_periodic_near time measured : 0.01806 seconds.]
[make_M2L_parent_map_i1 time measured : 0.00627 seconds.]
[horizontal_periodic_far time measured : 0.00017 seconds.]
[t_image2 time measured : 0.00000 seconds.]
[traverse time measured : 0.02453 seconds.]
[build_and_traverse time measured : 0.02701 seconds.]
[init_cell_matrix time measured : 0.00026 seconds.]
[precompute_others time measured : 0.02149 seconds.]
[precompute_m2l time measured : 0.02243 seconds.]
[precompute time measured : 0.04394 seconds.]
[P2M time measured : 0.00251 seconds.]
[M2M time measured : 0.00342 seconds.]
[setup time measured : 0.00079 seconds.]
[prepare_memory time measured : 0.00082 seconds.]
[up time measured : 0.00270 seconds.]
[hadamard_8x8 time measured : 0.01042 seconds.]
[hadamard_1x27 time measured : 0.00099 seconds.]
[down time measured : 0.00145 seconds.]
[store time measured : 0.00007 seconds.]
[M2L time measured : 0.01809 seconds.]
[P2L time measured : 0.00000 seconds.]
[L2L time measured : 0.00170 seconds.]
[L2P time measured : 0.00259 seconds.]
[M2P time measured : 0.00000 seconds.]
[P2P time measured : 0.01695 seconds.]
[FMM_kernels time measured : 0.04534 seconds.]
[FMM time measured : 0.11807 seconds.]
[real_part time measured : 21.67362 seconds.]
[fourier_part time measured : 3.98297 seconds.]
[self_correction time measured : 0.00004 seconds.]
[EWALD time measured : 25.65946 seconds.]
pnrm = 2973740.69023801
------------------------------FMM vs Ewald------------------------------[24000]
L2  (p)  : 1.11641e+02   L2  (f)  : 2.54094e-05   L2  (e)  : 1.18194e-03
Rms (p)  : 1.24271e+03   Rms (f)  : 3.21551e-03
p-energy1 : 2.776398630409e+01
p-energy2 : 2.773120969004e+01

<rtfmm_3dpp_test_pbc>

input parameters=[
  P                    = 7
  n                    = 24000
  ncrit                = 128
  images               = 0
  cycle                = 6.2832
  ewald_ksize          = 11
  (f,d,e)              = (1,0,1)
  num_compare          = 24000
  th_num               = 8
  seed                 = 5
  check_tree           = 0
  timing               = 1
  verbose              = 0
  use_fft              = 1
  use_precompute       = 1
  use_simd             = 1
  dipole_correction    = 1
  zero_netcharge       = 1
  print_body_number    = 3
  divide_4pi           = 0
  setting_t            = 0
]

[build_tree time measured : 0.00375 seconds.]
[traverse time measured : 0.00903 seconds.]
[build_and_traverse time measured : 0.01279 seconds.]
[init_cell_matrix time measured : 0.00042 seconds.]
[precompute_others time measured : 0.03094 seconds.]
[precompute_m2l time measured : 0.02050 seconds.]
[precompute time measured : 0.05144 seconds.]
[P2M time measured : 0.00406 seconds.]
[M2M time measured : 0.00153 seconds.]
[setup time measured : 0.00042 seconds.]
[prepare_memory time measured : 0.00085 seconds.]
[up time measured : 0.00229 seconds.]
[hadamard_8x8 time measured : 0.00792 seconds.]
[down time measured : 0.00135 seconds.]
[store time measured : 0.00005 seconds.]
[M2L time measured : 0.01377 seconds.]
[P2L time measured : 0.00000 seconds.]
[L2L time measured : 0.00195 seconds.]
[L2P time measured : 0.00521 seconds.]
[M2P time measured : 0.00000 seconds.]
[P2P time measured : 0.01110 seconds.]
[FMM_kernels time measured : 0.03768 seconds.]
[FMM time measured : 0.10381 seconds.]
[real_part time measured : 21.68960 seconds.]
[fourier_part time measured : 4.01344 seconds.]
[self_correction time measured : 0.00004 seconds.]
[EWALD time measured : 25.70590 seconds.]
pnrm = 2973740.69023801
------------------------------FMM vs Ewald------------------------------[24000]
L2  (p)  : 4.48378e+01   L2  (f)  : 8.39721e-02   L2  (e)  : 1.01934e+01
Rms (p)  : 4.99103e+02   Rms (f)  : 1.06265e+01
p-energy1 : -2.549451432728e+02
p-energy2 : 2.773120969004e+01

slurmstepd-am4: error: *** JOB 153048 ON am4 CANCELLED AT 2024-01-30T20:18:50 ***
