Sun Jan 28 22:34:41 2024       
+---------------------------------------------------------------------------------------+
| NVIDIA-SMI 535.54.03              Driver Version: 535.54.03    CUDA Version: 12.2     |
|-----------------------------------------+----------------------+----------------------+
| GPU  Name                 Persistence-M | Bus-Id        Disp.A | Volatile Uncorr. ECC |
| Fan  Temp   Perf          Pwr:Usage/Cap |         Memory-Usage | GPU-Util  Compute M. |
|                                         |                      |               MIG M. |
|=========================================+======================+======================|
|   0  NVIDIA RTX 6000 Ada Gene...    Off | 00000000:61:00.0 Off |                  Off |
| 30%   34C    P8              28W / 300W |     16MiB / 49140MiB |      0%      Default |
|                                         |                      |                  N/A |
+-----------------------------------------+----------------------+----------------------+
                                                                                         
+---------------------------------------------------------------------------------------+
| Processes:                                                                            |
|  GPU   GI   CI        PID   Type   Process name                            GPU Memory |
|        ID   ID                                                             Usage      |
|=======================================================================================|
+---------------------------------------------------------------------------------------+
<rtfmm_3dpp_test_pbc>

input parameters=[
  P                    = 6
  n                    = 24000
  ncrit                = 128
  images               = 0
  cycle                = 6.2832
  ewald_ksize          = 11
  (f,d,e)              = (1,0,1)
  num_compare          = 24000
  th_num               = 8
  seed                 = 5
  check_tree           = 0
  timing               = 1
  verbose              = 0
  use_fft              = 1
  use_precompute       = 1
  use_simd             = 1
  dipole_correction    = 1
  zero_netcharge       = 1
  print_body_number    = 3
  divide_4pi           = 0
  setting_t            = 0
]

[tree_traverse time measured : 0.01334 seconds.]
[init_cell_matrix time measured : 0.00043 seconds.]
[precompute_others time measured : 0.02006 seconds.]
[precompute_m2l time measured : 0.01840 seconds.]
[precompute time measured : 0.03848 seconds.]
[P2M time measured : 0.00126 seconds.]
[M2M time measured : 0.00065 seconds.]
[setup time measured : 0.00035 seconds.]
[prepare_memory time measured : 0.00051 seconds.]
[up time measured : 0.00086 seconds.]
[hadamard_8x8 time measured : 0.00237 seconds.]
[down time measured : 0.00054 seconds.]
[store time measured : 0.00004 seconds.]
[M2L time measured : 0.00535 seconds.]
[P2L time measured : 0.00000 seconds.]
[L2L time measured : 0.00077 seconds.]
[L2P time measured : 0.00128 seconds.]
[M2P time measured : 0.00000 seconds.]
[P2P time measured : 0.00433 seconds.]
[FMM_kernels time measured : 0.01377 seconds.]
[FMM time measured : 0.06772 seconds.]
[real_part time measured : 23.27760 seconds.]
[fourier_part time measured : 2.11031 seconds.]
[self_correction time measured : 0.00009 seconds.]
[EWALD time measured : 25.39122 seconds.]
pnrm = 2973740.69023801
------------------------------FMM vs Ewald------------------------------[24000]
L2  (p)  : 4.48378e+01   L2  (f)  : 8.39721e-02   L2  (e)  : 1.01934e+01
Rms (p)  : 4.99103e+02   Rms (f)  : 1.06265e+01
p-energy1 : -2.549454756416e+02
p-energy2 : 2.773120969004e+01

<rtfmm_3dpp_test_pbc>

input parameters=[
  P                    = 6
  n                    = 24000
  ncrit                = 128
  images               = 1
  cycle                = 6.2832
  ewald_ksize          = 11
  (f,d,e)              = (1,0,1)
  num_compare          = 24000
  th_num               = 8
  seed                 = 5
  check_tree           = 0
  timing               = 1
  verbose              = 0
  use_fft              = 1
  use_precompute       = 1
  use_simd             = 1
  dipole_correction    = 1
  zero_netcharge       = 1
  print_body_number    = 3
  divide_4pi           = 0
  setting_t            = 0
]

[tree_traverse time measured : 0.03200 seconds.]
[init_cell_matrix time measured : 0.00033 seconds.]
[precompute_others time measured : 0.02155 seconds.]
[precompute_m2l time measured : 0.01319 seconds.]
[precompute time measured : 0.03477 seconds.]
[P2M time measured : 0.00124 seconds.]
[M2M time measured : 0.00068 seconds.]
[setup time measured : 0.00057 seconds.]
[prepare_memory time measured : 0.00048 seconds.]
[up time measured : 0.00083 seconds.]
[hadamard_8x8 time measured : 0.00371 seconds.]
[down time measured : 0.00055 seconds.]
[store time measured : 0.00004 seconds.]
[M2L time measured : 0.00688 seconds.]
[P2L time measured : 0.00000 seconds.]
[L2L time measured : 0.00079 seconds.]
[L2P time measured : 0.00121 seconds.]
[M2P time measured : 0.00000 seconds.]
[P2P time measured : 0.00553 seconds.]
[FMM_kernels time measured : 0.01646 seconds.]
[FMM time measured : 0.08536 seconds.]
[real_part time measured : 23.26138 seconds.]
[fourier_part time measured : 2.11126 seconds.]
[self_correction time measured : 0.00010 seconds.]
[EWALD time measured : 25.37580 seconds.]
pnrm = 2973740.69023801
------------------------------FMM vs Ewald------------------------------[24000]
L2  (p)  : 4.48377e+01   L2  (f)  : 1.66203e-03   L2  (e)  : 4.50576e-01
Rms (p)  : 4.99102e+02   Rms (f)  : 2.10327e-01
p-energy1 : 1.523619723846e+01
p-energy2 : 2.773120969004e+01

<rtfmm_3dpp_test_pbc>

input parameters=[
  P                    = 6
  n                    = 24000
  ncrit                = 128
  images               = 2
  cycle                = 6.2832
  ewald_ksize          = 11
  (f,d,e)              = (1,0,1)
  num_compare          = 24000
  th_num               = 8
  seed                 = 5
  check_tree           = 0
  timing               = 1
  verbose              = 0
  use_fft              = 1
  use_precompute       = 1
  use_simd             = 1
  dipole_correction    = 1
  zero_netcharge       = 1
  print_body_number    = 3
  divide_4pi           = 0
  setting_t            = 0
]

[tree_traverse time measured : 0.03287 seconds.]
[init_cell_matrix time measured : 0.00035 seconds.]
[precompute_others time measured : 0.02056 seconds.]
[precompute_m2l time measured : 0.01816 seconds.]
[precompute time measured : 0.03874 seconds.]
[P2M time measured : 0.00125 seconds.]
[M2M time measured : 0.00103 seconds.]
[setup time measured : 0.00051 seconds.]
[prepare_memory time measured : 0.00052 seconds.]
[up time measured : 0.00085 seconds.]
[hadamard_8x8 time measured : 0.00371 seconds.]
[hadamard_1x27 time measured : 0.00020 seconds.]
[down time measured : 0.00061 seconds.]
[store time measured : 0.00004 seconds.]
[M2L time measured : 0.00714 seconds.]
[P2L time measured : 0.00000 seconds.]
[L2L time measured : 0.00099 seconds.]
[L2P time measured : 0.00156 seconds.]
[M2P time measured : 0.00000 seconds.]
[P2P time measured : 0.00820 seconds.]
[FMM_kernels time measured : 0.02032 seconds.]
[FMM time measured : 0.09510 seconds.]
[real_part time measured : 23.29348 seconds.]
[fourier_part time measured : 2.12389 seconds.]
[self_correction time measured : 0.00007 seconds.]
[EWALD time measured : 25.42050 seconds.]
pnrm = 2973740.69023801
------------------------------FMM vs Ewald------------------------------[24000]
L2  (p)  : 4.48377e+01   L2  (f)  : 1.83748e-04   L2  (e)  : 4.81843e-02
Rms (p)  : 4.99102e+02   Rms (f)  : 2.32529e-02
p-energy1 : 2.639499940725e+01
p-energy2 : 2.773120969004e+01

<rtfmm_3dpp_test_pbc>

input parameters=[
  P                    = 6
  n                    = 24000
  ncrit                = 128
  images               = 3
  cycle                = 6.2832
  ewald_ksize          = 11
  (f,d,e)              = (1,0,1)
  num_compare          = 24000
  th_num               = 8
  seed                 = 5
  check_tree           = 0
  timing               = 1
  verbose              = 0
  use_fft              = 1
  use_precompute       = 1
  use_simd             = 1
  dipole_correction    = 1
  zero_netcharge       = 1
  print_body_number    = 3
  divide_4pi           = 0
  setting_t            = 0
]

[tree_traverse time measured : 0.03196 seconds.]
[init_cell_matrix time measured : 0.00035 seconds.]
[precompute_others time measured : 0.02076 seconds.]
[precompute_m2l time measured : 0.01865 seconds.]
[precompute time measured : 0.03944 seconds.]
[P2M time measured : 0.00136 seconds.]
[M2M time measured : 0.00142 seconds.]
[setup time measured : 0.00058 seconds.]
[prepare_memory time measured : 0.00049 seconds.]
[up time measured : 0.00089 seconds.]
[hadamard_8x8 time measured : 0.00372 seconds.]
[hadamard_1x27 time measured : 0.00017 seconds.]
[down time measured : 0.00058 seconds.]
[store time measured : 0.00003 seconds.]
[M2L time measured : 0.00781 seconds.]
[P2L time measured : 0.00000 seconds.]
[L2L time measured : 0.00092 seconds.]
[L2P time measured : 0.00135 seconds.]
[M2P time measured : 0.00000 seconds.]
[P2P time measured : 0.00562 seconds.]
[FMM_kernels time measured : 0.01860 seconds.]
[FMM time measured : 0.09209 seconds.]
[real_part time measured : 23.29244 seconds.]
[fourier_part time measured : 2.11083 seconds.]
[self_correction time measured : 0.00008 seconds.]
[EWALD time measured : 25.40642 seconds.]
pnrm = 2973740.69023801
------------------------------FMM vs Ewald------------------------------[24000]
L2  (p)  : 4.48377e+01   L2  (f)  : 2.16405e-05   L2  (e)  : 5.27705e-03
Rms (p)  : 4.99102e+02   Rms (f)  : 2.73856e-03
p-energy1 : 2.758487072332e+01
p-energy2 : 2.773120969004e+01

<rtfmm_3dpp_test_pbc>

input parameters=[
  P                    = 6
  n                    = 24000
  ncrit                = 128
  images               = 4
  cycle                = 6.2832
  ewald_ksize          = 11
  (f,d,e)              = (1,0,1)
  num_compare          = 24000
  th_num               = 8
  seed                 = 5
  check_tree           = 0
  timing               = 1
  verbose              = 0
  use_fft              = 1
  use_precompute       = 1
  use_simd             = 1
  dipole_correction    = 1
  zero_netcharge       = 1
  print_body_number    = 3
  divide_4pi           = 0
  setting_t            = 0
]

[tree_traverse time measured : 0.03438 seconds.]
[init_cell_matrix time measured : 0.00033 seconds.]
[precompute_others time measured : 0.01608 seconds.]
[precompute_m2l time measured : 0.01842 seconds.]
[precompute time measured : 0.03452 seconds.]
[P2M time measured : 0.00148 seconds.]
[M2M time measured : 0.00187 seconds.]
[setup time measured : 0.00090 seconds.]
[prepare_memory time measured : 0.00050 seconds.]
[up time measured : 0.00142 seconds.]
[hadamard_8x8 time measured : 0.00636 seconds.]
[hadamard_1x27 time measured : 0.00020 seconds.]
[down time measured : 0.00060 seconds.]
[store time measured : 0.00004 seconds.]
[M2L time measured : 0.01077 seconds.]
[P2L time measured : 0.00000 seconds.]
[L2L time measured : 0.00116 seconds.]
[L2P time measured : 0.00126 seconds.]
[M2P time measured : 0.00000 seconds.]
[P2P time measured : 0.00555 seconds.]
[FMM_kernels time measured : 0.02222 seconds.]
[FMM time measured : 0.09330 seconds.]
[real_part time measured : 23.28077 seconds.]
[fourier_part time measured : 2.10986 seconds.]
[self_correction time measured : 0.00012 seconds.]
[EWALD time measured : 25.39378 seconds.]
pnrm = 2973740.69023801
------------------------------FMM vs Ewald------------------------------[24000]
L2  (p)  : 4.48378e+01   L2  (f)  : 6.91785e-06   L2  (e)  : 4.01343e-04
Rms (p)  : 4.99103e+02   Rms (f)  : 8.75440e-04
p-energy1 : 2.772007996355e+01
p-energy2 : 2.773120969004e+01

<rtfmm_3dpp_test_pbc>

input parameters=[
  P                    = 6
  n                    = 24000
  ncrit                = 128
  images               = 5
  cycle                = 6.2832
  ewald_ksize          = 11
  (f,d,e)              = (1,0,1)
  num_compare          = 24000
  th_num               = 8
  seed                 = 5
  check_tree           = 0
  timing               = 1
  verbose              = 0
  use_fft              = 1
  use_precompute       = 1
  use_simd             = 1
  dipole_correction    = 1
  zero_netcharge       = 1
  print_body_number    = 3
  divide_4pi           = 0
  setting_t            = 0
]

[tree_traverse time measured : 0.03464 seconds.]
[init_cell_matrix time measured : 0.00032 seconds.]
[precompute_others time measured : 0.01990 seconds.]
[precompute_m2l time measured : 0.01805 seconds.]
[precompute time measured : 0.03797 seconds.]
[P2M time measured : 0.00128 seconds.]
[M2M time measured : 0.00151 seconds.]
[setup time measured : 0.00057 seconds.]
[prepare_memory time measured : 0.00052 seconds.]
[up time measured : 0.00087 seconds.]
[hadamard_8x8 time measured : 0.00374 seconds.]
[hadamard_1x27 time measured : 0.00021 seconds.]
[down time measured : 0.00063 seconds.]
[store time measured : 0.00004 seconds.]
[M2L time measured : 0.00731 seconds.]
[P2L time measured : 0.00000 seconds.]
[L2L time measured : 0.00087 seconds.]
[L2P time measured : 0.00126 seconds.]
[M2P time measured : 0.00000 seconds.]
[P2P time measured : 0.00554 seconds.]
[FMM_kernels time measured : 0.01789 seconds.]
[FMM time measured : 0.09265 seconds.]
[real_part time measured : 23.27282 seconds.]
[fourier_part time measured : 2.11541 seconds.]
[self_correction time measured : 0.00012 seconds.]
[EWALD time measured : 25.39138 seconds.]
pnrm = 2973740.69023801
------------------------------FMM vs Ewald------------------------------[24000]
L2  (p)  : 4.48378e+01   L2  (f)  : 6.47026e-06   L2  (e)  : 2.50108e-04
Rms (p)  : 4.99103e+02   Rms (f)  : 8.18799e-04
p-energy1 : 2.773814549285e+01
p-energy2 : 2.773120969004e+01

<rtfmm_3dpp_test_pbc>

input parameters=[
  P                    = 6
  n                    = 24000
  ncrit                = 128
  images               = 6
  cycle                = 6.2832
  ewald_ksize          = 11
  (f,d,e)              = (1,0,1)
  num_compare          = 24000
  th_num               = 8
  seed                 = 5
  check_tree           = 0
  timing               = 1
  verbose              = 0
  use_fft              = 1
  use_precompute       = 1
  use_simd             = 1
  dipole_correction    = 1
  zero_netcharge       = 1
  print_body_number    = 3
  divide_4pi           = 0
  setting_t            = 0
]

[tree_traverse time measured : 0.03547 seconds.]
[init_cell_matrix time measured : 0.00036 seconds.]
[precompute_others time measured : 0.02174 seconds.]
[precompute_m2l time measured : 0.01860 seconds.]
[precompute time measured : 0.04037 seconds.]
[P2M time measured : 0.00129 seconds.]
[M2M time measured : 0.00168 seconds.]
[setup time measured : 0.00058 seconds.]
[prepare_memory time measured : 0.00051 seconds.]
[up time measured : 0.00091 seconds.]
[hadamard_8x8 time measured : 0.00374 seconds.]
[hadamard_1x27 time measured : 0.00019 seconds.]
[down time measured : 0.00060 seconds.]
[store time measured : 0.00002 seconds.]
[M2L time measured : 0.00737 seconds.]
[P2L time measured : 0.00000 seconds.]
[L2L time measured : 0.00097 seconds.]
[L2P time measured : 0.00132 seconds.]
[M2P time measured : 0.00000 seconds.]
[P2P time measured : 0.00561 seconds.]
[FMM_kernels time measured : 0.01835 seconds.]
[FMM time measured : 0.09636 seconds.]
[real_part time measured : 23.27115 seconds.]
[fourier_part time measured : 2.10692 seconds.]
[self_correction time measured : 0.00008 seconds.]
[EWALD time measured : 25.38116 seconds.]
pnrm = 2973740.69023801
------------------------------FMM vs Ewald------------------------------[24000]
L2  (p)  : 4.48383e+01   L2  (f)  : 6.46722e-06   L2  (e)  : 4.32718e-04
Rms (p)  : 4.99108e+02   Rms (f)  : 8.18413e-04
p-energy1 : 2.774320948538e+01
p-energy2 : 2.773120969004e+01

<rtfmm_3dpp_test_pbc>

input parameters=[
  P                    = 6
  n                    = 24000
  ncrit                = 128
  images               = 7
  cycle                = 6.2832
  ewald_ksize          = 11
  (f,d,e)              = (1,0,1)
  num_compare          = 24000
  th_num               = 8
  seed                 = 5
  check_tree           = 0
  timing               = 1
  verbose              = 0
  use_fft              = 1
  use_precompute       = 1
  use_simd             = 1
  dipole_correction    = 1
  zero_netcharge       = 1
  print_body_number    = 3
  divide_4pi           = 0
  setting_t            = 0
]

[tree_traverse time measured : 0.03468 seconds.]
[init_cell_matrix time measured : 0.00034 seconds.]
[precompute_others time measured : 0.01935 seconds.]
[precompute_m2l time measured : 0.01833 seconds.]
[precompute time measured : 0.03771 seconds.]
[P2M time measured : 0.00123 seconds.]
[M2M time measured : 0.00175 seconds.]
[setup time measured : 0.00058 seconds.]
[prepare_memory time measured : 0.00050 seconds.]
[up time measured : 0.00086 seconds.]
[hadamard_8x8 time measured : 0.00372 seconds.]
[hadamard_1x27 time measured : 0.00023 seconds.]
[down time measured : 0.00060 seconds.]
[store time measured : 0.00004 seconds.]
[M2L time measured : 0.00728 seconds.]
[P2L time measured : 0.00000 seconds.]
[L2L time measured : 0.00085 seconds.]
[L2P time measured : 0.00123 seconds.]
[M2P time measured : 0.00000 seconds.]
[P2P time measured : 0.00558 seconds.]
[FMM_kernels time measured : 0.01805 seconds.]
[FMM time measured : 0.09264 seconds.]
[real_part time measured : 23.25990 seconds.]
[fourier_part time measured : 2.11695 seconds.]
[self_correction time measured : 0.00008 seconds.]
[EWALD time measured : 25.38000 seconds.]
pnrm = 2973740.69023801
------------------------------FMM vs Ewald------------------------------[24000]
L2  (p)  : 4.48582e+01   L2  (f)  : 6.49009e-06   L2  (e)  : 5.66832e-04
Rms (p)  : 4.99330e+02   Rms (f)  : 8.21308e-04
p-energy1 : 2.774692864068e+01
p-energy2 : 2.773120969004e+01

<rtfmm_3dpp_test_pbc>

input parameters=[
  P                    = 6
  n                    = 24000
  ncrit                = 128
  images               = 8
  cycle                = 6.2832
  ewald_ksize          = 11
  (f,d,e)              = (1,0,1)
  num_compare          = 24000
  th_num               = 8
  seed                 = 5
  check_tree           = 0
  timing               = 1
  verbose              = 0
  use_fft              = 1
  use_precompute       = 1
  use_simd             = 1
  dipole_correction    = 1
  zero_netcharge       = 1
  print_body_number    = 3
  divide_4pi           = 0
  setting_t            = 0
]

[tree_traverse time measured : 0.03293 seconds.]
[init_cell_matrix time measured : 0.00034 seconds.]
[precompute_others time measured : 0.02042 seconds.]
[precompute_m2l time measured : 0.01825 seconds.]
[precompute time measured : 0.03870 seconds.]
[P2M time measured : 0.00124 seconds.]
[M2M time measured : 0.00188 seconds.]
[setup time measured : 0.00058 seconds.]
[prepare_memory time measured : 0.00050 seconds.]
[up time measured : 0.00086 seconds.]
[hadamard_8x8 time measured : 0.00379 seconds.]
[hadamard_1x27 time measured : 0.00026 seconds.]
[down time measured : 0.00061 seconds.]
[store time measured : 0.00004 seconds.]
[M2L time measured : 0.00742 seconds.]
[P2L time measured : 0.00000 seconds.]
[L2L time measured : 0.00084 seconds.]
[L2P time measured : 0.00129 seconds.]
[M2P time measured : 0.00000 seconds.]
[P2P time measured : 0.00568 seconds.]
[FMM_kernels time measured : 0.01849 seconds.]
[FMM time measured : 0.09242 seconds.]
[real_part time measured : 23.28718 seconds.]
[fourier_part time measured : 2.11571 seconds.]
[self_correction time measured : 0.00008 seconds.]
[EWALD time measured : 25.40623 seconds.]
pnrm = 2973740.69023801
------------------------------FMM vs Ewald------------------------------[24000]
L2  (p)  : 4.62757e+01   L2  (f)  : 7.08275e-06   L2  (e)  : 7.27803e-04
Rms (p)  : 5.15108e+02   Rms (f)  : 8.96308e-04
p-energy1 : 2.775139253826e+01
p-energy2 : 2.773120969004e+01

