Sun Jan 28 22:26:43 2024       
+---------------------------------------------------------------------------------------+
| NVIDIA-SMI 535.54.03              Driver Version: 535.54.03    CUDA Version: 12.2     |
|-----------------------------------------+----------------------+----------------------+
| GPU  Name                 Persistence-M | Bus-Id        Disp.A | Volatile Uncorr. ECC |
| Fan  Temp   Perf          Pwr:Usage/Cap |         Memory-Usage | GPU-Util  Compute M. |
|                                         |                      |               MIG M. |
|=========================================+======================+======================|
|   0  NVIDIA RTX 6000 Ada Gene...    Off | 00000000:61:00.0 Off |                  Off |
| 30%   34C    P8              28W / 300W |     16MiB / 49140MiB |      0%      Default |
|                                         |                      |                  N/A |
+-----------------------------------------+----------------------+----------------------+
                                                                                         
+---------------------------------------------------------------------------------------+
| Processes:                                                                            |
|  GPU   GI   CI        PID   Type   Process name                            GPU Memory |
|        ID   ID                                                             Usage      |
|=======================================================================================|
+---------------------------------------------------------------------------------------+
<rtfmm_3dpp_test_pbc>

input parameters=[
  P                    = 6
  n                    = 24000
  ncrit                = 128
  images               = 0
  cycle                = 6.2832
  ewald_ksize          = 11
  (f,d,e)              = (1,0,1)
  num_compare          = 24000
  th_num               = 8
  seed                 = 5
  check_tree           = 0
  timing               = 1
  verbose              = 0
  use_fft              = 1
  use_precompute       = 1
  use_simd             = 1
  dipole_correction    = 1
  zero_netcharge       = 1
  print_body_number    = 3
  divide_4pi           = 0
  setting_t            = 0
]

[tree_traverse time measured : 0.01324 seconds.]
[init_cell_matrix time measured : 0.00042 seconds.]
[precompute_others time measured : 0.02187 seconds.]
[precompute_m2l time measured : 0.01725 seconds.]
[precompute time measured : 0.03914 seconds.]
[P2M time measured : 0.00125 seconds.]
[M2M time measured : 0.00061 seconds.]
[setup time measured : 0.00035 seconds.]
[prepare_memory time measured : 0.00050 seconds.]
[up time measured : 0.00086 seconds.]
[hadamard_8x8 time measured : 0.00237 seconds.]
[down time measured : 0.00055 seconds.]
[store time measured : 0.00004 seconds.]
[M2L time measured : 0.00577 seconds.]
[P2L time measured : 0.00000 seconds.]
[L2L time measured : 0.00081 seconds.]
[L2P time measured : 0.00127 seconds.]
[M2P time measured : 0.00000 seconds.]
[P2P time measured : 0.00435 seconds.]
[FMM_kernels time measured : 0.01419 seconds.]
[FMM time measured : 0.06870 seconds.]
[real_part time measured : 23.27059 seconds.]
[fourier_part time measured : 2.11415 seconds.]
[self_correction time measured : 0.00035 seconds.]
[EWALD time measured : 25.38841 seconds.]
pnrm = 2973740.69023801
------------------------------FMM vs Ewald------------------------------[24000]
L2  (p)  : 4.48378e+01   L2  (f)  : 8.39721e-02   L2  (e)  : 1.01934e+01
Rms (p)  : 4.99103e+02   Rms (f)  : 1.06265e+01
p-energy1 : -2.549454756416e+02
p-energy2 : 2.773120969004e+01

<rtfmm_3dpp_test_pbc>

input parameters=[
  P                    = 6
  n                    = 24000
  ncrit                = 128
  images               = 1
  cycle                = 6.2832
  ewald_ksize          = 11
  (f,d,e)              = (1,0,1)
  num_compare          = 24000
  th_num               = 8
  seed                 = 5
  check_tree           = 0
  timing               = 1
  verbose              = 0
  use_fft              = 1
  use_precompute       = 1
  use_simd             = 1
  dipole_correction    = 1
  zero_netcharge       = 1
  print_body_number    = 3
  divide_4pi           = 0
  setting_t            = 0
]

[tree_traverse time measured : 0.03261 seconds.]
[init_cell_matrix time measured : 0.00040 seconds.]
[precompute_others time measured : 0.01973 seconds.]
[precompute_m2l time measured : 0.01312 seconds.]
[precompute time measured : 0.03288 seconds.]
[P2M time measured : 0.00147 seconds.]
[M2M time measured : 0.00078 seconds.]
[setup time measured : 0.00109 seconds.]
[prepare_memory time measured : 0.00052 seconds.]
[up time measured : 0.00138 seconds.]
[hadamard_8x8 time measured : 0.00667 seconds.]
[down time measured : 0.00055 seconds.]
[store time measured : 0.00004 seconds.]
[M2L time measured : 0.01098 seconds.]
[P2L time measured : 0.00000 seconds.]
[L2L time measured : 0.00095 seconds.]
[L2P time measured : 0.00126 seconds.]
[M2P time measured : 0.00000 seconds.]
[P2P time measured : 0.00555 seconds.]
[FMM_kernels time measured : 0.02111 seconds.]
[FMM time measured : 0.08882 seconds.]
[real_part time measured : 23.25228 seconds.]
[fourier_part time measured : 2.22861 seconds.]
[self_correction time measured : 0.00012 seconds.]
[EWALD time measured : 25.48420 seconds.]
pnrm = 2973740.69023801
------------------------------FMM vs Ewald------------------------------[24000]
L2  (p)  : 4.48377e+01   L2  (f)  : 1.66203e-03   L2  (e)  : 4.50576e-01
Rms (p)  : 4.99102e+02   Rms (f)  : 2.10327e-01
p-energy1 : 1.523619723846e+01
p-energy2 : 2.773120969004e+01

<rtfmm_3dpp_test_pbc>

input parameters=[
  P                    = 6
  n                    = 24000
  ncrit                = 128
  images               = 2
  cycle                = 6.2832
  ewald_ksize          = 11
  (f,d,e)              = (1,0,1)
  num_compare          = 24000
  th_num               = 8
  seed                 = 5
  check_tree           = 0
  timing               = 1
  verbose              = 0
  use_fft              = 1
  use_precompute       = 1
  use_simd             = 1
  dipole_correction    = 1
  zero_netcharge       = 1
  print_body_number    = 3
  divide_4pi           = 0
  setting_t            = 0
]

[tree_traverse time measured : 0.03555 seconds.]
[init_cell_matrix time measured : 0.00032 seconds.]
[precompute_others time measured : 0.02198 seconds.]
[precompute_m2l time measured : 0.01793 seconds.]
[precompute time measured : 0.03993 seconds.]
[P2M time measured : 0.00121 seconds.]
[M2M time measured : 0.00103 seconds.]
[setup time measured : 0.00055 seconds.]
[prepare_memory time measured : 0.00051 seconds.]
[up time measured : 0.00085 seconds.]
[hadamard_8x8 time measured : 0.00371 seconds.]
[hadamard_1x27 time measured : 0.00020 seconds.]
[down time measured : 0.00058 seconds.]
[store time measured : 0.00004 seconds.]
[M2L time measured : 0.00716 seconds.]
[P2L time measured : 0.00000 seconds.]
[L2L time measured : 0.00118 seconds.]
[L2P time measured : 0.00127 seconds.]
[M2P time measured : 0.00000 seconds.]
[P2P time measured : 0.00553 seconds.]
[FMM_kernels time measured : 0.01751 seconds.]
[FMM time measured : 0.09515 seconds.]
[real_part time measured : 23.26302 seconds.]
[fourier_part time measured : 2.11788 seconds.]
[self_correction time measured : 0.00008 seconds.]
[EWALD time measured : 25.38405 seconds.]
pnrm = 2973740.69023801
------------------------------FMM vs Ewald------------------------------[24000]
L2  (p)  : 4.48377e+01   L2  (f)  : 1.83748e-04   L2  (e)  : 4.81843e-02
Rms (p)  : 4.99102e+02   Rms (f)  : 2.32529e-02
p-energy1 : 2.639499940725e+01
p-energy2 : 2.773120969004e+01

<rtfmm_3dpp_test_pbc>

input parameters=[
  P                    = 6
  n                    = 24000
  ncrit                = 128
  images               = 3
  cycle                = 6.2832
  ewald_ksize          = 11
  (f,d,e)              = (1,0,1)
  num_compare          = 24000
  th_num               = 8
  seed                 = 5
  check_tree           = 0
  timing               = 1
  verbose              = 0
  use_fft              = 1
  use_precompute       = 1
  use_simd             = 1
  dipole_correction    = 1
  zero_netcharge       = 1
  print_body_number    = 3
  divide_4pi           = 0
  setting_t            = 0
]

[tree_traverse time measured : 0.03687 seconds.]
[init_cell_matrix time measured : 0.00035 seconds.]
[precompute_others time measured : 0.01968 seconds.]
[precompute_m2l time measured : 0.01856 seconds.]
[precompute time measured : 0.03826 seconds.]
[P2M time measured : 0.00128 seconds.]
[M2M time measured : 0.00134 seconds.]
[setup time measured : 0.00055 seconds.]
[prepare_memory time measured : 0.00050 seconds.]
[up time measured : 0.00088 seconds.]
[hadamard_8x8 time measured : 0.00367 seconds.]
[hadamard_1x27 time measured : 0.00014 seconds.]
[down time measured : 0.00060 seconds.]
[store time measured : 0.00002 seconds.]
[M2L time measured : 0.00718 seconds.]
[P2L time measured : 0.00000 seconds.]
[L2L time measured : 0.00085 seconds.]
[L2P time measured : 0.00129 seconds.]
[M2P time measured : 0.00000 seconds.]
[P2P time measured : 0.00557 seconds.]
[FMM_kernels time measured : 0.01762 seconds.]
[FMM time measured : 0.09487 seconds.]
[real_part time measured : 23.28388 seconds.]
[fourier_part time measured : 2.22085 seconds.]
[self_correction time measured : 0.00009 seconds.]
[EWALD time measured : 25.50791 seconds.]
pnrm = 2973740.69023801
------------------------------FMM vs Ewald------------------------------[24000]
L2  (p)  : 4.48377e+01   L2  (f)  : 2.16405e-05   L2  (e)  : 5.27705e-03
Rms (p)  : 4.99102e+02   Rms (f)  : 2.73856e-03
p-energy1 : 2.758487072332e+01
p-energy2 : 2.773120969004e+01

<rtfmm_3dpp_test_pbc>

input parameters=[
  P                    = 6
  n                    = 24000
  ncrit                = 128
  images               = 4
  cycle                = 6.2832
  ewald_ksize          = 11
  (f,d,e)              = (1,0,1)
  num_compare          = 24000
  th_num               = 8
  seed                 = 5
  check_tree           = 0
  timing               = 1
  verbose              = 0
  use_fft              = 1
  use_precompute       = 1
  use_simd             = 1
  dipole_correction    = 1
  zero_netcharge       = 1
  print_body_number    = 3
  divide_4pi           = 0
  setting_t            = 0
]

[tree_traverse time measured : 0.03275 seconds.]
[init_cell_matrix time measured : 0.00032 seconds.]
[precompute_others time measured : 0.01922 seconds.]
[precompute_m2l time measured : 0.01797 seconds.]
[precompute time measured : 0.03721 seconds.]
[P2M time measured : 0.00127 seconds.]
[M2M time measured : 0.00153 seconds.]
[setup time measured : 0.00053 seconds.]
[prepare_memory time measured : 0.00050 seconds.]
[up time measured : 0.00085 seconds.]
[hadamard_8x8 time measured : 0.00371 seconds.]
[hadamard_1x27 time measured : 0.00023 seconds.]
[down time measured : 0.00060 seconds.]
[store time measured : 0.00004 seconds.]
[M2L time measured : 0.00720 seconds.]
[P2L time measured : 0.00000 seconds.]
[L2L time measured : 0.00092 seconds.]
[L2P time measured : 0.00125 seconds.]
[M2P time measured : 0.00000 seconds.]
[P2P time measured : 0.00555 seconds.]
[FMM_kernels time measured : 0.01786 seconds.]
[FMM time measured : 0.08999 seconds.]
[real_part time measured : 23.27771 seconds.]
[fourier_part time measured : 2.11413 seconds.]
[self_correction time measured : 0.00008 seconds.]
[EWALD time measured : 25.39498 seconds.]
pnrm = 2973740.69023801
------------------------------FMM vs Ewald------------------------------[24000]
L2  (p)  : 4.48378e+01   L2  (f)  : 6.91785e-06   L2  (e)  : 4.01343e-04
Rms (p)  : 4.99103e+02   Rms (f)  : 8.75440e-04
p-energy1 : 2.772007996355e+01
p-energy2 : 2.773120969004e+01

<rtfmm_3dpp_test_pbc>

input parameters=[
  P                    = 6
  n                    = 24000
  ncrit                = 128
  images               = 5
  cycle                = 6.2832
  ewald_ksize          = 11
  (f,d,e)              = (1,0,1)
  num_compare          = 24000
  th_num               = 8
  seed                 = 5
  check_tree           = 0
  timing               = 1
  verbose              = 0
  use_fft              = 1
  use_precompute       = 1
  use_simd             = 1
  dipole_correction    = 1
  zero_netcharge       = 1
  print_body_number    = 3
  divide_4pi           = 0
  setting_t            = 0
]

[tree_traverse time measured : 0.03475 seconds.]
[init_cell_matrix time measured : 0.00035 seconds.]
[precompute_others time measured : 0.02012 seconds.]
[precompute_m2l time measured : 0.01831 seconds.]
[precompute time measured : 0.03845 seconds.]
[P2M time measured : 0.00128 seconds.]
[M2M time measured : 0.00161 seconds.]
[setup time measured : 0.00056 seconds.]
[prepare_memory time measured : 0.00049 seconds.]
[up time measured : 0.00089 seconds.]
[hadamard_8x8 time measured : 0.00372 seconds.]
[hadamard_1x27 time measured : 0.00021 seconds.]
[down time measured : 0.00060 seconds.]
[store time measured : 0.00004 seconds.]
[M2L time measured : 0.00728 seconds.]
[P2L time measured : 0.00000 seconds.]
[L2L time measured : 0.00100 seconds.]
[L2P time measured : 0.00127 seconds.]
[M2P time measured : 0.00000 seconds.]
[P2P time measured : 0.00557 seconds.]
[FMM_kernels time measured : 0.01813 seconds.]
[FMM time measured : 0.09353 seconds.]
[real_part time measured : 23.27325 seconds.]
[fourier_part time measured : 2.22558 seconds.]
[self_correction time measured : 0.00011 seconds.]
[EWALD time measured : 25.50220 seconds.]
pnrm = 2973740.69023801
------------------------------FMM vs Ewald------------------------------[24000]
L2  (p)  : 4.48378e+01   L2  (f)  : 6.47026e-06   L2  (e)  : 2.50108e-04
Rms (p)  : 4.99103e+02   Rms (f)  : 8.18799e-04
p-energy1 : 2.773814549285e+01
p-energy2 : 2.773120969004e+01

<rtfmm_3dpp_test_pbc>

input parameters=[
  P                    = 6
  n                    = 24000
  ncrit                = 128
  images               = 6
  cycle                = 6.2832
  ewald_ksize          = 11
  (f,d,e)              = (1,0,1)
  num_compare          = 24000
  th_num               = 8
  seed                 = 5
  check_tree           = 0
  timing               = 1
  verbose              = 0
  use_fft              = 1
  use_precompute       = 1
  use_simd             = 1
  dipole_correction    = 1
  zero_netcharge       = 1
  print_body_number    = 3
  divide_4pi           = 0
  setting_t            = 0
]

[tree_traverse time measured : 0.03395 seconds.]
[init_cell_matrix time measured : 0.00034 seconds.]
[precompute_others time measured : 0.01999 seconds.]
[precompute_m2l time measured : 0.01850 seconds.]
[precompute time measured : 0.03852 seconds.]
[P2M time measured : 0.00128 seconds.]
[M2M time measured : 0.00175 seconds.]
[setup time measured : 0.00058 seconds.]
[prepare_memory time measured : 0.00050 seconds.]
[up time measured : 0.00091 seconds.]
[hadamard_8x8 time measured : 0.00370 seconds.]
[hadamard_1x27 time measured : 0.00019 seconds.]
[down time measured : 0.00062 seconds.]
[store time measured : 0.00002 seconds.]
[M2L time measured : 0.00778 seconds.]
[P2L time measured : 0.00000 seconds.]
[L2L time measured : 0.00095 seconds.]
[L2P time measured : 0.00130 seconds.]
[M2P time measured : 0.00000 seconds.]
[P2P time measured : 0.00565 seconds.]
[FMM_kernels time measured : 0.01884 seconds.]
[FMM time measured : 0.09344 seconds.]
[real_part time measured : 23.28266 seconds.]
[fourier_part time measured : 2.12847 seconds.]
[self_correction time measured : 0.00008 seconds.]
[EWALD time measured : 25.41427 seconds.]
pnrm = 2973740.69023801
------------------------------FMM vs Ewald------------------------------[24000]
L2  (p)  : 4.48383e+01   L2  (f)  : 6.46722e-06   L2  (e)  : 4.32718e-04
Rms (p)  : 4.99108e+02   Rms (f)  : 8.18413e-04
p-energy1 : 2.774320948538e+01
p-energy2 : 2.773120969004e+01

<rtfmm_3dpp_test_pbc>

input parameters=[
  P                    = 6
  n                    = 24000
  ncrit                = 128
  images               = 7
  cycle                = 6.2832
  ewald_ksize          = 11
  (f,d,e)              = (1,0,1)
  num_compare          = 24000
  th_num               = 8
  seed                 = 5
  check_tree           = 0
  timing               = 1
  verbose              = 0
  use_fft              = 1
  use_precompute       = 1
  use_simd             = 1
  dipole_correction    = 1
  zero_netcharge       = 1
  print_body_number    = 3
  divide_4pi           = 0
  setting_t            = 0
]

[tree_traverse time measured : 0.03342 seconds.]
[init_cell_matrix time measured : 0.00033 seconds.]
[precompute_others time measured : 0.02032 seconds.]
[precompute_m2l time measured : 0.01819 seconds.]
[precompute time measured : 0.03852 seconds.]
[P2M time measured : 0.00136 seconds.]
[M2M time measured : 0.00200 seconds.]
[setup time measured : 0.00105 seconds.]
[prepare_memory time measured : 0.00052 seconds.]
[up time measured : 0.00148 seconds.]
[hadamard_8x8 time measured : 0.00680 seconds.]
[hadamard_1x27 time measured : 0.00029 seconds.]
[down time measured : 0.00066 seconds.]
[store time measured : 0.00005 seconds.]
[M2L time measured : 0.01169 seconds.]
[P2L time measured : 0.00000 seconds.]
[L2L time measured : 0.00154 seconds.]
[L2P time measured : 0.00126 seconds.]
[M2P time measured : 0.00000 seconds.]
[P2P time measured : 0.00556 seconds.]
[FMM_kernels time measured : 0.02355 seconds.]
[FMM time measured : 0.09767 seconds.]
[real_part time measured : 23.27621 seconds.]
[fourier_part time measured : 2.10607 seconds.]
[self_correction time measured : 0.00011 seconds.]
[EWALD time measured : 25.38544 seconds.]
pnrm = 2973740.69023801
------------------------------FMM vs Ewald------------------------------[24000]
L2  (p)  : 4.48582e+01   L2  (f)  : 6.49009e-06   L2  (e)  : 5.66832e-04
Rms (p)  : 4.99330e+02   Rms (f)  : 8.21308e-04
p-energy1 : 2.774692864068e+01
p-energy2 : 2.773120969004e+01

<rtfmm_3dpp_test_pbc>

input parameters=[
  P                    = 6
  n                    = 24000
  ncrit                = 128
  images               = 8
  cycle                = 6.2832
  ewald_ksize          = 11
  (f,d,e)              = (1,0,1)
  num_compare          = 24000
  th_num               = 8
  seed                 = 5
  check_tree           = 0
  timing               = 1
  verbose              = 0
  use_fft              = 1
  use_precompute       = 1
  use_simd             = 1
  dipole_correction    = 1
  zero_netcharge       = 1
  print_body_number    = 3
  divide_4pi           = 0
  setting_t            = 0
]

[tree_traverse time measured : 0.03504 seconds.]
[init_cell_matrix time measured : 0.00034 seconds.]
[precompute_others time measured : 0.01990 seconds.]
[precompute_m2l time measured : 0.01810 seconds.]
[precompute time measured : 0.03801 seconds.]
[P2M time measured : 0.00124 seconds.]
[M2M time measured : 0.00192 seconds.]
[setup time measured : 0.00058 seconds.]
[prepare_memory time measured : 0.00052 seconds.]
[up time measured : 0.00087 seconds.]
[hadamard_8x8 time measured : 0.00371 seconds.]
[hadamard_1x27 time measured : 0.00026 seconds.]
[down time measured : 0.00061 seconds.]
[store time measured : 0.00004 seconds.]
[M2L time measured : 0.00738 seconds.]
[P2L time measured : 0.00000 seconds.]
[L2L time measured : 0.00089 seconds.]
[L2P time measured : 0.00147 seconds.]
[M2P time measured : 0.00000 seconds.]
[P2P time measured : 0.00557 seconds.]
[FMM_kernels time measured : 0.01861 seconds.]
[FMM time measured : 0.09391 seconds.]
[real_part time measured : 23.27585 seconds.]
[fourier_part time measured : 2.11783 seconds.]
[self_correction time measured : 0.00011 seconds.]
[EWALD time measured : 25.39698 seconds.]
pnrm = 2973740.69023801
------------------------------FMM vs Ewald------------------------------[24000]
L2  (p)  : 4.62757e+01   L2  (f)  : 7.08275e-06   L2  (e)  : 7.27803e-04
Rms (p)  : 5.15108e+02   Rms (f)  : 8.96308e-04
p-energy1 : 2.775139253826e+01
p-energy2 : 2.773120969004e+01

