Fri Jan 26 04:45:13 2024       
+---------------------------------------------------------------------------------------+
| NVIDIA-SMI 535.54.03              Driver Version: 535.54.03    CUDA Version: 12.2     |
|-----------------------------------------+----------------------+----------------------+
| GPU  Name                 Persistence-M | Bus-Id        Disp.A | Volatile Uncorr. ECC |
| Fan  Temp   Perf          Pwr:Usage/Cap |         Memory-Usage | GPU-Util  Compute M. |
|                                         |                      |               MIG M. |
|=========================================+======================+======================|
|   0  NVIDIA GeForce RTX 4090        Off | 00000000:29:00.0 Off |                  Off |
| 33%   35C    P8              26W / 350W |     15MiB / 24564MiB |      0%      Default |
|                                         |                      |                  N/A |
+-----------------------------------------+----------------------+----------------------+
                                                                                         
+---------------------------------------------------------------------------------------+
| Processes:                                                                            |
|  GPU   GI   CI        PID   Type   Process name                            GPU Memory |
|        ID   ID                                                             Usage      |
|=======================================================================================|
+---------------------------------------------------------------------------------------+
rtfmm_3dp_test_fmm
input parameters=[
  P                    = 2
  n                    = 24000
  ncrit                = 128
  images               = 0
  cycle                = 6.2832
  ewald_ksize          = 11
  (f,d,e)              = (1,1,1)
  num_compare          = 24000
  th_num               = 8
  seed                 = 5
  check_tree           = 0
  timing               = 1
  verbose              = 0
  use_fft              = 1
  use_precompute       = 1
  use_simd             = 1
  dipole_correction    = 0
  zero_netcharge       = 0
  print_body_number    = 3
  divide_4pi           = 1
  setting_t            = 1
]

[precompute_others time measured : 0.03620 seconds.]
N_freq = 18
m2l_gk_relx_idx_map_cnt = 316
[precompute_m2l time measured : 0.01646 seconds.]
[precompute time measured : 0.05266 seconds.]
P2M leaf_number = 512
[P2M time measured : 0.00026 seconds.]
[M2M time measured : 0.00004 seconds.]
m2l_fft_precompute_t
m2l_parent_map.size() = 72
num_src_cell = 72, num_tar_cell = 72
[setup time measured : 0.00070 seconds.]
[prepare_memory time measured : 0.00003 seconds.]
[up time measured : 0.00036 seconds.]
npos = 26, BLOCK_SIZE = 128
[hadamard time measured : 0.00018 seconds.]
[down time measured : 0.00037 seconds.]
[store time measured : 0.00001 seconds.]
[M2L_kernel time measured : 0.00173 seconds.]
[M2L time measured : 0.00175 seconds.]
[P2L time measured : 0.00000 seconds.]
[L2L time measured : 0.00007 seconds.]
L2P leaf_number = 512
[L2P time measured : 0.00035 seconds.]
[M2P time measured : 0.00000 seconds.]
[P2P time measured : 0.00738 seconds.]
[FMM_kernels time measured : 0.01014 seconds.]
[FMM time measured : 0.07721 seconds.]
[direct time measured : 0.66859 seconds.]
pnrm = 30197.33842929
-----------------------------FMM vs Direct------------------------------[24000]
L2  (p)  : 2.89349e-02   L2  (f)  : 1.33731e-02   L2  (e)  : 9.99019e-02
Rms (p)  : 3.24565e-02   Rms (f)  : 1.34112e-01
p-energy1 : 3.619214666749e+01
p-energy2 : 4.020911501419e+01

rtfmm_3dp_test_fmm
input parameters=[
  P                    = 3
  n                    = 24000
  ncrit                = 128
  images               = 0
  cycle                = 6.2832
  ewald_ksize          = 11
  (f,d,e)              = (1,1,1)
  num_compare          = 24000
  th_num               = 8
  seed                 = 5
  check_tree           = 0
  timing               = 1
  verbose              = 0
  use_fft              = 1
  use_precompute       = 1
  use_simd             = 1
  dipole_correction    = 0
  zero_netcharge       = 0
  print_body_number    = 3
  divide_4pi           = 1
  setting_t            = 1
]

[precompute_others time measured : 0.02912 seconds.]
N_freq = 75
m2l_gk_relx_idx_map_cnt = 316
[precompute_m2l time measured : 0.00421 seconds.]
[precompute time measured : 0.03334 seconds.]
P2M leaf_number = 512
[P2M time measured : 0.00043 seconds.]
[M2M time measured : 0.00023 seconds.]
m2l_fft_precompute_t
m2l_parent_map.size() = 72
num_src_cell = 72, num_tar_cell = 72
[setup time measured : 0.00028 seconds.]
[prepare_memory time measured : 0.00005 seconds.]
[up time measured : 0.00020 seconds.]
npos = 26, BLOCK_SIZE = 128
[hadamard time measured : 0.00025 seconds.]
[down time measured : 0.00017 seconds.]
[store time measured : 0.00001 seconds.]
[M2L_kernel time measured : 0.00100 seconds.]
[M2L time measured : 0.00101 seconds.]
[P2L time measured : 0.00000 seconds.]
[L2L time measured : 0.00004 seconds.]
L2P leaf_number = 512
[L2P time measured : 0.00050 seconds.]
[M2P time measured : 0.00000 seconds.]
[P2P time measured : 0.00443 seconds.]
[FMM_kernels time measured : 0.00681 seconds.]
[FMM time measured : 0.05311 seconds.]
[direct time measured : 0.66787 seconds.]
pnrm = 30197.33842929
-----------------------------FMM vs Direct------------------------------[24000]
L2  (p)  : 1.39426e-03   L2  (f)  : 1.30033e-03   L2  (e)  : 1.40891e-03
Rms (p)  : 1.56395e-03   Rms (f)  : 1.30404e-02
p-energy1 : 4.015246399661e+01
p-energy2 : 4.020911501419e+01

rtfmm_3dp_test_fmm
input parameters=[
  P                    = 4
  n                    = 24000
  ncrit                = 128
  images               = 0
  cycle                = 6.2832
  ewald_ksize          = 11
  (f,d,e)              = (1,1,1)
  num_compare          = 24000
  th_num               = 8
  seed                 = 5
  check_tree           = 0
  timing               = 1
  verbose              = 0
  use_fft              = 1
  use_precompute       = 1
  use_simd             = 1
  dipole_correction    = 0
  zero_netcharge       = 0
  print_body_number    = 3
  divide_4pi           = 1
  setting_t            = 1
]

[precompute_others time measured : 0.00753 seconds.]
N_freq = 196
m2l_gk_relx_idx_map_cnt = 316
[precompute_m2l time measured : 0.00692 seconds.]
[precompute time measured : 0.01445 seconds.]
P2M leaf_number = 512
[P2M time measured : 0.00098 seconds.]
[M2M time measured : 0.00009 seconds.]
m2l_fft_precompute_t
m2l_parent_map.size() = 72
num_src_cell = 72, num_tar_cell = 72
[setup time measured : 0.00035 seconds.]
[prepare_memory time measured : 0.00015 seconds.]
[up time measured : 0.00031 seconds.]
npos = 26, BLOCK_SIZE = 128
[hadamard time measured : 0.00069 seconds.]
[down time measured : 0.00026 seconds.]
[store time measured : 0.00001 seconds.]
[M2L_kernel time measured : 0.00192 seconds.]
[M2L time measured : 0.00193 seconds.]
[P2L time measured : 0.00000 seconds.]
[L2L time measured : 0.00010 seconds.]
L2P leaf_number = 512
[L2P time measured : 0.00106 seconds.]
[M2P time measured : 0.00000 seconds.]
[P2P time measured : 0.00452 seconds.]
[FMM_kernels time measured : 0.00886 seconds.]
[FMM time measured : 0.03569 seconds.]
[direct time measured : 0.67076 seconds.]
pnrm = 30197.33842929
-----------------------------FMM vs Direct------------------------------[24000]
L2  (p)  : 1.96109e-04   L2  (f)  : 2.42386e-04   L2  (e)  : 1.65430e-04
Rms (p)  : 2.19977e-04   Rms (f)  : 2.43079e-03
p-energy1 : 4.021576679885e+01
p-energy2 : 4.020911501419e+01

rtfmm_3dp_test_fmm
input parameters=[
  P                    = 5
  n                    = 24000
  ncrit                = 128
  images               = 0
  cycle                = 6.2832
  ewald_ksize          = 11
  (f,d,e)              = (1,1,1)
  num_compare          = 24000
  th_num               = 8
  seed                 = 5
  check_tree           = 0
  timing               = 1
  verbose              = 0
  use_fft              = 1
  use_precompute       = 1
  use_simd             = 1
  dipole_correction    = 0
  zero_netcharge       = 0
  print_body_number    = 3
  divide_4pi           = 1
  setting_t            = 1
]

[precompute_others time measured : 0.01156 seconds.]
N_freq = 405
m2l_gk_relx_idx_map_cnt = 316
[precompute_m2l time measured : 0.01026 seconds.]
[precompute time measured : 0.02183 seconds.]
P2M leaf_number = 512
[P2M time measured : 0.00169 seconds.]
[M2M time measured : 0.00040 seconds.]
m2l_fft_precompute_t
m2l_parent_map.size() = 72
num_src_cell = 72, num_tar_cell = 72
[setup time measured : 0.00035 seconds.]
[prepare_memory time measured : 0.00025 seconds.]
[up time measured : 0.00054 seconds.]
npos = 26, BLOCK_SIZE = 128
[hadamard time measured : 0.00140 seconds.]
[down time measured : 0.00036 seconds.]
[store time measured : 0.00002 seconds.]
[M2L_kernel time measured : 0.00333 seconds.]
[M2L time measured : 0.00335 seconds.]
[P2L time measured : 0.00000 seconds.]
[L2L time measured : 0.00041 seconds.]
L2P leaf_number = 512
[L2P time measured : 0.00156 seconds.]
[M2P time measured : 0.00000 seconds.]
[P2P time measured : 0.00396 seconds.]
[FMM_kernels time measured : 0.01156 seconds.]
[FMM time measured : 0.04628 seconds.]
[direct time measured : 0.66782 seconds.]
pnrm = 30197.33842929
-----------------------------FMM vs Direct------------------------------[24000]
L2  (p)  : 1.61886e-05   L2  (f)  : 2.81848e-05   L2  (e)  : 1.56038e-05
Rms (p)  : 1.81589e-05   Rms (f)  : 2.82653e-04
p-energy1 : 4.020848759954e+01
p-energy2 : 4.020911501419e+01

rtfmm_3dp_test_fmm
input parameters=[
  P                    = 6
  n                    = 24000
  ncrit                = 128
  images               = 0
  cycle                = 6.2832
  ewald_ksize          = 11
  (f,d,e)              = (1,1,1)
  num_compare          = 24000
  th_num               = 8
  seed                 = 5
  check_tree           = 0
  timing               = 1
  verbose              = 0
  use_fft              = 1
  use_precompute       = 1
  use_simd             = 1
  dipole_correction    = 0
  zero_netcharge       = 0
  print_body_number    = 3
  divide_4pi           = 1
  setting_t            = 1
]

[precompute_others time measured : 0.04023 seconds.]
N_freq = 726
m2l_gk_relx_idx_map_cnt = 316
[precompute_m2l time measured : 0.01277 seconds.]
[precompute time measured : 0.05300 seconds.]
P2M leaf_number = 512
[P2M time measured : 0.00425 seconds.]
[M2M time measured : 0.00139 seconds.]
m2l_fft_precompute_t
m2l_parent_map.size() = 72
num_src_cell = 72, num_tar_cell = 72
[setup time measured : 0.00029 seconds.]
[prepare_memory time measured : 0.00050 seconds.]
[up time measured : 0.00105 seconds.]
npos = 26, BLOCK_SIZE = 128
[hadamard time measured : 0.00259 seconds.]
[down time measured : 0.00057 seconds.]
[store time measured : 0.00003 seconds.]
[M2L_kernel time measured : 0.00572 seconds.]
[M2L time measured : 0.00574 seconds.]
[P2L time measured : 0.00000 seconds.]
[L2L time measured : 0.00110 seconds.]
L2P leaf_number = 512
[L2P time measured : 0.00312 seconds.]
[M2P time measured : 0.00000 seconds.]
[P2P time measured : 0.00381 seconds.]
[FMM_kernels time measured : 0.01963 seconds.]
[FMM time measured : 0.09030 seconds.]
[direct time measured : 0.66774 seconds.]
pnrm = 30197.33842929
-----------------------------FMM vs Direct------------------------------[24000]
L2  (p)  : 2.03953e-06   L2  (f)  : 4.51072e-06   L2  (e)  : 4.76803e-07
Rms (p)  : 2.28775e-06   Rms (f)  : 4.52360e-05
p-energy1 : 4.020909584236e+01
p-energy2 : 4.020911501419e+01

rtfmm_3dp_test_fmm
input parameters=[
  P                    = 7
  n                    = 24000
  ncrit                = 128
  images               = 0
  cycle                = 6.2832
  ewald_ksize          = 11
  (f,d,e)              = (1,1,1)
  num_compare          = 24000
  th_num               = 8
  seed                 = 5
  check_tree           = 0
  timing               = 1
  verbose              = 0
  use_fft              = 1
  use_precompute       = 1
  use_simd             = 1
  dipole_correction    = 0
  zero_netcharge       = 0
  print_body_number    = 3
  divide_4pi           = 1
  setting_t            = 1
]

[precompute_others time measured : 0.03258 seconds.]
N_freq = 1183
m2l_gk_relx_idx_map_cnt = 316
[precompute_m2l time measured : 0.02080 seconds.]
[precompute time measured : 0.05340 seconds.]
P2M leaf_number = 512
[P2M time measured : 0.00860 seconds.]
[M2M time measured : 0.00163 seconds.]
m2l_fft_precompute_t
m2l_parent_map.size() = 72
num_src_cell = 72, num_tar_cell = 72
[setup time measured : 0.00028 seconds.]
[prepare_memory time measured : 0.00071 seconds.]
[up time measured : 0.00119 seconds.]
npos = 26, BLOCK_SIZE = 128
[hadamard time measured : 0.00398 seconds.]
[down time measured : 0.00074 seconds.]
[store time measured : 0.00003 seconds.]
[M2L_kernel time measured : 0.00800 seconds.]
[M2L time measured : 0.00802 seconds.]
[P2L time measured : 0.00000 seconds.]
[L2L time measured : 0.00132 seconds.]
L2P leaf_number = 512
[L2P time measured : 0.00390 seconds.]
[M2P time measured : 0.00000 seconds.]
[P2P time measured : 0.00391 seconds.]
[FMM_kernels time measured : 0.02758 seconds.]
[FMM time measured : 0.09676 seconds.]
[direct time measured : 0.66759 seconds.]
pnrm = 30197.33842929
-----------------------------FMM vs Direct------------------------------[24000]
L2  (p)  : 2.48529e-07   L2  (f)  : 6.97397e-07   L2  (e)  : 1.97164e-07
Rms (p)  : 2.78776e-07   Rms (f)  : 6.99389e-06
p-energy1 : 4.020912294198e+01
p-energy2 : 4.020911501419e+01

rtfmm_3dp_test_fmm
input parameters=[
  P                    = 8
  n                    = 24000
  ncrit                = 128
  images               = 0
  cycle                = 6.2832
  ewald_ksize          = 11
  (f,d,e)              = (1,1,1)
  num_compare          = 24000
  th_num               = 8
  seed                 = 5
  check_tree           = 0
  timing               = 1
  verbose              = 0
  use_fft              = 1
  use_precompute       = 1
  use_simd             = 1
  dipole_correction    = 0
  zero_netcharge       = 0
  print_body_number    = 3
  divide_4pi           = 1
  setting_t            = 1
]

[precompute_others time measured : 0.05447 seconds.]
N_freq = 1800
m2l_gk_relx_idx_map_cnt = 316
[precompute_m2l time measured : 0.03030 seconds.]
[precompute time measured : 0.08479 seconds.]
P2M leaf_number = 512
[P2M time measured : 0.01120 seconds.]
[M2M time measured : 0.00213 seconds.]
m2l_fft_precompute_t
m2l_parent_map.size() = 72
num_src_cell = 72, num_tar_cell = 72
[setup time measured : 0.00029 seconds.]
[prepare_memory time measured : 0.00091 seconds.]
[up time measured : 0.00168 seconds.]
npos = 26, BLOCK_SIZE = 128
[hadamard time measured : 0.00554 seconds.]
[down time measured : 0.00095 seconds.]
[store time measured : 0.00003 seconds.]
[M2L_kernel time measured : 0.01094 seconds.]
[M2L time measured : 0.01096 seconds.]
[P2L time measured : 0.00000 seconds.]
[L2L time measured : 0.00176 seconds.]
L2P leaf_number = 512
[L2P time measured : 0.00562 seconds.]
[M2P time measured : 0.00000 seconds.]
[P2P time measured : 0.00391 seconds.]
[FMM_kernels time measured : 0.03578 seconds.]
[FMM time measured : 0.13755 seconds.]
[direct time measured : 0.66747 seconds.]
pnrm = 30197.33842929
-----------------------------FMM vs Direct------------------------------[24000]
L2  (p)  : 4.02287e-08   L2  (f)  : 1.23363e-07   L2  (e)  : 1.23690e-07
Rms (p)  : 4.51248e-08   Rms (f)  : 1.23716e-06
p-energy1 : 4.020911998768e+01
p-energy2 : 4.020911501419e+01

rtfmm_3dp_test_fmm
input parameters=[
  P                    = 9
  n                    = 24000
  ncrit                = 128
  images               = 0
  cycle                = 6.2832
  ewald_ksize          = 11
  (f,d,e)              = (1,1,1)
  num_compare          = 24000
  th_num               = 8
  seed                 = 5
  check_tree           = 0
  timing               = 1
  verbose              = 0
  use_fft              = 1
  use_precompute       = 1
  use_simd             = 1
  dipole_correction    = 0
  zero_netcharge       = 0
  print_body_number    = 3
  divide_4pi           = 1
  setting_t            = 1
]

[precompute_others time measured : 0.10372 seconds.]
N_freq = 2601
m2l_gk_relx_idx_map_cnt = 316
[precompute_m2l time measured : 0.04692 seconds.]
[precompute time measured : 0.15066 seconds.]
P2M leaf_number = 512
[P2M time measured : 0.00989 seconds.]
[M2M time measured : 0.00256 seconds.]
m2l_fft_precompute_t
m2l_parent_map.size() = 72
num_src_cell = 72, num_tar_cell = 72
[setup time measured : 0.00030 seconds.]
[prepare_memory time measured : 0.00129 seconds.]
[up time measured : 0.00618 seconds.]
npos = 26, BLOCK_SIZE = 128
[hadamard time measured : 0.00811 seconds.]
[down time measured : 0.00989 seconds.]
[store time measured : 0.00004 seconds.]
[M2L_kernel time measured : 0.02806 seconds.]
[M2L time measured : 0.02807 seconds.]
[P2L time measured : 0.00000 seconds.]
[L2L time measured : 0.00326 seconds.]
L2P leaf_number = 512
[L2P time measured : 0.00859 seconds.]
[M2P time measured : 0.00000 seconds.]
[P2P time measured : 0.00386 seconds.]
[FMM_kernels time measured : 0.05646 seconds.]
[FMM time measured : 0.22328 seconds.]
[direct time measured : 0.66782 seconds.]
pnrm = 30197.33842929
-----------------------------FMM vs Direct------------------------------[24000]
L2  (p)  : 6.17180e-09   L2  (f)  : 2.19960e-08   L2  (e)  : 1.02062e-08
Rms (p)  : 6.92294e-09   Rms (f)  : 2.20588e-07
p-energy1 : 4.020911460381e+01
p-energy2 : 4.020911501419e+01

rtfmm_3dp_test_fmm
input parameters=[
  P                    = 10
  n                    = 24000
  ncrit                = 128
  images               = 0
  cycle                = 6.2832
  ewald_ksize          = 11
  (f,d,e)              = (1,1,1)
  num_compare          = 24000
  th_num               = 8
  seed                 = 5
  check_tree           = 0
  timing               = 1
  verbose              = 0
  use_fft              = 1
  use_precompute       = 1
  use_simd             = 1
  dipole_correction    = 0
  zero_netcharge       = 0
  print_body_number    = 3
  divide_4pi           = 1
  setting_t            = 1
]

[precompute_others time measured : 0.18843 seconds.]
N_freq = 3610
m2l_gk_relx_idx_map_cnt = 316
[precompute_m2l time measured : 0.06221 seconds.]
[precompute time measured : 0.25066 seconds.]
P2M leaf_number = 512
[P2M time measured : 0.01133 seconds.]
[M2M time measured : 0.00423 seconds.]
m2l_fft_precompute_t
m2l_parent_map.size() = 72
num_src_cell = 72, num_tar_cell = 72
[setup time measured : 0.00029 seconds.]
[prepare_memory time measured : 0.00191 seconds.]
[up time measured : 0.00876 seconds.]
npos = 26, BLOCK_SIZE = 128
[hadamard time measured : 0.01082 seconds.]
[down time measured : 0.00816 seconds.]
[store time measured : 0.00006 seconds.]
[M2L_kernel time measured : 0.03291 seconds.]
[M2L time measured : 0.03294 seconds.]
[P2L time measured : 0.00000 seconds.]
[L2L time measured : 0.00400 seconds.]
L2P leaf_number = 512
[L2P time measured : 0.01064 seconds.]
[M2P time measured : 0.00000 seconds.]
[P2P time measured : 0.00391 seconds.]
[FMM_kernels time measured : 0.06725 seconds.]
[FMM time measured : 0.33448 seconds.]
[direct time measured : 0.66873 seconds.]
pnrm = 30197.33842929
-----------------------------FMM vs Direct------------------------------[24000]
L2  (p)  : 2.39622e-08   L2  (f)  : 5.82510e-08   L2  (e)  : 5.49559e-08
Rms (p)  : 2.68785e-08   Rms (f)  : 5.84174e-07
p-energy1 : 4.020911280446e+01
p-energy2 : 4.020911501419e+01

rtfmm_3dp_test_fmm
input parameters=[
  P                    = 11
  n                    = 24000
  ncrit                = 128
  images               = 0
  cycle                = 6.2832
  ewald_ksize          = 11
  (f,d,e)              = (1,1,1)
  num_compare          = 24000
  th_num               = 8
  seed                 = 5
  check_tree           = 0
  timing               = 1
  verbose              = 0
  use_fft              = 1
  use_precompute       = 1
  use_simd             = 1
  dipole_correction    = 0
  zero_netcharge       = 0
  print_body_number    = 3
  divide_4pi           = 1
  setting_t            = 1
]

[precompute_others time measured : 0.32098 seconds.]
N_freq = 4851
m2l_gk_relx_idx_map_cnt = 316
[precompute_m2l time measured : 0.07727 seconds.]
[precompute time measured : 0.39828 seconds.]
P2M leaf_number = 512
[P2M time measured : 0.02032 seconds.]
[M2M time measured : 0.00690 seconds.]
m2l_fft_precompute_t
m2l_parent_map.size() = 72
num_src_cell = 72, num_tar_cell = 72
[setup time measured : 0.00032 seconds.]
[prepare_memory time measured : 0.00274 seconds.]
[up time measured : 0.01029 seconds.]
npos = 26, BLOCK_SIZE = 128
[hadamard time measured : 0.01514 seconds.]
[down time measured : 0.01115 seconds.]
[store time measured : 0.00007 seconds.]
[M2L_kernel time measured : 0.04386 seconds.]
[M2L time measured : 0.04389 seconds.]
[P2L time measured : 0.00000 seconds.]
[L2L time measured : 0.00727 seconds.]
L2P leaf_number = 512
[L2P time measured : 0.01419 seconds.]
[M2P time measured : 0.00000 seconds.]
[P2P time measured : 0.00391 seconds.]
[FMM_kernels time measured : 0.09673 seconds.]
[FMM time measured : 0.51087 seconds.]
[direct time measured : 0.66705 seconds.]
pnrm = 30197.33842929
-----------------------------FMM vs Direct------------------------------[24000]
L2  (p)  : 1.22678e-10   L2  (f)  : 6.57379e-10   L2  (e)  : 1.87871e-11
Rms (p)  : 1.37608e-10   Rms (f)  : 6.59257e-09
p-energy1 : 4.020911501344e+01
p-energy2 : 4.020911501419e+01

rtfmm_3dp_test_fmm
input parameters=[
  P                    = 12
  n                    = 24000
  ncrit                = 128
  images               = 0
  cycle                = 6.2832
  ewald_ksize          = 11
  (f,d,e)              = (1,1,1)
  num_compare          = 24000
  th_num               = 8
  seed                 = 5
  check_tree           = 0
  timing               = 1
  verbose              = 0
  use_fft              = 1
  use_precompute       = 1
  use_simd             = 1
  dipole_correction    = 0
  zero_netcharge       = 0
  print_body_number    = 3
  divide_4pi           = 1
  setting_t            = 1
]

[precompute_others time measured : 0.51846 seconds.]
N_freq = 6348
m2l_gk_relx_idx_map_cnt = 316
[precompute_m2l time measured : 0.10259 seconds.]
[precompute time measured : 0.62108 seconds.]
P2M leaf_number = 512
[P2M time measured : 0.02034 seconds.]
[M2M time measured : 0.01288 seconds.]
m2l_fft_precompute_t
m2l_parent_map.size() = 72
num_src_cell = 72, num_tar_cell = 72
[setup time measured : 0.00030 seconds.]
[prepare_memory time measured : 0.00292 seconds.]
[up time measured : 0.01564 seconds.]
npos = 26, BLOCK_SIZE = 128
[hadamard time measured : 0.01963 seconds.]
[down time measured : 0.01604 seconds.]
[store time measured : 0.00009 seconds.]
[M2L_kernel time measured : 0.05967 seconds.]
[M2L time measured : 0.05970 seconds.]
[P2L time measured : 0.00000 seconds.]
[L2L time measured : 0.01290 seconds.]
L2P leaf_number = 512
[L2P time measured : 0.01849 seconds.]
[M2P time measured : 0.00000 seconds.]
[P2P time measured : 0.00392 seconds.]
[FMM_kernels time measured : 0.12848 seconds.]
[FMM time measured : 0.76675 seconds.]
[direct time measured : 0.66847 seconds.]
pnrm = 30197.33842929
-----------------------------FMM vs Direct------------------------------[24000]
L2  (p)  : 2.48518e-11   L2  (f)  : 1.23952e-10   L2  (e)  : 3.47686e-11
Rms (p)  : 2.78764e-11   Rms (f)  : 1.24306e-09
p-energy1 : 4.020911501559e+01
p-energy2 : 4.020911501419e+01

rtfmm_3dp_test_fmm
input parameters=[
  P                    = 13
  n                    = 24000
  ncrit                = 128
  images               = 0
  cycle                = 6.2832
  ewald_ksize          = 11
  (f,d,e)              = (1,1,1)
  num_compare          = 24000
  th_num               = 8
  seed                 = 5
  check_tree           = 0
  timing               = 1
  verbose              = 0
  use_fft              = 1
  use_precompute       = 1
  use_simd             = 1
  dipole_correction    = 0
  zero_netcharge       = 0
  print_body_number    = 3
  divide_4pi           = 1
  setting_t            = 1
]

[precompute_others time measured : 0.78544 seconds.]
N_freq = 8125
m2l_gk_relx_idx_map_cnt = 316
[precompute_m2l time measured : 0.12275 seconds.]
[precompute time measured : 0.90821 seconds.]
P2M leaf_number = 512
[P2M time measured : 0.02818 seconds.]
[M2M time measured : 0.02049 seconds.]
m2l_fft_precompute_t
m2l_parent_map.size() = 72
num_src_cell = 72, num_tar_cell = 72
[setup time measured : 0.00030 seconds.]
[prepare_memory time measured : 0.00382 seconds.]
[up time measured : 0.00801 seconds.]
npos = 26, BLOCK_SIZE = 128
[hadamard time measured : 0.02633 seconds.]
[down time measured : 0.00621 seconds.]
[store time measured : 0.00011 seconds.]
[M2L_kernel time measured : 0.05140 seconds.]
[M2L time measured : 0.05142 seconds.]
[P2L time measured : 0.00000 seconds.]
[L2L time measured : 0.02196 seconds.]
L2P leaf_number = 512
[L2P time measured : 0.02397 seconds.]
[M2P time measured : 0.00000 seconds.]
[P2P time measured : 0.00391 seconds.]
[FMM_kernels time measured : 0.15017 seconds.]
[FMM time measured : 1.07255 seconds.]
[direct time measured : 0.67155 seconds.]
pnrm = 30197.33842929
-----------------------------FMM vs Direct------------------------------[24000]
L2  (p)  : 3.92833e-12   L2  (f)  : 2.34923e-11   L2  (e)  : 1.09017e-11
Rms (p)  : 4.40643e-12   Rms (f)  : 2.35594e-10
p-energy1 : 4.020911501463e+01
p-energy2 : 4.020911501419e+01

rtfmm_3dp_test_fmm
input parameters=[
  P                    = 14
  n                    = 24000
  ncrit                = 128
  images               = 0
  cycle                = 6.2832
  ewald_ksize          = 11
  (f,d,e)              = (1,1,1)
  num_compare          = 24000
  th_num               = 8
  seed                 = 5
  check_tree           = 0
  timing               = 1
  verbose              = 0
  use_fft              = 1
  use_precompute       = 1
  use_simd             = 1
  dipole_correction    = 0
  zero_netcharge       = 0
  print_body_number    = 3
  divide_4pi           = 1
  setting_t            = 1
]

[precompute_others time measured : 1.24821 seconds.]
N_freq = 10206
m2l_gk_relx_idx_map_cnt = 316
[precompute_m2l time measured : 0.15649 seconds.]
[precompute time measured : 1.40472 seconds.]
P2M leaf_number = 512
[P2M time measured : 0.03520 seconds.]
[M2M time measured : 0.02994 seconds.]
m2l_fft_precompute_t
m2l_parent_map.size() = 72
num_src_cell = 72, num_tar_cell = 72
[setup time measured : 0.00030 seconds.]
[prepare_memory time measured : 0.00439 seconds.]
[up time measured : 0.02026 seconds.]
npos = 26, BLOCK_SIZE = 128
[hadamard time measured : 0.03147 seconds.]
[down time measured : 0.01825 seconds.]
[store time measured : 0.00012 seconds.]
[M2L_kernel time measured : 0.08270 seconds.]
[M2L time measured : 0.08272 seconds.]
[P2L time measured : 0.00000 seconds.]
[L2L time measured : 0.03033 seconds.]
L2P leaf_number = 512
[L2P time measured : 0.03062 seconds.]
[M2P time measured : 0.00000 seconds.]
[P2P time measured : 0.00395 seconds.]
[FMM_kernels time measured : 0.21298 seconds.]
[FMM time measured : 1.63265 seconds.]
[direct time measured : 0.67464 seconds.]
pnrm = 30197.33842929
-----------------------------FMM vs Direct------------------------------[24000]
L2  (p)  : 1.10556e-12   L2  (f)  : 6.68072e-12   L2  (e)  : 1.86095e-12
Rms (p)  : 1.24011e-12   Rms (f)  : 6.69980e-11
p-energy1 : 4.020911501412e+01
p-energy2 : 4.020911501419e+01

rtfmm_3dp_test_fmm
input parameters=[
  P                    = 15
  n                    = 24000
  ncrit                = 128
  images               = 0
  cycle                = 6.2832
  ewald_ksize          = 11
  (f,d,e)              = (1,1,1)
  num_compare          = 24000
  th_num               = 8
  seed                 = 5
  check_tree           = 0
  timing               = 1
  verbose              = 0
  use_fft              = 1
  use_precompute       = 1
  use_simd             = 1
  dipole_correction    = 0
  zero_netcharge       = 0
  print_body_number    = 3
  divide_4pi           = 1
  setting_t            = 1
]

[precompute_others time measured : 1.93770 seconds.]
N_freq = 12615
m2l_gk_relx_idx_map_cnt = 316
[precompute_m2l time measured : 0.19380 seconds.]
[precompute time measured : 2.13151 seconds.]
P2M leaf_number = 512
[P2M time measured : 0.04069 seconds.]
[M2M time measured : 0.03745 seconds.]
m2l_fft_precompute_t
m2l_parent_map.size() = 72
num_src_cell = 72, num_tar_cell = 72
[setup time measured : 0.00030 seconds.]
[prepare_memory time measured : 0.00523 seconds.]
[up time measured : 0.03283 seconds.]
npos = 26, BLOCK_SIZE = 128
[hadamard time measured : 0.04197 seconds.]
[down time measured : 0.03302 seconds.]
[store time measured : 0.00013 seconds.]
[M2L_kernel time measured : 0.12351 seconds.]
[M2L time measured : 0.12354 seconds.]
[P2L time measured : 0.00000 seconds.]
[L2L time measured : 0.03883 seconds.]
L2P leaf_number = 512
[L2P time measured : 0.03939 seconds.]
[M2P time measured : 0.00000 seconds.]
[P2P time measured : 0.00398 seconds.]
[FMM_kernels time measured : 0.28416 seconds.]
[FMM time measured : 2.43070 seconds.]
[direct time measured : 0.67468 seconds.]
pnrm = 30197.33842929
-----------------------------FMM vs Direct------------------------------[24000]
L2  (p)  : 2.78527e-13   L2  (f)  : 1.69613e-12   L2  (e)  : 3.60492e-13
Rms (p)  : 3.12425e-13   Rms (f)  : 1.70098e-11
p-energy1 : 4.020911501421e+01
p-energy2 : 4.020911501419e+01

rtfmm_3dp_test_fmm
input parameters=[
  P                    = 16
  n                    = 24000
  ncrit                = 128
  images               = 0
  cycle                = 6.2832
  ewald_ksize          = 11
  (f,d,e)              = (1,1,1)
  num_compare          = 24000
  th_num               = 8
  seed                 = 5
  check_tree           = 0
  timing               = 1
  verbose              = 0
  use_fft              = 1
  use_precompute       = 1
  use_simd             = 1
  dipole_correction    = 0
  zero_netcharge       = 0
  print_body_number    = 3
  divide_4pi           = 1
  setting_t            = 1
]

[precompute_others time measured : 2.91036 seconds.]
N_freq = 15376
m2l_gk_relx_idx_map_cnt = 316
[precompute_m2l time measured : 0.23728 seconds.]
[precompute time measured : 3.14766 seconds.]
P2M leaf_number = 512
[P2M time measured : 0.07573 seconds.]
[M2M time measured : 0.05744 seconds.]
m2l_fft_precompute_t
m2l_parent_map.size() = 72
num_src_cell = 72, num_tar_cell = 72
[setup time measured : 0.00036 seconds.]
[prepare_memory time measured : 0.00621 seconds.]
[up time measured : 0.04384 seconds.]
npos = 26, BLOCK_SIZE = 128
[hadamard time measured : 0.05030 seconds.]
[down time measured : 0.04338 seconds.]
[store time measured : 0.00016 seconds.]
[M2L_kernel time measured : 0.15602 seconds.]
[M2L time measured : 0.15608 seconds.]
[P2L time measured : 0.00000 seconds.]
[L2L time measured : 0.05356 seconds.]
L2P leaf_number = 512
[L2P time measured : 0.07381 seconds.]
[M2P time measured : 0.00000 seconds.]
[P2P time measured : 0.00395 seconds.]
[FMM_kernels time measured : 0.42094 seconds.]
[FMM time measured : 3.58800 seconds.]
[direct time measured : 0.67292 seconds.]
pnrm = 30197.33842929
-----------------------------FMM vs Direct------------------------------[24000]
L2  (p)  : 6.74506e-14   L2  (f)  : 3.86479e-13   L2  (e)  : 2.22657e-14
Rms (p)  : 7.56597e-14   Rms (f)  : 3.87583e-12
p-energy1 : 4.020911501419e+01
p-energy2 : 4.020911501419e+01

rtfmm_3dp_test_fmm
input parameters=[
  P                    = 17
  n                    = 24000
  ncrit                = 128
  images               = 0
  cycle                = 6.2832
  ewald_ksize          = 11
  (f,d,e)              = (1,1,1)
  num_compare          = 24000
  th_num               = 8
  seed                 = 5
  check_tree           = 0
  timing               = 1
  verbose              = 0
  use_fft              = 1
  use_precompute       = 1
  use_simd             = 1
  dipole_correction    = 0
  zero_netcharge       = 0
  print_body_number    = 3
  divide_4pi           = 1
  setting_t            = 1
]

[precompute_others time measured : 4.53592 seconds.]
N_freq = 18513
m2l_gk_relx_idx_map_cnt = 316
[precompute_m2l time measured : 0.27365 seconds.]
[precompute time measured : 4.80959 seconds.]
P2M leaf_number = 512
[P2M time measured : 0.09557 seconds.]
[M2M time measured : 0.06234 seconds.]
m2l_fft_precompute_t
m2l_parent_map.size() = 72
num_src_cell = 72, num_tar_cell = 72
[setup time measured : 0.00030 seconds.]
[prepare_memory time measured : 0.01021 seconds.]
[up time measured : 0.03684 seconds.]
npos = 26, BLOCK_SIZE = 128
[hadamard time measured : 0.05984 seconds.]
[down time measured : 0.03314 seconds.]
[store time measured : 0.00041 seconds.]
[M2L_kernel time measured : 0.15582 seconds.]
[M2L time measured : 0.15584 seconds.]
[P2L time measured : 0.00000 seconds.]
[L2L time measured : 0.06730 seconds.]
L2P leaf_number = 512
[L2P time measured : 0.11054 seconds.]
[M2P time measured : 0.00000 seconds.]
[P2P time measured : 0.00400 seconds.]
[FMM_kernels time measured : 0.49594 seconds.]
[FMM time measured : 5.32538 seconds.]
[direct time measured : 0.67095 seconds.]
pnrm = 30197.33842929
-----------------------------FMM vs Direct------------------------------[24000]
L2  (p)  : 1.77950e-14   L2  (f)  : 1.09766e-13   L2  (e)  : 3.03944e-14
Rms (p)  : 1.99607e-14   Rms (f)  : 1.10079e-12
p-energy1 : 4.020911501419e+01
p-energy2 : 4.020911501419e+01

rtfmm_3dp_test_fmm
input parameters=[
  P                    = 18
  n                    = 24000
  ncrit                = 128
  images               = 0
  cycle                = 6.2832
  ewald_ksize          = 11
  (f,d,e)              = (1,1,1)
  num_compare          = 24000
  th_num               = 8
  seed                 = 5
  check_tree           = 0
  timing               = 1
  verbose              = 0
  use_fft              = 1
  use_precompute       = 1
  use_simd             = 1
  dipole_correction    = 0
  zero_netcharge       = 0
  print_body_number    = 3
  divide_4pi           = 1
  setting_t            = 1
]

[precompute_others time measured : 6.69845 seconds.]
N_freq = 22050
m2l_gk_relx_idx_map_cnt = 316
[precompute_m2l time measured : 0.33129 seconds.]
[precompute time measured : 7.02977 seconds.]
P2M leaf_number = 512
[P2M time measured : 0.14065 seconds.]
[M2M time measured : 0.11588 seconds.]
m2l_fft_precompute_t
m2l_parent_map.size() = 72
num_src_cell = 72, num_tar_cell = 72
[setup time measured : 0.00030 seconds.]
[prepare_memory time measured : 0.00867 seconds.]
[up time measured : 0.03813 seconds.]
npos = 26, BLOCK_SIZE = 128
[hadamard time measured : 0.06566 seconds.]
[down time measured : 0.03475 seconds.]
[store time measured : 0.00027 seconds.]
[M2L_kernel time measured : 0.16166 seconds.]
[M2L time measured : 0.16171 seconds.]
[P2L time measured : 0.00000 seconds.]
[L2L time measured : 0.07994 seconds.]
L2P leaf_number = 512
[L2P time measured : 0.13617 seconds.]
[M2P time measured : 0.00000 seconds.]
[P2P time measured : 0.00399 seconds.]
[FMM_kernels time measured : 0.63864 seconds.]
[FMM time measured : 7.68555 seconds.]
[direct time measured : 0.67376 seconds.]
pnrm = 30197.33842929
-----------------------------FMM vs Direct------------------------------[24000]
L2  (p)  : 9.12175e-15   L2  (f)  : 4.39618e-14   L2  (e)  : 3.88766e-15
Rms (p)  : 1.02319e-14   Rms (f)  : 4.40874e-13
p-energy1 : 4.020911501419e+01
p-energy2 : 4.020911501419e+01

rtfmm_3dp_test_fmm
input parameters=[
  P                    = 19
  n                    = 24000
  ncrit                = 128
  images               = 0
  cycle                = 6.2832
  ewald_ksize          = 11
  (f,d,e)              = (1,1,1)
  num_compare          = 24000
  th_num               = 8
  seed                 = 5
  check_tree           = 0
  timing               = 1
  verbose              = 0
  use_fft              = 1
  use_precompute       = 1
  use_simd             = 1
  dipole_correction    = 0
  zero_netcharge       = 0
  print_body_number    = 3
  divide_4pi           = 1
  setting_t            = 1
]

[precompute_others time measured : 10.52366 seconds.]
N_freq = 26011
m2l_gk_relx_idx_map_cnt = 316
[precompute_m2l time measured : 0.42127 seconds.]
[precompute time measured : 10.94495 seconds.]
P2M leaf_number = 512
[P2M time measured : 0.17338 seconds.]
[M2M time measured : 0.17073 seconds.]
m2l_fft_precompute_t
m2l_parent_map.size() = 72
num_src_cell = 72, num_tar_cell = 72
[setup time measured : 0.00030 seconds.]
[prepare_memory time measured : 0.00999 seconds.]
[up time measured : 0.10382 seconds.]
npos = 26, BLOCK_SIZE = 128
[hadamard time measured : 0.08543 seconds.]
[down time measured : 0.09987 seconds.]
[store time measured : 0.00026 seconds.]
[M2L_kernel time measured : 0.31499 seconds.]
[M2L time measured : 0.31504 seconds.]
[P2L time measured : 0.00000 seconds.]
[L2L time measured : 0.11623 seconds.]
L2P leaf_number = 512
[L2P time measured : 0.17462 seconds.]
[M2P time measured : 0.00000 seconds.]
[P2P time measured : 0.00391 seconds.]
[FMM_kernels time measured : 0.95420 seconds.]
[FMM time measured : 11.91563 seconds.]
[direct time measured : 0.67183 seconds.]
pnrm = 30197.33842929
-----------------------------FMM vs Direct------------------------------[24000]
L2  (p)  : 6.47918e-15   L2  (f)  : 1.30469e-14   L2  (e)  : 7.06847e-15
Rms (p)  : 7.26773e-15   Rms (f)  : 1.30841e-13
p-energy1 : 4.020911501419e+01
p-energy2 : 4.020911501419e+01

rtfmm_3dp_test_fmm
input parameters=[
  P                    = 20
  n                    = 24000
  ncrit                = 128
  images               = 0
  cycle                = 6.2832
  ewald_ksize          = 11
  (f,d,e)              = (1,1,1)
  num_compare          = 24000
  th_num               = 8
  seed                 = 5
  check_tree           = 0
  timing               = 1
  verbose              = 0
  use_fft              = 1
  use_precompute       = 1
  use_simd             = 1
  dipole_correction    = 0
  zero_netcharge       = 0
  print_body_number    = 3
  divide_4pi           = 1
  setting_t            = 1
]

[precompute_others time measured : 14.86564 seconds.]
N_freq = 30420
m2l_gk_relx_idx_map_cnt = 316
[precompute_m2l time measured : 0.47021 seconds.]
[precompute time measured : 15.33589 seconds.]
P2M leaf_number = 512
[P2M time measured : 0.24277 seconds.]
[M2M time measured : 0.11357 seconds.]
m2l_fft_precompute_t
m2l_parent_map.size() = 72
num_src_cell = 72, num_tar_cell = 72
[setup time measured : 0.00030 seconds.]
[prepare_memory time measured : 0.01385 seconds.]
[up time measured : 0.05676 seconds.]
npos = 26, BLOCK_SIZE = 128
[hadamard time measured : 0.09740 seconds.]
[down time measured : 0.06523 seconds.]
[store time measured : 0.00032 seconds.]
[M2L_kernel time measured : 0.25080 seconds.]
[M2L time measured : 0.25086 seconds.]
[P2L time measured : 0.00000 seconds.]
[L2L time measured : 0.11442 seconds.]
L2P leaf_number = 512
[L2P time measured : 0.22247 seconds.]
[M2P time measured : 0.00000 seconds.]
[P2P time measured : 0.00401 seconds.]
[FMM_kernels time measured : 0.94838 seconds.]
[FMM time measured : 16.30147 seconds.]
[direct time measured : 0.67421 seconds.]
pnrm = 30197.33842929
-----------------------------FMM vs Direct------------------------------[24000]
L2  (p)  : 6.12388e-15   L2  (f)  : 7.36114e-15   L2  (e)  : 1.59041e-15
Rms (p)  : 6.86919e-15   Rms (f)  : 7.38216e-14
p-energy1 : 4.020911501419e+01
p-energy2 : 4.020911501419e+01

